[2022-05-28 16:53:48,504] {taskinstance.py:1160} INFO - Dependencies all met for <TaskInstance: Gamer_Daily_Request.get_lottery manual__2022-05-28T08:53:35.519061+00:00 [queued]>
[2022-05-28 16:53:48,509] {taskinstance.py:1160} INFO - Dependencies all met for <TaskInstance: Gamer_Daily_Request.get_lottery manual__2022-05-28T08:53:35.519061+00:00 [queued]>
[2022-05-28 16:53:48,509] {taskinstance.py:1357} INFO - 
--------------------------------------------------------------------------------
[2022-05-28 16:53:48,509] {taskinstance.py:1358} INFO - Starting attempt 1 of 1
[2022-05-28 16:53:48,510] {taskinstance.py:1359} INFO - 
--------------------------------------------------------------------------------
[2022-05-28 16:53:48,518] {taskinstance.py:1378} INFO - Executing <Task(_PythonDecoratedOperator): get_lottery> on 2022-05-28 08:53:35.519061+00:00
[2022-05-28 16:53:48,520] {standard_task_runner.py:52} INFO - Started process 38316 to run task
[2022-05-28 16:53:48,524] {standard_task_runner.py:79} INFO - Running: ['airflow', 'tasks', 'run', 'Gamer_Daily_Request', 'get_lottery', 'manual__2022-05-28T08:53:35.519061+00:00', '--job-id', '106', '--raw', '--subdir', 'DAGS_FOLDER/gamer_dag.py', '--cfg-path', '/var/folders/7p/8y53sxp17879s6k6nzygbwgw0000gn/T/tmphhjsg8ma', '--error-file', '/var/folders/7p/8y53sxp17879s6k6nzygbwgw0000gn/T/tmpj7ia011y']
[2022-05-28 16:53:48,526] {standard_task_runner.py:80} INFO - Job 106: Subtask get_lottery
[2022-05-28 16:53:48,562] {task_command.py:370} INFO - Running <TaskInstance: Gamer_Daily_Request.get_lottery manual__2022-05-28T08:53:35.519061+00:00 [running]> on host 1.0.0.0.0.0.0.0.0.0.0.0.0.0.0.0.0.0.0.0.0.0.0.0.0.0.0.0.0.0.0.0.ip6.arpa
[2022-05-28 16:53:48,600] {taskinstance.py:1570} INFO - Exporting the following env vars:
AIRFLOW_CTX_DAG_EMAIL=b01201008@gmail.com
AIRFLOW_CTX_DAG_OWNER=randy
AIRFLOW_CTX_DAG_ID=Gamer_Daily_Request
AIRFLOW_CTX_TASK_ID=get_lottery
AIRFLOW_CTX_EXECUTION_DATE=2022-05-28T08:53:35.519061+00:00
AIRFLOW_CTX_TRY_NUMBER=1
AIRFLOW_CTX_DAG_RUN_ID=manual__2022-05-28T08:53:35.519061+00:00
[2022-05-28 16:53:48,601] {logging_mixin.py:115} INFO - get_lottery
[2022-05-28 16:54:05,029] {logging_mixin.py:115} INFO - Message: no such element: Unable to locate element: {"method":"css selector","selector":"div[class*='rewardDialogueWrapper']:not([style*='display']) div.rewardResumebutton"}
  (Session info: chrome=102.0.5005.61)
Stacktrace:
0   chromedriver                        0x0000000106c11d19 chromedriver + 5197081
1   chromedriver                        0x0000000106b9fb23 chromedriver + 4729635
2   chromedriver                        0x000000010677d2b8 chromedriver + 393912
3   chromedriver                        0x00000001067b22fd chromedriver + 611069
4   chromedriver                        0x00000001067b2581 chromedriver + 611713
5   chromedriver                        0x00000001067e45a4 chromedriver + 816548
6   chromedriver                        0x00000001067cf82d chromedriver + 731181
7   chromedriver                        0x00000001067e22a1 chromedriver + 807585
8   chromedriver                        0x00000001067cf6f3 chromedriver + 730867
9   chromedriver                        0x00000001067a5a49 chromedriver + 559689
10  chromedriver                        0x00000001067a6a75 chromedriver + 563829
11  chromedriver                        0x0000000106be3bdd chromedriver + 5008349
12  chromedriver                        0x0000000106be8b64 chromedriver + 5028708
13  chromedriver                        0x0000000106bedbcf chromedriver + 5049295
14  chromedriver                        0x0000000106be97ca chromedriver + 5031882
15  chromedriver                        0x0000000106bc359f chromedriver + 4875679
16  chromedriver                        0x0000000106c03388 chromedriver + 5137288
17  chromedriver                        0x0000000106c0350f chromedriver + 5137679
18  chromedriver                        0x0000000106c19085 chromedriver + 5226629
19  libsystem_pthread.dylib             0x00007ff819e344e1 _pthread_start + 125
20  libsystem_pthread.dylib             0x00007ff819e2ff6b thread_start + 15
[2022-05-28 16:54:05,030] {logging_mixin.py:115} INFO - fail to click div[class*='rewardDialogueWrapper']:not([style*='display']) div.rewardResumebutton
[2022-05-28 16:55:33,005] {python.py:173} INFO - Done. Returned value was: None
[2022-05-28 16:55:33,015] {taskinstance.py:1396} INFO - Marking task as SUCCESS. dag_id=Gamer_Daily_Request, task_id=get_lottery, execution_date=20220528T085335, start_date=20220528T085348, end_date=20220528T085533
[2022-05-28 16:55:33,068] {local_task_job.py:156} INFO - Task exited with return code 0
[2022-05-28 16:55:33,081] {local_task_job.py:273} INFO - 0 downstream tasks scheduled from follow-on schedule check
