[2022-05-29 14:53:41,278] {taskinstance.py:1160} INFO - Dependencies all met for <TaskInstance: Gamer_Daily_Request.get_coin manual__2022-05-29T06:51:55.517891+00:00 [queued]>
[2022-05-29 14:53:41,284] {taskinstance.py:1160} INFO - Dependencies all met for <TaskInstance: Gamer_Daily_Request.get_coin manual__2022-05-29T06:51:55.517891+00:00 [queued]>
[2022-05-29 14:53:41,285] {taskinstance.py:1357} INFO - 
--------------------------------------------------------------------------------
[2022-05-29 14:53:41,285] {taskinstance.py:1358} INFO - Starting attempt 1 of 1
[2022-05-29 14:53:41,285] {taskinstance.py:1359} INFO - 
--------------------------------------------------------------------------------
[2022-05-29 14:53:41,295] {taskinstance.py:1378} INFO - Executing <Task(_PythonDecoratedOperator): get_coin> on 2022-05-29 06:51:55.517891+00:00
[2022-05-29 14:53:41,297] {standard_task_runner.py:52} INFO - Started process 50809 to run task
[2022-05-29 14:53:41,302] {standard_task_runner.py:79} INFO - Running: ['airflow', 'tasks', 'run', 'Gamer_Daily_Request', 'get_coin', 'manual__2022-05-29T06:51:55.517891+00:00', '--job-id', '128', '--raw', '--subdir', 'DAGS_FOLDER/gamer_dag.py', '--cfg-path', '/var/folders/7p/8y53sxp17879s6k6nzygbwgw0000gn/T/tmpcwif40z0', '--error-file', '/var/folders/7p/8y53sxp17879s6k6nzygbwgw0000gn/T/tmpxg6in_43']
[2022-05-29 14:53:41,305] {standard_task_runner.py:80} INFO - Job 128: Subtask get_coin
[2022-05-29 14:53:41,350] {task_command.py:370} INFO - Running <TaskInstance: Gamer_Daily_Request.get_coin manual__2022-05-29T06:51:55.517891+00:00 [running]> on host 1.0.0.0.0.0.0.0.0.0.0.0.0.0.0.0.0.0.0.0.0.0.0.0.0.0.0.0.0.0.0.0.ip6.arpa
[2022-05-29 14:53:41,407] {taskinstance.py:1570} INFO - Exporting the following env vars:
AIRFLOW_CTX_DAG_EMAIL=b01201008@gmail.com
AIRFLOW_CTX_DAG_OWNER=randy
AIRFLOW_CTX_DAG_ID=Gamer_Daily_Request
AIRFLOW_CTX_TASK_ID=get_coin
AIRFLOW_CTX_EXECUTION_DATE=2022-05-29T06:51:55.517891+00:00
AIRFLOW_CTX_TRY_NUMBER=1
AIRFLOW_CTX_DAG_RUN_ID=manual__2022-05-29T06:51:55.517891+00:00
[2022-05-29 14:53:49,718] {logging_mixin.py:115} INFO - Message: no such element: Unable to locate element: {"method":"css selector","selector":"button.popup-dailybox__btn:not([disabled])"}
  (Session info: chrome=102.0.5005.61)
Stacktrace:
0   chromedriver                        0x00000001052b3d19 chromedriver + 5197081
1   chromedriver                        0x0000000105241b23 chromedriver + 4729635
2   chromedriver                        0x0000000104e1f2b8 chromedriver + 393912
3   chromedriver                        0x0000000104e542fd chromedriver + 611069
4   chromedriver                        0x0000000104e54581 chromedriver + 611713
5   chromedriver                        0x0000000104e865a4 chromedriver + 816548
6   chromedriver                        0x0000000104e7182d chromedriver + 731181
7   chromedriver                        0x0000000104e842a1 chromedriver + 807585
8   chromedriver                        0x0000000104e716f3 chromedriver + 730867
9   chromedriver                        0x0000000104e47a49 chromedriver + 559689
10  chromedriver                        0x0000000104e48a75 chromedriver + 563829
11  chromedriver                        0x0000000105285bdd chromedriver + 5008349
12  chromedriver                        0x000000010528ab64 chromedriver + 5028708
13  chromedriver                        0x000000010528fbcf chromedriver + 5049295
14  chromedriver                        0x000000010528b7ca chromedriver + 5031882
15  chromedriver                        0x000000010526559f chromedriver + 4875679
16  chromedriver                        0x00000001052a5388 chromedriver + 5137288
17  chromedriver                        0x00000001052a550f chromedriver + 5137679
18  chromedriver                        0x00000001052bb085 chromedriver + 5226629
19  libsystem_pthread.dylib             0x00007ff819e344e1 _pthread_start + 125
20  libsystem_pthread.dylib             0x00007ff819e2ff6b thread_start + 15
[2022-05-29 14:53:49,719] {logging_mixin.py:115} INFO - fail to click button.popup-dailybox__btn:not([disabled])
[2022-05-29 14:53:49,719] {python.py:173} INFO - Done. Returned value was: None
[2022-05-29 14:53:49,728] {taskinstance.py:1396} INFO - Marking task as SUCCESS. dag_id=Gamer_Daily_Request, task_id=get_coin, execution_date=20220529T065155, start_date=20220529T065341, end_date=20220529T065349
[2022-05-29 14:53:49,743] {local_task_job.py:156} INFO - Task exited with return code 0
[2022-05-29 14:53:49,756] {local_task_job.py:273} INFO - 0 downstream tasks scheduled from follow-on schedule check
