[2022-05-28 14:18:42,303] {taskinstance.py:1160} INFO - Dependencies all met for <TaskInstance: Gamer_Daily_Request.login manual__2022-05-28T06:18:40.563173+00:00 [queued]>
[2022-05-28 14:18:42,309] {taskinstance.py:1160} INFO - Dependencies all met for <TaskInstance: Gamer_Daily_Request.login manual__2022-05-28T06:18:40.563173+00:00 [queued]>
[2022-05-28 14:18:42,309] {taskinstance.py:1357} INFO - 
--------------------------------------------------------------------------------
[2022-05-28 14:18:42,309] {taskinstance.py:1358} INFO - Starting attempt 1 of 1
[2022-05-28 14:18:42,309] {taskinstance.py:1359} INFO - 
--------------------------------------------------------------------------------
[2022-05-28 14:18:42,318] {taskinstance.py:1378} INFO - Executing <Task(_PythonDecoratedOperator): login> on 2022-05-28 06:18:40.563173+00:00
[2022-05-28 14:18:42,320] {standard_task_runner.py:52} INFO - Started process 24682 to run task
[2022-05-28 14:18:42,325] {standard_task_runner.py:79} INFO - Running: ['airflow', 'tasks', 'run', 'Gamer_Daily_Request', 'login', 'manual__2022-05-28T06:18:40.563173+00:00', '--job-id', '26', '--raw', '--subdir', 'DAGS_FOLDER/gamer_dag.py', '--cfg-path', '/var/folders/7p/8y53sxp17879s6k6nzygbwgw0000gn/T/tmptd9vq0h0', '--error-file', '/var/folders/7p/8y53sxp17879s6k6nzygbwgw0000gn/T/tmpwegd1_fq']
[2022-05-28 14:18:42,326] {standard_task_runner.py:80} INFO - Job 26: Subtask login
[2022-05-28 14:18:42,363] {task_command.py:370} INFO - Running <TaskInstance: Gamer_Daily_Request.login manual__2022-05-28T06:18:40.563173+00:00 [running]> on host userdeMacBook-Pro.local
[2022-05-28 14:18:42,400] {taskinstance.py:1570} INFO - Exporting the following env vars:
AIRFLOW_CTX_DAG_EMAIL=b01201008@gmail.com
AIRFLOW_CTX_DAG_OWNER=randy
AIRFLOW_CTX_DAG_ID=Gamer_Daily_Request
AIRFLOW_CTX_TASK_ID=login
AIRFLOW_CTX_EXECUTION_DATE=2022-05-28T06:18:40.563173+00:00
AIRFLOW_CTX_TRY_NUMBER=1
AIRFLOW_CTX_DAG_RUN_ID=manual__2022-05-28T06:18:40.563173+00:00
[2022-05-28 14:18:42,401] {logging_mixin.py:115} INFO - login
[2022-05-28 14:18:46,758] {python.py:173} INFO - Done. Returned value was: None
[2022-05-28 14:18:46,766] {taskinstance.py:1396} INFO - Marking task as SUCCESS. dag_id=Gamer_Daily_Request, task_id=login, execution_date=20220528T061840, start_date=20220528T061842, end_date=20220528T061846
[2022-05-28 14:18:46,790] {local_task_job.py:156} INFO - Task exited with return code 0
[2022-05-28 14:18:46,814] {local_task_job.py:273} INFO - 2 downstream tasks scheduled from follow-on schedule check
