[2022-05-28 16:05:46,763] {taskinstance.py:1160} INFO - Dependencies all met for <TaskInstance: Gamer_Daily_Request.get_coin manual__2022-05-28T08:04:54.351523+00:00 [queued]>
[2022-05-28 16:05:46,771] {taskinstance.py:1160} INFO - Dependencies all met for <TaskInstance: Gamer_Daily_Request.get_coin manual__2022-05-28T08:04:54.351523+00:00 [queued]>
[2022-05-28 16:05:46,771] {taskinstance.py:1357} INFO - 
--------------------------------------------------------------------------------
[2022-05-28 16:05:46,771] {taskinstance.py:1358} INFO - Starting attempt 1 of 1
[2022-05-28 16:05:46,771] {taskinstance.py:1359} INFO - 
--------------------------------------------------------------------------------
[2022-05-28 16:05:46,780] {taskinstance.py:1378} INFO - Executing <Task(_PythonDecoratedOperator): get_coin> on 2022-05-28 08:04:54.351523+00:00
[2022-05-28 16:05:46,782] {standard_task_runner.py:52} INFO - Started process 34202 to run task
[2022-05-28 16:05:46,787] {standard_task_runner.py:79} INFO - Running: ['airflow', 'tasks', 'run', 'Gamer_Daily_Request', 'get_coin', 'manual__2022-05-28T08:04:54.351523+00:00', '--job-id', '71', '--raw', '--subdir', 'DAGS_FOLDER/gamer_dag.py', '--cfg-path', '/var/folders/7p/8y53sxp17879s6k6nzygbwgw0000gn/T/tmp2mbk8lrj', '--error-file', '/var/folders/7p/8y53sxp17879s6k6nzygbwgw0000gn/T/tmp8dvbgxws']
[2022-05-28 16:05:46,789] {standard_task_runner.py:80} INFO - Job 71: Subtask get_coin
[2022-05-28 16:05:46,826] {task_command.py:370} INFO - Running <TaskInstance: Gamer_Daily_Request.get_coin manual__2022-05-28T08:04:54.351523+00:00 [running]> on host 1.0.0.0.0.0.0.0.0.0.0.0.0.0.0.0.0.0.0.0.0.0.0.0.0.0.0.0.0.0.0.0.ip6.arpa
[2022-05-28 16:05:46,863] {taskinstance.py:1570} INFO - Exporting the following env vars:
AIRFLOW_CTX_DAG_EMAIL=b01201008@gmail.com
AIRFLOW_CTX_DAG_OWNER=randy
AIRFLOW_CTX_DAG_ID=Gamer_Daily_Request
AIRFLOW_CTX_TASK_ID=get_coin
AIRFLOW_CTX_EXECUTION_DATE=2022-05-28T08:04:54.351523+00:00
AIRFLOW_CTX_TRY_NUMBER=1
AIRFLOW_CTX_DAG_RUN_ID=manual__2022-05-28T08:04:54.351523+00:00
[2022-05-28 16:05:46,864] {logging_mixin.py:115} INFO - get_coin
[2022-05-28 16:05:46,864] {python.py:173} INFO - Done. Returned value was: None
[2022-05-28 16:05:46,870] {taskinstance.py:1396} INFO - Marking task as SUCCESS. dag_id=Gamer_Daily_Request, task_id=get_coin, execution_date=20220528T080454, start_date=20220528T080546, end_date=20220528T080546
[2022-05-28 16:05:46,930] {local_task_job.py:156} INFO - Task exited with return code 0
[2022-05-28 16:05:46,949] {local_task_job.py:273} INFO - 0 downstream tasks scheduled from follow-on schedule check
