[2022-05-28 11:14:06,971] {processor.py:153} INFO - Started process (PID=93305) to work on /Users/user/.pyenv/versions/3.8.13/lib/python3.8/site-packages/airflow/example_dags/subdags/subdag.py
[2022-05-28 11:14:06,971] {processor.py:641} INFO - Processing file /Users/user/.pyenv/versions/3.8.13/lib/python3.8/site-packages/airflow/example_dags/subdags/subdag.py for tasks to queue
[2022-05-28 11:14:06,972] {logging_mixin.py:115} INFO - [2022-05-28 11:14:06,971] {dagbag.py:507} INFO - Filling up the DagBag from /Users/user/.pyenv/versions/3.8.13/lib/python3.8/site-packages/airflow/example_dags/subdags/subdag.py
[2022-05-28 11:14:06,973] {processor.py:653} WARNING - No viable dags retrieved from /Users/user/.pyenv/versions/3.8.13/lib/python3.8/site-packages/airflow/example_dags/subdags/subdag.py
[2022-05-28 11:14:07,010] {processor.py:161} INFO - Processing /Users/user/.pyenv/versions/3.8.13/lib/python3.8/site-packages/airflow/example_dags/subdags/subdag.py took 0.039 seconds
[2022-05-28 11:15:35,450] {processor.py:153} INFO - Started process (PID=93390) to work on /Users/user/.pyenv/versions/3.8.13/lib/python3.8/site-packages/airflow/example_dags/subdags/subdag.py
[2022-05-28 11:15:35,451] {processor.py:641} INFO - Processing file /Users/user/.pyenv/versions/3.8.13/lib/python3.8/site-packages/airflow/example_dags/subdags/subdag.py for tasks to queue
[2022-05-28 11:15:35,451] {logging_mixin.py:115} INFO - [2022-05-28 11:15:35,451] {dagbag.py:507} INFO - Filling up the DagBag from /Users/user/.pyenv/versions/3.8.13/lib/python3.8/site-packages/airflow/example_dags/subdags/subdag.py
[2022-05-28 11:15:35,453] {processor.py:653} WARNING - No viable dags retrieved from /Users/user/.pyenv/versions/3.8.13/lib/python3.8/site-packages/airflow/example_dags/subdags/subdag.py
[2022-05-28 11:15:35,483] {processor.py:161} INFO - Processing /Users/user/.pyenv/versions/3.8.13/lib/python3.8/site-packages/airflow/example_dags/subdags/subdag.py took 0.033 seconds
[2022-05-28 11:16:37,165] {processor.py:153} INFO - Started process (PID=93475) to work on /Users/user/.pyenv/versions/3.8.13/lib/python3.8/site-packages/airflow/example_dags/subdags/subdag.py
[2022-05-28 11:16:37,165] {processor.py:641} INFO - Processing file /Users/user/.pyenv/versions/3.8.13/lib/python3.8/site-packages/airflow/example_dags/subdags/subdag.py for tasks to queue
[2022-05-28 11:16:37,165] {logging_mixin.py:115} INFO - [2022-05-28 11:16:37,165] {dagbag.py:507} INFO - Filling up the DagBag from /Users/user/.pyenv/versions/3.8.13/lib/python3.8/site-packages/airflow/example_dags/subdags/subdag.py
[2022-05-28 11:16:37,166] {processor.py:653} WARNING - No viable dags retrieved from /Users/user/.pyenv/versions/3.8.13/lib/python3.8/site-packages/airflow/example_dags/subdags/subdag.py
[2022-05-28 11:16:37,194] {processor.py:161} INFO - Processing /Users/user/.pyenv/versions/3.8.13/lib/python3.8/site-packages/airflow/example_dags/subdags/subdag.py took 0.030 seconds
[2022-05-28 11:17:41,755] {processor.py:153} INFO - Started process (PID=93972) to work on /Users/user/.pyenv/versions/3.8.13/lib/python3.8/site-packages/airflow/example_dags/subdags/subdag.py
[2022-05-28 11:17:41,755] {processor.py:641} INFO - Processing file /Users/user/.pyenv/versions/3.8.13/lib/python3.8/site-packages/airflow/example_dags/subdags/subdag.py for tasks to queue
[2022-05-28 11:17:41,755] {logging_mixin.py:115} INFO - [2022-05-28 11:17:41,755] {dagbag.py:507} INFO - Filling up the DagBag from /Users/user/.pyenv/versions/3.8.13/lib/python3.8/site-packages/airflow/example_dags/subdags/subdag.py
[2022-05-28 11:17:41,757] {processor.py:653} WARNING - No viable dags retrieved from /Users/user/.pyenv/versions/3.8.13/lib/python3.8/site-packages/airflow/example_dags/subdags/subdag.py
[2022-05-28 11:17:41,786] {processor.py:161} INFO - Processing /Users/user/.pyenv/versions/3.8.13/lib/python3.8/site-packages/airflow/example_dags/subdags/subdag.py took 0.032 seconds
[2022-05-28 11:18:45,373] {processor.py:153} INFO - Started process (PID=94770) to work on /Users/user/.pyenv/versions/3.8.13/lib/python3.8/site-packages/airflow/example_dags/subdags/subdag.py
[2022-05-28 11:18:45,374] {processor.py:641} INFO - Processing file /Users/user/.pyenv/versions/3.8.13/lib/python3.8/site-packages/airflow/example_dags/subdags/subdag.py for tasks to queue
[2022-05-28 11:18:45,374] {logging_mixin.py:115} INFO - [2022-05-28 11:18:45,374] {dagbag.py:507} INFO - Filling up the DagBag from /Users/user/.pyenv/versions/3.8.13/lib/python3.8/site-packages/airflow/example_dags/subdags/subdag.py
[2022-05-28 11:18:45,377] {processor.py:653} WARNING - No viable dags retrieved from /Users/user/.pyenv/versions/3.8.13/lib/python3.8/site-packages/airflow/example_dags/subdags/subdag.py
[2022-05-28 11:18:45,408] {processor.py:161} INFO - Processing /Users/user/.pyenv/versions/3.8.13/lib/python3.8/site-packages/airflow/example_dags/subdags/subdag.py took 0.036 seconds
[2022-05-28 11:19:46,452] {processor.py:153} INFO - Started process (PID=94845) to work on /Users/user/.pyenv/versions/3.8.13/lib/python3.8/site-packages/airflow/example_dags/subdags/subdag.py
[2022-05-28 11:19:46,453] {processor.py:641} INFO - Processing file /Users/user/.pyenv/versions/3.8.13/lib/python3.8/site-packages/airflow/example_dags/subdags/subdag.py for tasks to queue
[2022-05-28 11:19:46,453] {logging_mixin.py:115} INFO - [2022-05-28 11:19:46,453] {dagbag.py:507} INFO - Filling up the DagBag from /Users/user/.pyenv/versions/3.8.13/lib/python3.8/site-packages/airflow/example_dags/subdags/subdag.py
[2022-05-28 11:19:46,454] {processor.py:653} WARNING - No viable dags retrieved from /Users/user/.pyenv/versions/3.8.13/lib/python3.8/site-packages/airflow/example_dags/subdags/subdag.py
[2022-05-28 11:19:46,490] {processor.py:161} INFO - Processing /Users/user/.pyenv/versions/3.8.13/lib/python3.8/site-packages/airflow/example_dags/subdags/subdag.py took 0.038 seconds
[2022-05-28 11:20:47,301] {processor.py:153} INFO - Started process (PID=95478) to work on /Users/user/.pyenv/versions/3.8.13/lib/python3.8/site-packages/airflow/example_dags/subdags/subdag.py
[2022-05-28 11:20:47,301] {processor.py:641} INFO - Processing file /Users/user/.pyenv/versions/3.8.13/lib/python3.8/site-packages/airflow/example_dags/subdags/subdag.py for tasks to queue
[2022-05-28 11:20:47,301] {logging_mixin.py:115} INFO - [2022-05-28 11:20:47,301] {dagbag.py:507} INFO - Filling up the DagBag from /Users/user/.pyenv/versions/3.8.13/lib/python3.8/site-packages/airflow/example_dags/subdags/subdag.py
[2022-05-28 11:20:47,303] {processor.py:653} WARNING - No viable dags retrieved from /Users/user/.pyenv/versions/3.8.13/lib/python3.8/site-packages/airflow/example_dags/subdags/subdag.py
[2022-05-28 11:20:47,337] {processor.py:161} INFO - Processing /Users/user/.pyenv/versions/3.8.13/lib/python3.8/site-packages/airflow/example_dags/subdags/subdag.py took 0.036 seconds
[2022-05-28 11:21:57,545] {processor.py:153} INFO - Started process (PID=95551) to work on /Users/user/.pyenv/versions/3.8.13/lib/python3.8/site-packages/airflow/example_dags/subdags/subdag.py
[2022-05-28 11:21:57,546] {processor.py:641} INFO - Processing file /Users/user/.pyenv/versions/3.8.13/lib/python3.8/site-packages/airflow/example_dags/subdags/subdag.py for tasks to queue
[2022-05-28 11:21:57,546] {logging_mixin.py:115} INFO - [2022-05-28 11:21:57,546] {dagbag.py:507} INFO - Filling up the DagBag from /Users/user/.pyenv/versions/3.8.13/lib/python3.8/site-packages/airflow/example_dags/subdags/subdag.py
[2022-05-28 11:21:57,548] {processor.py:653} WARNING - No viable dags retrieved from /Users/user/.pyenv/versions/3.8.13/lib/python3.8/site-packages/airflow/example_dags/subdags/subdag.py
[2022-05-28 11:21:57,585] {processor.py:161} INFO - Processing /Users/user/.pyenv/versions/3.8.13/lib/python3.8/site-packages/airflow/example_dags/subdags/subdag.py took 0.040 seconds
[2022-05-28 11:23:16,989] {processor.py:153} INFO - Started process (PID=95625) to work on /Users/user/.pyenv/versions/3.8.13/lib/python3.8/site-packages/airflow/example_dags/subdags/subdag.py
[2022-05-28 11:23:16,990] {processor.py:641} INFO - Processing file /Users/user/.pyenv/versions/3.8.13/lib/python3.8/site-packages/airflow/example_dags/subdags/subdag.py for tasks to queue
[2022-05-28 11:23:16,991] {logging_mixin.py:115} INFO - [2022-05-28 11:23:16,991] {dagbag.py:507} INFO - Filling up the DagBag from /Users/user/.pyenv/versions/3.8.13/lib/python3.8/site-packages/airflow/example_dags/subdags/subdag.py
[2022-05-28 11:23:16,993] {processor.py:653} WARNING - No viable dags retrieved from /Users/user/.pyenv/versions/3.8.13/lib/python3.8/site-packages/airflow/example_dags/subdags/subdag.py
[2022-05-28 11:23:17,032] {processor.py:161} INFO - Processing /Users/user/.pyenv/versions/3.8.13/lib/python3.8/site-packages/airflow/example_dags/subdags/subdag.py took 0.043 seconds
