[2022-05-28 16:45:33,334] {taskinstance.py:1160} INFO - Dependencies all met for <TaskInstance: Gamer_Daily_Request.get_coin manual__2022-05-28T08:44:38.824499+00:00 [queued]>
[2022-05-28 16:45:33,339] {taskinstance.py:1160} INFO - Dependencies all met for <TaskInstance: Gamer_Daily_Request.get_coin manual__2022-05-28T08:44:38.824499+00:00 [queued]>
[2022-05-28 16:45:33,339] {taskinstance.py:1357} INFO - 
--------------------------------------------------------------------------------
[2022-05-28 16:45:33,340] {taskinstance.py:1358} INFO - Starting attempt 1 of 1
[2022-05-28 16:45:33,340] {taskinstance.py:1359} INFO - 
--------------------------------------------------------------------------------
[2022-05-28 16:45:33,350] {taskinstance.py:1378} INFO - Executing <Task(_PythonDecoratedOperator): get_coin> on 2022-05-28 08:44:38.824499+00:00
[2022-05-28 16:45:33,352] {standard_task_runner.py:52} INFO - Started process 37665 to run task
[2022-05-28 16:45:33,356] {standard_task_runner.py:79} INFO - Running: ['airflow', 'tasks', 'run', 'Gamer_Daily_Request', 'get_coin', 'manual__2022-05-28T08:44:38.824499+00:00', '--job-id', '98', '--raw', '--subdir', 'DAGS_FOLDER/gamer_dag.py', '--cfg-path', '/var/folders/7p/8y53sxp17879s6k6nzygbwgw0000gn/T/tmpq2t1qbla', '--error-file', '/var/folders/7p/8y53sxp17879s6k6nzygbwgw0000gn/T/tmp6zxkg4ww']
[2022-05-28 16:45:33,358] {standard_task_runner.py:80} INFO - Job 98: Subtask get_coin
[2022-05-28 16:45:33,398] {task_command.py:370} INFO - Running <TaskInstance: Gamer_Daily_Request.get_coin manual__2022-05-28T08:44:38.824499+00:00 [running]> on host 1.0.0.0.0.0.0.0.0.0.0.0.0.0.0.0.0.0.0.0.0.0.0.0.0.0.0.0.0.0.0.0.ip6.arpa
[2022-05-28 16:45:33,464] {taskinstance.py:1570} INFO - Exporting the following env vars:
AIRFLOW_CTX_DAG_EMAIL=b01201008@gmail.com
AIRFLOW_CTX_DAG_OWNER=randy
AIRFLOW_CTX_DAG_ID=Gamer_Daily_Request
AIRFLOW_CTX_TASK_ID=get_coin
AIRFLOW_CTX_EXECUTION_DATE=2022-05-28T08:44:38.824499+00:00
AIRFLOW_CTX_TRY_NUMBER=1
AIRFLOW_CTX_DAG_RUN_ID=manual__2022-05-28T08:44:38.824499+00:00
[2022-05-28 16:45:33,465] {logging_mixin.py:115} INFO - get_coin
[2022-05-28 16:45:33,465] {python.py:173} INFO - Done. Returned value was: None
[2022-05-28 16:45:33,472] {taskinstance.py:1396} INFO - Marking task as SUCCESS. dag_id=Gamer_Daily_Request, task_id=get_coin, execution_date=20220528T084438, start_date=20220528T084533, end_date=20220528T084533
[2022-05-28 16:45:33,501] {local_task_job.py:156} INFO - Task exited with return code 0
[2022-05-28 16:45:33,533] {local_task_job.py:273} INFO - 0 downstream tasks scheduled from follow-on schedule check
