[2022-05-28 16:00:23,791] {taskinstance.py:1160} INFO - Dependencies all met for <TaskInstance: Gamer_Daily_Request.get_lottery manual__2022-05-28T08:00:13.609826+00:00 [queued]>
[2022-05-28 16:00:23,797] {taskinstance.py:1160} INFO - Dependencies all met for <TaskInstance: Gamer_Daily_Request.get_lottery manual__2022-05-28T08:00:13.609826+00:00 [queued]>
[2022-05-28 16:00:23,797] {taskinstance.py:1357} INFO - 
--------------------------------------------------------------------------------
[2022-05-28 16:00:23,797] {taskinstance.py:1358} INFO - Starting attempt 1 of 1
[2022-05-28 16:00:23,797] {taskinstance.py:1359} INFO - 
--------------------------------------------------------------------------------
[2022-05-28 16:00:23,806] {taskinstance.py:1378} INFO - Executing <Task(_PythonDecoratedOperator): get_lottery> on 2022-05-28 08:00:13.609826+00:00
[2022-05-28 16:00:23,807] {standard_task_runner.py:52} INFO - Started process 33732 to run task
[2022-05-28 16:00:23,812] {standard_task_runner.py:79} INFO - Running: ['airflow', 'tasks', 'run', 'Gamer_Daily_Request', 'get_lottery', 'manual__2022-05-28T08:00:13.609826+00:00', '--job-id', '67', '--raw', '--subdir', 'DAGS_FOLDER/gamer_dag.py', '--cfg-path', '/var/folders/7p/8y53sxp17879s6k6nzygbwgw0000gn/T/tmpgomcwppj', '--error-file', '/var/folders/7p/8y53sxp17879s6k6nzygbwgw0000gn/T/tmp36qldi19']
[2022-05-28 16:00:23,813] {standard_task_runner.py:80} INFO - Job 67: Subtask get_lottery
[2022-05-28 16:00:23,850] {task_command.py:370} INFO - Running <TaskInstance: Gamer_Daily_Request.get_lottery manual__2022-05-28T08:00:13.609826+00:00 [running]> on host userdeMacBook-Pro.local
[2022-05-28 16:00:23,886] {taskinstance.py:1570} INFO - Exporting the following env vars:
AIRFLOW_CTX_DAG_EMAIL=b01201008@gmail.com
AIRFLOW_CTX_DAG_OWNER=randy
AIRFLOW_CTX_DAG_ID=Gamer_Daily_Request
AIRFLOW_CTX_TASK_ID=get_lottery
AIRFLOW_CTX_EXECUTION_DATE=2022-05-28T08:00:13.609826+00:00
AIRFLOW_CTX_TRY_NUMBER=1
AIRFLOW_CTX_DAG_RUN_ID=manual__2022-05-28T08:00:13.609826+00:00
[2022-05-28 16:00:23,887] {logging_mixin.py:115} INFO - get_lottery
[2022-05-28 16:00:34,554] {logging_mixin.py:115} INFO - fail to click div.rewardResumebutton
[2022-05-28 16:01:04,623] {python.py:173} INFO - Done. Returned value was: None
[2022-05-28 16:01:04,633] {taskinstance.py:1396} INFO - Marking task as SUCCESS. dag_id=Gamer_Daily_Request, task_id=get_lottery, execution_date=20220528T080013, start_date=20220528T080023, end_date=20220528T080104
[2022-05-28 16:01:04,730] {local_task_job.py:156} INFO - Task exited with return code 0
[2022-05-28 16:01:04,742] {local_task_job.py:273} INFO - 0 downstream tasks scheduled from follow-on schedule check
