[2022-05-29 14:19:06,213] {taskinstance.py:1160} INFO - Dependencies all met for <TaskInstance: Gamer_Daily_Request.get_lottery manual__2022-05-29T06:18:55.403324+00:00 [queued]>
[2022-05-29 14:19:06,219] {taskinstance.py:1160} INFO - Dependencies all met for <TaskInstance: Gamer_Daily_Request.get_lottery manual__2022-05-29T06:18:55.403324+00:00 [queued]>
[2022-05-29 14:19:06,219] {taskinstance.py:1357} INFO - 
--------------------------------------------------------------------------------
[2022-05-29 14:19:06,219] {taskinstance.py:1358} INFO - Starting attempt 1 of 1
[2022-05-29 14:19:06,219] {taskinstance.py:1359} INFO - 
--------------------------------------------------------------------------------
[2022-05-29 14:19:06,228] {taskinstance.py:1378} INFO - Executing <Task(_PythonDecoratedOperator): get_lottery> on 2022-05-29 06:18:55.403324+00:00
[2022-05-29 14:19:06,229] {standard_task_runner.py:52} INFO - Started process 48694 to run task
[2022-05-29 14:19:06,233] {standard_task_runner.py:79} INFO - Running: ['airflow', 'tasks', 'run', 'Gamer_Daily_Request', 'get_lottery', 'manual__2022-05-29T06:18:55.403324+00:00', '--job-id', '121', '--raw', '--subdir', 'DAGS_FOLDER/gamer_dag.py', '--cfg-path', '/var/folders/7p/8y53sxp17879s6k6nzygbwgw0000gn/T/tmpm2gz_nc3', '--error-file', '/var/folders/7p/8y53sxp17879s6k6nzygbwgw0000gn/T/tmp_6ml6bdz']
[2022-05-29 14:19:06,235] {standard_task_runner.py:80} INFO - Job 121: Subtask get_lottery
[2022-05-29 14:19:06,270] {task_command.py:370} INFO - Running <TaskInstance: Gamer_Daily_Request.get_lottery manual__2022-05-29T06:18:55.403324+00:00 [running]> on host 1.0.0.0.0.0.0.0.0.0.0.0.0.0.0.0.0.0.0.0.0.0.0.0.0.0.0.0.0.0.0.0.ip6.arpa
[2022-05-29 14:19:06,308] {taskinstance.py:1570} INFO - Exporting the following env vars:
AIRFLOW_CTX_DAG_EMAIL=b01201008@gmail.com
AIRFLOW_CTX_DAG_OWNER=randy
AIRFLOW_CTX_DAG_ID=Gamer_Daily_Request
AIRFLOW_CTX_TASK_ID=get_lottery
AIRFLOW_CTX_EXECUTION_DATE=2022-05-29T06:18:55.403324+00:00
AIRFLOW_CTX_TRY_NUMBER=1
AIRFLOW_CTX_DAG_RUN_ID=manual__2022-05-29T06:18:55.403324+00:00
[2022-05-29 14:19:06,309] {logging_mixin.py:115} INFO - get_lottery
[2022-05-29 14:19:48,075] {logging_mixin.py:115} INFO - Message: no such element: Unable to locate element: {"method":"css selector","selector":"div.close_button"}
  (Session info: chrome=102.0.5005.61)
Stacktrace:
0   chromedriver                        0x0000000104fe6d19 chromedriver + 5197081
1   chromedriver                        0x0000000104f74b23 chromedriver + 4729635
2   chromedriver                        0x0000000104b522b8 chromedriver + 393912
3   chromedriver                        0x0000000104b872fd chromedriver + 611069
4   chromedriver                        0x0000000104b87581 chromedriver + 611713
5   chromedriver                        0x0000000104bb95a4 chromedriver + 816548
6   chromedriver                        0x0000000104ba482d chromedriver + 731181
7   chromedriver                        0x0000000104bb72a1 chromedriver + 807585
8   chromedriver                        0x0000000104ba46f3 chromedriver + 730867
9   chromedriver                        0x0000000104b7aa49 chromedriver + 559689
10  chromedriver                        0x0000000104b7ba75 chromedriver + 563829
11  chromedriver                        0x0000000104fb8bdd chromedriver + 5008349
12  chromedriver                        0x0000000104fbdb64 chromedriver + 5028708
13  chromedriver                        0x0000000104fc2bcf chromedriver + 5049295
14  chromedriver                        0x0000000104fbe7ca chromedriver + 5031882
15  chromedriver                        0x0000000104f9859f chromedriver + 4875679
16  chromedriver                        0x0000000104fd8388 chromedriver + 5137288
17  chromedriver                        0x0000000104fd850f chromedriver + 5137679
18  chromedriver                        0x0000000104fee085 chromedriver + 5226629
19  libsystem_pthread.dylib             0x00007ff819e344e1 _pthread_start + 125
20  libsystem_pthread.dylib             0x00007ff819e2ff6b thread_start + 15
[2022-05-29 14:19:48,086] {logging_mixin.py:115} INFO - fail to click div.close_button
[2022-05-29 14:20:30,087] {logging_mixin.py:115} INFO - Message: no such element: Unable to locate element: {"method":"css selector","selector":"div.close_button"}
  (Session info: chrome=102.0.5005.61)
Stacktrace:
0   chromedriver                        0x0000000104fe6d19 chromedriver + 5197081
1   chromedriver                        0x0000000104f74b23 chromedriver + 4729635
2   chromedriver                        0x0000000104b522b8 chromedriver + 393912
3   chromedriver                        0x0000000104b872fd chromedriver + 611069
4   chromedriver                        0x0000000104b87581 chromedriver + 611713
5   chromedriver                        0x0000000104bb95a4 chromedriver + 816548
6   chromedriver                        0x0000000104ba482d chromedriver + 731181
7   chromedriver                        0x0000000104bb72a1 chromedriver + 807585
8   chromedriver                        0x0000000104ba46f3 chromedriver + 730867
9   chromedriver                        0x0000000104b7aa49 chromedriver + 559689
10  chromedriver                        0x0000000104b7ba75 chromedriver + 563829
11  chromedriver                        0x0000000104fb8bdd chromedriver + 5008349
12  chromedriver                        0x0000000104fbdb64 chromedriver + 5028708
13  chromedriver                        0x0000000104fc2bcf chromedriver + 5049295
14  chromedriver                        0x0000000104fbe7ca chromedriver + 5031882
15  chromedriver                        0x0000000104f9859f chromedriver + 4875679
16  chromedriver                        0x0000000104fd8388 chromedriver + 5137288
17  chromedriver                        0x0000000104fd850f chromedriver + 5137679
18  chromedriver                        0x0000000104fee085 chromedriver + 5226629
19  libsystem_pthread.dylib             0x00007ff819e344e1 _pthread_start + 125
20  libsystem_pthread.dylib             0x00007ff819e2ff6b thread_start + 15
[2022-05-29 14:20:30,100] {logging_mixin.py:115} INFO - fail to click div.close_button
[2022-05-29 14:20:33,379] {python.py:173} INFO - Done. Returned value was: None
[2022-05-29 14:20:33,388] {taskinstance.py:1396} INFO - Marking task as SUCCESS. dag_id=Gamer_Daily_Request, task_id=get_lottery, execution_date=20220529T061855, start_date=20220529T061906, end_date=20220529T062033
[2022-05-29 14:20:33,404] {local_task_job.py:156} INFO - Task exited with return code 0
[2022-05-29 14:20:33,419] {local_task_job.py:273} INFO - 0 downstream tasks scheduled from follow-on schedule check
