[2022-05-28 16:39:08,102] {taskinstance.py:1160} INFO - Dependencies all met for <TaskInstance: Gamer_Daily_Request.get_coin manual__2022-05-28T08:38:08.880048+00:00 [queued]>
[2022-05-28 16:39:08,108] {taskinstance.py:1160} INFO - Dependencies all met for <TaskInstance: Gamer_Daily_Request.get_coin manual__2022-05-28T08:38:08.880048+00:00 [queued]>
[2022-05-28 16:39:08,108] {taskinstance.py:1357} INFO - 
--------------------------------------------------------------------------------
[2022-05-28 16:39:08,108] {taskinstance.py:1358} INFO - Starting attempt 1 of 1
[2022-05-28 16:39:08,108] {taskinstance.py:1359} INFO - 
--------------------------------------------------------------------------------
[2022-05-28 16:39:08,116] {taskinstance.py:1378} INFO - Executing <Task(_PythonDecoratedOperator): get_coin> on 2022-05-28 08:38:08.880048+00:00
[2022-05-28 16:39:08,118] {standard_task_runner.py:52} INFO - Started process 37138 to run task
[2022-05-28 16:39:08,122] {standard_task_runner.py:79} INFO - Running: ['airflow', 'tasks', 'run', 'Gamer_Daily_Request', 'get_coin', 'manual__2022-05-28T08:38:08.880048+00:00', '--job-id', '92', '--raw', '--subdir', 'DAGS_FOLDER/gamer_dag.py', '--cfg-path', '/var/folders/7p/8y53sxp17879s6k6nzygbwgw0000gn/T/tmpofvxovzy', '--error-file', '/var/folders/7p/8y53sxp17879s6k6nzygbwgw0000gn/T/tmp5bjiboze']
[2022-05-28 16:39:08,124] {standard_task_runner.py:80} INFO - Job 92: Subtask get_coin
[2022-05-28 16:39:08,163] {task_command.py:370} INFO - Running <TaskInstance: Gamer_Daily_Request.get_coin manual__2022-05-28T08:38:08.880048+00:00 [running]> on host userdeMacBook-Pro.local
[2022-05-28 16:39:08,203] {taskinstance.py:1570} INFO - Exporting the following env vars:
AIRFLOW_CTX_DAG_EMAIL=b01201008@gmail.com
AIRFLOW_CTX_DAG_OWNER=randy
AIRFLOW_CTX_DAG_ID=Gamer_Daily_Request
AIRFLOW_CTX_TASK_ID=get_coin
AIRFLOW_CTX_EXECUTION_DATE=2022-05-28T08:38:08.880048+00:00
AIRFLOW_CTX_TRY_NUMBER=1
AIRFLOW_CTX_DAG_RUN_ID=manual__2022-05-28T08:38:08.880048+00:00
[2022-05-28 16:39:08,204] {logging_mixin.py:115} INFO - get_coin
[2022-05-28 16:39:08,204] {python.py:173} INFO - Done. Returned value was: None
[2022-05-28 16:39:08,210] {taskinstance.py:1396} INFO - Marking task as SUCCESS. dag_id=Gamer_Daily_Request, task_id=get_coin, execution_date=20220528T083808, start_date=20220528T083908, end_date=20220528T083908
[2022-05-28 16:39:08,224] {local_task_job.py:156} INFO - Task exited with return code 0
[2022-05-28 16:39:08,242] {local_task_job.py:273} INFO - 0 downstream tasks scheduled from follow-on schedule check
