[2022-05-28 11:31:09,817] {taskinstance.py:1160} INFO - Dependencies all met for <TaskInstance: Gamer_Daily_Request.sleep scheduled__2022-05-27T03:31:06.902566+00:00 [queued]>
[2022-05-28 11:31:09,825] {taskinstance.py:1160} INFO - Dependencies all met for <TaskInstance: Gamer_Daily_Request.sleep scheduled__2022-05-27T03:31:06.902566+00:00 [queued]>
[2022-05-28 11:31:09,825] {taskinstance.py:1357} INFO - 
--------------------------------------------------------------------------------
[2022-05-28 11:31:09,825] {taskinstance.py:1358} INFO - Starting attempt 1 of 4
[2022-05-28 11:31:09,825] {taskinstance.py:1359} INFO - 
--------------------------------------------------------------------------------
[2022-05-28 11:31:09,835] {taskinstance.py:1378} INFO - Executing <Task(BashOperator): sleep> on 2022-05-27 03:31:06.902566+00:00
[2022-05-28 11:31:09,837] {standard_task_runner.py:52} INFO - Started process 96889 to run task
[2022-05-28 11:31:09,843] {standard_task_runner.py:79} INFO - Running: ['airflow', 'tasks', 'run', 'Gamer_Daily_Request', 'sleep', 'scheduled__2022-05-27T03:31:06.902566+00:00', '--job-id', '4', '--raw', '--subdir', 'DAGS_FOLDER/gamer_dag.py', '--cfg-path', '/var/folders/7p/8y53sxp17879s6k6nzygbwgw0000gn/T/tmptquinixn', '--error-file', '/var/folders/7p/8y53sxp17879s6k6nzygbwgw0000gn/T/tmpmwpb1yys']
[2022-05-28 11:31:09,845] {standard_task_runner.py:80} INFO - Job 4: Subtask sleep
[2022-05-28 11:31:09,887] {task_command.py:370} INFO - Running <TaskInstance: Gamer_Daily_Request.sleep scheduled__2022-05-27T03:31:06.902566+00:00 [running]> on host 1.0.0.0.0.0.0.0.0.0.0.0.0.0.0.0.0.0.0.0.0.0.0.0.0.0.0.0.0.0.0.0.ip6.arpa
[2022-05-28 11:31:09,994] {taskinstance.py:1570} INFO - Exporting the following env vars:
AIRFLOW_CTX_DAG_EMAIL=b01201008@gmail.com
AIRFLOW_CTX_DAG_OWNER=airflow
AIRFLOW_CTX_DAG_ID=Gamer_Daily_Request
AIRFLOW_CTX_TASK_ID=sleep
AIRFLOW_CTX_EXECUTION_DATE=2022-05-27T03:31:06.902566+00:00
AIRFLOW_CTX_TRY_NUMBER=1
AIRFLOW_CTX_DAG_RUN_ID=scheduled__2022-05-27T03:31:06.902566+00:00
[2022-05-28 11:31:09,995] {subprocess.py:62} INFO - Tmp dir root location: 
 /var/folders/7p/8y53sxp17879s6k6nzygbwgw0000gn/T
[2022-05-28 11:31:09,995] {subprocess.py:74} INFO - Running command: ['bash', '-c', 'sleep 5']
[2022-05-28 11:31:10,002] {subprocess.py:85} INFO - Output:
[2022-05-28 11:31:15,014] {subprocess.py:96} INFO - Command exited with return code 0
[2022-05-28 11:31:15,029] {taskinstance.py:1396} INFO - Marking task as SUCCESS. dag_id=Gamer_Daily_Request, task_id=sleep, execution_date=20220527T033106, start_date=20220528T033109, end_date=20220528T033115
[2022-05-28 11:31:15,042] {local_task_job.py:156} INFO - Task exited with return code 0
[2022-05-28 11:31:15,084] {local_task_job.py:273} INFO - 0 downstream tasks scheduled from follow-on schedule check
