[2022-05-28 16:04:56,126] {taskinstance.py:1160} INFO - Dependencies all met for <TaskInstance: Gamer_Daily_Request.login manual__2022-05-28T08:04:54.351523+00:00 [queued]>
[2022-05-28 16:04:56,132] {taskinstance.py:1160} INFO - Dependencies all met for <TaskInstance: Gamer_Daily_Request.login manual__2022-05-28T08:04:54.351523+00:00 [queued]>
[2022-05-28 16:04:56,132] {taskinstance.py:1357} INFO - 
--------------------------------------------------------------------------------
[2022-05-28 16:04:56,132] {taskinstance.py:1358} INFO - Starting attempt 1 of 1
[2022-05-28 16:04:56,132] {taskinstance.py:1359} INFO - 
--------------------------------------------------------------------------------
[2022-05-28 16:04:56,142] {taskinstance.py:1378} INFO - Executing <Task(_PythonDecoratedOperator): login> on 2022-05-28 08:04:54.351523+00:00
[2022-05-28 16:04:56,144] {standard_task_runner.py:52} INFO - Started process 34129 to run task
[2022-05-28 16:04:56,149] {standard_task_runner.py:79} INFO - Running: ['airflow', 'tasks', 'run', 'Gamer_Daily_Request', 'login', 'manual__2022-05-28T08:04:54.351523+00:00', '--job-id', '69', '--raw', '--subdir', 'DAGS_FOLDER/gamer_dag.py', '--cfg-path', '/var/folders/7p/8y53sxp17879s6k6nzygbwgw0000gn/T/tmps_bob3od', '--error-file', '/var/folders/7p/8y53sxp17879s6k6nzygbwgw0000gn/T/tmpvmpefyu0']
[2022-05-28 16:04:56,150] {standard_task_runner.py:80} INFO - Job 69: Subtask login
[2022-05-28 16:04:56,188] {task_command.py:370} INFO - Running <TaskInstance: Gamer_Daily_Request.login manual__2022-05-28T08:04:54.351523+00:00 [running]> on host 1.0.0.0.0.0.0.0.0.0.0.0.0.0.0.0.0.0.0.0.0.0.0.0.0.0.0.0.0.0.0.0.ip6.arpa
[2022-05-28 16:04:56,225] {taskinstance.py:1570} INFO - Exporting the following env vars:
AIRFLOW_CTX_DAG_EMAIL=b01201008@gmail.com
AIRFLOW_CTX_DAG_OWNER=randy
AIRFLOW_CTX_DAG_ID=Gamer_Daily_Request
AIRFLOW_CTX_TASK_ID=login
AIRFLOW_CTX_EXECUTION_DATE=2022-05-28T08:04:54.351523+00:00
AIRFLOW_CTX_TRY_NUMBER=1
AIRFLOW_CTX_DAG_RUN_ID=manual__2022-05-28T08:04:54.351523+00:00
[2022-05-28 16:04:56,226] {logging_mixin.py:115} INFO - login
[2022-05-28 16:05:01,887] {python.py:173} INFO - Done. Returned value was: None
[2022-05-28 16:05:01,896] {taskinstance.py:1396} INFO - Marking task as SUCCESS. dag_id=Gamer_Daily_Request, task_id=login, execution_date=20220528T080454, start_date=20220528T080456, end_date=20220528T080501
[2022-05-28 16:05:01,936] {local_task_job.py:156} INFO - Task exited with return code 0
[2022-05-28 16:05:01,954] {local_task_job.py:273} INFO - 2 downstream tasks scheduled from follow-on schedule check
