[2022-05-29 11:49:40,865] {taskinstance.py:1160} INFO - Dependencies all met for <TaskInstance: Gamer_Daily_Request.get_coin scheduled__2022-05-28T03:31:50.187592+00:00 [queued]>
[2022-05-29 11:49:40,872] {taskinstance.py:1160} INFO - Dependencies all met for <TaskInstance: Gamer_Daily_Request.get_coin scheduled__2022-05-28T03:31:50.187592+00:00 [queued]>
[2022-05-29 11:49:40,872] {taskinstance.py:1357} INFO - 
--------------------------------------------------------------------------------
[2022-05-29 11:49:40,872] {taskinstance.py:1358} INFO - Starting attempt 1 of 1
[2022-05-29 11:49:40,872] {taskinstance.py:1359} INFO - 
--------------------------------------------------------------------------------
[2022-05-29 11:49:40,882] {taskinstance.py:1378} INFO - Executing <Task(_PythonDecoratedOperator): get_coin> on 2022-05-28 03:31:50.187592+00:00
[2022-05-29 11:49:40,884] {standard_task_runner.py:52} INFO - Started process 46801 to run task
[2022-05-29 11:49:40,889] {standard_task_runner.py:79} INFO - Running: ['airflow', 'tasks', 'run', 'Gamer_Daily_Request', 'get_coin', 'scheduled__2022-05-28T03:31:50.187592+00:00', '--job-id', '110', '--raw', '--subdir', 'DAGS_FOLDER/gamer_dag.py', '--cfg-path', '/var/folders/7p/8y53sxp17879s6k6nzygbwgw0000gn/T/tmpupv931ad', '--error-file', '/var/folders/7p/8y53sxp17879s6k6nzygbwgw0000gn/T/tmpdyvcgxej']
[2022-05-29 11:49:40,890] {standard_task_runner.py:80} INFO - Job 110: Subtask get_coin
[2022-05-29 11:49:40,929] {task_command.py:370} INFO - Running <TaskInstance: Gamer_Daily_Request.get_coin scheduled__2022-05-28T03:31:50.187592+00:00 [running]> on host 1.0.0.0.0.0.0.0.0.0.0.0.0.0.0.0.0.0.0.0.0.0.0.0.0.0.0.0.0.0.0.0.ip6.arpa
[2022-05-29 11:49:40,972] {taskinstance.py:1570} INFO - Exporting the following env vars:
AIRFLOW_CTX_DAG_EMAIL=b01201008@gmail.com
AIRFLOW_CTX_DAG_OWNER=randy
AIRFLOW_CTX_DAG_ID=Gamer_Daily_Request
AIRFLOW_CTX_TASK_ID=get_coin
AIRFLOW_CTX_EXECUTION_DATE=2022-05-28T03:31:50.187592+00:00
AIRFLOW_CTX_TRY_NUMBER=1
AIRFLOW_CTX_DAG_RUN_ID=scheduled__2022-05-28T03:31:50.187592+00:00
[2022-05-29 11:49:40,973] {logging_mixin.py:115} INFO - get_coin
[2022-05-29 11:50:23,896] {python.py:173} INFO - Done. Returned value was: None
[2022-05-29 11:50:23,946] {taskinstance.py:1396} INFO - Marking task as SUCCESS. dag_id=Gamer_Daily_Request, task_id=get_coin, execution_date=20220528T033150, start_date=20220529T034940, end_date=20220529T035023
[2022-05-29 11:50:24,008] {local_task_job.py:156} INFO - Task exited with return code 0
[2022-05-29 11:50:24,095] {local_task_job.py:273} INFO - 0 downstream tasks scheduled from follow-on schedule check
