[2022-05-28 14:53:21,223] {taskinstance.py:1160} INFO - Dependencies all met for <TaskInstance: Gamer_Daily_Request.get_lottery manual__2022-05-28T06:53:08.636940+00:00 [queued]>
[2022-05-28 14:53:21,230] {taskinstance.py:1160} INFO - Dependencies all met for <TaskInstance: Gamer_Daily_Request.get_lottery manual__2022-05-28T06:53:08.636940+00:00 [queued]>
[2022-05-28 14:53:21,230] {taskinstance.py:1357} INFO - 
--------------------------------------------------------------------------------
[2022-05-28 14:53:21,230] {taskinstance.py:1358} INFO - Starting attempt 1 of 1
[2022-05-28 14:53:21,230] {taskinstance.py:1359} INFO - 
--------------------------------------------------------------------------------
[2022-05-28 14:53:21,239] {taskinstance.py:1378} INFO - Executing <Task(_PythonDecoratedOperator): get_lottery> on 2022-05-28 06:53:08.636940+00:00
[2022-05-28 14:53:21,241] {standard_task_runner.py:52} INFO - Started process 27845 to run task
[2022-05-28 14:53:21,246] {standard_task_runner.py:79} INFO - Running: ['airflow', 'tasks', 'run', 'Gamer_Daily_Request', 'get_lottery', 'manual__2022-05-28T06:53:08.636940+00:00', '--job-id', '45', '--raw', '--subdir', 'DAGS_FOLDER/gamer_dag.py', '--cfg-path', '/var/folders/7p/8y53sxp17879s6k6nzygbwgw0000gn/T/tmpbep1nagw', '--error-file', '/var/folders/7p/8y53sxp17879s6k6nzygbwgw0000gn/T/tmpcd6ser5n']
[2022-05-28 14:53:21,248] {standard_task_runner.py:80} INFO - Job 45: Subtask get_lottery
[2022-05-28 14:53:21,294] {task_command.py:370} INFO - Running <TaskInstance: Gamer_Daily_Request.get_lottery manual__2022-05-28T06:53:08.636940+00:00 [running]> on host 1.0.0.0.0.0.0.0.0.0.0.0.0.0.0.0.0.0.0.0.0.0.0.0.0.0.0.0.0.0.0.0.ip6.arpa
[2022-05-28 14:53:21,340] {taskinstance.py:1570} INFO - Exporting the following env vars:
AIRFLOW_CTX_DAG_EMAIL=b01201008@gmail.com
AIRFLOW_CTX_DAG_OWNER=randy
AIRFLOW_CTX_DAG_ID=Gamer_Daily_Request
AIRFLOW_CTX_TASK_ID=get_lottery
AIRFLOW_CTX_EXECUTION_DATE=2022-05-28T06:53:08.636940+00:00
AIRFLOW_CTX_TRY_NUMBER=1
AIRFLOW_CTX_DAG_RUN_ID=manual__2022-05-28T06:53:08.636940+00:00
[2022-05-28 14:53:21,341] {logging_mixin.py:115} INFO - get_lottery
[2022-05-28 14:53:27,558] {python.py:173} INFO - Done. Returned value was: None
[2022-05-28 14:53:27,567] {taskinstance.py:1396} INFO - Marking task as SUCCESS. dag_id=Gamer_Daily_Request, task_id=get_lottery, execution_date=20220528T065308, start_date=20220528T065321, end_date=20220528T065327
[2022-05-28 14:53:27,613] {local_task_job.py:156} INFO - Task exited with return code 0
[2022-05-28 14:53:27,627] {local_task_job.py:273} INFO - 0 downstream tasks scheduled from follow-on schedule check
