[2022-05-28 11:31:07,921] {taskinstance.py:1160} INFO - Dependencies all met for <TaskInstance: Gamer_Daily_Request.login scheduled__2022-05-27T03:31:06.902566+00:00 [queued]>
[2022-05-28 11:31:07,928] {taskinstance.py:1160} INFO - Dependencies all met for <TaskInstance: Gamer_Daily_Request.login scheduled__2022-05-27T03:31:06.902566+00:00 [queued]>
[2022-05-28 11:31:07,928] {taskinstance.py:1357} INFO - 
--------------------------------------------------------------------------------
[2022-05-28 11:31:07,928] {taskinstance.py:1358} INFO - Starting attempt 1 of 1
[2022-05-28 11:31:07,929] {taskinstance.py:1359} INFO - 
--------------------------------------------------------------------------------
[2022-05-28 11:31:07,939] {taskinstance.py:1378} INFO - Executing <Task(PythonOperator): login> on 2022-05-27 03:31:06.902566+00:00
[2022-05-28 11:31:07,941] {standard_task_runner.py:52} INFO - Started process 96884 to run task
[2022-05-28 11:31:07,946] {standard_task_runner.py:79} INFO - Running: ['airflow', 'tasks', 'run', 'Gamer_Daily_Request', 'login', 'scheduled__2022-05-27T03:31:06.902566+00:00', '--job-id', '3', '--raw', '--subdir', 'DAGS_FOLDER/gamer_dag.py', '--cfg-path', '/var/folders/7p/8y53sxp17879s6k6nzygbwgw0000gn/T/tmp66iu62rc', '--error-file', '/var/folders/7p/8y53sxp17879s6k6nzygbwgw0000gn/T/tmp9eio_269']
[2022-05-28 11:31:07,948] {standard_task_runner.py:80} INFO - Job 3: Subtask login
[2022-05-28 11:31:07,991] {task_command.py:370} INFO - Running <TaskInstance: Gamer_Daily_Request.login scheduled__2022-05-27T03:31:06.902566+00:00 [running]> on host 1.0.0.0.0.0.0.0.0.0.0.0.0.0.0.0.0.0.0.0.0.0.0.0.0.0.0.0.0.0.0.0.ip6.arpa
[2022-05-28 11:31:08,092] {taskinstance.py:1570} INFO - Exporting the following env vars:
AIRFLOW_CTX_DAG_EMAIL=b01201008@gmail.com
AIRFLOW_CTX_DAG_OWNER=airflow
AIRFLOW_CTX_DAG_ID=Gamer_Daily_Request
AIRFLOW_CTX_TASK_ID=login
AIRFLOW_CTX_EXECUTION_DATE=2022-05-27T03:31:06.902566+00:00
AIRFLOW_CTX_TRY_NUMBER=1
AIRFLOW_CTX_DAG_RUN_ID=scheduled__2022-05-27T03:31:06.902566+00:00
[2022-05-28 11:31:08,093] {logging_mixin.py:115} INFO - login
[2022-05-28 11:31:08,093] {python.py:173} INFO - Done. Returned value was: None
[2022-05-28 11:31:08,099] {taskinstance.py:1396} INFO - Marking task as SUCCESS. dag_id=Gamer_Daily_Request, task_id=login, execution_date=20220527T033106, start_date=20220528T033107, end_date=20220528T033108
[2022-05-28 11:31:08,126] {local_task_job.py:156} INFO - Task exited with return code 0
[2022-05-28 11:31:08,148] {local_task_job.py:273} INFO - 2 downstream tasks scheduled from follow-on schedule check
