[2022-05-29 15:09:31,590] {taskinstance.py:1160} INFO - Dependencies all met for <TaskInstance: Gamer_Daily_Quest.Get_coin scheduled__2022-05-28T07:09:14.974408+00:00 [queued]>
[2022-05-29 15:09:31,595] {taskinstance.py:1160} INFO - Dependencies all met for <TaskInstance: Gamer_Daily_Quest.Get_coin scheduled__2022-05-28T07:09:14.974408+00:00 [queued]>
[2022-05-29 15:09:31,595] {taskinstance.py:1357} INFO - 
--------------------------------------------------------------------------------
[2022-05-29 15:09:31,595] {taskinstance.py:1358} INFO - Starting attempt 1 of 1
[2022-05-29 15:09:31,595] {taskinstance.py:1359} INFO - 
--------------------------------------------------------------------------------
[2022-05-29 15:09:31,604] {taskinstance.py:1378} INFO - Executing <Task(_PythonDecoratedOperator): Get_coin> on 2022-05-28 07:09:14.974408+00:00
[2022-05-29 15:09:31,606] {standard_task_runner.py:52} INFO - Started process 52197 to run task
[2022-05-29 15:09:31,610] {standard_task_runner.py:79} INFO - Running: ['airflow', 'tasks', 'run', 'Gamer_Daily_Quest', 'Get_coin', 'scheduled__2022-05-28T07:09:14.974408+00:00', '--job-id', '18', '--raw', '--subdir', 'DAGS_FOLDER/gamer_dag.py', '--cfg-path', '/var/folders/7p/8y53sxp17879s6k6nzygbwgw0000gn/T/tmp5465q_xh', '--error-file', '/var/folders/7p/8y53sxp17879s6k6nzygbwgw0000gn/T/tmp6temevlp']
[2022-05-29 15:09:31,611] {standard_task_runner.py:80} INFO - Job 18: Subtask Get_coin
[2022-05-29 15:09:31,656] {task_command.py:370} INFO - Running <TaskInstance: Gamer_Daily_Quest.Get_coin scheduled__2022-05-28T07:09:14.974408+00:00 [running]> on host userdeMacBook-Pro.local
[2022-05-29 15:09:31,698] {taskinstance.py:1570} INFO - Exporting the following env vars:
AIRFLOW_CTX_DAG_EMAIL=b01201008@gmail.com
AIRFLOW_CTX_DAG_OWNER=randy
AIRFLOW_CTX_DAG_ID=Gamer_Daily_Quest
AIRFLOW_CTX_TASK_ID=Get_coin
AIRFLOW_CTX_EXECUTION_DATE=2022-05-28T07:09:14.974408+00:00
AIRFLOW_CTX_TRY_NUMBER=1
AIRFLOW_CTX_DAG_RUN_ID=scheduled__2022-05-28T07:09:14.974408+00:00
[2022-05-29 15:09:37,082] {logging_mixin.py:115} INFO - Message: no such element: Unable to locate element: {"method":"css selector","selector":"button.popup-dailybox__btn:not([disabled])"}
  (Session info: chrome=102.0.5005.61)
Stacktrace:
0   chromedriver                        0x000000010fcecd19 chromedriver + 5197081
1   chromedriver                        0x000000010fc7ab23 chromedriver + 4729635
2   chromedriver                        0x000000010f8582b8 chromedriver + 393912
3   chromedriver                        0x000000010f88d2fd chromedriver + 611069
4   chromedriver                        0x000000010f88d581 chromedriver + 611713
5   chromedriver                        0x000000010f8bf5a4 chromedriver + 816548
6   chromedriver                        0x000000010f8aa82d chromedriver + 731181
7   chromedriver                        0x000000010f8bd2a1 chromedriver + 807585
8   chromedriver                        0x000000010f8aa6f3 chromedriver + 730867
9   chromedriver                        0x000000010f880a49 chromedriver + 559689
10  chromedriver                        0x000000010f881a75 chromedriver + 563829
11  chromedriver                        0x000000010fcbebdd chromedriver + 5008349
12  chromedriver                        0x000000010fcc3b64 chromedriver + 5028708
13  chromedriver                        0x000000010fcc8bcf chromedriver + 5049295
14  chromedriver                        0x000000010fcc47ca chromedriver + 5031882
15  chromedriver                        0x000000010fc9e59f chromedriver + 4875679
16  chromedriver                        0x000000010fcde388 chromedriver + 5137288
17  chromedriver                        0x000000010fcde50f chromedriver + 5137679
18  chromedriver                        0x000000010fcf4085 chromedriver + 5226629
19  libsystem_pthread.dylib             0x00007ff819e344e1 _pthread_start + 125
20  libsystem_pthread.dylib             0x00007ff819e2ff6b thread_start + 15
[2022-05-29 15:09:37,082] {logging_mixin.py:115} INFO - fail to click button.popup-dailybox__btn:not([disabled])
[2022-05-29 15:09:37,148] {python.py:173} INFO - Done. Returned value was: None
[2022-05-29 15:09:37,161] {taskinstance.py:1396} INFO - Marking task as SUCCESS. dag_id=Gamer_Daily_Quest, task_id=Get_coin, execution_date=20220528T070914, start_date=20220529T070931, end_date=20220529T070937
[2022-05-29 15:09:37,176] {local_task_job.py:156} INFO - Task exited with return code 0
[2022-05-29 15:09:37,191] {local_task_job.py:273} INFO - 0 downstream tasks scheduled from follow-on schedule check
