[2022-05-28 14:27:57,260] {taskinstance.py:1160} INFO - Dependencies all met for <TaskInstance: Gamer_Daily_Request.login manual__2022-05-28T06:27:55.353739+00:00 [queued]>
[2022-05-28 14:27:57,267] {taskinstance.py:1160} INFO - Dependencies all met for <TaskInstance: Gamer_Daily_Request.login manual__2022-05-28T06:27:55.353739+00:00 [queued]>
[2022-05-28 14:27:57,267] {taskinstance.py:1357} INFO - 
--------------------------------------------------------------------------------
[2022-05-28 14:27:57,267] {taskinstance.py:1358} INFO - Starting attempt 1 of 1
[2022-05-28 14:27:57,267] {taskinstance.py:1359} INFO - 
--------------------------------------------------------------------------------
[2022-05-28 14:27:57,280] {taskinstance.py:1378} INFO - Executing <Task(_PythonDecoratedOperator): login> on 2022-05-28 06:27:55.353739+00:00
[2022-05-28 14:27:57,283] {standard_task_runner.py:52} INFO - Started process 25637 to run task
[2022-05-28 14:27:57,292] {standard_task_runner.py:79} INFO - Running: ['airflow', 'tasks', 'run', 'Gamer_Daily_Request', 'login', 'manual__2022-05-28T06:27:55.353739+00:00', '--job-id', '38', '--raw', '--subdir', 'DAGS_FOLDER/gamer_dag.py', '--cfg-path', '/var/folders/7p/8y53sxp17879s6k6nzygbwgw0000gn/T/tmpr29j662l', '--error-file', '/var/folders/7p/8y53sxp17879s6k6nzygbwgw0000gn/T/tmpc7az3pq1']
[2022-05-28 14:27:57,294] {standard_task_runner.py:80} INFO - Job 38: Subtask login
[2022-05-28 14:27:57,401] {task_command.py:370} INFO - Running <TaskInstance: Gamer_Daily_Request.login manual__2022-05-28T06:27:55.353739+00:00 [running]> on host userdeMacBook-Pro.local
[2022-05-28 14:27:57,444] {taskinstance.py:1570} INFO - Exporting the following env vars:
AIRFLOW_CTX_DAG_EMAIL=b01201008@gmail.com
AIRFLOW_CTX_DAG_OWNER=randy
AIRFLOW_CTX_DAG_ID=Gamer_Daily_Request
AIRFLOW_CTX_TASK_ID=login
AIRFLOW_CTX_EXECUTION_DATE=2022-05-28T06:27:55.353739+00:00
AIRFLOW_CTX_TRY_NUMBER=1
AIRFLOW_CTX_DAG_RUN_ID=manual__2022-05-28T06:27:55.353739+00:00
[2022-05-28 14:27:57,445] {logging_mixin.py:115} INFO - login
[2022-05-28 14:28:00,289] {python.py:173} INFO - Done. Returned value was: None
[2022-05-28 14:28:00,297] {taskinstance.py:1396} INFO - Marking task as SUCCESS. dag_id=Gamer_Daily_Request, task_id=login, execution_date=20220528T062755, start_date=20220528T062757, end_date=20220528T062800
[2022-05-28 14:28:00,309] {local_task_job.py:156} INFO - Task exited with return code 0
[2022-05-28 14:28:00,333] {local_task_job.py:273} INFO - 2 downstream tasks scheduled from follow-on schedule check
