[2022-05-29 15:09:17,132] {taskinstance.py:1160} INFO - Dependencies all met for <TaskInstance: Gamer_Daily_Quest.Login scheduled__2022-05-28T07:09:14.974408+00:00 [queued]>
[2022-05-29 15:09:17,138] {taskinstance.py:1160} INFO - Dependencies all met for <TaskInstance: Gamer_Daily_Quest.Login scheduled__2022-05-28T07:09:14.974408+00:00 [queued]>
[2022-05-29 15:09:17,138] {taskinstance.py:1357} INFO - 
--------------------------------------------------------------------------------
[2022-05-29 15:09:17,139] {taskinstance.py:1358} INFO - Starting attempt 1 of 1
[2022-05-29 15:09:17,139] {taskinstance.py:1359} INFO - 
--------------------------------------------------------------------------------
[2022-05-29 15:09:17,149] {taskinstance.py:1378} INFO - Executing <Task(_PythonDecoratedOperator): Login> on 2022-05-28 07:09:14.974408+00:00
[2022-05-29 15:09:17,151] {standard_task_runner.py:52} INFO - Started process 52139 to run task
[2022-05-29 15:09:17,157] {standard_task_runner.py:79} INFO - Running: ['airflow', 'tasks', 'run', 'Gamer_Daily_Quest', 'Login', 'scheduled__2022-05-28T07:09:14.974408+00:00', '--job-id', '16', '--raw', '--subdir', 'DAGS_FOLDER/gamer_dag.py', '--cfg-path', '/var/folders/7p/8y53sxp17879s6k6nzygbwgw0000gn/T/tmpbauy2ajp', '--error-file', '/var/folders/7p/8y53sxp17879s6k6nzygbwgw0000gn/T/tmp9gi2l9hr']
[2022-05-29 15:09:17,159] {standard_task_runner.py:80} INFO - Job 16: Subtask Login
[2022-05-29 15:09:17,202] {task_command.py:370} INFO - Running <TaskInstance: Gamer_Daily_Quest.Login scheduled__2022-05-28T07:09:14.974408+00:00 [running]> on host userdeMacBook-Pro.local
[2022-05-29 15:09:17,242] {taskinstance.py:1570} INFO - Exporting the following env vars:
AIRFLOW_CTX_DAG_EMAIL=b01201008@gmail.com
AIRFLOW_CTX_DAG_OWNER=randy
AIRFLOW_CTX_DAG_ID=Gamer_Daily_Quest
AIRFLOW_CTX_TASK_ID=Login
AIRFLOW_CTX_EXECUTION_DATE=2022-05-28T07:09:14.974408+00:00
AIRFLOW_CTX_TRY_NUMBER=1
AIRFLOW_CTX_DAG_RUN_ID=scheduled__2022-05-28T07:09:14.974408+00:00
[2022-05-29 15:09:22,595] {python.py:173} INFO - Done. Returned value was: None
[2022-05-29 15:09:22,606] {taskinstance.py:1396} INFO - Marking task as SUCCESS. dag_id=Gamer_Daily_Quest, task_id=Login, execution_date=20220528T070914, start_date=20220529T070917, end_date=20220529T070922
[2022-05-29 15:09:22,661] {local_task_job.py:156} INFO - Task exited with return code 0
[2022-05-29 15:09:22,687] {local_task_job.py:273} INFO - 2 downstream tasks scheduled from follow-on schedule check
