[2022-05-28 14:32:28,538] {taskinstance.py:1160} INFO - Dependencies all met for <TaskInstance: Gamer_Daily_Request.get_lottery manual__2022-05-28T06:32:17.888507+00:00 [queued]>
[2022-05-28 14:32:28,545] {taskinstance.py:1160} INFO - Dependencies all met for <TaskInstance: Gamer_Daily_Request.get_lottery manual__2022-05-28T06:32:17.888507+00:00 [queued]>
[2022-05-28 14:32:28,545] {taskinstance.py:1357} INFO - 
--------------------------------------------------------------------------------
[2022-05-28 14:32:28,545] {taskinstance.py:1358} INFO - Starting attempt 1 of 1
[2022-05-28 14:32:28,545] {taskinstance.py:1359} INFO - 
--------------------------------------------------------------------------------
[2022-05-28 14:32:28,555] {taskinstance.py:1378} INFO - Executing <Task(_PythonDecoratedOperator): get_lottery> on 2022-05-28 06:32:17.888507+00:00
[2022-05-28 14:32:28,557] {standard_task_runner.py:52} INFO - Started process 26128 to run task
[2022-05-28 14:32:28,562] {standard_task_runner.py:79} INFO - Running: ['airflow', 'tasks', 'run', 'Gamer_Daily_Request', 'get_lottery', 'manual__2022-05-28T06:32:17.888507+00:00', '--job-id', '42', '--raw', '--subdir', 'DAGS_FOLDER/gamer_dag.py', '--cfg-path', '/var/folders/7p/8y53sxp17879s6k6nzygbwgw0000gn/T/tmpwozfje6d', '--error-file', '/var/folders/7p/8y53sxp17879s6k6nzygbwgw0000gn/T/tmp6e_iawo7']
[2022-05-28 14:32:28,564] {standard_task_runner.py:80} INFO - Job 42: Subtask get_lottery
[2022-05-28 14:32:28,609] {task_command.py:370} INFO - Running <TaskInstance: Gamer_Daily_Request.get_lottery manual__2022-05-28T06:32:17.888507+00:00 [running]> on host 1.0.0.0.0.0.0.0.0.0.0.0.0.0.0.0.0.0.0.0.0.0.0.0.0.0.0.0.0.0.0.0.ip6.arpa
[2022-05-28 14:32:28,655] {taskinstance.py:1570} INFO - Exporting the following env vars:
AIRFLOW_CTX_DAG_EMAIL=b01201008@gmail.com
AIRFLOW_CTX_DAG_OWNER=randy
AIRFLOW_CTX_DAG_ID=Gamer_Daily_Request
AIRFLOW_CTX_TASK_ID=get_lottery
AIRFLOW_CTX_EXECUTION_DATE=2022-05-28T06:32:17.888507+00:00
AIRFLOW_CTX_TRY_NUMBER=1
AIRFLOW_CTX_DAG_RUN_ID=manual__2022-05-28T06:32:17.888507+00:00
[2022-05-28 14:32:28,656] {logging_mixin.py:115} INFO - get_lottery
[2022-05-28 14:32:28,660] {logging_mixin.py:115} INFO - ======= cookies ======
[2022-05-28 14:32:28,660] {logging_mixin.py:115} INFO - [{'domain': '.gamer.com.tw', 'httpOnly': False, 'name': 'ckBahamutCsrfToken', 'path': '/', 'secure': True, 'value': 'ae2043aa571bee6c'}, {'domain': '.gamer.com.tw', 'expiry': 1716791544, 'httpOnly': False, 'name': '_ga', 'path': '/', 'secure': False, 'value': 'GA1.1.1088087356.1653719543'}, {'domain': '.gamer.com.tw', 'expiry': 1654981200, 'httpOnly': False, 'name': 'avtrv', 'path': '/', 'secure': False, 'value': '1653719543078'}, {'domain': '.gamer.com.tw', 'expiry': 1654981200, 'httpOnly': False, 'name': 'ga_class1', 'path': '/', 'secure': False, 'value': 'F'}, {'domain': '.gamer.com.tw', 'expiry': 1654981200, 'httpOnly': True, 'name': 'MB_BAHARUNE', 'path': '/', 'secure': False, 'value': 'f574b2fd4114dd0a645a2095a6c4fa386a1e89ed6a206c70170ec0a579a0829c2796ab0874d7634940b8'}, {'domain': '.gamer.com.tw', 'expiry': 1654981200, 'httpOnly': False, 'name': 'MB_BAHANICK', 'path': '/', 'secure': False, 'value': '%E6%B8%B8%E5%B0%8F%E4%BB%BB'}, {'domain': '.gamer.com.tw', 'expiry': 1654981200, 'httpOnly': False, 'name': 'MB_BAHAID', 'path': '/', 'secure': False, 'value': 'randy1yu'}, {'domain': '.gamer.com.tw', 'expiry': 1654981200, 'httpOnly': False, 'name': 'age_limit_content', 'path': '/', 'secure': False, 'value': '0'}, {'domain': '.gamer.com.tw', 'expiry': 1654981200, 'httpOnly': False, 'name': 'BAHAHASHID', 'path': '/', 'secure': False, 'value': 'ee0a2d4c47c711a2d2d55aacac79c7b151663a13723cd89857768d40b2ad3852'}, {'domain': '.gamer.com.tw', 'expiry': 1654981200, 'httpOnly': False, 'name': 'BAHALV', 'path': '/', 'secure': False, 'value': '18'}, {'domain': '.gamer.com.tw', 'expiry': 1654981200, 'httpOnly': False, 'name': 'BAHAFLT', 'path': '/', 'secure': False, 'value': '1485456448'}, {'domain': '.gamer.com.tw', 'expiry': 1653782399, 'httpOnly': False, 'name': 'ckBAHAADS', 'path': '/', 'secure': False, 'value': '{"FA":{"a0":0,"a1":1}}'}, {'domain': '.gamer.com.tw', 'expiry': 1653719602, 'httpOnly': False, 'name': '_gat', 'path': '/', 'secure': False, 'value': '1'}, {'domain': '.gamer.com.tw', 'expiry': 1654981200, 'httpOnly': True, 'name': 'BAHARUNE', 'path': '/', 'secure': False, 'value': 'f574b2fd4114dd0a645a2095a6c4fa386a1e89ed6a206c70170ec0a579a0829c2796ab0874d7634940b8'}, {'domain': '.gamer.com.tw', 'expiry': 1716791544, 'httpOnly': False, 'name': '_ga_2Q21791Y9D', 'path': '/', 'secure': False, 'value': 'GS1.1.1653719542.1.1.1653719544.58'}, {'domain': '.gamer.com.tw', 'expiry': 1654981200, 'httpOnly': True, 'name': 'BAHAENUR', 'path': '/', 'secure': False, 'value': '569951ad412bb738427fc680087c56ab'}, {'domain': '.gamer.com.tw', 'expiry': 1653782399, 'httpOnly': False, 'name': 'ckBahaAd', 'path': '/', 'secure': False, 'value': '-----0-------3--'}, {'domain': '.gamer.com.tw', 'expiry': 1654981200, 'httpOnly': False, 'name': 'BAHANICK', 'path': '/', 'secure': False, 'value': '%E6%B8%B8%E5%B0%8F%E4%BB%BB'}, {'domain': '.gamer.com.tw', 'expiry': 1654981200, 'httpOnly': False, 'name': 'BAHAID', 'path': '/', 'secure': False, 'value': 'randy1yu'}, {'domain': '.gamer.com.tw', 'expiry': 1685255543, 'httpOnly': True, 'name': 'ckM', 'path': '/', 'secure': False, 'value': '1542264790'}, {'domain': '.gamer.com.tw', 'expiry': 1653805944, 'httpOnly': False, 'name': '_gid', 'path': '/', 'secure': False, 'value': 'GA1.3.1566407799.1653719543'}]
[2022-05-28 14:32:28,660] {logging_mixin.py:115} INFO - ============================================================
[2022-05-28 14:32:34,273] {python.py:173} INFO - Done. Returned value was: None
[2022-05-28 14:32:34,286] {taskinstance.py:1396} INFO - Marking task as SUCCESS. dag_id=Gamer_Daily_Request, task_id=get_lottery, execution_date=20220528T063217, start_date=20220528T063228, end_date=20220528T063234
[2022-05-28 14:32:34,315] {local_task_job.py:156} INFO - Task exited with return code 0
[2022-05-28 14:32:34,330] {local_task_job.py:273} INFO - 0 downstream tasks scheduled from follow-on schedule check
