[2022-05-28 16:41:13,576] {taskinstance.py:1160} INFO - Dependencies all met for <TaskInstance: Gamer_Daily_Request.login manual__2022-05-28T08:41:10.759738+00:00 [queued]>
[2022-05-28 16:41:13,582] {taskinstance.py:1160} INFO - Dependencies all met for <TaskInstance: Gamer_Daily_Request.login manual__2022-05-28T08:41:10.759738+00:00 [queued]>
[2022-05-28 16:41:13,582] {taskinstance.py:1357} INFO - 
--------------------------------------------------------------------------------
[2022-05-28 16:41:13,583] {taskinstance.py:1358} INFO - Starting attempt 1 of 1
[2022-05-28 16:41:13,583] {taskinstance.py:1359} INFO - 
--------------------------------------------------------------------------------
[2022-05-28 16:41:13,592] {taskinstance.py:1378} INFO - Executing <Task(_PythonDecoratedOperator): login> on 2022-05-28 08:41:10.759738+00:00
[2022-05-28 16:41:13,594] {standard_task_runner.py:52} INFO - Started process 37353 to run task
[2022-05-28 16:41:13,599] {standard_task_runner.py:79} INFO - Running: ['airflow', 'tasks', 'run', 'Gamer_Daily_Request', 'login', 'manual__2022-05-28T08:41:10.759738+00:00', '--job-id', '93', '--raw', '--subdir', 'DAGS_FOLDER/gamer_dag.py', '--cfg-path', '/var/folders/7p/8y53sxp17879s6k6nzygbwgw0000gn/T/tmpldk7bfbj', '--error-file', '/var/folders/7p/8y53sxp17879s6k6nzygbwgw0000gn/T/tmp8ckxjx4q']
[2022-05-28 16:41:13,600] {standard_task_runner.py:80} INFO - Job 93: Subtask login
[2022-05-28 16:41:13,638] {task_command.py:370} INFO - Running <TaskInstance: Gamer_Daily_Request.login manual__2022-05-28T08:41:10.759738+00:00 [running]> on host userdeMacBook-Pro.local
[2022-05-28 16:41:13,676] {taskinstance.py:1570} INFO - Exporting the following env vars:
AIRFLOW_CTX_DAG_EMAIL=b01201008@gmail.com
AIRFLOW_CTX_DAG_OWNER=randy
AIRFLOW_CTX_DAG_ID=Gamer_Daily_Request
AIRFLOW_CTX_TASK_ID=login
AIRFLOW_CTX_EXECUTION_DATE=2022-05-28T08:41:10.759738+00:00
AIRFLOW_CTX_TRY_NUMBER=1
AIRFLOW_CTX_DAG_RUN_ID=manual__2022-05-28T08:41:10.759738+00:00
[2022-05-28 16:41:13,677] {logging_mixin.py:115} INFO - login
[2022-05-28 16:41:20,571] {python.py:173} INFO - Done. Returned value was: None
[2022-05-28 16:41:20,578] {taskinstance.py:1396} INFO - Marking task as SUCCESS. dag_id=Gamer_Daily_Request, task_id=login, execution_date=20220528T084110, start_date=20220528T084113, end_date=20220528T084120
[2022-05-28 16:41:20,620] {local_task_job.py:156} INFO - Task exited with return code 0
[2022-05-28 16:41:20,635] {local_task_job.py:273} INFO - 2 downstream tasks scheduled from follow-on schedule check
