[2022-05-28 14:20:21,185] {taskinstance.py:1160} INFO - Dependencies all met for <TaskInstance: Gamer_Daily_Request.get_coin manual__2022-05-28T06:20:08.964209+00:00 [queued]>
[2022-05-28 14:20:21,191] {taskinstance.py:1160} INFO - Dependencies all met for <TaskInstance: Gamer_Daily_Request.get_coin manual__2022-05-28T06:20:08.964209+00:00 [queued]>
[2022-05-28 14:20:21,191] {taskinstance.py:1357} INFO - 
--------------------------------------------------------------------------------
[2022-05-28 14:20:21,191] {taskinstance.py:1358} INFO - Starting attempt 1 of 1
[2022-05-28 14:20:21,191] {taskinstance.py:1359} INFO - 
--------------------------------------------------------------------------------
[2022-05-28 14:20:21,199] {taskinstance.py:1378} INFO - Executing <Task(_PythonDecoratedOperator): get_coin> on 2022-05-28 06:20:08.964209+00:00
[2022-05-28 14:20:21,201] {standard_task_runner.py:52} INFO - Started process 24925 to run task
[2022-05-28 14:20:21,206] {standard_task_runner.py:79} INFO - Running: ['airflow', 'tasks', 'run', 'Gamer_Daily_Request', 'get_coin', 'manual__2022-05-28T06:20:08.964209+00:00', '--job-id', '31', '--raw', '--subdir', 'DAGS_FOLDER/gamer_dag.py', '--cfg-path', '/var/folders/7p/8y53sxp17879s6k6nzygbwgw0000gn/T/tmp_w2tj9qx', '--error-file', '/var/folders/7p/8y53sxp17879s6k6nzygbwgw0000gn/T/tmpjc1jzst_']
[2022-05-28 14:20:21,207] {standard_task_runner.py:80} INFO - Job 31: Subtask get_coin
[2022-05-28 14:20:21,251] {task_command.py:370} INFO - Running <TaskInstance: Gamer_Daily_Request.get_coin manual__2022-05-28T06:20:08.964209+00:00 [running]> on host userdeMacBook-Pro.local
[2022-05-28 14:20:21,298] {taskinstance.py:1570} INFO - Exporting the following env vars:
AIRFLOW_CTX_DAG_EMAIL=b01201008@gmail.com
AIRFLOW_CTX_DAG_OWNER=randy
AIRFLOW_CTX_DAG_ID=Gamer_Daily_Request
AIRFLOW_CTX_TASK_ID=get_coin
AIRFLOW_CTX_EXECUTION_DATE=2022-05-28T06:20:08.964209+00:00
AIRFLOW_CTX_TRY_NUMBER=1
AIRFLOW_CTX_DAG_RUN_ID=manual__2022-05-28T06:20:08.964209+00:00
[2022-05-28 14:20:21,299] {logging_mixin.py:115} INFO - get_coin
[2022-05-28 14:20:21,299] {python.py:173} INFO - Done. Returned value was: None
[2022-05-28 14:20:21,305] {taskinstance.py:1396} INFO - Marking task as SUCCESS. dag_id=Gamer_Daily_Request, task_id=get_coin, execution_date=20220528T062008, start_date=20220528T062021, end_date=20220528T062021
[2022-05-28 14:20:21,348] {local_task_job.py:156} INFO - Task exited with return code 0
[2022-05-28 14:20:21,370] {local_task_job.py:273} INFO - 0 downstream tasks scheduled from follow-on schedule check
