[2022-05-29 14:51:59,805] {taskinstance.py:1160} INFO - Dependencies all met for <TaskInstance: Gamer_Daily_Request.login manual__2022-05-29T06:51:55.517891+00:00 [queued]>
[2022-05-29 14:51:59,811] {taskinstance.py:1160} INFO - Dependencies all met for <TaskInstance: Gamer_Daily_Request.login manual__2022-05-29T06:51:55.517891+00:00 [queued]>
[2022-05-29 14:51:59,811] {taskinstance.py:1357} INFO - 
--------------------------------------------------------------------------------
[2022-05-29 14:51:59,811] {taskinstance.py:1358} INFO - Starting attempt 1 of 1
[2022-05-29 14:51:59,811] {taskinstance.py:1359} INFO - 
--------------------------------------------------------------------------------
[2022-05-29 14:51:59,819] {taskinstance.py:1378} INFO - Executing <Task(_PythonDecoratedOperator): login> on 2022-05-29 06:51:55.517891+00:00
[2022-05-29 14:51:59,821] {standard_task_runner.py:52} INFO - Started process 50713 to run task
[2022-05-29 14:51:59,825] {standard_task_runner.py:79} INFO - Running: ['airflow', 'tasks', 'run', 'Gamer_Daily_Request', 'login', 'manual__2022-05-29T06:51:55.517891+00:00', '--job-id', '126', '--raw', '--subdir', 'DAGS_FOLDER/gamer_dag.py', '--cfg-path', '/var/folders/7p/8y53sxp17879s6k6nzygbwgw0000gn/T/tmpivw4qdin', '--error-file', '/var/folders/7p/8y53sxp17879s6k6nzygbwgw0000gn/T/tmpoan7hltd']
[2022-05-29 14:51:59,827] {standard_task_runner.py:80} INFO - Job 126: Subtask login
[2022-05-29 14:51:59,867] {task_command.py:370} INFO - Running <TaskInstance: Gamer_Daily_Request.login manual__2022-05-29T06:51:55.517891+00:00 [running]> on host 1.0.0.0.0.0.0.0.0.0.0.0.0.0.0.0.0.0.0.0.0.0.0.0.0.0.0.0.0.0.0.0.ip6.arpa
[2022-05-29 14:51:59,907] {taskinstance.py:1570} INFO - Exporting the following env vars:
AIRFLOW_CTX_DAG_EMAIL=b01201008@gmail.com
AIRFLOW_CTX_DAG_OWNER=randy
AIRFLOW_CTX_DAG_ID=Gamer_Daily_Request
AIRFLOW_CTX_TASK_ID=login
AIRFLOW_CTX_EXECUTION_DATE=2022-05-29T06:51:55.517891+00:00
AIRFLOW_CTX_TRY_NUMBER=1
AIRFLOW_CTX_DAG_RUN_ID=manual__2022-05-29T06:51:55.517891+00:00
[2022-05-29 14:52:07,584] {python.py:173} INFO - Done. Returned value was: None
[2022-05-29 14:52:07,602] {taskinstance.py:1396} INFO - Marking task as SUCCESS. dag_id=Gamer_Daily_Request, task_id=login, execution_date=20220529T065155, start_date=20220529T065159, end_date=20220529T065207
[2022-05-29 14:52:07,629] {local_task_job.py:156} INFO - Task exited with return code 0
[2022-05-29 14:52:07,669] {local_task_job.py:273} INFO - 2 downstream tasks scheduled from follow-on schedule check
