[2022-05-28 14:22:30,062] {taskinstance.py:1160} INFO - Dependencies all met for <TaskInstance: Gamer_Daily_Request.get_lottery manual__2022-05-28T06:22:22.593953+00:00 [queued]>
[2022-05-28 14:22:30,069] {taskinstance.py:1160} INFO - Dependencies all met for <TaskInstance: Gamer_Daily_Request.get_lottery manual__2022-05-28T06:22:22.593953+00:00 [queued]>
[2022-05-28 14:22:30,069] {taskinstance.py:1357} INFO - 
--------------------------------------------------------------------------------
[2022-05-28 14:22:30,069] {taskinstance.py:1358} INFO - Starting attempt 1 of 1
[2022-05-28 14:22:30,069] {taskinstance.py:1359} INFO - 
--------------------------------------------------------------------------------
[2022-05-28 14:22:30,079] {taskinstance.py:1378} INFO - Executing <Task(_PythonDecoratedOperator): get_lottery> on 2022-05-28 06:22:22.593953+00:00
[2022-05-28 14:22:30,082] {standard_task_runner.py:52} INFO - Started process 25119 to run task
[2022-05-28 14:22:30,087] {standard_task_runner.py:79} INFO - Running: ['airflow', 'tasks', 'run', 'Gamer_Daily_Request', 'get_lottery', 'manual__2022-05-28T06:22:22.593953+00:00', '--job-id', '33', '--raw', '--subdir', 'DAGS_FOLDER/gamer_dag.py', '--cfg-path', '/var/folders/7p/8y53sxp17879s6k6nzygbwgw0000gn/T/tmpmjxeathi', '--error-file', '/var/folders/7p/8y53sxp17879s6k6nzygbwgw0000gn/T/tmpkfs2jafu']
[2022-05-28 14:22:30,089] {standard_task_runner.py:80} INFO - Job 33: Subtask get_lottery
[2022-05-28 14:22:30,135] {task_command.py:370} INFO - Running <TaskInstance: Gamer_Daily_Request.get_lottery manual__2022-05-28T06:22:22.593953+00:00 [running]> on host 1.0.0.0.0.0.0.0.0.0.0.0.0.0.0.0.0.0.0.0.0.0.0.0.0.0.0.0.0.0.0.0.ip6.arpa
[2022-05-28 14:22:30,184] {taskinstance.py:1570} INFO - Exporting the following env vars:
AIRFLOW_CTX_DAG_EMAIL=b01201008@gmail.com
AIRFLOW_CTX_DAG_OWNER=randy
AIRFLOW_CTX_DAG_ID=Gamer_Daily_Request
AIRFLOW_CTX_TASK_ID=get_lottery
AIRFLOW_CTX_EXECUTION_DATE=2022-05-28T06:22:22.593953+00:00
AIRFLOW_CTX_TRY_NUMBER=1
AIRFLOW_CTX_DAG_RUN_ID=manual__2022-05-28T06:22:22.593953+00:00
[2022-05-28 14:22:30,185] {logging_mixin.py:115} INFO - get_lottery
[2022-05-28 14:22:30,190] {logging_mixin.py:115} INFO - ======= cookies ======
[2022-05-28 14:22:30,190] {logging_mixin.py:115} INFO - [{'domain': '.gamer.com.tw', 'expiry': 1716790947, 'httpOnly': False, 'name': '_ga', 'path': '/', 'secure': False, 'value': 'GA1.1.821667536.1653718947'}, {'domain': '.gamer.com.tw', 'expiry': 1653719007, 'httpOnly': False, 'name': '_gat', 'path': '/', 'secure': False, 'value': '1'}, {'domain': '.gamer.com.tw', 'expiry': 1716790947, 'httpOnly': False, 'name': '_ga_2Q21791Y9D', 'path': '/', 'secure': False, 'value': 'GS1.1.1653718947.1.0.1653718947.60'}, {'domain': '.gamer.com.tw', 'expiry': 1653805347, 'httpOnly': False, 'name': '_gid', 'path': '/', 'secure': False, 'value': 'GA1.3.487540427.1653718947'}]
[2022-05-28 14:22:30,191] {logging_mixin.py:115} INFO - ============================================================
[2022-05-28 14:22:42,700] {python.py:173} INFO - Done. Returned value was: None
[2022-05-28 14:22:42,710] {taskinstance.py:1396} INFO - Marking task as SUCCESS. dag_id=Gamer_Daily_Request, task_id=get_lottery, execution_date=20220528T062222, start_date=20220528T062230, end_date=20220528T062242
[2022-05-28 14:22:42,756] {local_task_job.py:156} INFO - Task exited with return code 0
[2022-05-28 14:22:42,771] {local_task_job.py:273} INFO - 0 downstream tasks scheduled from follow-on schedule check
