[2022-05-28 15:34:41,622] {taskinstance.py:1160} INFO - Dependencies all met for <TaskInstance: Gamer_Daily_Request.get_lottery manual__2022-05-28T07:34:29.038387+00:00 [queued]>
[2022-05-28 15:34:41,628] {taskinstance.py:1160} INFO - Dependencies all met for <TaskInstance: Gamer_Daily_Request.get_lottery manual__2022-05-28T07:34:29.038387+00:00 [queued]>
[2022-05-28 15:34:41,628] {taskinstance.py:1357} INFO - 
--------------------------------------------------------------------------------
[2022-05-28 15:34:41,628] {taskinstance.py:1358} INFO - Starting attempt 1 of 1
[2022-05-28 15:34:41,628] {taskinstance.py:1359} INFO - 
--------------------------------------------------------------------------------
[2022-05-28 15:34:41,637] {taskinstance.py:1378} INFO - Executing <Task(_PythonDecoratedOperator): get_lottery> on 2022-05-28 07:34:29.038387+00:00
[2022-05-28 15:34:41,639] {standard_task_runner.py:52} INFO - Started process 31475 to run task
[2022-05-28 15:34:41,644] {standard_task_runner.py:79} INFO - Running: ['airflow', 'tasks', 'run', 'Gamer_Daily_Request', 'get_lottery', 'manual__2022-05-28T07:34:29.038387+00:00', '--job-id', '61', '--raw', '--subdir', 'DAGS_FOLDER/gamer_dag.py', '--cfg-path', '/var/folders/7p/8y53sxp17879s6k6nzygbwgw0000gn/T/tmpu5sbt4gg', '--error-file', '/var/folders/7p/8y53sxp17879s6k6nzygbwgw0000gn/T/tmp5cc9reng']
[2022-05-28 15:34:41,645] {standard_task_runner.py:80} INFO - Job 61: Subtask get_lottery
[2022-05-28 15:34:41,686] {task_command.py:370} INFO - Running <TaskInstance: Gamer_Daily_Request.get_lottery manual__2022-05-28T07:34:29.038387+00:00 [running]> on host 1.0.0.0.0.0.0.0.0.0.0.0.0.0.0.0.0.0.0.0.0.0.0.0.0.0.0.0.0.0.0.0.ip6.arpa
[2022-05-28 15:34:41,733] {taskinstance.py:1570} INFO - Exporting the following env vars:
AIRFLOW_CTX_DAG_EMAIL=b01201008@gmail.com
AIRFLOW_CTX_DAG_OWNER=randy
AIRFLOW_CTX_DAG_ID=Gamer_Daily_Request
AIRFLOW_CTX_TASK_ID=get_lottery
AIRFLOW_CTX_EXECUTION_DATE=2022-05-28T07:34:29.038387+00:00
AIRFLOW_CTX_TRY_NUMBER=1
AIRFLOW_CTX_DAG_RUN_ID=manual__2022-05-28T07:34:29.038387+00:00
[2022-05-28 15:34:41,734] {logging_mixin.py:115} INFO - get_lottery
[2022-05-28 15:34:41,735] {python.py:173} INFO - Done. Returned value was: None
[2022-05-28 15:34:41,741] {taskinstance.py:1396} INFO - Marking task as SUCCESS. dag_id=Gamer_Daily_Request, task_id=get_lottery, execution_date=20220528T073429, start_date=20220528T073441, end_date=20220528T073441
[2022-05-28 15:34:41,787] {local_task_job.py:156} INFO - Task exited with return code 0
[2022-05-28 15:34:41,807] {local_task_job.py:273} INFO - 0 downstream tasks scheduled from follow-on schedule check
