[2022-05-28 16:10:24,609] {taskinstance.py:1160} INFO - Dependencies all met for <TaskInstance: Gamer_Daily_Request.login manual__2022-05-28T08:10:22.401295+00:00 [queued]>
[2022-05-28 16:10:24,616] {taskinstance.py:1160} INFO - Dependencies all met for <TaskInstance: Gamer_Daily_Request.login manual__2022-05-28T08:10:22.401295+00:00 [queued]>
[2022-05-28 16:10:24,616] {taskinstance.py:1357} INFO - 
--------------------------------------------------------------------------------
[2022-05-28 16:10:24,616] {taskinstance.py:1358} INFO - Starting attempt 1 of 1
[2022-05-28 16:10:24,616] {taskinstance.py:1359} INFO - 
--------------------------------------------------------------------------------
[2022-05-28 16:10:24,625] {taskinstance.py:1378} INFO - Executing <Task(_PythonDecoratedOperator): login> on 2022-05-28 08:10:22.401295+00:00
[2022-05-28 16:10:24,628] {standard_task_runner.py:52} INFO - Started process 34597 to run task
[2022-05-28 16:10:24,633] {standard_task_runner.py:79} INFO - Running: ['airflow', 'tasks', 'run', 'Gamer_Daily_Request', 'login', 'manual__2022-05-28T08:10:22.401295+00:00', '--job-id', '72', '--raw', '--subdir', 'DAGS_FOLDER/gamer_dag.py', '--cfg-path', '/var/folders/7p/8y53sxp17879s6k6nzygbwgw0000gn/T/tmpthghjamh', '--error-file', '/var/folders/7p/8y53sxp17879s6k6nzygbwgw0000gn/T/tmp3v3eszs0']
[2022-05-28 16:10:24,634] {standard_task_runner.py:80} INFO - Job 72: Subtask login
[2022-05-28 16:10:24,676] {task_command.py:370} INFO - Running <TaskInstance: Gamer_Daily_Request.login manual__2022-05-28T08:10:22.401295+00:00 [running]> on host userdeMacBook-Pro.local
[2022-05-28 16:10:24,716] {taskinstance.py:1570} INFO - Exporting the following env vars:
AIRFLOW_CTX_DAG_EMAIL=b01201008@gmail.com
AIRFLOW_CTX_DAG_OWNER=randy
AIRFLOW_CTX_DAG_ID=Gamer_Daily_Request
AIRFLOW_CTX_TASK_ID=login
AIRFLOW_CTX_EXECUTION_DATE=2022-05-28T08:10:22.401295+00:00
AIRFLOW_CTX_TRY_NUMBER=1
AIRFLOW_CTX_DAG_RUN_ID=manual__2022-05-28T08:10:22.401295+00:00
[2022-05-28 16:10:24,717] {logging_mixin.py:115} INFO - login
[2022-05-28 16:10:32,682] {python.py:173} INFO - Done. Returned value was: None
[2022-05-28 16:10:32,691] {taskinstance.py:1396} INFO - Marking task as SUCCESS. dag_id=Gamer_Daily_Request, task_id=login, execution_date=20220528T081022, start_date=20220528T081024, end_date=20220528T081032
[2022-05-28 16:10:32,712] {local_task_job.py:156} INFO - Task exited with return code 0
[2022-05-28 16:10:32,741] {local_task_job.py:273} INFO - 2 downstream tasks scheduled from follow-on schedule check
