[2022-05-28 11:15:18,377] {processor.py:153} INFO - Started process (PID=93378) to work on /Users/user/.pyenv/versions/3.8.13/lib/python3.8/site-packages/airflow/example_dags/example_branch_operator.py
[2022-05-28 11:15:18,377] {processor.py:641} INFO - Processing file /Users/user/.pyenv/versions/3.8.13/lib/python3.8/site-packages/airflow/example_dags/example_branch_operator.py for tasks to queue
[2022-05-28 11:15:18,378] {logging_mixin.py:115} INFO - [2022-05-28 11:15:18,378] {dagbag.py:507} INFO - Filling up the DagBag from /Users/user/.pyenv/versions/3.8.13/lib/python3.8/site-packages/airflow/example_dags/example_branch_operator.py
[2022-05-28 11:15:18,400] {processor.py:651} INFO - DAG(s) dict_keys(['example_branch_operator']) retrieved from /Users/user/.pyenv/versions/3.8.13/lib/python3.8/site-packages/airflow/example_dags/example_branch_operator.py
[2022-05-28 11:15:19,138] {logging_mixin.py:115} INFO - [2022-05-28 11:15:19,138] {manager.py:508} INFO - Created Permission View: can delete on DAG:example_branch_operator
[2022-05-28 11:15:19,143] {logging_mixin.py:115} INFO - [2022-05-28 11:15:19,143] {manager.py:508} INFO - Created Permission View: can edit on DAG:example_branch_operator
[2022-05-28 11:15:19,147] {logging_mixin.py:115} INFO - [2022-05-28 11:15:19,147] {manager.py:508} INFO - Created Permission View: can read on DAG:example_branch_operator
[2022-05-28 11:15:19,147] {logging_mixin.py:115} INFO - [2022-05-28 11:15:19,147] {dag.py:2379} INFO - Sync 1 DAGs
[2022-05-28 11:15:19,152] {logging_mixin.py:115} INFO - [2022-05-28 11:15:19,152] {dag.py:2398} INFO - Creating ORM DAG for example_branch_operator
[2022-05-28 11:15:19,159] {logging_mixin.py:115} INFO - [2022-05-28 11:15:19,159] {dag.py:2923} INFO - Setting next_dagrun for example_branch_operator to 2022-05-27T00:00:00+00:00, run_after=2022-05-28T00:00:00+00:00
[2022-05-28 11:15:19,168] {processor.py:161} INFO - Processing /Users/user/.pyenv/versions/3.8.13/lib/python3.8/site-packages/airflow/example_dags/example_branch_operator.py took 0.792 seconds
[2022-05-28 11:16:26,735] {processor.py:153} INFO - Started process (PID=93462) to work on /Users/user/.pyenv/versions/3.8.13/lib/python3.8/site-packages/airflow/example_dags/example_branch_operator.py
[2022-05-28 11:16:26,735] {processor.py:641} INFO - Processing file /Users/user/.pyenv/versions/3.8.13/lib/python3.8/site-packages/airflow/example_dags/example_branch_operator.py for tasks to queue
[2022-05-28 11:16:26,735] {logging_mixin.py:115} INFO - [2022-05-28 11:16:26,735] {dagbag.py:507} INFO - Filling up the DagBag from /Users/user/.pyenv/versions/3.8.13/lib/python3.8/site-packages/airflow/example_dags/example_branch_operator.py
[2022-05-28 11:16:26,756] {processor.py:651} INFO - DAG(s) dict_keys(['example_branch_operator']) retrieved from /Users/user/.pyenv/versions/3.8.13/lib/python3.8/site-packages/airflow/example_dags/example_branch_operator.py
[2022-05-28 11:16:26,808] {logging_mixin.py:115} INFO - [2022-05-28 11:16:26,808] {dag.py:2379} INFO - Sync 1 DAGs
[2022-05-28 11:16:26,821] {logging_mixin.py:115} INFO - [2022-05-28 11:16:26,821] {dag.py:2923} INFO - Setting next_dagrun for example_branch_operator to 2022-05-27T00:00:00+00:00, run_after=2022-05-28T00:00:00+00:00
[2022-05-28 11:16:26,835] {processor.py:161} INFO - Processing /Users/user/.pyenv/versions/3.8.13/lib/python3.8/site-packages/airflow/example_dags/example_branch_operator.py took 0.101 seconds
[2022-05-28 11:17:30,515] {processor.py:153} INFO - Started process (PID=93552) to work on /Users/user/.pyenv/versions/3.8.13/lib/python3.8/site-packages/airflow/example_dags/example_branch_operator.py
[2022-05-28 11:17:30,516] {processor.py:641} INFO - Processing file /Users/user/.pyenv/versions/3.8.13/lib/python3.8/site-packages/airflow/example_dags/example_branch_operator.py for tasks to queue
[2022-05-28 11:17:30,516] {logging_mixin.py:115} INFO - [2022-05-28 11:17:30,516] {dagbag.py:507} INFO - Filling up the DagBag from /Users/user/.pyenv/versions/3.8.13/lib/python3.8/site-packages/airflow/example_dags/example_branch_operator.py
[2022-05-28 11:17:30,560] {processor.py:651} INFO - DAG(s) dict_keys(['example_branch_operator']) retrieved from /Users/user/.pyenv/versions/3.8.13/lib/python3.8/site-packages/airflow/example_dags/example_branch_operator.py
[2022-05-28 11:17:30,656] {logging_mixin.py:115} INFO - [2022-05-28 11:17:30,656] {dag.py:2379} INFO - Sync 1 DAGs
[2022-05-28 11:17:30,679] {logging_mixin.py:115} INFO - [2022-05-28 11:17:30,679] {dag.py:2923} INFO - Setting next_dagrun for example_branch_operator to 2022-05-27T00:00:00+00:00, run_after=2022-05-28T00:00:00+00:00
[2022-05-28 11:17:30,698] {processor.py:161} INFO - Processing /Users/user/.pyenv/versions/3.8.13/lib/python3.8/site-packages/airflow/example_dags/example_branch_operator.py took 0.184 seconds
[2022-05-28 11:18:35,658] {processor.py:153} INFO - Started process (PID=94634) to work on /Users/user/.pyenv/versions/3.8.13/lib/python3.8/site-packages/airflow/example_dags/example_branch_operator.py
[2022-05-28 11:18:35,658] {processor.py:641} INFO - Processing file /Users/user/.pyenv/versions/3.8.13/lib/python3.8/site-packages/airflow/example_dags/example_branch_operator.py for tasks to queue
[2022-05-28 11:18:35,658] {logging_mixin.py:115} INFO - [2022-05-28 11:18:35,658] {dagbag.py:507} INFO - Filling up the DagBag from /Users/user/.pyenv/versions/3.8.13/lib/python3.8/site-packages/airflow/example_dags/example_branch_operator.py
[2022-05-28 11:18:35,700] {processor.py:651} INFO - DAG(s) dict_keys(['example_branch_operator']) retrieved from /Users/user/.pyenv/versions/3.8.13/lib/python3.8/site-packages/airflow/example_dags/example_branch_operator.py
[2022-05-28 11:18:35,799] {logging_mixin.py:115} INFO - [2022-05-28 11:18:35,798] {dag.py:2379} INFO - Sync 1 DAGs
[2022-05-28 11:18:35,815] {logging_mixin.py:115} INFO - [2022-05-28 11:18:35,814] {dag.py:2923} INFO - Setting next_dagrun for example_branch_operator to 2022-05-27T00:00:00+00:00, run_after=2022-05-28T00:00:00+00:00
[2022-05-28 11:18:35,825] {processor.py:161} INFO - Processing /Users/user/.pyenv/versions/3.8.13/lib/python3.8/site-packages/airflow/example_dags/example_branch_operator.py took 0.168 seconds
[2022-05-28 11:19:36,213] {processor.py:153} INFO - Started process (PID=94831) to work on /Users/user/.pyenv/versions/3.8.13/lib/python3.8/site-packages/airflow/example_dags/example_branch_operator.py
[2022-05-28 11:19:36,213] {processor.py:641} INFO - Processing file /Users/user/.pyenv/versions/3.8.13/lib/python3.8/site-packages/airflow/example_dags/example_branch_operator.py for tasks to queue
[2022-05-28 11:19:36,213] {logging_mixin.py:115} INFO - [2022-05-28 11:19:36,213] {dagbag.py:507} INFO - Filling up the DagBag from /Users/user/.pyenv/versions/3.8.13/lib/python3.8/site-packages/airflow/example_dags/example_branch_operator.py
[2022-05-28 11:19:36,237] {processor.py:651} INFO - DAG(s) dict_keys(['example_branch_operator']) retrieved from /Users/user/.pyenv/versions/3.8.13/lib/python3.8/site-packages/airflow/example_dags/example_branch_operator.py
[2022-05-28 11:19:36,291] {logging_mixin.py:115} INFO - [2022-05-28 11:19:36,291] {dag.py:2379} INFO - Sync 1 DAGs
[2022-05-28 11:19:36,303] {logging_mixin.py:115} INFO - [2022-05-28 11:19:36,303] {dag.py:2923} INFO - Setting next_dagrun for example_branch_operator to 2022-05-27T00:00:00+00:00, run_after=2022-05-28T00:00:00+00:00
[2022-05-28 11:19:36,312] {processor.py:161} INFO - Processing /Users/user/.pyenv/versions/3.8.13/lib/python3.8/site-packages/airflow/example_dags/example_branch_operator.py took 0.099 seconds
[2022-05-28 11:20:37,649] {processor.py:153} INFO - Started process (PID=95466) to work on /Users/user/.pyenv/versions/3.8.13/lib/python3.8/site-packages/airflow/example_dags/example_branch_operator.py
[2022-05-28 11:20:37,649] {processor.py:641} INFO - Processing file /Users/user/.pyenv/versions/3.8.13/lib/python3.8/site-packages/airflow/example_dags/example_branch_operator.py for tasks to queue
[2022-05-28 11:20:37,649] {logging_mixin.py:115} INFO - [2022-05-28 11:20:37,649] {dagbag.py:507} INFO - Filling up the DagBag from /Users/user/.pyenv/versions/3.8.13/lib/python3.8/site-packages/airflow/example_dags/example_branch_operator.py
[2022-05-28 11:20:37,669] {processor.py:651} INFO - DAG(s) dict_keys(['example_branch_operator']) retrieved from /Users/user/.pyenv/versions/3.8.13/lib/python3.8/site-packages/airflow/example_dags/example_branch_operator.py
[2022-05-28 11:20:37,714] {logging_mixin.py:115} INFO - [2022-05-28 11:20:37,714] {dag.py:2379} INFO - Sync 1 DAGs
[2022-05-28 11:20:37,725] {logging_mixin.py:115} INFO - [2022-05-28 11:20:37,725] {dag.py:2923} INFO - Setting next_dagrun for example_branch_operator to 2022-05-27T00:00:00+00:00, run_after=2022-05-28T00:00:00+00:00
[2022-05-28 11:20:37,733] {processor.py:161} INFO - Processing /Users/user/.pyenv/versions/3.8.13/lib/python3.8/site-packages/airflow/example_dags/example_branch_operator.py took 0.084 seconds
[2022-05-28 11:21:44,085] {processor.py:153} INFO - Started process (PID=95539) to work on /Users/user/.pyenv/versions/3.8.13/lib/python3.8/site-packages/airflow/example_dags/example_branch_operator.py
[2022-05-28 11:21:44,086] {processor.py:641} INFO - Processing file /Users/user/.pyenv/versions/3.8.13/lib/python3.8/site-packages/airflow/example_dags/example_branch_operator.py for tasks to queue
[2022-05-28 11:21:44,087] {logging_mixin.py:115} INFO - [2022-05-28 11:21:44,087] {dagbag.py:507} INFO - Filling up the DagBag from /Users/user/.pyenv/versions/3.8.13/lib/python3.8/site-packages/airflow/example_dags/example_branch_operator.py
[2022-05-28 11:21:44,118] {processor.py:651} INFO - DAG(s) dict_keys(['example_branch_operator']) retrieved from /Users/user/.pyenv/versions/3.8.13/lib/python3.8/site-packages/airflow/example_dags/example_branch_operator.py
[2022-05-28 11:21:44,690] {logging_mixin.py:115} INFO - [2022-05-28 11:21:44,690] {dag.py:2379} INFO - Sync 1 DAGs
[2022-05-28 11:21:44,698] {logging_mixin.py:115} INFO - [2022-05-28 11:21:44,698] {dag.py:2398} INFO - Creating ORM DAG for example_branch_operator
[2022-05-28 11:21:44,709] {logging_mixin.py:115} INFO - [2022-05-28 11:21:44,709] {dag.py:2923} INFO - Setting next_dagrun for example_branch_operator to 2022-05-27T00:00:00+00:00, run_after=2022-05-28T00:00:00+00:00
[2022-05-28 11:21:44,722] {processor.py:161} INFO - Processing /Users/user/.pyenv/versions/3.8.13/lib/python3.8/site-packages/airflow/example_dags/example_branch_operator.py took 0.638 seconds
[2022-05-28 11:23:02,997] {processor.py:153} INFO - Started process (PID=95612) to work on /Users/user/.pyenv/versions/3.8.13/lib/python3.8/site-packages/airflow/example_dags/example_branch_operator.py
[2022-05-28 11:23:02,998] {processor.py:641} INFO - Processing file /Users/user/.pyenv/versions/3.8.13/lib/python3.8/site-packages/airflow/example_dags/example_branch_operator.py for tasks to queue
[2022-05-28 11:23:02,998] {logging_mixin.py:115} INFO - [2022-05-28 11:23:02,998] {dagbag.py:507} INFO - Filling up the DagBag from /Users/user/.pyenv/versions/3.8.13/lib/python3.8/site-packages/airflow/example_dags/example_branch_operator.py
[2022-05-28 11:23:03,024] {processor.py:651} INFO - DAG(s) dict_keys(['example_branch_operator']) retrieved from /Users/user/.pyenv/versions/3.8.13/lib/python3.8/site-packages/airflow/example_dags/example_branch_operator.py
[2022-05-28 11:23:03,517] {logging_mixin.py:115} INFO - [2022-05-28 11:23:03,517] {dag.py:2379} INFO - Sync 1 DAGs
[2022-05-28 11:23:03,522] {logging_mixin.py:115} INFO - [2022-05-28 11:23:03,522] {dag.py:2398} INFO - Creating ORM DAG for example_branch_operator
[2022-05-28 11:23:03,530] {logging_mixin.py:115} INFO - [2022-05-28 11:23:03,530] {dag.py:2923} INFO - Setting next_dagrun for example_branch_operator to 2022-05-27T00:00:00+00:00, run_after=2022-05-28T00:00:00+00:00
[2022-05-28 11:23:03,539] {processor.py:161} INFO - Processing /Users/user/.pyenv/versions/3.8.13/lib/python3.8/site-packages/airflow/example_dags/example_branch_operator.py took 0.543 seconds
