[2022-05-28 11:15:15,659] {processor.py:153} INFO - Started process (PID=93376) to work on /Users/user/.pyenv/versions/3.8.13/lib/python3.8/site-packages/airflow/example_dags/example_branch_operator_decorator.py
[2022-05-28 11:15:15,660] {processor.py:641} INFO - Processing file /Users/user/.pyenv/versions/3.8.13/lib/python3.8/site-packages/airflow/example_dags/example_branch_operator_decorator.py for tasks to queue
[2022-05-28 11:15:15,660] {logging_mixin.py:115} INFO - [2022-05-28 11:15:15,660] {dagbag.py:507} INFO - Filling up the DagBag from /Users/user/.pyenv/versions/3.8.13/lib/python3.8/site-packages/airflow/example_dags/example_branch_operator_decorator.py
[2022-05-28 11:15:15,705] {processor.py:651} INFO - DAG(s) dict_keys(['example_branch_python_operator_decorator']) retrieved from /Users/user/.pyenv/versions/3.8.13/lib/python3.8/site-packages/airflow/example_dags/example_branch_operator_decorator.py
[2022-05-28 11:15:16,434] {logging_mixin.py:115} INFO - [2022-05-28 11:15:16,434] {manager.py:508} INFO - Created Permission View: can read on DAG:example_branch_python_operator_decorator
[2022-05-28 11:15:16,439] {logging_mixin.py:115} INFO - [2022-05-28 11:15:16,439] {manager.py:508} INFO - Created Permission View: can delete on DAG:example_branch_python_operator_decorator
[2022-05-28 11:15:16,443] {logging_mixin.py:115} INFO - [2022-05-28 11:15:16,443] {manager.py:508} INFO - Created Permission View: can edit on DAG:example_branch_python_operator_decorator
[2022-05-28 11:15:16,443] {logging_mixin.py:115} INFO - [2022-05-28 11:15:16,443] {dag.py:2379} INFO - Sync 1 DAGs
[2022-05-28 11:15:16,448] {logging_mixin.py:115} INFO - [2022-05-28 11:15:16,448] {dag.py:2398} INFO - Creating ORM DAG for example_branch_python_operator_decorator
[2022-05-28 11:15:16,455] {logging_mixin.py:115} INFO - [2022-05-28 11:15:16,455] {dag.py:2923} INFO - Setting next_dagrun for example_branch_python_operator_decorator to 2022-05-27T00:00:00+00:00, run_after=2022-05-28T00:00:00+00:00
[2022-05-28 11:15:16,465] {processor.py:161} INFO - Processing /Users/user/.pyenv/versions/3.8.13/lib/python3.8/site-packages/airflow/example_dags/example_branch_operator_decorator.py took 0.806 seconds
[2022-05-28 11:16:24,920] {processor.py:153} INFO - Started process (PID=93459) to work on /Users/user/.pyenv/versions/3.8.13/lib/python3.8/site-packages/airflow/example_dags/example_branch_operator_decorator.py
[2022-05-28 11:16:24,920] {processor.py:641} INFO - Processing file /Users/user/.pyenv/versions/3.8.13/lib/python3.8/site-packages/airflow/example_dags/example_branch_operator_decorator.py for tasks to queue
[2022-05-28 11:16:24,920] {logging_mixin.py:115} INFO - [2022-05-28 11:16:24,920] {dagbag.py:507} INFO - Filling up the DagBag from /Users/user/.pyenv/versions/3.8.13/lib/python3.8/site-packages/airflow/example_dags/example_branch_operator_decorator.py
[2022-05-28 11:16:24,947] {processor.py:651} INFO - DAG(s) dict_keys(['example_branch_python_operator_decorator']) retrieved from /Users/user/.pyenv/versions/3.8.13/lib/python3.8/site-packages/airflow/example_dags/example_branch_operator_decorator.py
[2022-05-28 11:16:25,001] {logging_mixin.py:115} INFO - [2022-05-28 11:16:25,001] {dag.py:2379} INFO - Sync 1 DAGs
[2022-05-28 11:16:25,015] {logging_mixin.py:115} INFO - [2022-05-28 11:16:25,015] {dag.py:2923} INFO - Setting next_dagrun for example_branch_python_operator_decorator to 2022-05-27T00:00:00+00:00, run_after=2022-05-28T00:00:00+00:00
[2022-05-28 11:16:25,023] {processor.py:161} INFO - Processing /Users/user/.pyenv/versions/3.8.13/lib/python3.8/site-packages/airflow/example_dags/example_branch_operator_decorator.py took 0.104 seconds
[2022-05-28 11:17:28,539] {processor.py:153} INFO - Started process (PID=93550) to work on /Users/user/.pyenv/versions/3.8.13/lib/python3.8/site-packages/airflow/example_dags/example_branch_operator_decorator.py
[2022-05-28 11:17:28,539] {processor.py:641} INFO - Processing file /Users/user/.pyenv/versions/3.8.13/lib/python3.8/site-packages/airflow/example_dags/example_branch_operator_decorator.py for tasks to queue
[2022-05-28 11:17:28,540] {logging_mixin.py:115} INFO - [2022-05-28 11:17:28,540] {dagbag.py:507} INFO - Filling up the DagBag from /Users/user/.pyenv/versions/3.8.13/lib/python3.8/site-packages/airflow/example_dags/example_branch_operator_decorator.py
[2022-05-28 11:17:28,573] {processor.py:651} INFO - DAG(s) dict_keys(['example_branch_python_operator_decorator']) retrieved from /Users/user/.pyenv/versions/3.8.13/lib/python3.8/site-packages/airflow/example_dags/example_branch_operator_decorator.py
[2022-05-28 11:17:28,631] {logging_mixin.py:115} INFO - [2022-05-28 11:17:28,631] {dag.py:2379} INFO - Sync 1 DAGs
[2022-05-28 11:17:28,645] {logging_mixin.py:115} INFO - [2022-05-28 11:17:28,644] {dag.py:2923} INFO - Setting next_dagrun for example_branch_python_operator_decorator to 2022-05-27T00:00:00+00:00, run_after=2022-05-28T00:00:00+00:00
[2022-05-28 11:17:28,652] {processor.py:161} INFO - Processing /Users/user/.pyenv/versions/3.8.13/lib/python3.8/site-packages/airflow/example_dags/example_branch_operator_decorator.py took 0.113 seconds
[2022-05-28 11:18:33,638] {processor.py:153} INFO - Started process (PID=94192) to work on /Users/user/.pyenv/versions/3.8.13/lib/python3.8/site-packages/airflow/example_dags/example_branch_operator_decorator.py
[2022-05-28 11:18:33,639] {processor.py:641} INFO - Processing file /Users/user/.pyenv/versions/3.8.13/lib/python3.8/site-packages/airflow/example_dags/example_branch_operator_decorator.py for tasks to queue
[2022-05-28 11:18:33,639] {logging_mixin.py:115} INFO - [2022-05-28 11:18:33,639] {dagbag.py:507} INFO - Filling up the DagBag from /Users/user/.pyenv/versions/3.8.13/lib/python3.8/site-packages/airflow/example_dags/example_branch_operator_decorator.py
[2022-05-28 11:18:33,672] {processor.py:651} INFO - DAG(s) dict_keys(['example_branch_python_operator_decorator']) retrieved from /Users/user/.pyenv/versions/3.8.13/lib/python3.8/site-packages/airflow/example_dags/example_branch_operator_decorator.py
[2022-05-28 11:18:33,738] {logging_mixin.py:115} INFO - [2022-05-28 11:18:33,738] {dag.py:2379} INFO - Sync 1 DAGs
[2022-05-28 11:18:33,755] {logging_mixin.py:115} INFO - [2022-05-28 11:18:33,755] {dag.py:2923} INFO - Setting next_dagrun for example_branch_python_operator_decorator to 2022-05-27T00:00:00+00:00, run_after=2022-05-28T00:00:00+00:00
[2022-05-28 11:18:33,768] {processor.py:161} INFO - Processing /Users/user/.pyenv/versions/3.8.13/lib/python3.8/site-packages/airflow/example_dags/example_branch_operator_decorator.py took 0.131 seconds
[2022-05-28 11:19:34,779] {processor.py:153} INFO - Started process (PID=94829) to work on /Users/user/.pyenv/versions/3.8.13/lib/python3.8/site-packages/airflow/example_dags/example_branch_operator_decorator.py
[2022-05-28 11:19:34,779] {processor.py:641} INFO - Processing file /Users/user/.pyenv/versions/3.8.13/lib/python3.8/site-packages/airflow/example_dags/example_branch_operator_decorator.py for tasks to queue
[2022-05-28 11:19:34,779] {logging_mixin.py:115} INFO - [2022-05-28 11:19:34,779] {dagbag.py:507} INFO - Filling up the DagBag from /Users/user/.pyenv/versions/3.8.13/lib/python3.8/site-packages/airflow/example_dags/example_branch_operator_decorator.py
[2022-05-28 11:19:34,802] {processor.py:651} INFO - DAG(s) dict_keys(['example_branch_python_operator_decorator']) retrieved from /Users/user/.pyenv/versions/3.8.13/lib/python3.8/site-packages/airflow/example_dags/example_branch_operator_decorator.py
[2022-05-28 11:19:34,853] {logging_mixin.py:115} INFO - [2022-05-28 11:19:34,852] {dag.py:2379} INFO - Sync 1 DAGs
[2022-05-28 11:19:34,865] {logging_mixin.py:115} INFO - [2022-05-28 11:19:34,865] {dag.py:2923} INFO - Setting next_dagrun for example_branch_python_operator_decorator to 2022-05-27T00:00:00+00:00, run_after=2022-05-28T00:00:00+00:00
[2022-05-28 11:19:34,873] {processor.py:161} INFO - Processing /Users/user/.pyenv/versions/3.8.13/lib/python3.8/site-packages/airflow/example_dags/example_branch_operator_decorator.py took 0.095 seconds
[2022-05-28 11:20:36,901] {processor.py:153} INFO - Started process (PID=95464) to work on /Users/user/.pyenv/versions/3.8.13/lib/python3.8/site-packages/airflow/example_dags/example_branch_operator_decorator.py
[2022-05-28 11:20:36,901] {processor.py:641} INFO - Processing file /Users/user/.pyenv/versions/3.8.13/lib/python3.8/site-packages/airflow/example_dags/example_branch_operator_decorator.py for tasks to queue
[2022-05-28 11:20:36,901] {logging_mixin.py:115} INFO - [2022-05-28 11:20:36,901] {dagbag.py:507} INFO - Filling up the DagBag from /Users/user/.pyenv/versions/3.8.13/lib/python3.8/site-packages/airflow/example_dags/example_branch_operator_decorator.py
[2022-05-28 11:20:36,924] {processor.py:651} INFO - DAG(s) dict_keys(['example_branch_python_operator_decorator']) retrieved from /Users/user/.pyenv/versions/3.8.13/lib/python3.8/site-packages/airflow/example_dags/example_branch_operator_decorator.py
[2022-05-28 11:20:36,973] {logging_mixin.py:115} INFO - [2022-05-28 11:20:36,973] {dag.py:2379} INFO - Sync 1 DAGs
[2022-05-28 11:20:36,984] {logging_mixin.py:115} INFO - [2022-05-28 11:20:36,984] {dag.py:2923} INFO - Setting next_dagrun for example_branch_python_operator_decorator to 2022-05-27T00:00:00+00:00, run_after=2022-05-28T00:00:00+00:00
[2022-05-28 11:20:36,992] {processor.py:161} INFO - Processing /Users/user/.pyenv/versions/3.8.13/lib/python3.8/site-packages/airflow/example_dags/example_branch_operator_decorator.py took 0.092 seconds
[2022-05-28 11:21:41,437] {processor.py:153} INFO - Started process (PID=95537) to work on /Users/user/.pyenv/versions/3.8.13/lib/python3.8/site-packages/airflow/example_dags/example_branch_operator_decorator.py
[2022-05-28 11:21:41,438] {processor.py:641} INFO - Processing file /Users/user/.pyenv/versions/3.8.13/lib/python3.8/site-packages/airflow/example_dags/example_branch_operator_decorator.py for tasks to queue
[2022-05-28 11:21:41,439] {logging_mixin.py:115} INFO - [2022-05-28 11:21:41,438] {dagbag.py:507} INFO - Filling up the DagBag from /Users/user/.pyenv/versions/3.8.13/lib/python3.8/site-packages/airflow/example_dags/example_branch_operator_decorator.py
[2022-05-28 11:21:41,481] {processor.py:651} INFO - DAG(s) dict_keys(['example_branch_python_operator_decorator']) retrieved from /Users/user/.pyenv/versions/3.8.13/lib/python3.8/site-packages/airflow/example_dags/example_branch_operator_decorator.py
[2022-05-28 11:21:42,121] {logging_mixin.py:115} INFO - [2022-05-28 11:21:42,120] {dag.py:2379} INFO - Sync 1 DAGs
[2022-05-28 11:21:42,134] {logging_mixin.py:115} INFO - [2022-05-28 11:21:42,133] {dag.py:2398} INFO - Creating ORM DAG for example_branch_python_operator_decorator
[2022-05-28 11:21:42,185] {logging_mixin.py:115} INFO - [2022-05-28 11:21:42,185] {dag.py:2923} INFO - Setting next_dagrun for example_branch_python_operator_decorator to 2022-05-27T00:00:00+00:00, run_after=2022-05-28T00:00:00+00:00
[2022-05-28 11:21:42,204] {processor.py:161} INFO - Processing /Users/user/.pyenv/versions/3.8.13/lib/python3.8/site-packages/airflow/example_dags/example_branch_operator_decorator.py took 0.768 seconds
[2022-05-28 11:23:01,414] {processor.py:153} INFO - Started process (PID=95610) to work on /Users/user/.pyenv/versions/3.8.13/lib/python3.8/site-packages/airflow/example_dags/example_branch_operator_decorator.py
[2022-05-28 11:23:01,415] {processor.py:641} INFO - Processing file /Users/user/.pyenv/versions/3.8.13/lib/python3.8/site-packages/airflow/example_dags/example_branch_operator_decorator.py for tasks to queue
[2022-05-28 11:23:01,415] {logging_mixin.py:115} INFO - [2022-05-28 11:23:01,415] {dagbag.py:507} INFO - Filling up the DagBag from /Users/user/.pyenv/versions/3.8.13/lib/python3.8/site-packages/airflow/example_dags/example_branch_operator_decorator.py
[2022-05-28 11:23:01,442] {processor.py:651} INFO - DAG(s) dict_keys(['example_branch_python_operator_decorator']) retrieved from /Users/user/.pyenv/versions/3.8.13/lib/python3.8/site-packages/airflow/example_dags/example_branch_operator_decorator.py
[2022-05-28 11:23:01,910] {logging_mixin.py:115} INFO - [2022-05-28 11:23:01,910] {dag.py:2379} INFO - Sync 1 DAGs
[2022-05-28 11:23:01,915] {logging_mixin.py:115} INFO - [2022-05-28 11:23:01,915] {dag.py:2398} INFO - Creating ORM DAG for example_branch_python_operator_decorator
[2022-05-28 11:23:01,922] {logging_mixin.py:115} INFO - [2022-05-28 11:23:01,921] {dag.py:2923} INFO - Setting next_dagrun for example_branch_python_operator_decorator to 2022-05-27T00:00:00+00:00, run_after=2022-05-28T00:00:00+00:00
[2022-05-28 11:23:01,932] {processor.py:161} INFO - Processing /Users/user/.pyenv/versions/3.8.13/lib/python3.8/site-packages/airflow/example_dags/example_branch_operator_decorator.py took 0.518 seconds
