[2022-05-28 11:14:19,714] {processor.py:153} INFO - Started process (PID=93317) to work on /Users/user/.pyenv/versions/3.8.13/lib/python3.8/site-packages/airflow/example_dags/example_xcomargs.py
[2022-05-28 11:14:19,714] {processor.py:641} INFO - Processing file /Users/user/.pyenv/versions/3.8.13/lib/python3.8/site-packages/airflow/example_dags/example_xcomargs.py for tasks to queue
[2022-05-28 11:14:19,715] {logging_mixin.py:115} INFO - [2022-05-28 11:14:19,715] {dagbag.py:507} INFO - Filling up the DagBag from /Users/user/.pyenv/versions/3.8.13/lib/python3.8/site-packages/airflow/example_dags/example_xcomargs.py
[2022-05-28 11:14:19,744] {processor.py:651} INFO - DAG(s) dict_keys(['example_xcom_args', 'example_xcom_args_with_operators']) retrieved from /Users/user/.pyenv/versions/3.8.13/lib/python3.8/site-packages/airflow/example_dags/example_xcomargs.py
[2022-05-28 11:14:20,523] {logging_mixin.py:115} INFO - [2022-05-28 11:14:20,523] {manager.py:508} INFO - Created Permission View: can read on DAG:example_xcom_args
[2022-05-28 11:14:20,529] {logging_mixin.py:115} INFO - [2022-05-28 11:14:20,529] {manager.py:508} INFO - Created Permission View: can edit on DAG:example_xcom_args
[2022-05-28 11:14:20,534] {logging_mixin.py:115} INFO - [2022-05-28 11:14:20,534] {manager.py:508} INFO - Created Permission View: can delete on DAG:example_xcom_args
[2022-05-28 11:14:20,544] {logging_mixin.py:115} INFO - [2022-05-28 11:14:20,544] {manager.py:508} INFO - Created Permission View: can read on DAG:example_xcom_args_with_operators
[2022-05-28 11:14:20,549] {logging_mixin.py:115} INFO - [2022-05-28 11:14:20,549] {manager.py:508} INFO - Created Permission View: can edit on DAG:example_xcom_args_with_operators
[2022-05-28 11:14:20,553] {logging_mixin.py:115} INFO - [2022-05-28 11:14:20,553] {manager.py:508} INFO - Created Permission View: can delete on DAG:example_xcom_args_with_operators
[2022-05-28 11:14:20,553] {logging_mixin.py:115} INFO - [2022-05-28 11:14:20,553] {dag.py:2379} INFO - Sync 2 DAGs
[2022-05-28 11:14:20,559] {logging_mixin.py:115} INFO - [2022-05-28 11:14:20,559] {dag.py:2398} INFO - Creating ORM DAG for example_xcom_args_with_operators
[2022-05-28 11:14:20,559] {logging_mixin.py:115} INFO - [2022-05-28 11:14:20,559] {dag.py:2398} INFO - Creating ORM DAG for example_xcom_args
[2022-05-28 11:14:20,565] {logging_mixin.py:115} INFO - [2022-05-28 11:14:20,565] {dag.py:2923} INFO - Setting next_dagrun for example_xcom_args to None, run_after=None
[2022-05-28 11:14:20,565] {logging_mixin.py:115} INFO - [2022-05-28 11:14:20,565] {dag.py:2923} INFO - Setting next_dagrun for example_xcom_args_with_operators to None, run_after=None
[2022-05-28 11:14:20,576] {processor.py:161} INFO - Processing /Users/user/.pyenv/versions/3.8.13/lib/python3.8/site-packages/airflow/example_dags/example_xcomargs.py took 0.863 seconds
[2022-05-28 11:15:45,752] {processor.py:153} INFO - Started process (PID=93405) to work on /Users/user/.pyenv/versions/3.8.13/lib/python3.8/site-packages/airflow/example_dags/example_xcomargs.py
[2022-05-28 11:15:45,753] {processor.py:641} INFO - Processing file /Users/user/.pyenv/versions/3.8.13/lib/python3.8/site-packages/airflow/example_dags/example_xcomargs.py for tasks to queue
[2022-05-28 11:15:45,753] {logging_mixin.py:115} INFO - [2022-05-28 11:15:45,753] {dagbag.py:507} INFO - Filling up the DagBag from /Users/user/.pyenv/versions/3.8.13/lib/python3.8/site-packages/airflow/example_dags/example_xcomargs.py
[2022-05-28 11:15:45,782] {processor.py:651} INFO - DAG(s) dict_keys(['example_xcom_args', 'example_xcom_args_with_operators']) retrieved from /Users/user/.pyenv/versions/3.8.13/lib/python3.8/site-packages/airflow/example_dags/example_xcomargs.py
[2022-05-28 11:15:46,269] {logging_mixin.py:115} INFO - [2022-05-28 11:15:46,269] {dag.py:2379} INFO - Sync 2 DAGs
[2022-05-28 11:15:46,279] {logging_mixin.py:115} INFO - [2022-05-28 11:15:46,279] {dag.py:2923} INFO - Setting next_dagrun for example_xcom_args to None, run_after=None
[2022-05-28 11:15:46,280] {logging_mixin.py:115} INFO - [2022-05-28 11:15:46,280] {dag.py:2923} INFO - Setting next_dagrun for example_xcom_args_with_operators to None, run_after=None
[2022-05-28 11:15:46,291] {processor.py:161} INFO - Processing /Users/user/.pyenv/versions/3.8.13/lib/python3.8/site-packages/airflow/example_dags/example_xcomargs.py took 0.539 seconds
[2022-05-28 11:16:48,309] {processor.py:153} INFO - Started process (PID=93487) to work on /Users/user/.pyenv/versions/3.8.13/lib/python3.8/site-packages/airflow/example_dags/example_xcomargs.py
[2022-05-28 11:16:48,309] {processor.py:641} INFO - Processing file /Users/user/.pyenv/versions/3.8.13/lib/python3.8/site-packages/airflow/example_dags/example_xcomargs.py for tasks to queue
[2022-05-28 11:16:48,310] {logging_mixin.py:115} INFO - [2022-05-28 11:16:48,310] {dagbag.py:507} INFO - Filling up the DagBag from /Users/user/.pyenv/versions/3.8.13/lib/python3.8/site-packages/airflow/example_dags/example_xcomargs.py
[2022-05-28 11:16:48,355] {processor.py:651} INFO - DAG(s) dict_keys(['example_xcom_args', 'example_xcom_args_with_operators']) retrieved from /Users/user/.pyenv/versions/3.8.13/lib/python3.8/site-packages/airflow/example_dags/example_xcomargs.py
[2022-05-28 11:16:49,084] {logging_mixin.py:115} INFO - [2022-05-28 11:16:49,084] {dag.py:2379} INFO - Sync 2 DAGs
[2022-05-28 11:16:49,114] {logging_mixin.py:115} INFO - [2022-05-28 11:16:49,114] {dag.py:2923} INFO - Setting next_dagrun for example_xcom_args to None, run_after=None
[2022-05-28 11:16:49,115] {logging_mixin.py:115} INFO - [2022-05-28 11:16:49,114] {dag.py:2923} INFO - Setting next_dagrun for example_xcom_args_with_operators to None, run_after=None
[2022-05-28 11:16:49,134] {processor.py:161} INFO - Processing /Users/user/.pyenv/versions/3.8.13/lib/python3.8/site-packages/airflow/example_dags/example_xcomargs.py took 0.826 seconds
[2022-05-28 11:17:53,950] {processor.py:153} INFO - Started process (PID=94136) to work on /Users/user/.pyenv/versions/3.8.13/lib/python3.8/site-packages/airflow/example_dags/example_xcomargs.py
[2022-05-28 11:17:53,951] {processor.py:641} INFO - Processing file /Users/user/.pyenv/versions/3.8.13/lib/python3.8/site-packages/airflow/example_dags/example_xcomargs.py for tasks to queue
[2022-05-28 11:17:53,951] {logging_mixin.py:115} INFO - [2022-05-28 11:17:53,951] {dagbag.py:507} INFO - Filling up the DagBag from /Users/user/.pyenv/versions/3.8.13/lib/python3.8/site-packages/airflow/example_dags/example_xcomargs.py
[2022-05-28 11:17:53,981] {processor.py:651} INFO - DAG(s) dict_keys(['example_xcom_args', 'example_xcom_args_with_operators']) retrieved from /Users/user/.pyenv/versions/3.8.13/lib/python3.8/site-packages/airflow/example_dags/example_xcomargs.py
[2022-05-28 11:17:54,708] {logging_mixin.py:115} INFO - [2022-05-28 11:17:54,708] {dag.py:2379} INFO - Sync 2 DAGs
[2022-05-28 11:17:54,728] {logging_mixin.py:115} INFO - [2022-05-28 11:17:54,728] {dag.py:2923} INFO - Setting next_dagrun for example_xcom_args to None, run_after=None
[2022-05-28 11:17:54,728] {logging_mixin.py:115} INFO - [2022-05-28 11:17:54,728] {dag.py:2923} INFO - Setting next_dagrun for example_xcom_args_with_operators to None, run_after=None
[2022-05-28 11:17:54,743] {processor.py:161} INFO - Processing /Users/user/.pyenv/versions/3.8.13/lib/python3.8/site-packages/airflow/example_dags/example_xcomargs.py took 0.794 seconds
[2022-05-28 11:18:56,263] {processor.py:153} INFO - Started process (PID=94782) to work on /Users/user/.pyenv/versions/3.8.13/lib/python3.8/site-packages/airflow/example_dags/example_xcomargs.py
[2022-05-28 11:18:56,264] {processor.py:641} INFO - Processing file /Users/user/.pyenv/versions/3.8.13/lib/python3.8/site-packages/airflow/example_dags/example_xcomargs.py for tasks to queue
[2022-05-28 11:18:56,264] {logging_mixin.py:115} INFO - [2022-05-28 11:18:56,264] {dagbag.py:507} INFO - Filling up the DagBag from /Users/user/.pyenv/versions/3.8.13/lib/python3.8/site-packages/airflow/example_dags/example_xcomargs.py
[2022-05-28 11:18:56,291] {processor.py:651} INFO - DAG(s) dict_keys(['example_xcom_args', 'example_xcom_args_with_operators']) retrieved from /Users/user/.pyenv/versions/3.8.13/lib/python3.8/site-packages/airflow/example_dags/example_xcomargs.py
[2022-05-28 11:18:56,845] {logging_mixin.py:115} INFO - [2022-05-28 11:18:56,845] {dag.py:2379} INFO - Sync 2 DAGs
[2022-05-28 11:18:56,865] {logging_mixin.py:115} INFO - [2022-05-28 11:18:56,865] {dag.py:2923} INFO - Setting next_dagrun for example_xcom_args to None, run_after=None
[2022-05-28 11:18:56,866] {logging_mixin.py:115} INFO - [2022-05-28 11:18:56,866] {dag.py:2923} INFO - Setting next_dagrun for example_xcom_args_with_operators to None, run_after=None
[2022-05-28 11:18:56,880] {processor.py:161} INFO - Processing /Users/user/.pyenv/versions/3.8.13/lib/python3.8/site-packages/airflow/example_dags/example_xcomargs.py took 0.618 seconds
[2022-05-28 11:19:57,290] {processor.py:153} INFO - Started process (PID=95418) to work on /Users/user/.pyenv/versions/3.8.13/lib/python3.8/site-packages/airflow/example_dags/example_xcomargs.py
[2022-05-28 11:19:57,290] {processor.py:641} INFO - Processing file /Users/user/.pyenv/versions/3.8.13/lib/python3.8/site-packages/airflow/example_dags/example_xcomargs.py for tasks to queue
[2022-05-28 11:19:57,291] {logging_mixin.py:115} INFO - [2022-05-28 11:19:57,291] {dagbag.py:507} INFO - Filling up the DagBag from /Users/user/.pyenv/versions/3.8.13/lib/python3.8/site-packages/airflow/example_dags/example_xcomargs.py
[2022-05-28 11:19:57,318] {processor.py:651} INFO - DAG(s) dict_keys(['example_xcom_args', 'example_xcom_args_with_operators']) retrieved from /Users/user/.pyenv/versions/3.8.13/lib/python3.8/site-packages/airflow/example_dags/example_xcomargs.py
[2022-05-28 11:19:57,871] {logging_mixin.py:115} INFO - [2022-05-28 11:19:57,871] {dag.py:2379} INFO - Sync 2 DAGs
[2022-05-28 11:19:57,889] {logging_mixin.py:115} INFO - [2022-05-28 11:19:57,889] {dag.py:2923} INFO - Setting next_dagrun for example_xcom_args to None, run_after=None
[2022-05-28 11:19:57,889] {logging_mixin.py:115} INFO - [2022-05-28 11:19:57,889] {dag.py:2923} INFO - Setting next_dagrun for example_xcom_args_with_operators to None, run_after=None
[2022-05-28 11:19:57,903] {processor.py:161} INFO - Processing /Users/user/.pyenv/versions/3.8.13/lib/python3.8/site-packages/airflow/example_dags/example_xcomargs.py took 0.613 seconds
[2022-05-28 11:20:58,170] {processor.py:153} INFO - Started process (PID=95490) to work on /Users/user/.pyenv/versions/3.8.13/lib/python3.8/site-packages/airflow/example_dags/example_xcomargs.py
[2022-05-28 11:20:58,170] {processor.py:641} INFO - Processing file /Users/user/.pyenv/versions/3.8.13/lib/python3.8/site-packages/airflow/example_dags/example_xcomargs.py for tasks to queue
[2022-05-28 11:20:58,170] {logging_mixin.py:115} INFO - [2022-05-28 11:20:58,170] {dagbag.py:507} INFO - Filling up the DagBag from /Users/user/.pyenv/versions/3.8.13/lib/python3.8/site-packages/airflow/example_dags/example_xcomargs.py
[2022-05-28 11:20:58,196] {processor.py:651} INFO - DAG(s) dict_keys(['example_xcom_args', 'example_xcom_args_with_operators']) retrieved from /Users/user/.pyenv/versions/3.8.13/lib/python3.8/site-packages/airflow/example_dags/example_xcomargs.py
[2022-05-28 11:20:58,699] {logging_mixin.py:115} INFO - [2022-05-28 11:20:58,699] {dag.py:2379} INFO - Sync 2 DAGs
[2022-05-28 11:20:58,718] {logging_mixin.py:115} INFO - [2022-05-28 11:20:58,718] {dag.py:2923} INFO - Setting next_dagrun for example_xcom_args to None, run_after=None
[2022-05-28 11:20:58,719] {logging_mixin.py:115} INFO - [2022-05-28 11:20:58,719] {dag.py:2923} INFO - Setting next_dagrun for example_xcom_args_with_operators to None, run_after=None
[2022-05-28 11:20:58,733] {processor.py:161} INFO - Processing /Users/user/.pyenv/versions/3.8.13/lib/python3.8/site-packages/airflow/example_dags/example_xcomargs.py took 0.564 seconds
[2022-05-28 11:22:10,003] {processor.py:153} INFO - Started process (PID=95563) to work on /Users/user/.pyenv/versions/3.8.13/lib/python3.8/site-packages/airflow/example_dags/example_xcomargs.py
[2022-05-28 11:22:10,004] {processor.py:641} INFO - Processing file /Users/user/.pyenv/versions/3.8.13/lib/python3.8/site-packages/airflow/example_dags/example_xcomargs.py for tasks to queue
[2022-05-28 11:22:10,004] {logging_mixin.py:115} INFO - [2022-05-28 11:22:10,004] {dagbag.py:507} INFO - Filling up the DagBag from /Users/user/.pyenv/versions/3.8.13/lib/python3.8/site-packages/airflow/example_dags/example_xcomargs.py
[2022-05-28 11:22:10,048] {processor.py:651} INFO - DAG(s) dict_keys(['example_xcom_args', 'example_xcom_args_with_operators']) retrieved from /Users/user/.pyenv/versions/3.8.13/lib/python3.8/site-packages/airflow/example_dags/example_xcomargs.py
[2022-05-28 11:22:10,692] {logging_mixin.py:115} INFO - [2022-05-28 11:22:10,692] {dag.py:2379} INFO - Sync 2 DAGs
[2022-05-28 11:22:10,707] {logging_mixin.py:115} INFO - [2022-05-28 11:22:10,706] {dag.py:2923} INFO - Setting next_dagrun for example_xcom_args to None, run_after=None
[2022-05-28 11:22:10,707] {logging_mixin.py:115} INFO - [2022-05-28 11:22:10,707] {dag.py:2923} INFO - Setting next_dagrun for example_xcom_args_with_operators to None, run_after=None
[2022-05-28 11:22:10,718] {processor.py:161} INFO - Processing /Users/user/.pyenv/versions/3.8.13/lib/python3.8/site-packages/airflow/example_dags/example_xcomargs.py took 0.716 seconds
[2022-05-28 11:23:30,115] {processor.py:153} INFO - Started process (PID=95639) to work on /Users/user/.pyenv/versions/3.8.13/lib/python3.8/site-packages/airflow/example_dags/example_xcomargs.py
[2022-05-28 11:23:30,116] {processor.py:641} INFO - Processing file /Users/user/.pyenv/versions/3.8.13/lib/python3.8/site-packages/airflow/example_dags/example_xcomargs.py for tasks to queue
[2022-05-28 11:23:30,116] {logging_mixin.py:115} INFO - [2022-05-28 11:23:30,116] {dagbag.py:507} INFO - Filling up the DagBag from /Users/user/.pyenv/versions/3.8.13/lib/python3.8/site-packages/airflow/example_dags/example_xcomargs.py
[2022-05-28 11:23:30,152] {processor.py:651} INFO - DAG(s) dict_keys(['example_xcom_args', 'example_xcom_args_with_operators']) retrieved from /Users/user/.pyenv/versions/3.8.13/lib/python3.8/site-packages/airflow/example_dags/example_xcomargs.py
[2022-05-28 11:23:30,637] {logging_mixin.py:115} INFO - [2022-05-28 11:23:30,637] {dag.py:2379} INFO - Sync 2 DAGs
[2022-05-28 11:23:30,642] {logging_mixin.py:115} INFO - [2022-05-28 11:23:30,642] {dag.py:2398} INFO - Creating ORM DAG for example_xcom_args
[2022-05-28 11:23:30,643] {logging_mixin.py:115} INFO - [2022-05-28 11:23:30,643] {dag.py:2398} INFO - Creating ORM DAG for example_xcom_args_with_operators
[2022-05-28 11:23:30,648] {logging_mixin.py:115} INFO - [2022-05-28 11:23:30,648] {dag.py:2923} INFO - Setting next_dagrun for example_xcom_args to None, run_after=None
[2022-05-28 11:23:30,648] {logging_mixin.py:115} INFO - [2022-05-28 11:23:30,648] {dag.py:2923} INFO - Setting next_dagrun for example_xcom_args_with_operators to None, run_after=None
[2022-05-28 11:23:30,657] {processor.py:161} INFO - Processing /Users/user/.pyenv/versions/3.8.13/lib/python3.8/site-packages/airflow/example_dags/example_xcomargs.py took 0.543 seconds
