[2022-05-28 11:15:24,044] {processor.py:153} INFO - Started process (PID=93382) to work on /Users/user/.pyenv/versions/3.8.13/lib/python3.8/site-packages/airflow/example_dags/example_branch_day_of_week_operator.py
[2022-05-28 11:15:24,044] {processor.py:641} INFO - Processing file /Users/user/.pyenv/versions/3.8.13/lib/python3.8/site-packages/airflow/example_dags/example_branch_day_of_week_operator.py for tasks to queue
[2022-05-28 11:15:24,044] {logging_mixin.py:115} INFO - [2022-05-28 11:15:24,044] {dagbag.py:507} INFO - Filling up the DagBag from /Users/user/.pyenv/versions/3.8.13/lib/python3.8/site-packages/airflow/example_dags/example_branch_day_of_week_operator.py
[2022-05-28 11:15:24,059] {processor.py:651} INFO - DAG(s) dict_keys(['example_weekday_branch_operator']) retrieved from /Users/user/.pyenv/versions/3.8.13/lib/python3.8/site-packages/airflow/example_dags/example_branch_day_of_week_operator.py
[2022-05-28 11:15:24,778] {logging_mixin.py:115} INFO - [2022-05-28 11:15:24,778] {manager.py:508} INFO - Created Permission View: can delete on DAG:example_weekday_branch_operator
[2022-05-28 11:15:24,784] {logging_mixin.py:115} INFO - [2022-05-28 11:15:24,784] {manager.py:508} INFO - Created Permission View: can edit on DAG:example_weekday_branch_operator
[2022-05-28 11:15:24,788] {logging_mixin.py:115} INFO - [2022-05-28 11:15:24,788] {manager.py:508} INFO - Created Permission View: can read on DAG:example_weekday_branch_operator
[2022-05-28 11:15:24,789] {logging_mixin.py:115} INFO - [2022-05-28 11:15:24,789] {dag.py:2379} INFO - Sync 1 DAGs
[2022-05-28 11:15:24,795] {logging_mixin.py:115} INFO - [2022-05-28 11:15:24,794] {dag.py:2398} INFO - Creating ORM DAG for example_weekday_branch_operator
[2022-05-28 11:15:24,802] {logging_mixin.py:115} INFO - [2022-05-28 11:15:24,802] {dag.py:2923} INFO - Setting next_dagrun for example_weekday_branch_operator to 2022-05-27T00:00:00+00:00, run_after=2022-05-28T00:00:00+00:00
[2022-05-28 11:15:24,812] {processor.py:161} INFO - Processing /Users/user/.pyenv/versions/3.8.13/lib/python3.8/site-packages/airflow/example_dags/example_branch_day_of_week_operator.py took 0.769 seconds
[2022-05-28 11:16:30,391] {processor.py:153} INFO - Started process (PID=93466) to work on /Users/user/.pyenv/versions/3.8.13/lib/python3.8/site-packages/airflow/example_dags/example_branch_day_of_week_operator.py
[2022-05-28 11:16:30,391] {processor.py:641} INFO - Processing file /Users/user/.pyenv/versions/3.8.13/lib/python3.8/site-packages/airflow/example_dags/example_branch_day_of_week_operator.py for tasks to queue
[2022-05-28 11:16:30,391] {logging_mixin.py:115} INFO - [2022-05-28 11:16:30,391] {dagbag.py:507} INFO - Filling up the DagBag from /Users/user/.pyenv/versions/3.8.13/lib/python3.8/site-packages/airflow/example_dags/example_branch_day_of_week_operator.py
[2022-05-28 11:16:30,404] {processor.py:651} INFO - DAG(s) dict_keys(['example_weekday_branch_operator']) retrieved from /Users/user/.pyenv/versions/3.8.13/lib/python3.8/site-packages/airflow/example_dags/example_branch_day_of_week_operator.py
[2022-05-28 11:16:30,472] {logging_mixin.py:115} INFO - [2022-05-28 11:16:30,471] {dag.py:2379} INFO - Sync 1 DAGs
[2022-05-28 11:16:30,486] {logging_mixin.py:115} INFO - [2022-05-28 11:16:30,486] {dag.py:2923} INFO - Setting next_dagrun for example_weekday_branch_operator to 2022-05-27T00:00:00+00:00, run_after=2022-05-28T00:00:00+00:00
[2022-05-28 11:16:30,495] {processor.py:161} INFO - Processing /Users/user/.pyenv/versions/3.8.13/lib/python3.8/site-packages/airflow/example_dags/example_branch_day_of_week_operator.py took 0.105 seconds
[2022-05-28 11:17:34,338] {processor.py:153} INFO - Started process (PID=93556) to work on /Users/user/.pyenv/versions/3.8.13/lib/python3.8/site-packages/airflow/example_dags/example_branch_day_of_week_operator.py
[2022-05-28 11:17:34,338] {processor.py:641} INFO - Processing file /Users/user/.pyenv/versions/3.8.13/lib/python3.8/site-packages/airflow/example_dags/example_branch_day_of_week_operator.py for tasks to queue
[2022-05-28 11:17:34,338] {logging_mixin.py:115} INFO - [2022-05-28 11:17:34,338] {dagbag.py:507} INFO - Filling up the DagBag from /Users/user/.pyenv/versions/3.8.13/lib/python3.8/site-packages/airflow/example_dags/example_branch_day_of_week_operator.py
[2022-05-28 11:17:34,352] {processor.py:651} INFO - DAG(s) dict_keys(['example_weekday_branch_operator']) retrieved from /Users/user/.pyenv/versions/3.8.13/lib/python3.8/site-packages/airflow/example_dags/example_branch_day_of_week_operator.py
[2022-05-28 11:17:34,401] {logging_mixin.py:115} INFO - [2022-05-28 11:17:34,401] {dag.py:2379} INFO - Sync 1 DAGs
[2022-05-28 11:17:34,412] {logging_mixin.py:115} INFO - [2022-05-28 11:17:34,412] {dag.py:2923} INFO - Setting next_dagrun for example_weekday_branch_operator to 2022-05-27T00:00:00+00:00, run_after=2022-05-28T00:00:00+00:00
[2022-05-28 11:17:34,420] {processor.py:161} INFO - Processing /Users/user/.pyenv/versions/3.8.13/lib/python3.8/site-packages/airflow/example_dags/example_branch_day_of_week_operator.py took 0.083 seconds
[2022-05-28 11:18:39,504] {processor.py:153} INFO - Started process (PID=94759) to work on /Users/user/.pyenv/versions/3.8.13/lib/python3.8/site-packages/airflow/example_dags/example_branch_day_of_week_operator.py
[2022-05-28 11:18:39,505] {processor.py:641} INFO - Processing file /Users/user/.pyenv/versions/3.8.13/lib/python3.8/site-packages/airflow/example_dags/example_branch_day_of_week_operator.py for tasks to queue
[2022-05-28 11:18:39,505] {logging_mixin.py:115} INFO - [2022-05-28 11:18:39,505] {dagbag.py:507} INFO - Filling up the DagBag from /Users/user/.pyenv/versions/3.8.13/lib/python3.8/site-packages/airflow/example_dags/example_branch_day_of_week_operator.py
[2022-05-28 11:18:39,519] {processor.py:651} INFO - DAG(s) dict_keys(['example_weekday_branch_operator']) retrieved from /Users/user/.pyenv/versions/3.8.13/lib/python3.8/site-packages/airflow/example_dags/example_branch_day_of_week_operator.py
[2022-05-28 11:18:39,572] {logging_mixin.py:115} INFO - [2022-05-28 11:18:39,572] {dag.py:2379} INFO - Sync 1 DAGs
[2022-05-28 11:18:39,586] {logging_mixin.py:115} INFO - [2022-05-28 11:18:39,586] {dag.py:2923} INFO - Setting next_dagrun for example_weekday_branch_operator to 2022-05-27T00:00:00+00:00, run_after=2022-05-28T00:00:00+00:00
[2022-05-28 11:18:39,594] {processor.py:161} INFO - Processing /Users/user/.pyenv/versions/3.8.13/lib/python3.8/site-packages/airflow/example_dags/example_branch_day_of_week_operator.py took 0.090 seconds
[2022-05-28 11:19:39,739] {processor.py:153} INFO - Started process (PID=94836) to work on /Users/user/.pyenv/versions/3.8.13/lib/python3.8/site-packages/airflow/example_dags/example_branch_day_of_week_operator.py
[2022-05-28 11:19:39,739] {processor.py:641} INFO - Processing file /Users/user/.pyenv/versions/3.8.13/lib/python3.8/site-packages/airflow/example_dags/example_branch_day_of_week_operator.py for tasks to queue
[2022-05-28 11:19:39,740] {logging_mixin.py:115} INFO - [2022-05-28 11:19:39,740] {dagbag.py:507} INFO - Filling up the DagBag from /Users/user/.pyenv/versions/3.8.13/lib/python3.8/site-packages/airflow/example_dags/example_branch_day_of_week_operator.py
[2022-05-28 11:19:39,751] {processor.py:651} INFO - DAG(s) dict_keys(['example_weekday_branch_operator']) retrieved from /Users/user/.pyenv/versions/3.8.13/lib/python3.8/site-packages/airflow/example_dags/example_branch_day_of_week_operator.py
[2022-05-28 11:19:39,804] {logging_mixin.py:115} INFO - [2022-05-28 11:19:39,804] {dag.py:2379} INFO - Sync 1 DAGs
[2022-05-28 11:19:39,816] {logging_mixin.py:115} INFO - [2022-05-28 11:19:39,816] {dag.py:2923} INFO - Setting next_dagrun for example_weekday_branch_operator to 2022-05-27T00:00:00+00:00, run_after=2022-05-28T00:00:00+00:00
[2022-05-28 11:19:39,824] {processor.py:161} INFO - Processing /Users/user/.pyenv/versions/3.8.13/lib/python3.8/site-packages/airflow/example_dags/example_branch_day_of_week_operator.py took 0.085 seconds
[2022-05-28 11:20:40,534] {processor.py:153} INFO - Started process (PID=95470) to work on /Users/user/.pyenv/versions/3.8.13/lib/python3.8/site-packages/airflow/example_dags/example_branch_day_of_week_operator.py
[2022-05-28 11:20:40,534] {processor.py:641} INFO - Processing file /Users/user/.pyenv/versions/3.8.13/lib/python3.8/site-packages/airflow/example_dags/example_branch_day_of_week_operator.py for tasks to queue
[2022-05-28 11:20:40,534] {logging_mixin.py:115} INFO - [2022-05-28 11:20:40,534] {dagbag.py:507} INFO - Filling up the DagBag from /Users/user/.pyenv/versions/3.8.13/lib/python3.8/site-packages/airflow/example_dags/example_branch_day_of_week_operator.py
[2022-05-28 11:20:40,548] {processor.py:651} INFO - DAG(s) dict_keys(['example_weekday_branch_operator']) retrieved from /Users/user/.pyenv/versions/3.8.13/lib/python3.8/site-packages/airflow/example_dags/example_branch_day_of_week_operator.py
[2022-05-28 11:20:40,600] {logging_mixin.py:115} INFO - [2022-05-28 11:20:40,600] {dag.py:2379} INFO - Sync 1 DAGs
[2022-05-28 11:20:40,612] {logging_mixin.py:115} INFO - [2022-05-28 11:20:40,612] {dag.py:2923} INFO - Setting next_dagrun for example_weekday_branch_operator to 2022-05-27T00:00:00+00:00, run_after=2022-05-28T00:00:00+00:00
[2022-05-28 11:20:40,619] {processor.py:161} INFO - Processing /Users/user/.pyenv/versions/3.8.13/lib/python3.8/site-packages/airflow/example_dags/example_branch_day_of_week_operator.py took 0.085 seconds
[2022-05-28 11:21:48,111] {processor.py:153} INFO - Started process (PID=95543) to work on /Users/user/.pyenv/versions/3.8.13/lib/python3.8/site-packages/airflow/example_dags/example_branch_day_of_week_operator.py
[2022-05-28 11:21:48,112] {processor.py:641} INFO - Processing file /Users/user/.pyenv/versions/3.8.13/lib/python3.8/site-packages/airflow/example_dags/example_branch_day_of_week_operator.py for tasks to queue
[2022-05-28 11:21:48,112] {logging_mixin.py:115} INFO - [2022-05-28 11:21:48,112] {dagbag.py:507} INFO - Filling up the DagBag from /Users/user/.pyenv/versions/3.8.13/lib/python3.8/site-packages/airflow/example_dags/example_branch_day_of_week_operator.py
[2022-05-28 11:21:48,131] {processor.py:651} INFO - DAG(s) dict_keys(['example_weekday_branch_operator']) retrieved from /Users/user/.pyenv/versions/3.8.13/lib/python3.8/site-packages/airflow/example_dags/example_branch_day_of_week_operator.py
[2022-05-28 11:21:48,197] {logging_mixin.py:115} INFO - [2022-05-28 11:21:48,197] {dag.py:2379} INFO - Sync 1 DAGs
[2022-05-28 11:21:48,213] {logging_mixin.py:115} INFO - [2022-05-28 11:21:48,213] {dag.py:2923} INFO - Setting next_dagrun for example_weekday_branch_operator to 2022-05-27T00:00:00+00:00, run_after=2022-05-28T00:00:00+00:00
[2022-05-28 11:21:48,223] {processor.py:161} INFO - Processing /Users/user/.pyenv/versions/3.8.13/lib/python3.8/site-packages/airflow/example_dags/example_branch_day_of_week_operator.py took 0.112 seconds
[2022-05-28 11:23:07,828] {processor.py:153} INFO - Started process (PID=95616) to work on /Users/user/.pyenv/versions/3.8.13/lib/python3.8/site-packages/airflow/example_dags/example_branch_day_of_week_operator.py
[2022-05-28 11:23:07,834] {processor.py:641} INFO - Processing file /Users/user/.pyenv/versions/3.8.13/lib/python3.8/site-packages/airflow/example_dags/example_branch_day_of_week_operator.py for tasks to queue
[2022-05-28 11:23:07,835] {logging_mixin.py:115} INFO - [2022-05-28 11:23:07,834] {dagbag.py:507} INFO - Filling up the DagBag from /Users/user/.pyenv/versions/3.8.13/lib/python3.8/site-packages/airflow/example_dags/example_branch_day_of_week_operator.py
[2022-05-28 11:23:07,870] {processor.py:651} INFO - DAG(s) dict_keys(['example_weekday_branch_operator']) retrieved from /Users/user/.pyenv/versions/3.8.13/lib/python3.8/site-packages/airflow/example_dags/example_branch_day_of_week_operator.py
[2022-05-28 11:23:08,521] {logging_mixin.py:115} INFO - [2022-05-28 11:23:08,521] {dag.py:2379} INFO - Sync 1 DAGs
[2022-05-28 11:23:08,527] {logging_mixin.py:115} INFO - [2022-05-28 11:23:08,527] {dag.py:2398} INFO - Creating ORM DAG for example_weekday_branch_operator
[2022-05-28 11:23:08,535] {logging_mixin.py:115} INFO - [2022-05-28 11:23:08,535] {dag.py:2923} INFO - Setting next_dagrun for example_weekday_branch_operator to 2022-05-27T00:00:00+00:00, run_after=2022-05-28T00:00:00+00:00
[2022-05-28 11:23:08,548] {processor.py:161} INFO - Processing /Users/user/.pyenv/versions/3.8.13/lib/python3.8/site-packages/airflow/example_dags/example_branch_day_of_week_operator.py took 0.720 seconds
