[2022-05-28 11:15:30,092] {processor.py:153} INFO - Started process (PID=93386) to work on /Users/user/.pyenv/versions/3.8.13/lib/python3.8/site-packages/airflow/example_dags/example_bash_operator.py
[2022-05-28 11:15:30,092] {processor.py:641} INFO - Processing file /Users/user/.pyenv/versions/3.8.13/lib/python3.8/site-packages/airflow/example_dags/example_bash_operator.py for tasks to queue
[2022-05-28 11:15:30,093] {logging_mixin.py:115} INFO - [2022-05-28 11:15:30,093] {dagbag.py:507} INFO - Filling up the DagBag from /Users/user/.pyenv/versions/3.8.13/lib/python3.8/site-packages/airflow/example_dags/example_bash_operator.py
[2022-05-28 11:15:30,110] {processor.py:651} INFO - DAG(s) dict_keys(['example_bash_operator']) retrieved from /Users/user/.pyenv/versions/3.8.13/lib/python3.8/site-packages/airflow/example_dags/example_bash_operator.py
[2022-05-28 11:15:31,197] {logging_mixin.py:115} INFO - [2022-05-28 11:15:31,197] {manager.py:508} INFO - Created Permission View: can read on DAG:example_bash_operator
[2022-05-28 11:15:31,220] {logging_mixin.py:115} INFO - [2022-05-28 11:15:31,220] {manager.py:508} INFO - Created Permission View: can delete on DAG:example_bash_operator
[2022-05-28 11:15:31,230] {logging_mixin.py:115} INFO - [2022-05-28 11:15:31,230] {manager.py:508} INFO - Created Permission View: can edit on DAG:example_bash_operator
[2022-05-28 11:15:31,231] {logging_mixin.py:115} INFO - [2022-05-28 11:15:31,230] {dag.py:2379} INFO - Sync 1 DAGs
[2022-05-28 11:15:31,243] {logging_mixin.py:115} INFO - [2022-05-28 11:15:31,243] {dag.py:2398} INFO - Creating ORM DAG for example_bash_operator
[2022-05-28 11:15:31,259] {logging_mixin.py:115} INFO - [2022-05-28 11:15:31,259] {dag.py:2923} INFO - Setting next_dagrun for example_bash_operator to 2022-05-27T00:00:00+00:00, run_after=2022-05-28T00:00:00+00:00
[2022-05-28 11:15:31,278] {processor.py:161} INFO - Processing /Users/user/.pyenv/versions/3.8.13/lib/python3.8/site-packages/airflow/example_dags/example_bash_operator.py took 1.186 seconds
[2022-05-28 11:16:33,782] {processor.py:153} INFO - Started process (PID=93471) to work on /Users/user/.pyenv/versions/3.8.13/lib/python3.8/site-packages/airflow/example_dags/example_bash_operator.py
[2022-05-28 11:16:33,782] {processor.py:641} INFO - Processing file /Users/user/.pyenv/versions/3.8.13/lib/python3.8/site-packages/airflow/example_dags/example_bash_operator.py for tasks to queue
[2022-05-28 11:16:33,783] {logging_mixin.py:115} INFO - [2022-05-28 11:16:33,783] {dagbag.py:507} INFO - Filling up the DagBag from /Users/user/.pyenv/versions/3.8.13/lib/python3.8/site-packages/airflow/example_dags/example_bash_operator.py
[2022-05-28 11:16:33,795] {processor.py:651} INFO - DAG(s) dict_keys(['example_bash_operator']) retrieved from /Users/user/.pyenv/versions/3.8.13/lib/python3.8/site-packages/airflow/example_dags/example_bash_operator.py
[2022-05-28 11:16:33,841] {logging_mixin.py:115} INFO - [2022-05-28 11:16:33,841] {dag.py:2379} INFO - Sync 1 DAGs
[2022-05-28 11:16:33,854] {logging_mixin.py:115} INFO - [2022-05-28 11:16:33,854] {dag.py:2923} INFO - Setting next_dagrun for example_bash_operator to 2022-05-27T00:00:00+00:00, run_after=2022-05-28T00:00:00+00:00
[2022-05-28 11:16:33,863] {processor.py:161} INFO - Processing /Users/user/.pyenv/versions/3.8.13/lib/python3.8/site-packages/airflow/example_dags/example_bash_operator.py took 0.081 seconds
[2022-05-28 11:17:38,055] {processor.py:153} INFO - Started process (PID=93560) to work on /Users/user/.pyenv/versions/3.8.13/lib/python3.8/site-packages/airflow/example_dags/example_bash_operator.py
[2022-05-28 11:17:38,056] {processor.py:641} INFO - Processing file /Users/user/.pyenv/versions/3.8.13/lib/python3.8/site-packages/airflow/example_dags/example_bash_operator.py for tasks to queue
[2022-05-28 11:17:38,056] {logging_mixin.py:115} INFO - [2022-05-28 11:17:38,056] {dagbag.py:507} INFO - Filling up the DagBag from /Users/user/.pyenv/versions/3.8.13/lib/python3.8/site-packages/airflow/example_dags/example_bash_operator.py
[2022-05-28 11:17:38,072] {processor.py:651} INFO - DAG(s) dict_keys(['example_bash_operator']) retrieved from /Users/user/.pyenv/versions/3.8.13/lib/python3.8/site-packages/airflow/example_dags/example_bash_operator.py
[2022-05-28 11:17:38,128] {logging_mixin.py:115} INFO - [2022-05-28 11:17:38,127] {dag.py:2379} INFO - Sync 1 DAGs
[2022-05-28 11:17:38,141] {logging_mixin.py:115} INFO - [2022-05-28 11:17:38,141] {dag.py:2923} INFO - Setting next_dagrun for example_bash_operator to 2022-05-27T00:00:00+00:00, run_after=2022-05-28T00:00:00+00:00
[2022-05-28 11:17:38,149] {processor.py:161} INFO - Processing /Users/user/.pyenv/versions/3.8.13/lib/python3.8/site-packages/airflow/example_dags/example_bash_operator.py took 0.094 seconds
[2022-05-28 11:18:42,522] {processor.py:153} INFO - Started process (PID=94766) to work on /Users/user/.pyenv/versions/3.8.13/lib/python3.8/site-packages/airflow/example_dags/example_bash_operator.py
[2022-05-28 11:18:42,523] {processor.py:641} INFO - Processing file /Users/user/.pyenv/versions/3.8.13/lib/python3.8/site-packages/airflow/example_dags/example_bash_operator.py for tasks to queue
[2022-05-28 11:18:42,524] {logging_mixin.py:115} INFO - [2022-05-28 11:18:42,524] {dagbag.py:507} INFO - Filling up the DagBag from /Users/user/.pyenv/versions/3.8.13/lib/python3.8/site-packages/airflow/example_dags/example_bash_operator.py
[2022-05-28 11:18:42,540] {processor.py:651} INFO - DAG(s) dict_keys(['example_bash_operator']) retrieved from /Users/user/.pyenv/versions/3.8.13/lib/python3.8/site-packages/airflow/example_dags/example_bash_operator.py
[2022-05-28 11:18:42,592] {logging_mixin.py:115} INFO - [2022-05-28 11:18:42,592] {dag.py:2379} INFO - Sync 1 DAGs
[2022-05-28 11:18:42,605] {logging_mixin.py:115} INFO - [2022-05-28 11:18:42,605] {dag.py:2923} INFO - Setting next_dagrun for example_bash_operator to 2022-05-27T00:00:00+00:00, run_after=2022-05-28T00:00:00+00:00
[2022-05-28 11:18:42,615] {processor.py:161} INFO - Processing /Users/user/.pyenv/versions/3.8.13/lib/python3.8/site-packages/airflow/example_dags/example_bash_operator.py took 0.093 seconds
[2022-05-28 11:19:42,592] {processor.py:153} INFO - Started process (PID=94841) to work on /Users/user/.pyenv/versions/3.8.13/lib/python3.8/site-packages/airflow/example_dags/example_bash_operator.py
[2022-05-28 11:19:42,592] {processor.py:641} INFO - Processing file /Users/user/.pyenv/versions/3.8.13/lib/python3.8/site-packages/airflow/example_dags/example_bash_operator.py for tasks to queue
[2022-05-28 11:19:42,592] {logging_mixin.py:115} INFO - [2022-05-28 11:19:42,592] {dagbag.py:507} INFO - Filling up the DagBag from /Users/user/.pyenv/versions/3.8.13/lib/python3.8/site-packages/airflow/example_dags/example_bash_operator.py
[2022-05-28 11:19:42,605] {processor.py:651} INFO - DAG(s) dict_keys(['example_bash_operator']) retrieved from /Users/user/.pyenv/versions/3.8.13/lib/python3.8/site-packages/airflow/example_dags/example_bash_operator.py
[2022-05-28 11:19:42,654] {logging_mixin.py:115} INFO - [2022-05-28 11:19:42,653] {dag.py:2379} INFO - Sync 1 DAGs
[2022-05-28 11:19:42,664] {logging_mixin.py:115} INFO - [2022-05-28 11:19:42,664] {dag.py:2923} INFO - Setting next_dagrun for example_bash_operator to 2022-05-27T00:00:00+00:00, run_after=2022-05-28T00:00:00+00:00
[2022-05-28 11:19:42,672] {processor.py:161} INFO - Processing /Users/user/.pyenv/versions/3.8.13/lib/python3.8/site-packages/airflow/example_dags/example_bash_operator.py took 0.081 seconds
[2022-05-28 11:20:43,358] {processor.py:153} INFO - Started process (PID=95474) to work on /Users/user/.pyenv/versions/3.8.13/lib/python3.8/site-packages/airflow/example_dags/example_bash_operator.py
[2022-05-28 11:20:43,358] {processor.py:641} INFO - Processing file /Users/user/.pyenv/versions/3.8.13/lib/python3.8/site-packages/airflow/example_dags/example_bash_operator.py for tasks to queue
[2022-05-28 11:20:43,359] {logging_mixin.py:115} INFO - [2022-05-28 11:20:43,359] {dagbag.py:507} INFO - Filling up the DagBag from /Users/user/.pyenv/versions/3.8.13/lib/python3.8/site-packages/airflow/example_dags/example_bash_operator.py
[2022-05-28 11:20:43,373] {processor.py:651} INFO - DAG(s) dict_keys(['example_bash_operator']) retrieved from /Users/user/.pyenv/versions/3.8.13/lib/python3.8/site-packages/airflow/example_dags/example_bash_operator.py
[2022-05-28 11:20:43,422] {logging_mixin.py:115} INFO - [2022-05-28 11:20:43,422] {dag.py:2379} INFO - Sync 1 DAGs
[2022-05-28 11:20:43,433] {logging_mixin.py:115} INFO - [2022-05-28 11:20:43,433] {dag.py:2923} INFO - Setting next_dagrun for example_bash_operator to 2022-05-27T00:00:00+00:00, run_after=2022-05-28T00:00:00+00:00
[2022-05-28 11:20:43,440] {processor.py:161} INFO - Processing /Users/user/.pyenv/versions/3.8.13/lib/python3.8/site-packages/airflow/example_dags/example_bash_operator.py took 0.082 seconds
[2022-05-28 11:21:52,690] {processor.py:153} INFO - Started process (PID=95547) to work on /Users/user/.pyenv/versions/3.8.13/lib/python3.8/site-packages/airflow/example_dags/example_bash_operator.py
[2022-05-28 11:21:52,691] {processor.py:641} INFO - Processing file /Users/user/.pyenv/versions/3.8.13/lib/python3.8/site-packages/airflow/example_dags/example_bash_operator.py for tasks to queue
[2022-05-28 11:21:52,691] {logging_mixin.py:115} INFO - [2022-05-28 11:21:52,691] {dagbag.py:507} INFO - Filling up the DagBag from /Users/user/.pyenv/versions/3.8.13/lib/python3.8/site-packages/airflow/example_dags/example_bash_operator.py
[2022-05-28 11:21:52,708] {processor.py:651} INFO - DAG(s) dict_keys(['example_bash_operator']) retrieved from /Users/user/.pyenv/versions/3.8.13/lib/python3.8/site-packages/airflow/example_dags/example_bash_operator.py
[2022-05-28 11:21:53,212] {logging_mixin.py:115} INFO - [2022-05-28 11:21:53,212] {dag.py:2379} INFO - Sync 1 DAGs
[2022-05-28 11:21:53,218] {logging_mixin.py:115} INFO - [2022-05-28 11:21:53,218] {dag.py:2398} INFO - Creating ORM DAG for example_bash_operator
[2022-05-28 11:21:53,226] {logging_mixin.py:115} INFO - [2022-05-28 11:21:53,226] {dag.py:2923} INFO - Setting next_dagrun for example_bash_operator to 2022-05-27T00:00:00+00:00, run_after=2022-05-28T00:00:00+00:00
[2022-05-28 11:21:53,238] {processor.py:161} INFO - Processing /Users/user/.pyenv/versions/3.8.13/lib/python3.8/site-packages/airflow/example_dags/example_bash_operator.py took 0.549 seconds
[2022-05-28 11:23:12,215] {processor.py:153} INFO - Started process (PID=95620) to work on /Users/user/.pyenv/versions/3.8.13/lib/python3.8/site-packages/airflow/example_dags/example_bash_operator.py
[2022-05-28 11:23:12,216] {processor.py:641} INFO - Processing file /Users/user/.pyenv/versions/3.8.13/lib/python3.8/site-packages/airflow/example_dags/example_bash_operator.py for tasks to queue
[2022-05-28 11:23:12,216] {logging_mixin.py:115} INFO - [2022-05-28 11:23:12,216] {dagbag.py:507} INFO - Filling up the DagBag from /Users/user/.pyenv/versions/3.8.13/lib/python3.8/site-packages/airflow/example_dags/example_bash_operator.py
[2022-05-28 11:23:12,233] {processor.py:651} INFO - DAG(s) dict_keys(['example_bash_operator']) retrieved from /Users/user/.pyenv/versions/3.8.13/lib/python3.8/site-packages/airflow/example_dags/example_bash_operator.py
[2022-05-28 11:23:12,766] {logging_mixin.py:115} INFO - [2022-05-28 11:23:12,766] {dag.py:2379} INFO - Sync 1 DAGs
[2022-05-28 11:23:12,785] {logging_mixin.py:115} INFO - [2022-05-28 11:23:12,785] {dag.py:2398} INFO - Creating ORM DAG for example_bash_operator
[2022-05-28 11:23:12,806] {logging_mixin.py:115} INFO - [2022-05-28 11:23:12,806] {dag.py:2923} INFO - Setting next_dagrun for example_bash_operator to 2022-05-27T00:00:00+00:00, run_after=2022-05-28T00:00:00+00:00
[2022-05-28 11:23:12,828] {processor.py:161} INFO - Processing /Users/user/.pyenv/versions/3.8.13/lib/python3.8/site-packages/airflow/example_dags/example_bash_operator.py took 0.614 seconds
