[2022-05-28 11:14:54,459] {processor.py:153} INFO - Started process (PID=93358) to work on /Users/user/.pyenv/versions/3.8.13/lib/python3.8/site-packages/airflow/example_dags/example_nested_branch_dag.py
[2022-05-28 11:14:54,459] {processor.py:641} INFO - Processing file /Users/user/.pyenv/versions/3.8.13/lib/python3.8/site-packages/airflow/example_dags/example_nested_branch_dag.py for tasks to queue
[2022-05-28 11:14:54,459] {logging_mixin.py:115} INFO - [2022-05-28 11:14:54,459] {dagbag.py:507} INFO - Filling up the DagBag from /Users/user/.pyenv/versions/3.8.13/lib/python3.8/site-packages/airflow/example_dags/example_nested_branch_dag.py
[2022-05-28 11:14:54,482] {processor.py:651} INFO - DAG(s) dict_keys(['example_nested_branch_dag']) retrieved from /Users/user/.pyenv/versions/3.8.13/lib/python3.8/site-packages/airflow/example_dags/example_nested_branch_dag.py
[2022-05-28 11:14:55,393] {logging_mixin.py:115} INFO - [2022-05-28 11:14:55,393] {manager.py:508} INFO - Created Permission View: can edit on DAG:example_nested_branch_dag
[2022-05-28 11:14:55,399] {logging_mixin.py:115} INFO - [2022-05-28 11:14:55,398] {manager.py:508} INFO - Created Permission View: can read on DAG:example_nested_branch_dag
[2022-05-28 11:14:55,403] {logging_mixin.py:115} INFO - [2022-05-28 11:14:55,403] {manager.py:508} INFO - Created Permission View: can delete on DAG:example_nested_branch_dag
[2022-05-28 11:14:55,404] {logging_mixin.py:115} INFO - [2022-05-28 11:14:55,403] {dag.py:2379} INFO - Sync 1 DAGs
[2022-05-28 11:14:55,410] {logging_mixin.py:115} INFO - [2022-05-28 11:14:55,410] {dag.py:2398} INFO - Creating ORM DAG for example_nested_branch_dag
[2022-05-28 11:14:55,418] {logging_mixin.py:115} INFO - [2022-05-28 11:14:55,418] {dag.py:2923} INFO - Setting next_dagrun for example_nested_branch_dag to 2022-05-27T00:00:00+00:00, run_after=2022-05-28T00:00:00+00:00
[2022-05-28 11:14:55,427] {processor.py:161} INFO - Processing /Users/user/.pyenv/versions/3.8.13/lib/python3.8/site-packages/airflow/example_dags/example_nested_branch_dag.py took 0.968 seconds
[2022-05-28 11:16:09,454] {processor.py:153} INFO - Started process (PID=93435) to work on /Users/user/.pyenv/versions/3.8.13/lib/python3.8/site-packages/airflow/example_dags/example_nested_branch_dag.py
[2022-05-28 11:16:09,455] {processor.py:641} INFO - Processing file /Users/user/.pyenv/versions/3.8.13/lib/python3.8/site-packages/airflow/example_dags/example_nested_branch_dag.py for tasks to queue
[2022-05-28 11:16:09,455] {logging_mixin.py:115} INFO - [2022-05-28 11:16:09,455] {dagbag.py:507} INFO - Filling up the DagBag from /Users/user/.pyenv/versions/3.8.13/lib/python3.8/site-packages/airflow/example_dags/example_nested_branch_dag.py
[2022-05-28 11:16:09,473] {processor.py:651} INFO - DAG(s) dict_keys(['example_nested_branch_dag']) retrieved from /Users/user/.pyenv/versions/3.8.13/lib/python3.8/site-packages/airflow/example_dags/example_nested_branch_dag.py
[2022-05-28 11:16:09,524] {logging_mixin.py:115} INFO - [2022-05-28 11:16:09,524] {dag.py:2379} INFO - Sync 1 DAGs
[2022-05-28 11:16:09,537] {logging_mixin.py:115} INFO - [2022-05-28 11:16:09,537] {dag.py:2923} INFO - Setting next_dagrun for example_nested_branch_dag to 2022-05-27T00:00:00+00:00, run_after=2022-05-28T00:00:00+00:00
[2022-05-28 11:16:09,548] {processor.py:161} INFO - Processing /Users/user/.pyenv/versions/3.8.13/lib/python3.8/site-packages/airflow/example_dags/example_nested_branch_dag.py took 0.094 seconds
[2022-05-28 11:17:12,620] {processor.py:153} INFO - Started process (PID=93521) to work on /Users/user/.pyenv/versions/3.8.13/lib/python3.8/site-packages/airflow/example_dags/example_nested_branch_dag.py
[2022-05-28 11:17:12,620] {processor.py:641} INFO - Processing file /Users/user/.pyenv/versions/3.8.13/lib/python3.8/site-packages/airflow/example_dags/example_nested_branch_dag.py for tasks to queue
[2022-05-28 11:17:12,620] {logging_mixin.py:115} INFO - [2022-05-28 11:17:12,620] {dagbag.py:507} INFO - Filling up the DagBag from /Users/user/.pyenv/versions/3.8.13/lib/python3.8/site-packages/airflow/example_dags/example_nested_branch_dag.py
[2022-05-28 11:17:12,651] {processor.py:651} INFO - DAG(s) dict_keys(['example_nested_branch_dag']) retrieved from /Users/user/.pyenv/versions/3.8.13/lib/python3.8/site-packages/airflow/example_dags/example_nested_branch_dag.py
[2022-05-28 11:17:12,802] {logging_mixin.py:115} INFO - [2022-05-28 11:17:12,802] {dag.py:2379} INFO - Sync 1 DAGs
[2022-05-28 11:17:12,817] {logging_mixin.py:115} INFO - [2022-05-28 11:17:12,817] {dag.py:2923} INFO - Setting next_dagrun for example_nested_branch_dag to 2022-05-27T00:00:00+00:00, run_after=2022-05-28T00:00:00+00:00
[2022-05-28 11:17:12,829] {processor.py:161} INFO - Processing /Users/user/.pyenv/versions/3.8.13/lib/python3.8/site-packages/airflow/example_dags/example_nested_branch_dag.py took 0.209 seconds
[2022-05-28 11:18:17,459] {processor.py:153} INFO - Started process (PID=94165) to work on /Users/user/.pyenv/versions/3.8.13/lib/python3.8/site-packages/airflow/example_dags/example_nested_branch_dag.py
[2022-05-28 11:18:17,459] {processor.py:641} INFO - Processing file /Users/user/.pyenv/versions/3.8.13/lib/python3.8/site-packages/airflow/example_dags/example_nested_branch_dag.py for tasks to queue
[2022-05-28 11:18:17,460] {logging_mixin.py:115} INFO - [2022-05-28 11:18:17,460] {dagbag.py:507} INFO - Filling up the DagBag from /Users/user/.pyenv/versions/3.8.13/lib/python3.8/site-packages/airflow/example_dags/example_nested_branch_dag.py
[2022-05-28 11:18:17,482] {processor.py:651} INFO - DAG(s) dict_keys(['example_nested_branch_dag']) retrieved from /Users/user/.pyenv/versions/3.8.13/lib/python3.8/site-packages/airflow/example_dags/example_nested_branch_dag.py
[2022-05-28 11:18:17,533] {logging_mixin.py:115} INFO - [2022-05-28 11:18:17,533] {dag.py:2379} INFO - Sync 1 DAGs
[2022-05-28 11:18:17,544] {logging_mixin.py:115} INFO - [2022-05-28 11:18:17,544] {dag.py:2923} INFO - Setting next_dagrun for example_nested_branch_dag to 2022-05-27T00:00:00+00:00, run_after=2022-05-28T00:00:00+00:00
[2022-05-28 11:18:17,552] {processor.py:161} INFO - Processing /Users/user/.pyenv/versions/3.8.13/lib/python3.8/site-packages/airflow/example_dags/example_nested_branch_dag.py took 0.094 seconds
[2022-05-28 11:19:18,974] {processor.py:153} INFO - Started process (PID=94811) to work on /Users/user/.pyenv/versions/3.8.13/lib/python3.8/site-packages/airflow/example_dags/example_nested_branch_dag.py
[2022-05-28 11:19:18,975] {processor.py:641} INFO - Processing file /Users/user/.pyenv/versions/3.8.13/lib/python3.8/site-packages/airflow/example_dags/example_nested_branch_dag.py for tasks to queue
[2022-05-28 11:19:18,975] {logging_mixin.py:115} INFO - [2022-05-28 11:19:18,975] {dagbag.py:507} INFO - Filling up the DagBag from /Users/user/.pyenv/versions/3.8.13/lib/python3.8/site-packages/airflow/example_dags/example_nested_branch_dag.py
[2022-05-28 11:19:18,996] {processor.py:651} INFO - DAG(s) dict_keys(['example_nested_branch_dag']) retrieved from /Users/user/.pyenv/versions/3.8.13/lib/python3.8/site-packages/airflow/example_dags/example_nested_branch_dag.py
[2022-05-28 11:19:19,053] {logging_mixin.py:115} INFO - [2022-05-28 11:19:19,053] {dag.py:2379} INFO - Sync 1 DAGs
[2022-05-28 11:19:19,065] {logging_mixin.py:115} INFO - [2022-05-28 11:19:19,065] {dag.py:2923} INFO - Setting next_dagrun for example_nested_branch_dag to 2022-05-27T00:00:00+00:00, run_after=2022-05-28T00:00:00+00:00
[2022-05-28 11:19:19,074] {processor.py:161} INFO - Processing /Users/user/.pyenv/versions/3.8.13/lib/python3.8/site-packages/airflow/example_dags/example_nested_branch_dag.py took 0.101 seconds
[2022-05-28 11:20:21,106] {processor.py:153} INFO - Started process (PID=95445) to work on /Users/user/.pyenv/versions/3.8.13/lib/python3.8/site-packages/airflow/example_dags/example_nested_branch_dag.py
[2022-05-28 11:20:21,106] {processor.py:641} INFO - Processing file /Users/user/.pyenv/versions/3.8.13/lib/python3.8/site-packages/airflow/example_dags/example_nested_branch_dag.py for tasks to queue
[2022-05-28 11:20:21,107] {logging_mixin.py:115} INFO - [2022-05-28 11:20:21,107] {dagbag.py:507} INFO - Filling up the DagBag from /Users/user/.pyenv/versions/3.8.13/lib/python3.8/site-packages/airflow/example_dags/example_nested_branch_dag.py
[2022-05-28 11:20:21,129] {processor.py:651} INFO - DAG(s) dict_keys(['example_nested_branch_dag']) retrieved from /Users/user/.pyenv/versions/3.8.13/lib/python3.8/site-packages/airflow/example_dags/example_nested_branch_dag.py
[2022-05-28 11:20:21,213] {logging_mixin.py:115} INFO - [2022-05-28 11:20:21,213] {dag.py:2379} INFO - Sync 1 DAGs
[2022-05-28 11:20:21,227] {logging_mixin.py:115} INFO - [2022-05-28 11:20:21,227] {dag.py:2923} INFO - Setting next_dagrun for example_nested_branch_dag to 2022-05-27T00:00:00+00:00, run_after=2022-05-28T00:00:00+00:00
[2022-05-28 11:20:21,237] {processor.py:161} INFO - Processing /Users/user/.pyenv/versions/3.8.13/lib/python3.8/site-packages/airflow/example_dags/example_nested_branch_dag.py took 0.131 seconds
[2022-05-28 11:21:23,856] {processor.py:153} INFO - Started process (PID=95519) to work on /Users/user/.pyenv/versions/3.8.13/lib/python3.8/site-packages/airflow/example_dags/example_nested_branch_dag.py
[2022-05-28 11:21:23,856] {processor.py:641} INFO - Processing file /Users/user/.pyenv/versions/3.8.13/lib/python3.8/site-packages/airflow/example_dags/example_nested_branch_dag.py for tasks to queue
[2022-05-28 11:21:23,856] {logging_mixin.py:115} INFO - [2022-05-28 11:21:23,856] {dagbag.py:507} INFO - Filling up the DagBag from /Users/user/.pyenv/versions/3.8.13/lib/python3.8/site-packages/airflow/example_dags/example_nested_branch_dag.py
[2022-05-28 11:21:23,885] {processor.py:651} INFO - DAG(s) dict_keys(['example_nested_branch_dag']) retrieved from /Users/user/.pyenv/versions/3.8.13/lib/python3.8/site-packages/airflow/example_dags/example_nested_branch_dag.py
[2022-05-28 11:21:23,950] {logging_mixin.py:115} INFO - [2022-05-28 11:21:23,949] {dag.py:2379} INFO - Sync 1 DAGs
[2022-05-28 11:21:23,963] {logging_mixin.py:115} INFO - [2022-05-28 11:21:23,963] {dag.py:2923} INFO - Setting next_dagrun for example_nested_branch_dag to 2022-05-27T00:00:00+00:00, run_after=2022-05-28T00:00:00+00:00
[2022-05-28 11:21:23,972] {processor.py:161} INFO - Processing /Users/user/.pyenv/versions/3.8.13/lib/python3.8/site-packages/airflow/example_dags/example_nested_branch_dag.py took 0.117 seconds
[2022-05-28 11:22:40,660] {processor.py:153} INFO - Started process (PID=95589) to work on /Users/user/.pyenv/versions/3.8.13/lib/python3.8/site-packages/airflow/example_dags/example_nested_branch_dag.py
[2022-05-28 11:22:40,661] {processor.py:641} INFO - Processing file /Users/user/.pyenv/versions/3.8.13/lib/python3.8/site-packages/airflow/example_dags/example_nested_branch_dag.py for tasks to queue
[2022-05-28 11:22:40,661] {logging_mixin.py:115} INFO - [2022-05-28 11:22:40,661] {dagbag.py:507} INFO - Filling up the DagBag from /Users/user/.pyenv/versions/3.8.13/lib/python3.8/site-packages/airflow/example_dags/example_nested_branch_dag.py
[2022-05-28 11:22:40,700] {processor.py:651} INFO - DAG(s) dict_keys(['example_nested_branch_dag']) retrieved from /Users/user/.pyenv/versions/3.8.13/lib/python3.8/site-packages/airflow/example_dags/example_nested_branch_dag.py
[2022-05-28 11:22:41,424] {logging_mixin.py:115} INFO - [2022-05-28 11:22:41,424] {dag.py:2379} INFO - Sync 1 DAGs
[2022-05-28 11:22:41,437] {logging_mixin.py:115} INFO - [2022-05-28 11:22:41,436] {dag.py:2398} INFO - Creating ORM DAG for example_nested_branch_dag
[2022-05-28 11:22:41,451] {logging_mixin.py:115} INFO - [2022-05-28 11:22:41,451] {dag.py:2923} INFO - Setting next_dagrun for example_nested_branch_dag to 2022-05-27T00:00:00+00:00, run_after=2022-05-28T00:00:00+00:00
[2022-05-28 11:22:41,465] {processor.py:161} INFO - Processing /Users/user/.pyenv/versions/3.8.13/lib/python3.8/site-packages/airflow/example_dags/example_nested_branch_dag.py took 0.806 seconds
