[2022-05-28 11:15:12,788] {processor.py:153} INFO - Started process (PID=93374) to work on /Users/user/.pyenv/versions/3.8.13/lib/python3.8/site-packages/airflow/example_dags/example_branch_python_dop_operator_3.py
[2022-05-28 11:15:12,788] {processor.py:641} INFO - Processing file /Users/user/.pyenv/versions/3.8.13/lib/python3.8/site-packages/airflow/example_dags/example_branch_python_dop_operator_3.py for tasks to queue
[2022-05-28 11:15:12,788] {logging_mixin.py:115} INFO - [2022-05-28 11:15:12,788] {dagbag.py:507} INFO - Filling up the DagBag from /Users/user/.pyenv/versions/3.8.13/lib/python3.8/site-packages/airflow/example_dags/example_branch_python_dop_operator_3.py
[2022-05-28 11:15:12,811] {processor.py:651} INFO - DAG(s) dict_keys(['example_branch_dop_operator_v3']) retrieved from /Users/user/.pyenv/versions/3.8.13/lib/python3.8/site-packages/airflow/example_dags/example_branch_python_dop_operator_3.py
[2022-05-28 11:15:13,515] {logging_mixin.py:115} INFO - [2022-05-28 11:15:13,515] {manager.py:508} INFO - Created Permission View: can read on DAG:example_branch_dop_operator_v3
[2022-05-28 11:15:13,527] {logging_mixin.py:115} INFO - [2022-05-28 11:15:13,526] {manager.py:508} INFO - Created Permission View: can edit on DAG:example_branch_dop_operator_v3
[2022-05-28 11:15:13,537] {logging_mixin.py:115} INFO - [2022-05-28 11:15:13,537] {manager.py:508} INFO - Created Permission View: can delete on DAG:example_branch_dop_operator_v3
[2022-05-28 11:15:13,537] {logging_mixin.py:115} INFO - [2022-05-28 11:15:13,537] {dag.py:2379} INFO - Sync 1 DAGs
[2022-05-28 11:15:13,547] {logging_mixin.py:115} INFO - [2022-05-28 11:15:13,547] {dag.py:2398} INFO - Creating ORM DAG for example_branch_dop_operator_v3
[2022-05-28 11:15:13,566] {logging_mixin.py:115} INFO - [2022-05-28 11:15:13,566] {dag.py:2923} INFO - Setting next_dagrun for example_branch_dop_operator_v3 to 2022-05-28T03:14:00+00:00, run_after=2022-05-28T03:15:00+00:00
[2022-05-28 11:15:13,582] {processor.py:161} INFO - Processing /Users/user/.pyenv/versions/3.8.13/lib/python3.8/site-packages/airflow/example_dags/example_branch_python_dop_operator_3.py took 0.795 seconds
[2022-05-28 11:16:23,106] {processor.py:153} INFO - Started process (PID=93457) to work on /Users/user/.pyenv/versions/3.8.13/lib/python3.8/site-packages/airflow/example_dags/example_branch_python_dop_operator_3.py
[2022-05-28 11:16:23,107] {processor.py:641} INFO - Processing file /Users/user/.pyenv/versions/3.8.13/lib/python3.8/site-packages/airflow/example_dags/example_branch_python_dop_operator_3.py for tasks to queue
[2022-05-28 11:16:23,107] {logging_mixin.py:115} INFO - [2022-05-28 11:16:23,107] {dagbag.py:507} INFO - Filling up the DagBag from /Users/user/.pyenv/versions/3.8.13/lib/python3.8/site-packages/airflow/example_dags/example_branch_python_dop_operator_3.py
[2022-05-28 11:16:23,125] {processor.py:651} INFO - DAG(s) dict_keys(['example_branch_dop_operator_v3']) retrieved from /Users/user/.pyenv/versions/3.8.13/lib/python3.8/site-packages/airflow/example_dags/example_branch_python_dop_operator_3.py
[2022-05-28 11:16:23,168] {logging_mixin.py:115} INFO - [2022-05-28 11:16:23,168] {dag.py:2379} INFO - Sync 1 DAGs
[2022-05-28 11:16:23,181] {logging_mixin.py:115} INFO - [2022-05-28 11:16:23,181] {dag.py:2923} INFO - Setting next_dagrun for example_branch_dop_operator_v3 to 2022-05-28T03:15:00+00:00, run_after=2022-05-28T03:16:00+00:00
[2022-05-28 11:16:23,189] {processor.py:161} INFO - Processing /Users/user/.pyenv/versions/3.8.13/lib/python3.8/site-packages/airflow/example_dags/example_branch_python_dop_operator_3.py took 0.083 seconds
[2022-05-28 11:17:27,240] {processor.py:153} INFO - Started process (PID=93546) to work on /Users/user/.pyenv/versions/3.8.13/lib/python3.8/site-packages/airflow/example_dags/example_branch_python_dop_operator_3.py
[2022-05-28 11:17:27,240] {processor.py:641} INFO - Processing file /Users/user/.pyenv/versions/3.8.13/lib/python3.8/site-packages/airflow/example_dags/example_branch_python_dop_operator_3.py for tasks to queue
[2022-05-28 11:17:27,241] {logging_mixin.py:115} INFO - [2022-05-28 11:17:27,241] {dagbag.py:507} INFO - Filling up the DagBag from /Users/user/.pyenv/versions/3.8.13/lib/python3.8/site-packages/airflow/example_dags/example_branch_python_dop_operator_3.py
[2022-05-28 11:17:27,269] {processor.py:651} INFO - DAG(s) dict_keys(['example_branch_dop_operator_v3']) retrieved from /Users/user/.pyenv/versions/3.8.13/lib/python3.8/site-packages/airflow/example_dags/example_branch_python_dop_operator_3.py
[2022-05-28 11:17:27,322] {logging_mixin.py:115} INFO - [2022-05-28 11:17:27,322] {dag.py:2379} INFO - Sync 1 DAGs
[2022-05-28 11:17:27,339] {logging_mixin.py:115} INFO - [2022-05-28 11:17:27,339] {dag.py:2923} INFO - Setting next_dagrun for example_branch_dop_operator_v3 to 2022-05-28T03:16:00+00:00, run_after=2022-05-28T03:17:00+00:00
[2022-05-28 11:17:27,349] {processor.py:161} INFO - Processing /Users/user/.pyenv/versions/3.8.13/lib/python3.8/site-packages/airflow/example_dags/example_branch_python_dop_operator_3.py took 0.109 seconds
[2022-05-28 11:18:31,637] {processor.py:153} INFO - Started process (PID=94188) to work on /Users/user/.pyenv/versions/3.8.13/lib/python3.8/site-packages/airflow/example_dags/example_branch_python_dop_operator_3.py
[2022-05-28 11:18:31,637] {processor.py:641} INFO - Processing file /Users/user/.pyenv/versions/3.8.13/lib/python3.8/site-packages/airflow/example_dags/example_branch_python_dop_operator_3.py for tasks to queue
[2022-05-28 11:18:31,638] {logging_mixin.py:115} INFO - [2022-05-28 11:18:31,638] {dagbag.py:507} INFO - Filling up the DagBag from /Users/user/.pyenv/versions/3.8.13/lib/python3.8/site-packages/airflow/example_dags/example_branch_python_dop_operator_3.py
[2022-05-28 11:18:31,659] {processor.py:651} INFO - DAG(s) dict_keys(['example_branch_dop_operator_v3']) retrieved from /Users/user/.pyenv/versions/3.8.13/lib/python3.8/site-packages/airflow/example_dags/example_branch_python_dop_operator_3.py
[2022-05-28 11:18:31,711] {logging_mixin.py:115} INFO - [2022-05-28 11:18:31,711] {dag.py:2379} INFO - Sync 1 DAGs
[2022-05-28 11:18:31,727] {logging_mixin.py:115} INFO - [2022-05-28 11:18:31,727] {dag.py:2923} INFO - Setting next_dagrun for example_branch_dop_operator_v3 to 2022-05-28T03:17:00+00:00, run_after=2022-05-28T03:18:00+00:00
[2022-05-28 11:18:31,736] {processor.py:161} INFO - Processing /Users/user/.pyenv/versions/3.8.13/lib/python3.8/site-packages/airflow/example_dags/example_branch_python_dop_operator_3.py took 0.100 seconds
[2022-05-28 11:19:33,046] {processor.py:153} INFO - Started process (PID=94827) to work on /Users/user/.pyenv/versions/3.8.13/lib/python3.8/site-packages/airflow/example_dags/example_branch_python_dop_operator_3.py
[2022-05-28 11:19:33,046] {processor.py:641} INFO - Processing file /Users/user/.pyenv/versions/3.8.13/lib/python3.8/site-packages/airflow/example_dags/example_branch_python_dop_operator_3.py for tasks to queue
[2022-05-28 11:19:33,046] {logging_mixin.py:115} INFO - [2022-05-28 11:19:33,046] {dagbag.py:507} INFO - Filling up the DagBag from /Users/user/.pyenv/versions/3.8.13/lib/python3.8/site-packages/airflow/example_dags/example_branch_python_dop_operator_3.py
[2022-05-28 11:19:33,079] {processor.py:651} INFO - DAG(s) dict_keys(['example_branch_dop_operator_v3']) retrieved from /Users/user/.pyenv/versions/3.8.13/lib/python3.8/site-packages/airflow/example_dags/example_branch_python_dop_operator_3.py
[2022-05-28 11:19:33,136] {logging_mixin.py:115} INFO - [2022-05-28 11:19:33,136] {dag.py:2379} INFO - Sync 1 DAGs
[2022-05-28 11:19:33,152] {logging_mixin.py:115} INFO - [2022-05-28 11:19:33,152] {dag.py:2923} INFO - Setting next_dagrun for example_branch_dop_operator_v3 to 2022-05-28T03:18:00+00:00, run_after=2022-05-28T03:19:00+00:00
[2022-05-28 11:19:33,160] {processor.py:161} INFO - Processing /Users/user/.pyenv/versions/3.8.13/lib/python3.8/site-packages/airflow/example_dags/example_branch_python_dop_operator_3.py took 0.115 seconds
[2022-05-28 11:20:35,472] {processor.py:153} INFO - Started process (PID=95462) to work on /Users/user/.pyenv/versions/3.8.13/lib/python3.8/site-packages/airflow/example_dags/example_branch_python_dop_operator_3.py
[2022-05-28 11:20:35,472] {processor.py:641} INFO - Processing file /Users/user/.pyenv/versions/3.8.13/lib/python3.8/site-packages/airflow/example_dags/example_branch_python_dop_operator_3.py for tasks to queue
[2022-05-28 11:20:35,472] {logging_mixin.py:115} INFO - [2022-05-28 11:20:35,472] {dagbag.py:507} INFO - Filling up the DagBag from /Users/user/.pyenv/versions/3.8.13/lib/python3.8/site-packages/airflow/example_dags/example_branch_python_dop_operator_3.py
[2022-05-28 11:20:35,495] {processor.py:651} INFO - DAG(s) dict_keys(['example_branch_dop_operator_v3']) retrieved from /Users/user/.pyenv/versions/3.8.13/lib/python3.8/site-packages/airflow/example_dags/example_branch_python_dop_operator_3.py
[2022-05-28 11:20:35,542] {logging_mixin.py:115} INFO - [2022-05-28 11:20:35,542] {dag.py:2379} INFO - Sync 1 DAGs
[2022-05-28 11:20:35,555] {logging_mixin.py:115} INFO - [2022-05-28 11:20:35,555] {dag.py:2923} INFO - Setting next_dagrun for example_branch_dop_operator_v3 to 2022-05-28T03:19:00+00:00, run_after=2022-05-28T03:20:00+00:00
[2022-05-28 11:20:35,563] {processor.py:161} INFO - Processing /Users/user/.pyenv/versions/3.8.13/lib/python3.8/site-packages/airflow/example_dags/example_branch_python_dop_operator_3.py took 0.091 seconds
[2022-05-28 11:21:39,831] {processor.py:153} INFO - Started process (PID=95535) to work on /Users/user/.pyenv/versions/3.8.13/lib/python3.8/site-packages/airflow/example_dags/example_branch_python_dop_operator_3.py
[2022-05-28 11:21:39,832] {processor.py:641} INFO - Processing file /Users/user/.pyenv/versions/3.8.13/lib/python3.8/site-packages/airflow/example_dags/example_branch_python_dop_operator_3.py for tasks to queue
[2022-05-28 11:21:39,833] {logging_mixin.py:115} INFO - [2022-05-28 11:21:39,833] {dagbag.py:507} INFO - Filling up the DagBag from /Users/user/.pyenv/versions/3.8.13/lib/python3.8/site-packages/airflow/example_dags/example_branch_python_dop_operator_3.py
[2022-05-28 11:21:39,855] {processor.py:651} INFO - DAG(s) dict_keys(['example_branch_dop_operator_v3']) retrieved from /Users/user/.pyenv/versions/3.8.13/lib/python3.8/site-packages/airflow/example_dags/example_branch_python_dop_operator_3.py
[2022-05-28 11:21:40,313] {logging_mixin.py:115} INFO - [2022-05-28 11:21:40,313] {dag.py:2379} INFO - Sync 1 DAGs
[2022-05-28 11:21:40,319] {logging_mixin.py:115} INFO - [2022-05-28 11:21:40,318] {dag.py:2398} INFO - Creating ORM DAG for example_branch_dop_operator_v3
[2022-05-28 11:21:40,334] {logging_mixin.py:115} INFO - [2022-05-28 11:21:40,333] {dag.py:2923} INFO - Setting next_dagrun for example_branch_dop_operator_v3 to 2022-05-28T03:20:00+00:00, run_after=2022-05-28T03:21:00+00:00
[2022-05-28 11:21:40,351] {processor.py:161} INFO - Processing /Users/user/.pyenv/versions/3.8.13/lib/python3.8/site-packages/airflow/example_dags/example_branch_python_dop_operator_3.py took 0.520 seconds
[2022-05-28 11:22:58,771] {processor.py:153} INFO - Started process (PID=95608) to work on /Users/user/.pyenv/versions/3.8.13/lib/python3.8/site-packages/airflow/example_dags/example_branch_python_dop_operator_3.py
[2022-05-28 11:22:58,772] {processor.py:641} INFO - Processing file /Users/user/.pyenv/versions/3.8.13/lib/python3.8/site-packages/airflow/example_dags/example_branch_python_dop_operator_3.py for tasks to queue
[2022-05-28 11:22:58,772] {logging_mixin.py:115} INFO - [2022-05-28 11:22:58,772] {dagbag.py:507} INFO - Filling up the DagBag from /Users/user/.pyenv/versions/3.8.13/lib/python3.8/site-packages/airflow/example_dags/example_branch_python_dop_operator_3.py
[2022-05-28 11:22:58,793] {processor.py:651} INFO - DAG(s) dict_keys(['example_branch_dop_operator_v3']) retrieved from /Users/user/.pyenv/versions/3.8.13/lib/python3.8/site-packages/airflow/example_dags/example_branch_python_dop_operator_3.py
[2022-05-28 11:22:59,543] {logging_mixin.py:115} INFO - [2022-05-28 11:22:59,543] {dag.py:2379} INFO - Sync 1 DAGs
[2022-05-28 11:22:59,551] {logging_mixin.py:115} INFO - [2022-05-28 11:22:59,550] {dag.py:2398} INFO - Creating ORM DAG for example_branch_dop_operator_v3
[2022-05-28 11:22:59,567] {logging_mixin.py:115} INFO - [2022-05-28 11:22:59,567] {dag.py:2923} INFO - Setting next_dagrun for example_branch_dop_operator_v3 to 2022-05-28T03:21:00+00:00, run_after=2022-05-28T03:22:00+00:00
[2022-05-28 11:22:59,581] {processor.py:161} INFO - Processing /Users/user/.pyenv/versions/3.8.13/lib/python3.8/site-packages/airflow/example_dags/example_branch_python_dop_operator_3.py took 0.811 seconds
