[2022-05-28 11:14:41,148] {processor.py:153} INFO - Started process (PID=93343) to work on /Users/user/.pyenv/versions/3.8.13/lib/python3.8/site-packages/airflow/example_dags/example_sla_dag.py
[2022-05-28 11:14:41,148] {processor.py:641} INFO - Processing file /Users/user/.pyenv/versions/3.8.13/lib/python3.8/site-packages/airflow/example_dags/example_sla_dag.py for tasks to queue
[2022-05-28 11:14:41,148] {logging_mixin.py:115} INFO - [2022-05-28 11:14:41,148] {dagbag.py:507} INFO - Filling up the DagBag from /Users/user/.pyenv/versions/3.8.13/lib/python3.8/site-packages/airflow/example_dags/example_sla_dag.py
[2022-05-28 11:14:41,177] {processor.py:651} INFO - DAG(s) dict_keys(['example_sla_dag']) retrieved from /Users/user/.pyenv/versions/3.8.13/lib/python3.8/site-packages/airflow/example_dags/example_sla_dag.py
[2022-05-28 11:14:41,938] {logging_mixin.py:115} INFO - [2022-05-28 11:14:41,938] {manager.py:508} INFO - Created Permission View: can edit on DAG:example_sla_dag
[2022-05-28 11:14:41,945] {logging_mixin.py:115} INFO - [2022-05-28 11:14:41,945] {manager.py:508} INFO - Created Permission View: can delete on DAG:example_sla_dag
[2022-05-28 11:14:41,950] {logging_mixin.py:115} INFO - [2022-05-28 11:14:41,950] {manager.py:508} INFO - Created Permission View: can read on DAG:example_sla_dag
[2022-05-28 11:14:41,950] {logging_mixin.py:115} INFO - [2022-05-28 11:14:41,950] {dag.py:2379} INFO - Sync 1 DAGs
[2022-05-28 11:14:41,959] {logging_mixin.py:115} INFO - [2022-05-28 11:14:41,959] {dag.py:2398} INFO - Creating ORM DAG for example_sla_dag
[2022-05-28 11:14:41,973] {logging_mixin.py:115} INFO - [2022-05-28 11:14:41,973] {dag.py:2923} INFO - Setting next_dagrun for example_sla_dag to 2022-05-28T03:12:00+00:00, run_after=2022-05-28T03:14:00+00:00
[2022-05-28 11:14:41,986] {processor.py:161} INFO - Processing /Users/user/.pyenv/versions/3.8.13/lib/python3.8/site-packages/airflow/example_dags/example_sla_dag.py took 0.839 seconds
[2022-05-28 11:16:01,309] {processor.py:153} INFO - Started process (PID=93424) to work on /Users/user/.pyenv/versions/3.8.13/lib/python3.8/site-packages/airflow/example_dags/example_sla_dag.py
[2022-05-28 11:16:01,309] {processor.py:641} INFO - Processing file /Users/user/.pyenv/versions/3.8.13/lib/python3.8/site-packages/airflow/example_dags/example_sla_dag.py for tasks to queue
[2022-05-28 11:16:01,309] {logging_mixin.py:115} INFO - [2022-05-28 11:16:01,309] {dagbag.py:507} INFO - Filling up the DagBag from /Users/user/.pyenv/versions/3.8.13/lib/python3.8/site-packages/airflow/example_dags/example_sla_dag.py
[2022-05-28 11:16:01,337] {processor.py:651} INFO - DAG(s) dict_keys(['example_sla_dag']) retrieved from /Users/user/.pyenv/versions/3.8.13/lib/python3.8/site-packages/airflow/example_dags/example_sla_dag.py
[2022-05-28 11:16:01,395] {logging_mixin.py:115} INFO - [2022-05-28 11:16:01,395] {dag.py:2379} INFO - Sync 1 DAGs
[2022-05-28 11:16:01,410] {logging_mixin.py:115} INFO - [2022-05-28 11:16:01,410] {dag.py:2923} INFO - Setting next_dagrun for example_sla_dag to 2022-05-28T03:14:00+00:00, run_after=2022-05-28T03:16:00+00:00
[2022-05-28 11:16:01,417] {processor.py:161} INFO - Processing /Users/user/.pyenv/versions/3.8.13/lib/python3.8/site-packages/airflow/example_dags/example_sla_dag.py took 0.109 seconds
[2022-05-28 11:17:04,311] {processor.py:153} INFO - Started process (PID=93506) to work on /Users/user/.pyenv/versions/3.8.13/lib/python3.8/site-packages/airflow/example_dags/example_sla_dag.py
[2022-05-28 11:17:04,311] {processor.py:641} INFO - Processing file /Users/user/.pyenv/versions/3.8.13/lib/python3.8/site-packages/airflow/example_dags/example_sla_dag.py for tasks to queue
[2022-05-28 11:17:04,312] {logging_mixin.py:115} INFO - [2022-05-28 11:17:04,312] {dagbag.py:507} INFO - Filling up the DagBag from /Users/user/.pyenv/versions/3.8.13/lib/python3.8/site-packages/airflow/example_dags/example_sla_dag.py
[2022-05-28 11:17:04,348] {processor.py:651} INFO - DAG(s) dict_keys(['example_sla_dag']) retrieved from /Users/user/.pyenv/versions/3.8.13/lib/python3.8/site-packages/airflow/example_dags/example_sla_dag.py
[2022-05-28 11:17:04,408] {logging_mixin.py:115} INFO - [2022-05-28 11:17:04,407] {dag.py:2379} INFO - Sync 1 DAGs
[2022-05-28 11:17:04,423] {logging_mixin.py:115} INFO - [2022-05-28 11:17:04,423] {dag.py:2923} INFO - Setting next_dagrun for example_sla_dag to 2022-05-28T03:14:00+00:00, run_after=2022-05-28T03:16:00+00:00
[2022-05-28 11:17:04,432] {processor.py:161} INFO - Processing /Users/user/.pyenv/versions/3.8.13/lib/python3.8/site-packages/airflow/example_dags/example_sla_dag.py took 0.121 seconds
[2022-05-28 11:18:09,878] {processor.py:153} INFO - Started process (PID=94155) to work on /Users/user/.pyenv/versions/3.8.13/lib/python3.8/site-packages/airflow/example_dags/example_sla_dag.py
[2022-05-28 11:18:09,879] {processor.py:641} INFO - Processing file /Users/user/.pyenv/versions/3.8.13/lib/python3.8/site-packages/airflow/example_dags/example_sla_dag.py for tasks to queue
[2022-05-28 11:18:09,879] {logging_mixin.py:115} INFO - [2022-05-28 11:18:09,879] {dagbag.py:507} INFO - Filling up the DagBag from /Users/user/.pyenv/versions/3.8.13/lib/python3.8/site-packages/airflow/example_dags/example_sla_dag.py
[2022-05-28 11:18:09,916] {processor.py:651} INFO - DAG(s) dict_keys(['example_sla_dag']) retrieved from /Users/user/.pyenv/versions/3.8.13/lib/python3.8/site-packages/airflow/example_dags/example_sla_dag.py
[2022-05-28 11:18:09,988] {logging_mixin.py:115} INFO - [2022-05-28 11:18:09,988] {dag.py:2379} INFO - Sync 1 DAGs
[2022-05-28 11:18:10,011] {logging_mixin.py:115} INFO - [2022-05-28 11:18:10,011] {dag.py:2923} INFO - Setting next_dagrun for example_sla_dag to 2022-05-28T03:16:00+00:00, run_after=2022-05-28T03:18:00+00:00
[2022-05-28 11:18:10,023] {processor.py:161} INFO - Processing /Users/user/.pyenv/versions/3.8.13/lib/python3.8/site-packages/airflow/example_dags/example_sla_dag.py took 0.146 seconds
[2022-05-28 11:19:11,330] {processor.py:153} INFO - Started process (PID=94798) to work on /Users/user/.pyenv/versions/3.8.13/lib/python3.8/site-packages/airflow/example_dags/example_sla_dag.py
[2022-05-28 11:19:11,331] {processor.py:641} INFO - Processing file /Users/user/.pyenv/versions/3.8.13/lib/python3.8/site-packages/airflow/example_dags/example_sla_dag.py for tasks to queue
[2022-05-28 11:19:11,331] {logging_mixin.py:115} INFO - [2022-05-28 11:19:11,331] {dagbag.py:507} INFO - Filling up the DagBag from /Users/user/.pyenv/versions/3.8.13/lib/python3.8/site-packages/airflow/example_dags/example_sla_dag.py
[2022-05-28 11:19:11,355] {processor.py:651} INFO - DAG(s) dict_keys(['example_sla_dag']) retrieved from /Users/user/.pyenv/versions/3.8.13/lib/python3.8/site-packages/airflow/example_dags/example_sla_dag.py
[2022-05-28 11:19:11,402] {logging_mixin.py:115} INFO - [2022-05-28 11:19:11,402] {dag.py:2379} INFO - Sync 1 DAGs
[2022-05-28 11:19:11,415] {logging_mixin.py:115} INFO - [2022-05-28 11:19:11,415] {dag.py:2923} INFO - Setting next_dagrun for example_sla_dag to 2022-05-28T03:16:00+00:00, run_after=2022-05-28T03:18:00+00:00
[2022-05-28 11:19:11,422] {processor.py:161} INFO - Processing /Users/user/.pyenv/versions/3.8.13/lib/python3.8/site-packages/airflow/example_dags/example_sla_dag.py took 0.093 seconds
[2022-05-28 11:20:11,446] {processor.py:153} INFO - Started process (PID=95434) to work on /Users/user/.pyenv/versions/3.8.13/lib/python3.8/site-packages/airflow/example_dags/example_sla_dag.py
[2022-05-28 11:20:11,446] {processor.py:641} INFO - Processing file /Users/user/.pyenv/versions/3.8.13/lib/python3.8/site-packages/airflow/example_dags/example_sla_dag.py for tasks to queue
[2022-05-28 11:20:11,447] {logging_mixin.py:115} INFO - [2022-05-28 11:20:11,446] {dagbag.py:507} INFO - Filling up the DagBag from /Users/user/.pyenv/versions/3.8.13/lib/python3.8/site-packages/airflow/example_dags/example_sla_dag.py
[2022-05-28 11:20:11,501] {processor.py:651} INFO - DAG(s) dict_keys(['example_sla_dag']) retrieved from /Users/user/.pyenv/versions/3.8.13/lib/python3.8/site-packages/airflow/example_dags/example_sla_dag.py
[2022-05-28 11:20:11,609] {logging_mixin.py:115} INFO - [2022-05-28 11:20:11,608] {dag.py:2379} INFO - Sync 1 DAGs
[2022-05-28 11:20:11,649] {logging_mixin.py:115} INFO - [2022-05-28 11:20:11,649] {dag.py:2923} INFO - Setting next_dagrun for example_sla_dag to 2022-05-28T03:18:00+00:00, run_after=2022-05-28T03:20:00+00:00
[2022-05-28 11:20:11,667] {processor.py:161} INFO - Processing /Users/user/.pyenv/versions/3.8.13/lib/python3.8/site-packages/airflow/example_dags/example_sla_dag.py took 0.223 seconds
[2022-05-28 11:21:14,793] {processor.py:153} INFO - Started process (PID=95507) to work on /Users/user/.pyenv/versions/3.8.13/lib/python3.8/site-packages/airflow/example_dags/example_sla_dag.py
[2022-05-28 11:21:14,793] {processor.py:641} INFO - Processing file /Users/user/.pyenv/versions/3.8.13/lib/python3.8/site-packages/airflow/example_dags/example_sla_dag.py for tasks to queue
[2022-05-28 11:21:14,794] {logging_mixin.py:115} INFO - [2022-05-28 11:21:14,794] {dagbag.py:507} INFO - Filling up the DagBag from /Users/user/.pyenv/versions/3.8.13/lib/python3.8/site-packages/airflow/example_dags/example_sla_dag.py
[2022-05-28 11:21:14,822] {processor.py:651} INFO - DAG(s) dict_keys(['example_sla_dag']) retrieved from /Users/user/.pyenv/versions/3.8.13/lib/python3.8/site-packages/airflow/example_dags/example_sla_dag.py
[2022-05-28 11:21:14,893] {logging_mixin.py:115} INFO - [2022-05-28 11:21:14,892] {dag.py:2379} INFO - Sync 1 DAGs
[2022-05-28 11:21:14,919] {logging_mixin.py:115} INFO - [2022-05-28 11:21:14,919] {dag.py:2923} INFO - Setting next_dagrun for example_sla_dag to 2022-05-28T03:18:00+00:00, run_after=2022-05-28T03:20:00+00:00
[2022-05-28 11:21:15,025] {processor.py:161} INFO - Processing /Users/user/.pyenv/versions/3.8.13/lib/python3.8/site-packages/airflow/example_dags/example_sla_dag.py took 0.232 seconds
[2022-05-28 11:22:27,778] {processor.py:153} INFO - Started process (PID=95579) to work on /Users/user/.pyenv/versions/3.8.13/lib/python3.8/site-packages/airflow/example_dags/example_sla_dag.py
[2022-05-28 11:22:27,779] {processor.py:641} INFO - Processing file /Users/user/.pyenv/versions/3.8.13/lib/python3.8/site-packages/airflow/example_dags/example_sla_dag.py for tasks to queue
[2022-05-28 11:22:27,780] {logging_mixin.py:115} INFO - [2022-05-28 11:22:27,780] {dagbag.py:507} INFO - Filling up the DagBag from /Users/user/.pyenv/versions/3.8.13/lib/python3.8/site-packages/airflow/example_dags/example_sla_dag.py
[2022-05-28 11:22:27,826] {processor.py:651} INFO - DAG(s) dict_keys(['example_sla_dag']) retrieved from /Users/user/.pyenv/versions/3.8.13/lib/python3.8/site-packages/airflow/example_dags/example_sla_dag.py
[2022-05-28 11:22:28,481] {logging_mixin.py:115} INFO - [2022-05-28 11:22:28,481] {dag.py:2379} INFO - Sync 1 DAGs
[2022-05-28 11:22:28,488] {logging_mixin.py:115} INFO - [2022-05-28 11:22:28,488] {dag.py:2398} INFO - Creating ORM DAG for example_sla_dag
[2022-05-28 11:22:28,500] {logging_mixin.py:115} INFO - [2022-05-28 11:22:28,500] {dag.py:2923} INFO - Setting next_dagrun for example_sla_dag to 2022-05-28T03:20:00+00:00, run_after=2022-05-28T03:22:00+00:00
[2022-05-28 11:22:28,511] {processor.py:161} INFO - Processing /Users/user/.pyenv/versions/3.8.13/lib/python3.8/site-packages/airflow/example_dags/example_sla_dag.py took 0.734 seconds
