[2022-05-28 11:14:27,405] {processor.py:153} INFO - Started process (PID=93329) to work on /Users/user/.pyenv/versions/3.8.13/lib/python3.8/site-packages/airflow/example_dags/example_trigger_controller_dag.py
[2022-05-28 11:14:27,405] {processor.py:641} INFO - Processing file /Users/user/.pyenv/versions/3.8.13/lib/python3.8/site-packages/airflow/example_dags/example_trigger_controller_dag.py for tasks to queue
[2022-05-28 11:14:27,406] {logging_mixin.py:115} INFO - [2022-05-28 11:14:27,406] {dagbag.py:507} INFO - Filling up the DagBag from /Users/user/.pyenv/versions/3.8.13/lib/python3.8/site-packages/airflow/example_dags/example_trigger_controller_dag.py
[2022-05-28 11:14:27,415] {processor.py:651} INFO - DAG(s) dict_keys(['example_trigger_controller_dag']) retrieved from /Users/user/.pyenv/versions/3.8.13/lib/python3.8/site-packages/airflow/example_dags/example_trigger_controller_dag.py
[2022-05-28 11:14:28,076] {logging_mixin.py:115} INFO - [2022-05-28 11:14:28,076] {manager.py:508} INFO - Created Permission View: can read on DAG:example_trigger_controller_dag
[2022-05-28 11:14:28,084] {logging_mixin.py:115} INFO - [2022-05-28 11:14:28,084] {manager.py:508} INFO - Created Permission View: can delete on DAG:example_trigger_controller_dag
[2022-05-28 11:14:28,088] {logging_mixin.py:115} INFO - [2022-05-28 11:14:28,088] {manager.py:508} INFO - Created Permission View: can edit on DAG:example_trigger_controller_dag
[2022-05-28 11:14:28,089] {logging_mixin.py:115} INFO - [2022-05-28 11:14:28,088] {dag.py:2379} INFO - Sync 1 DAGs
[2022-05-28 11:14:28,094] {logging_mixin.py:115} INFO - [2022-05-28 11:14:28,094] {dag.py:2398} INFO - Creating ORM DAG for example_trigger_controller_dag
[2022-05-28 11:14:28,100] {logging_mixin.py:115} INFO - [2022-05-28 11:14:28,100] {dag.py:2923} INFO - Setting next_dagrun for example_trigger_controller_dag to 2021-01-01T00:00:00+00:00, run_after=2021-01-01T00:00:00+00:00
[2022-05-28 11:14:28,108] {processor.py:161} INFO - Processing /Users/user/.pyenv/versions/3.8.13/lib/python3.8/site-packages/airflow/example_dags/example_trigger_controller_dag.py took 0.704 seconds
[2022-05-28 11:15:51,983] {processor.py:153} INFO - Started process (PID=93412) to work on /Users/user/.pyenv/versions/3.8.13/lib/python3.8/site-packages/airflow/example_dags/example_trigger_controller_dag.py
[2022-05-28 11:15:51,984] {processor.py:641} INFO - Processing file /Users/user/.pyenv/versions/3.8.13/lib/python3.8/site-packages/airflow/example_dags/example_trigger_controller_dag.py for tasks to queue
[2022-05-28 11:15:51,985] {logging_mixin.py:115} INFO - [2022-05-28 11:15:51,984] {dagbag.py:507} INFO - Filling up the DagBag from /Users/user/.pyenv/versions/3.8.13/lib/python3.8/site-packages/airflow/example_dags/example_trigger_controller_dag.py
[2022-05-28 11:15:51,993] {processor.py:651} INFO - DAG(s) dict_keys(['example_trigger_controller_dag']) retrieved from /Users/user/.pyenv/versions/3.8.13/lib/python3.8/site-packages/airflow/example_dags/example_trigger_controller_dag.py
[2022-05-28 11:15:52,044] {logging_mixin.py:115} INFO - [2022-05-28 11:15:52,044] {dag.py:2379} INFO - Sync 1 DAGs
[2022-05-28 11:15:52,055] {logging_mixin.py:115} INFO - [2022-05-28 11:15:52,055] {dag.py:2923} INFO - Setting next_dagrun for example_trigger_controller_dag to 2021-01-01T00:00:00+00:00, run_after=2021-01-01T00:00:00+00:00
[2022-05-28 11:15:52,063] {processor.py:161} INFO - Processing /Users/user/.pyenv/versions/3.8.13/lib/python3.8/site-packages/airflow/example_dags/example_trigger_controller_dag.py took 0.081 seconds
[2022-05-28 11:16:55,171] {processor.py:153} INFO - Started process (PID=93493) to work on /Users/user/.pyenv/versions/3.8.13/lib/python3.8/site-packages/airflow/example_dags/example_trigger_controller_dag.py
[2022-05-28 11:16:55,171] {processor.py:641} INFO - Processing file /Users/user/.pyenv/versions/3.8.13/lib/python3.8/site-packages/airflow/example_dags/example_trigger_controller_dag.py for tasks to queue
[2022-05-28 11:16:55,171] {logging_mixin.py:115} INFO - [2022-05-28 11:16:55,171] {dagbag.py:507} INFO - Filling up the DagBag from /Users/user/.pyenv/versions/3.8.13/lib/python3.8/site-packages/airflow/example_dags/example_trigger_controller_dag.py
[2022-05-28 11:16:55,178] {processor.py:651} INFO - DAG(s) dict_keys(['example_trigger_controller_dag']) retrieved from /Users/user/.pyenv/versions/3.8.13/lib/python3.8/site-packages/airflow/example_dags/example_trigger_controller_dag.py
[2022-05-28 11:16:55,227] {logging_mixin.py:115} INFO - [2022-05-28 11:16:55,226] {dag.py:2379} INFO - Sync 1 DAGs
[2022-05-28 11:16:55,237] {logging_mixin.py:115} INFO - [2022-05-28 11:16:55,237] {dag.py:2923} INFO - Setting next_dagrun for example_trigger_controller_dag to 2021-01-01T00:00:00+00:00, run_after=2021-01-01T00:00:00+00:00
[2022-05-28 11:16:55,245] {processor.py:161} INFO - Processing /Users/user/.pyenv/versions/3.8.13/lib/python3.8/site-packages/airflow/example_dags/example_trigger_controller_dag.py took 0.075 seconds
[2022-05-28 11:18:00,578] {processor.py:153} INFO - Started process (PID=94144) to work on /Users/user/.pyenv/versions/3.8.13/lib/python3.8/site-packages/airflow/example_dags/example_trigger_controller_dag.py
[2022-05-28 11:18:00,579] {processor.py:641} INFO - Processing file /Users/user/.pyenv/versions/3.8.13/lib/python3.8/site-packages/airflow/example_dags/example_trigger_controller_dag.py for tasks to queue
[2022-05-28 11:18:00,579] {logging_mixin.py:115} INFO - [2022-05-28 11:18:00,579] {dagbag.py:507} INFO - Filling up the DagBag from /Users/user/.pyenv/versions/3.8.13/lib/python3.8/site-packages/airflow/example_dags/example_trigger_controller_dag.py
[2022-05-28 11:18:00,589] {processor.py:651} INFO - DAG(s) dict_keys(['example_trigger_controller_dag']) retrieved from /Users/user/.pyenv/versions/3.8.13/lib/python3.8/site-packages/airflow/example_dags/example_trigger_controller_dag.py
[2022-05-28 11:18:00,635] {logging_mixin.py:115} INFO - [2022-05-28 11:18:00,635] {dag.py:2379} INFO - Sync 1 DAGs
[2022-05-28 11:18:00,644] {logging_mixin.py:115} INFO - [2022-05-28 11:18:00,644] {dag.py:2923} INFO - Setting next_dagrun for example_trigger_controller_dag to 2021-01-01T00:00:00+00:00, run_after=2021-01-01T00:00:00+00:00
[2022-05-28 11:18:00,651] {processor.py:161} INFO - Processing /Users/user/.pyenv/versions/3.8.13/lib/python3.8/site-packages/airflow/example_dags/example_trigger_controller_dag.py took 0.074 seconds
[2022-05-28 11:19:02,003] {processor.py:153} INFO - Started process (PID=94788) to work on /Users/user/.pyenv/versions/3.8.13/lib/python3.8/site-packages/airflow/example_dags/example_trigger_controller_dag.py
[2022-05-28 11:19:02,004] {processor.py:641} INFO - Processing file /Users/user/.pyenv/versions/3.8.13/lib/python3.8/site-packages/airflow/example_dags/example_trigger_controller_dag.py for tasks to queue
[2022-05-28 11:19:02,004] {logging_mixin.py:115} INFO - [2022-05-28 11:19:02,004] {dagbag.py:507} INFO - Filling up the DagBag from /Users/user/.pyenv/versions/3.8.13/lib/python3.8/site-packages/airflow/example_dags/example_trigger_controller_dag.py
[2022-05-28 11:19:02,015] {processor.py:651} INFO - DAG(s) dict_keys(['example_trigger_controller_dag']) retrieved from /Users/user/.pyenv/versions/3.8.13/lib/python3.8/site-packages/airflow/example_dags/example_trigger_controller_dag.py
[2022-05-28 11:19:02,095] {logging_mixin.py:115} INFO - [2022-05-28 11:19:02,095] {dag.py:2379} INFO - Sync 1 DAGs
[2022-05-28 11:19:02,117] {logging_mixin.py:115} INFO - [2022-05-28 11:19:02,117] {dag.py:2923} INFO - Setting next_dagrun for example_trigger_controller_dag to 2021-01-01T00:00:00+00:00, run_after=2021-01-01T00:00:00+00:00
[2022-05-28 11:19:02,139] {processor.py:161} INFO - Processing /Users/user/.pyenv/versions/3.8.13/lib/python3.8/site-packages/airflow/example_dags/example_trigger_controller_dag.py took 0.136 seconds
[2022-05-28 11:20:03,754] {processor.py:153} INFO - Started process (PID=95424) to work on /Users/user/.pyenv/versions/3.8.13/lib/python3.8/site-packages/airflow/example_dags/example_trigger_controller_dag.py
[2022-05-28 11:20:03,755] {processor.py:641} INFO - Processing file /Users/user/.pyenv/versions/3.8.13/lib/python3.8/site-packages/airflow/example_dags/example_trigger_controller_dag.py for tasks to queue
[2022-05-28 11:20:03,756] {logging_mixin.py:115} INFO - [2022-05-28 11:20:03,756] {dagbag.py:507} INFO - Filling up the DagBag from /Users/user/.pyenv/versions/3.8.13/lib/python3.8/site-packages/airflow/example_dags/example_trigger_controller_dag.py
[2022-05-28 11:20:03,768] {processor.py:651} INFO - DAG(s) dict_keys(['example_trigger_controller_dag']) retrieved from /Users/user/.pyenv/versions/3.8.13/lib/python3.8/site-packages/airflow/example_dags/example_trigger_controller_dag.py
[2022-05-28 11:20:03,814] {logging_mixin.py:115} INFO - [2022-05-28 11:20:03,814] {dag.py:2379} INFO - Sync 1 DAGs
[2022-05-28 11:20:03,823] {logging_mixin.py:115} INFO - [2022-05-28 11:20:03,823] {dag.py:2923} INFO - Setting next_dagrun for example_trigger_controller_dag to 2021-01-01T00:00:00+00:00, run_after=2021-01-01T00:00:00+00:00
[2022-05-28 11:20:03,830] {processor.py:161} INFO - Processing /Users/user/.pyenv/versions/3.8.13/lib/python3.8/site-packages/airflow/example_dags/example_trigger_controller_dag.py took 0.076 seconds
[2022-05-28 11:21:05,435] {processor.py:153} INFO - Started process (PID=95496) to work on /Users/user/.pyenv/versions/3.8.13/lib/python3.8/site-packages/airflow/example_dags/example_trigger_controller_dag.py
[2022-05-28 11:21:05,435] {processor.py:641} INFO - Processing file /Users/user/.pyenv/versions/3.8.13/lib/python3.8/site-packages/airflow/example_dags/example_trigger_controller_dag.py for tasks to queue
[2022-05-28 11:21:05,436] {logging_mixin.py:115} INFO - [2022-05-28 11:21:05,436] {dagbag.py:507} INFO - Filling up the DagBag from /Users/user/.pyenv/versions/3.8.13/lib/python3.8/site-packages/airflow/example_dags/example_trigger_controller_dag.py
[2022-05-28 11:21:05,445] {processor.py:651} INFO - DAG(s) dict_keys(['example_trigger_controller_dag']) retrieved from /Users/user/.pyenv/versions/3.8.13/lib/python3.8/site-packages/airflow/example_dags/example_trigger_controller_dag.py
[2022-05-28 11:21:05,523] {logging_mixin.py:115} INFO - [2022-05-28 11:21:05,523] {dag.py:2379} INFO - Sync 1 DAGs
[2022-05-28 11:21:05,540] {logging_mixin.py:115} INFO - [2022-05-28 11:21:05,540] {dag.py:2923} INFO - Setting next_dagrun for example_trigger_controller_dag to 2021-01-01T00:00:00+00:00, run_after=2021-01-01T00:00:00+00:00
[2022-05-28 11:21:05,553] {processor.py:161} INFO - Processing /Users/user/.pyenv/versions/3.8.13/lib/python3.8/site-packages/airflow/example_dags/example_trigger_controller_dag.py took 0.118 seconds
[2022-05-28 11:22:16,492] {processor.py:153} INFO - Started process (PID=95569) to work on /Users/user/.pyenv/versions/3.8.13/lib/python3.8/site-packages/airflow/example_dags/example_trigger_controller_dag.py
[2022-05-28 11:22:16,492] {processor.py:641} INFO - Processing file /Users/user/.pyenv/versions/3.8.13/lib/python3.8/site-packages/airflow/example_dags/example_trigger_controller_dag.py for tasks to queue
[2022-05-28 11:22:16,493] {logging_mixin.py:115} INFO - [2022-05-28 11:22:16,493] {dagbag.py:507} INFO - Filling up the DagBag from /Users/user/.pyenv/versions/3.8.13/lib/python3.8/site-packages/airflow/example_dags/example_trigger_controller_dag.py
[2022-05-28 11:22:16,502] {processor.py:651} INFO - DAG(s) dict_keys(['example_trigger_controller_dag']) retrieved from /Users/user/.pyenv/versions/3.8.13/lib/python3.8/site-packages/airflow/example_dags/example_trigger_controller_dag.py
[2022-05-28 11:22:16,554] {logging_mixin.py:115} INFO - [2022-05-28 11:22:16,554] {dag.py:2379} INFO - Sync 1 DAGs
[2022-05-28 11:22:16,565] {logging_mixin.py:115} INFO - [2022-05-28 11:22:16,565] {dag.py:2923} INFO - Setting next_dagrun for example_trigger_controller_dag to 2021-01-01T00:00:00+00:00, run_after=2021-01-01T00:00:00+00:00
[2022-05-28 11:22:16,573] {processor.py:161} INFO - Processing /Users/user/.pyenv/versions/3.8.13/lib/python3.8/site-packages/airflow/example_dags/example_trigger_controller_dag.py took 0.082 seconds
