[2022-05-28 11:14:32,849] {processor.py:153} INFO - Started process (PID=93333) to work on /Users/user/.pyenv/versions/3.8.13/lib/python3.8/site-packages/airflow/example_dags/example_task_group_decorator.py
[2022-05-28 11:14:32,849] {processor.py:641} INFO - Processing file /Users/user/.pyenv/versions/3.8.13/lib/python3.8/site-packages/airflow/example_dags/example_task_group_decorator.py for tasks to queue
[2022-05-28 11:14:32,849] {logging_mixin.py:115} INFO - [2022-05-28 11:14:32,849] {dagbag.py:507} INFO - Filling up the DagBag from /Users/user/.pyenv/versions/3.8.13/lib/python3.8/site-packages/airflow/example_dags/example_task_group_decorator.py
[2022-05-28 11:14:32,887] {processor.py:651} INFO - DAG(s) dict_keys(['example_task_group_decorator']) retrieved from /Users/user/.pyenv/versions/3.8.13/lib/python3.8/site-packages/airflow/example_dags/example_task_group_decorator.py
[2022-05-28 11:14:33,657] {logging_mixin.py:115} INFO - [2022-05-28 11:14:33,657] {manager.py:508} INFO - Created Permission View: can delete on DAG:example_task_group_decorator
[2022-05-28 11:14:33,663] {logging_mixin.py:115} INFO - [2022-05-28 11:14:33,663] {manager.py:508} INFO - Created Permission View: can read on DAG:example_task_group_decorator
[2022-05-28 11:14:33,667] {logging_mixin.py:115} INFO - [2022-05-28 11:14:33,667] {manager.py:508} INFO - Created Permission View: can edit on DAG:example_task_group_decorator
[2022-05-28 11:14:33,667] {logging_mixin.py:115} INFO - [2022-05-28 11:14:33,667] {dag.py:2379} INFO - Sync 1 DAGs
[2022-05-28 11:14:33,673] {logging_mixin.py:115} INFO - [2022-05-28 11:14:33,673] {dag.py:2398} INFO - Creating ORM DAG for example_task_group_decorator
[2022-05-28 11:14:33,680] {logging_mixin.py:115} INFO - [2022-05-28 11:14:33,680] {dag.py:2923} INFO - Setting next_dagrun for example_task_group_decorator to 2022-05-27T03:14:33.679965+00:00, run_after=2022-05-28T03:14:33.679965+00:00
[2022-05-28 11:14:33,689] {processor.py:161} INFO - Processing /Users/user/.pyenv/versions/3.8.13/lib/python3.8/site-packages/airflow/example_dags/example_task_group_decorator.py took 0.841 seconds
[2022-05-28 11:15:55,420] {processor.py:153} INFO - Started process (PID=93416) to work on /Users/user/.pyenv/versions/3.8.13/lib/python3.8/site-packages/airflow/example_dags/example_task_group_decorator.py
[2022-05-28 11:15:55,421] {processor.py:641} INFO - Processing file /Users/user/.pyenv/versions/3.8.13/lib/python3.8/site-packages/airflow/example_dags/example_task_group_decorator.py for tasks to queue
[2022-05-28 11:15:55,421] {logging_mixin.py:115} INFO - [2022-05-28 11:15:55,421] {dagbag.py:507} INFO - Filling up the DagBag from /Users/user/.pyenv/versions/3.8.13/lib/python3.8/site-packages/airflow/example_dags/example_task_group_decorator.py
[2022-05-28 11:15:55,457] {processor.py:651} INFO - DAG(s) dict_keys(['example_task_group_decorator']) retrieved from /Users/user/.pyenv/versions/3.8.13/lib/python3.8/site-packages/airflow/example_dags/example_task_group_decorator.py
[2022-05-28 11:15:55,919] {logging_mixin.py:115} INFO - [2022-05-28 11:15:55,919] {dag.py:2379} INFO - Sync 1 DAGs
[2022-05-28 11:15:55,928] {logging_mixin.py:115} INFO - [2022-05-28 11:15:55,928] {dag.py:2923} INFO - Setting next_dagrun for example_task_group_decorator to 2022-05-27T03:15:55.928486+00:00, run_after=2022-05-28T03:15:55.928486+00:00
[2022-05-28 11:15:55,937] {processor.py:161} INFO - Processing /Users/user/.pyenv/versions/3.8.13/lib/python3.8/site-packages/airflow/example_dags/example_task_group_decorator.py took 0.518 seconds
[2022-05-28 11:16:58,469] {processor.py:153} INFO - Started process (PID=93498) to work on /Users/user/.pyenv/versions/3.8.13/lib/python3.8/site-packages/airflow/example_dags/example_task_group_decorator.py
[2022-05-28 11:16:58,470] {processor.py:641} INFO - Processing file /Users/user/.pyenv/versions/3.8.13/lib/python3.8/site-packages/airflow/example_dags/example_task_group_decorator.py for tasks to queue
[2022-05-28 11:16:58,470] {logging_mixin.py:115} INFO - [2022-05-28 11:16:58,470] {dagbag.py:507} INFO - Filling up the DagBag from /Users/user/.pyenv/versions/3.8.13/lib/python3.8/site-packages/airflow/example_dags/example_task_group_decorator.py
[2022-05-28 11:16:58,511] {processor.py:651} INFO - DAG(s) dict_keys(['example_task_group_decorator']) retrieved from /Users/user/.pyenv/versions/3.8.13/lib/python3.8/site-packages/airflow/example_dags/example_task_group_decorator.py
[2022-05-28 11:16:59,025] {logging_mixin.py:115} INFO - [2022-05-28 11:16:59,024] {dag.py:2379} INFO - Sync 1 DAGs
[2022-05-28 11:16:59,036] {logging_mixin.py:115} INFO - [2022-05-28 11:16:59,036] {dag.py:2923} INFO - Setting next_dagrun for example_task_group_decorator to 2022-05-27T03:16:59.036477+00:00, run_after=2022-05-28T03:16:59.036477+00:00
[2022-05-28 11:16:59,046] {processor.py:161} INFO - Processing /Users/user/.pyenv/versions/3.8.13/lib/python3.8/site-packages/airflow/example_dags/example_task_group_decorator.py took 0.578 seconds
[2022-05-28 11:18:04,245] {processor.py:153} INFO - Started process (PID=94148) to work on /Users/user/.pyenv/versions/3.8.13/lib/python3.8/site-packages/airflow/example_dags/example_task_group_decorator.py
[2022-05-28 11:18:04,246] {processor.py:641} INFO - Processing file /Users/user/.pyenv/versions/3.8.13/lib/python3.8/site-packages/airflow/example_dags/example_task_group_decorator.py for tasks to queue
[2022-05-28 11:18:04,247] {logging_mixin.py:115} INFO - [2022-05-28 11:18:04,247] {dagbag.py:507} INFO - Filling up the DagBag from /Users/user/.pyenv/versions/3.8.13/lib/python3.8/site-packages/airflow/example_dags/example_task_group_decorator.py
[2022-05-28 11:18:04,283] {processor.py:651} INFO - DAG(s) dict_keys(['example_task_group_decorator']) retrieved from /Users/user/.pyenv/versions/3.8.13/lib/python3.8/site-packages/airflow/example_dags/example_task_group_decorator.py
[2022-05-28 11:18:04,971] {logging_mixin.py:115} INFO - [2022-05-28 11:18:04,970] {dag.py:2379} INFO - Sync 1 DAGs
[2022-05-28 11:18:04,997] {logging_mixin.py:115} INFO - [2022-05-28 11:18:04,997] {dag.py:2923} INFO - Setting next_dagrun for example_task_group_decorator to 2022-05-27T03:18:04.997267+00:00, run_after=2022-05-28T03:18:04.997267+00:00
[2022-05-28 11:18:05,021] {processor.py:161} INFO - Processing /Users/user/.pyenv/versions/3.8.13/lib/python3.8/site-packages/airflow/example_dags/example_task_group_decorator.py took 0.777 seconds
[2022-05-28 11:19:05,629] {processor.py:153} INFO - Started process (PID=94792) to work on /Users/user/.pyenv/versions/3.8.13/lib/python3.8/site-packages/airflow/example_dags/example_task_group_decorator.py
[2022-05-28 11:19:05,630] {processor.py:641} INFO - Processing file /Users/user/.pyenv/versions/3.8.13/lib/python3.8/site-packages/airflow/example_dags/example_task_group_decorator.py for tasks to queue
[2022-05-28 11:19:05,630] {logging_mixin.py:115} INFO - [2022-05-28 11:19:05,630] {dagbag.py:507} INFO - Filling up the DagBag from /Users/user/.pyenv/versions/3.8.13/lib/python3.8/site-packages/airflow/example_dags/example_task_group_decorator.py
[2022-05-28 11:19:05,682] {processor.py:651} INFO - DAG(s) dict_keys(['example_task_group_decorator']) retrieved from /Users/user/.pyenv/versions/3.8.13/lib/python3.8/site-packages/airflow/example_dags/example_task_group_decorator.py
[2022-05-28 11:19:06,165] {logging_mixin.py:115} INFO - [2022-05-28 11:19:06,164] {dag.py:2379} INFO - Sync 1 DAGs
[2022-05-28 11:19:06,177] {logging_mixin.py:115} INFO - [2022-05-28 11:19:06,176] {dag.py:2923} INFO - Setting next_dagrun for example_task_group_decorator to 2022-05-27T03:19:06.176810+00:00, run_after=2022-05-28T03:19:06.176810+00:00
[2022-05-28 11:19:06,187] {processor.py:161} INFO - Processing /Users/user/.pyenv/versions/3.8.13/lib/python3.8/site-packages/airflow/example_dags/example_task_group_decorator.py took 0.559 seconds
[2022-05-28 11:20:07,277] {processor.py:153} INFO - Started process (PID=95428) to work on /Users/user/.pyenv/versions/3.8.13/lib/python3.8/site-packages/airflow/example_dags/example_task_group_decorator.py
[2022-05-28 11:20:07,283] {processor.py:641} INFO - Processing file /Users/user/.pyenv/versions/3.8.13/lib/python3.8/site-packages/airflow/example_dags/example_task_group_decorator.py for tasks to queue
[2022-05-28 11:20:07,284] {logging_mixin.py:115} INFO - [2022-05-28 11:20:07,284] {dagbag.py:507} INFO - Filling up the DagBag from /Users/user/.pyenv/versions/3.8.13/lib/python3.8/site-packages/airflow/example_dags/example_task_group_decorator.py
[2022-05-28 11:20:07,346] {processor.py:651} INFO - DAG(s) dict_keys(['example_task_group_decorator']) retrieved from /Users/user/.pyenv/versions/3.8.13/lib/python3.8/site-packages/airflow/example_dags/example_task_group_decorator.py
[2022-05-28 11:20:07,782] {logging_mixin.py:115} INFO - [2022-05-28 11:20:07,782] {dag.py:2379} INFO - Sync 1 DAGs
[2022-05-28 11:20:07,792] {logging_mixin.py:115} INFO - [2022-05-28 11:20:07,792] {dag.py:2923} INFO - Setting next_dagrun for example_task_group_decorator to 2022-05-27T03:20:07.792461+00:00, run_after=2022-05-28T03:20:07.792461+00:00
[2022-05-28 11:20:07,801] {processor.py:161} INFO - Processing /Users/user/.pyenv/versions/3.8.13/lib/python3.8/site-packages/airflow/example_dags/example_task_group_decorator.py took 0.524 seconds
[2022-05-28 11:21:08,875] {processor.py:153} INFO - Started process (PID=95500) to work on /Users/user/.pyenv/versions/3.8.13/lib/python3.8/site-packages/airflow/example_dags/example_task_group_decorator.py
[2022-05-28 11:21:08,876] {processor.py:641} INFO - Processing file /Users/user/.pyenv/versions/3.8.13/lib/python3.8/site-packages/airflow/example_dags/example_task_group_decorator.py for tasks to queue
[2022-05-28 11:21:08,876] {logging_mixin.py:115} INFO - [2022-05-28 11:21:08,876] {dagbag.py:507} INFO - Filling up the DagBag from /Users/user/.pyenv/versions/3.8.13/lib/python3.8/site-packages/airflow/example_dags/example_task_group_decorator.py
[2022-05-28 11:21:08,909] {processor.py:651} INFO - DAG(s) dict_keys(['example_task_group_decorator']) retrieved from /Users/user/.pyenv/versions/3.8.13/lib/python3.8/site-packages/airflow/example_dags/example_task_group_decorator.py
[2022-05-28 11:21:09,423] {logging_mixin.py:115} INFO - [2022-05-28 11:21:09,423] {dag.py:2379} INFO - Sync 1 DAGs
[2022-05-28 11:21:09,445] {logging_mixin.py:115} INFO - [2022-05-28 11:21:09,445] {dag.py:2923} INFO - Setting next_dagrun for example_task_group_decorator to 2022-05-27T03:21:09.444934+00:00, run_after=2022-05-28T03:21:09.444934+00:00
[2022-05-28 11:21:09,511] {processor.py:161} INFO - Processing /Users/user/.pyenv/versions/3.8.13/lib/python3.8/site-packages/airflow/example_dags/example_task_group_decorator.py took 0.636 seconds
[2022-05-28 11:22:20,159] {processor.py:153} INFO - Started process (PID=95573) to work on /Users/user/.pyenv/versions/3.8.13/lib/python3.8/site-packages/airflow/example_dags/example_task_group_decorator.py
[2022-05-28 11:22:20,160] {processor.py:641} INFO - Processing file /Users/user/.pyenv/versions/3.8.13/lib/python3.8/site-packages/airflow/example_dags/example_task_group_decorator.py for tasks to queue
[2022-05-28 11:22:20,160] {logging_mixin.py:115} INFO - [2022-05-28 11:22:20,160] {dagbag.py:507} INFO - Filling up the DagBag from /Users/user/.pyenv/versions/3.8.13/lib/python3.8/site-packages/airflow/example_dags/example_task_group_decorator.py
[2022-05-28 11:22:20,202] {processor.py:651} INFO - DAG(s) dict_keys(['example_task_group_decorator']) retrieved from /Users/user/.pyenv/versions/3.8.13/lib/python3.8/site-packages/airflow/example_dags/example_task_group_decorator.py
[2022-05-28 11:22:20,799] {logging_mixin.py:115} INFO - [2022-05-28 11:22:20,799] {dag.py:2379} INFO - Sync 1 DAGs
[2022-05-28 11:22:20,810] {logging_mixin.py:115} INFO - [2022-05-28 11:22:20,810] {dag.py:2923} INFO - Setting next_dagrun for example_task_group_decorator to 2022-05-27T03:22:20.809940+00:00, run_after=2022-05-28T03:22:20.809940+00:00
[2022-05-28 11:22:20,820] {processor.py:161} INFO - Processing /Users/user/.pyenv/versions/3.8.13/lib/python3.8/site-packages/airflow/example_dags/example_task_group_decorator.py took 0.662 seconds
