[2022-05-28 11:14:35,656] {processor.py:153} INFO - Started process (PID=93337) to work on /Users/user/.pyenv/versions/3.8.13/lib/python3.8/site-packages/airflow/example_dags/example_task_group.py
[2022-05-28 11:14:35,656] {processor.py:641} INFO - Processing file /Users/user/.pyenv/versions/3.8.13/lib/python3.8/site-packages/airflow/example_dags/example_task_group.py for tasks to queue
[2022-05-28 11:14:35,656] {logging_mixin.py:115} INFO - [2022-05-28 11:14:35,656] {dagbag.py:507} INFO - Filling up the DagBag from /Users/user/.pyenv/versions/3.8.13/lib/python3.8/site-packages/airflow/example_dags/example_task_group.py
[2022-05-28 11:14:35,673] {processor.py:651} INFO - DAG(s) dict_keys(['example_task_group']) retrieved from /Users/user/.pyenv/versions/3.8.13/lib/python3.8/site-packages/airflow/example_dags/example_task_group.py
[2022-05-28 11:14:36,543] {logging_mixin.py:115} INFO - [2022-05-28 11:14:36,539] {manager.py:508} INFO - Created Permission View: can delete on DAG:example_task_group
[2022-05-28 11:14:36,563] {logging_mixin.py:115} INFO - [2022-05-28 11:14:36,563] {manager.py:508} INFO - Created Permission View: can edit on DAG:example_task_group
[2022-05-28 11:14:36,573] {logging_mixin.py:115} INFO - [2022-05-28 11:14:36,573] {manager.py:508} INFO - Created Permission View: can read on DAG:example_task_group
[2022-05-28 11:14:36,574] {logging_mixin.py:115} INFO - [2022-05-28 11:14:36,573] {dag.py:2379} INFO - Sync 1 DAGs
[2022-05-28 11:14:36,587] {logging_mixin.py:115} INFO - [2022-05-28 11:14:36,586] {dag.py:2398} INFO - Creating ORM DAG for example_task_group
[2022-05-28 11:14:36,602] {logging_mixin.py:115} INFO - [2022-05-28 11:14:36,602] {dag.py:2923} INFO - Setting next_dagrun for example_task_group to 2022-05-27T03:14:36.602283+00:00, run_after=2022-05-28T03:14:36.602283+00:00
[2022-05-28 11:14:36,618] {processor.py:161} INFO - Processing /Users/user/.pyenv/versions/3.8.13/lib/python3.8/site-packages/airflow/example_dags/example_task_group.py took 0.963 seconds
[2022-05-28 11:15:57,692] {processor.py:153} INFO - Started process (PID=93419) to work on /Users/user/.pyenv/versions/3.8.13/lib/python3.8/site-packages/airflow/example_dags/example_task_group.py
[2022-05-28 11:15:57,692] {processor.py:641} INFO - Processing file /Users/user/.pyenv/versions/3.8.13/lib/python3.8/site-packages/airflow/example_dags/example_task_group.py for tasks to queue
[2022-05-28 11:15:57,692] {logging_mixin.py:115} INFO - [2022-05-28 11:15:57,692] {dagbag.py:507} INFO - Filling up the DagBag from /Users/user/.pyenv/versions/3.8.13/lib/python3.8/site-packages/airflow/example_dags/example_task_group.py
[2022-05-28 11:15:57,704] {processor.py:651} INFO - DAG(s) dict_keys(['example_task_group']) retrieved from /Users/user/.pyenv/versions/3.8.13/lib/python3.8/site-packages/airflow/example_dags/example_task_group.py
[2022-05-28 11:15:57,753] {logging_mixin.py:115} INFO - [2022-05-28 11:15:57,753] {dag.py:2379} INFO - Sync 1 DAGs
[2022-05-28 11:15:57,765] {logging_mixin.py:115} INFO - [2022-05-28 11:15:57,765] {dag.py:2923} INFO - Setting next_dagrun for example_task_group to 2022-05-27T03:15:57.765175+00:00, run_after=2022-05-28T03:15:57.765175+00:00
[2022-05-28 11:15:57,776] {processor.py:161} INFO - Processing /Users/user/.pyenv/versions/3.8.13/lib/python3.8/site-packages/airflow/example_dags/example_task_group.py took 0.085 seconds
[2022-05-28 11:17:00,743] {processor.py:153} INFO - Started process (PID=93500) to work on /Users/user/.pyenv/versions/3.8.13/lib/python3.8/site-packages/airflow/example_dags/example_task_group.py
[2022-05-28 11:17:00,743] {processor.py:641} INFO - Processing file /Users/user/.pyenv/versions/3.8.13/lib/python3.8/site-packages/airflow/example_dags/example_task_group.py for tasks to queue
[2022-05-28 11:17:00,743] {logging_mixin.py:115} INFO - [2022-05-28 11:17:00,743] {dagbag.py:507} INFO - Filling up the DagBag from /Users/user/.pyenv/versions/3.8.13/lib/python3.8/site-packages/airflow/example_dags/example_task_group.py
[2022-05-28 11:17:00,753] {processor.py:651} INFO - DAG(s) dict_keys(['example_task_group']) retrieved from /Users/user/.pyenv/versions/3.8.13/lib/python3.8/site-packages/airflow/example_dags/example_task_group.py
[2022-05-28 11:17:00,797] {logging_mixin.py:115} INFO - [2022-05-28 11:17:00,797] {dag.py:2379} INFO - Sync 1 DAGs
[2022-05-28 11:17:00,806] {logging_mixin.py:115} INFO - [2022-05-28 11:17:00,806] {dag.py:2923} INFO - Setting next_dagrun for example_task_group to 2022-05-27T03:17:00.806764+00:00, run_after=2022-05-28T03:17:00.806764+00:00
[2022-05-28 11:17:00,813] {processor.py:161} INFO - Processing /Users/user/.pyenv/versions/3.8.13/lib/python3.8/site-packages/airflow/example_dags/example_task_group.py took 0.070 seconds
[2022-05-28 11:18:06,433] {processor.py:153} INFO - Started process (PID=94150) to work on /Users/user/.pyenv/versions/3.8.13/lib/python3.8/site-packages/airflow/example_dags/example_task_group.py
[2022-05-28 11:18:06,434] {processor.py:641} INFO - Processing file /Users/user/.pyenv/versions/3.8.13/lib/python3.8/site-packages/airflow/example_dags/example_task_group.py for tasks to queue
[2022-05-28 11:18:06,435] {logging_mixin.py:115} INFO - [2022-05-28 11:18:06,435] {dagbag.py:507} INFO - Filling up the DagBag from /Users/user/.pyenv/versions/3.8.13/lib/python3.8/site-packages/airflow/example_dags/example_task_group.py
[2022-05-28 11:18:06,448] {processor.py:651} INFO - DAG(s) dict_keys(['example_task_group']) retrieved from /Users/user/.pyenv/versions/3.8.13/lib/python3.8/site-packages/airflow/example_dags/example_task_group.py
[2022-05-28 11:18:06,505] {logging_mixin.py:115} INFO - [2022-05-28 11:18:06,505] {dag.py:2379} INFO - Sync 1 DAGs
[2022-05-28 11:18:06,517] {logging_mixin.py:115} INFO - [2022-05-28 11:18:06,517] {dag.py:2923} INFO - Setting next_dagrun for example_task_group to 2022-05-27T03:18:06.517142+00:00, run_after=2022-05-28T03:18:06.517142+00:00
[2022-05-28 11:18:06,526] {processor.py:161} INFO - Processing /Users/user/.pyenv/versions/3.8.13/lib/python3.8/site-packages/airflow/example_dags/example_task_group.py took 0.093 seconds
[2022-05-28 11:19:07,855] {processor.py:153} INFO - Started process (PID=94794) to work on /Users/user/.pyenv/versions/3.8.13/lib/python3.8/site-packages/airflow/example_dags/example_task_group.py
[2022-05-28 11:19:07,856] {processor.py:641} INFO - Processing file /Users/user/.pyenv/versions/3.8.13/lib/python3.8/site-packages/airflow/example_dags/example_task_group.py for tasks to queue
[2022-05-28 11:19:07,856] {logging_mixin.py:115} INFO - [2022-05-28 11:19:07,856] {dagbag.py:507} INFO - Filling up the DagBag from /Users/user/.pyenv/versions/3.8.13/lib/python3.8/site-packages/airflow/example_dags/example_task_group.py
[2022-05-28 11:19:07,869] {processor.py:651} INFO - DAG(s) dict_keys(['example_task_group']) retrieved from /Users/user/.pyenv/versions/3.8.13/lib/python3.8/site-packages/airflow/example_dags/example_task_group.py
[2022-05-28 11:19:07,922] {logging_mixin.py:115} INFO - [2022-05-28 11:19:07,922] {dag.py:2379} INFO - Sync 1 DAGs
[2022-05-28 11:19:07,933] {logging_mixin.py:115} INFO - [2022-05-28 11:19:07,933] {dag.py:2923} INFO - Setting next_dagrun for example_task_group to 2022-05-27T03:19:07.933464+00:00, run_after=2022-05-28T03:19:07.933464+00:00
[2022-05-28 11:19:07,941] {processor.py:161} INFO - Processing /Users/user/.pyenv/versions/3.8.13/lib/python3.8/site-packages/airflow/example_dags/example_task_group.py took 0.087 seconds
[2022-05-28 11:20:08,729] {processor.py:153} INFO - Started process (PID=95430) to work on /Users/user/.pyenv/versions/3.8.13/lib/python3.8/site-packages/airflow/example_dags/example_task_group.py
[2022-05-28 11:20:08,730] {processor.py:641} INFO - Processing file /Users/user/.pyenv/versions/3.8.13/lib/python3.8/site-packages/airflow/example_dags/example_task_group.py for tasks to queue
[2022-05-28 11:20:08,731] {logging_mixin.py:115} INFO - [2022-05-28 11:20:08,731] {dagbag.py:507} INFO - Filling up the DagBag from /Users/user/.pyenv/versions/3.8.13/lib/python3.8/site-packages/airflow/example_dags/example_task_group.py
[2022-05-28 11:20:08,743] {processor.py:651} INFO - DAG(s) dict_keys(['example_task_group']) retrieved from /Users/user/.pyenv/versions/3.8.13/lib/python3.8/site-packages/airflow/example_dags/example_task_group.py
[2022-05-28 11:20:08,790] {logging_mixin.py:115} INFO - [2022-05-28 11:20:08,790] {dag.py:2379} INFO - Sync 1 DAGs
[2022-05-28 11:20:08,799] {logging_mixin.py:115} INFO - [2022-05-28 11:20:08,799] {dag.py:2923} INFO - Setting next_dagrun for example_task_group to 2022-05-27T03:20:08.799404+00:00, run_after=2022-05-28T03:20:08.799404+00:00
[2022-05-28 11:20:08,806] {processor.py:161} INFO - Processing /Users/user/.pyenv/versions/3.8.13/lib/python3.8/site-packages/airflow/example_dags/example_task_group.py took 0.078 seconds
[2022-05-28 11:21:11,319] {processor.py:153} INFO - Started process (PID=95503) to work on /Users/user/.pyenv/versions/3.8.13/lib/python3.8/site-packages/airflow/example_dags/example_task_group.py
[2022-05-28 11:21:11,319] {processor.py:641} INFO - Processing file /Users/user/.pyenv/versions/3.8.13/lib/python3.8/site-packages/airflow/example_dags/example_task_group.py for tasks to queue
[2022-05-28 11:21:11,320] {logging_mixin.py:115} INFO - [2022-05-28 11:21:11,319] {dagbag.py:507} INFO - Filling up the DagBag from /Users/user/.pyenv/versions/3.8.13/lib/python3.8/site-packages/airflow/example_dags/example_task_group.py
[2022-05-28 11:21:11,333] {processor.py:651} INFO - DAG(s) dict_keys(['example_task_group']) retrieved from /Users/user/.pyenv/versions/3.8.13/lib/python3.8/site-packages/airflow/example_dags/example_task_group.py
[2022-05-28 11:21:11,389] {logging_mixin.py:115} INFO - [2022-05-28 11:21:11,389] {dag.py:2379} INFO - Sync 1 DAGs
[2022-05-28 11:21:11,402] {logging_mixin.py:115} INFO - [2022-05-28 11:21:11,402] {dag.py:2923} INFO - Setting next_dagrun for example_task_group to 2022-05-27T03:21:11.402544+00:00, run_after=2022-05-28T03:21:11.402544+00:00
[2022-05-28 11:21:11,411] {processor.py:161} INFO - Processing /Users/user/.pyenv/versions/3.8.13/lib/python3.8/site-packages/airflow/example_dags/example_task_group.py took 0.092 seconds
[2022-05-28 11:22:22,329] {processor.py:153} INFO - Started process (PID=95575) to work on /Users/user/.pyenv/versions/3.8.13/lib/python3.8/site-packages/airflow/example_dags/example_task_group.py
[2022-05-28 11:22:22,330] {processor.py:641} INFO - Processing file /Users/user/.pyenv/versions/3.8.13/lib/python3.8/site-packages/airflow/example_dags/example_task_group.py for tasks to queue
[2022-05-28 11:22:22,331] {logging_mixin.py:115} INFO - [2022-05-28 11:22:22,331] {dagbag.py:507} INFO - Filling up the DagBag from /Users/user/.pyenv/versions/3.8.13/lib/python3.8/site-packages/airflow/example_dags/example_task_group.py
[2022-05-28 11:22:22,355] {processor.py:651} INFO - DAG(s) dict_keys(['example_task_group']) retrieved from /Users/user/.pyenv/versions/3.8.13/lib/python3.8/site-packages/airflow/example_dags/example_task_group.py
[2022-05-28 11:22:23,097] {logging_mixin.py:115} INFO - [2022-05-28 11:22:23,097] {dag.py:2379} INFO - Sync 1 DAGs
[2022-05-28 11:22:23,103] {logging_mixin.py:115} INFO - [2022-05-28 11:22:23,103] {dag.py:2398} INFO - Creating ORM DAG for example_task_group
[2022-05-28 11:22:23,110] {logging_mixin.py:115} INFO - [2022-05-28 11:22:23,110] {dag.py:2923} INFO - Setting next_dagrun for example_task_group to 2022-05-27T03:22:23.110436+00:00, run_after=2022-05-28T03:22:23.110436+00:00
[2022-05-28 11:22:23,122] {processor.py:161} INFO - Processing /Users/user/.pyenv/versions/3.8.13/lib/python3.8/site-packages/airflow/example_dags/example_task_group.py took 0.794 seconds
