[2022-05-28 11:14:46,230] {processor.py:153} INFO - Started process (PID=93347) to work on /Users/user/.pyenv/versions/3.8.13/lib/python3.8/site-packages/airflow/example_dags/example_short_circuit_operator.py
[2022-05-28 11:14:46,230] {processor.py:641} INFO - Processing file /Users/user/.pyenv/versions/3.8.13/lib/python3.8/site-packages/airflow/example_dags/example_short_circuit_operator.py for tasks to queue
[2022-05-28 11:14:46,230] {logging_mixin.py:115} INFO - [2022-05-28 11:14:46,230] {dagbag.py:507} INFO - Filling up the DagBag from /Users/user/.pyenv/versions/3.8.13/lib/python3.8/site-packages/airflow/example_dags/example_short_circuit_operator.py
[2022-05-28 11:14:46,256] {processor.py:651} INFO - DAG(s) dict_keys(['example_short_circuit_operator']) retrieved from /Users/user/.pyenv/versions/3.8.13/lib/python3.8/site-packages/airflow/example_dags/example_short_circuit_operator.py
[2022-05-28 11:14:47,014] {logging_mixin.py:115} INFO - [2022-05-28 11:14:47,014] {manager.py:508} INFO - Created Permission View: can delete on DAG:example_short_circuit_operator
[2022-05-28 11:14:47,026] {logging_mixin.py:115} INFO - [2022-05-28 11:14:47,026] {manager.py:508} INFO - Created Permission View: can read on DAG:example_short_circuit_operator
[2022-05-28 11:14:47,032] {logging_mixin.py:115} INFO - [2022-05-28 11:14:47,032] {manager.py:508} INFO - Created Permission View: can edit on DAG:example_short_circuit_operator
[2022-05-28 11:14:47,032] {logging_mixin.py:115} INFO - [2022-05-28 11:14:47,032] {dag.py:2379} INFO - Sync 1 DAGs
[2022-05-28 11:14:47,040] {logging_mixin.py:115} INFO - [2022-05-28 11:14:47,040] {dag.py:2398} INFO - Creating ORM DAG for example_short_circuit_operator
[2022-05-28 11:14:47,051] {logging_mixin.py:115} INFO - [2022-05-28 11:14:47,051] {dag.py:2923} INFO - Setting next_dagrun for example_short_circuit_operator to 2022-05-27T03:14:47.051001+00:00, run_after=2022-05-28T03:14:47.051001+00:00
[2022-05-28 11:14:47,066] {processor.py:161} INFO - Processing /Users/user/.pyenv/versions/3.8.13/lib/python3.8/site-packages/airflow/example_dags/example_short_circuit_operator.py took 0.837 seconds
[2022-05-28 11:16:04,516] {processor.py:153} INFO - Started process (PID=93428) to work on /Users/user/.pyenv/versions/3.8.13/lib/python3.8/site-packages/airflow/example_dags/example_short_circuit_operator.py
[2022-05-28 11:16:04,516] {processor.py:641} INFO - Processing file /Users/user/.pyenv/versions/3.8.13/lib/python3.8/site-packages/airflow/example_dags/example_short_circuit_operator.py for tasks to queue
[2022-05-28 11:16:04,516] {logging_mixin.py:115} INFO - [2022-05-28 11:16:04,516] {dagbag.py:507} INFO - Filling up the DagBag from /Users/user/.pyenv/versions/3.8.13/lib/python3.8/site-packages/airflow/example_dags/example_short_circuit_operator.py
[2022-05-28 11:16:04,537] {processor.py:651} INFO - DAG(s) dict_keys(['example_short_circuit_operator']) retrieved from /Users/user/.pyenv/versions/3.8.13/lib/python3.8/site-packages/airflow/example_dags/example_short_circuit_operator.py
[2022-05-28 11:16:04,586] {logging_mixin.py:115} INFO - [2022-05-28 11:16:04,586] {dag.py:2379} INFO - Sync 1 DAGs
[2022-05-28 11:16:04,598] {logging_mixin.py:115} INFO - [2022-05-28 11:16:04,598] {dag.py:2923} INFO - Setting next_dagrun for example_short_circuit_operator to 2022-05-27T03:16:04.598292+00:00, run_after=2022-05-28T03:16:04.598292+00:00
[2022-05-28 11:16:04,607] {processor.py:161} INFO - Processing /Users/user/.pyenv/versions/3.8.13/lib/python3.8/site-packages/airflow/example_dags/example_short_circuit_operator.py took 0.092 seconds
[2022-05-28 11:17:07,669] {processor.py:153} INFO - Started process (PID=93511) to work on /Users/user/.pyenv/versions/3.8.13/lib/python3.8/site-packages/airflow/example_dags/example_short_circuit_operator.py
[2022-05-28 11:17:07,669] {processor.py:641} INFO - Processing file /Users/user/.pyenv/versions/3.8.13/lib/python3.8/site-packages/airflow/example_dags/example_short_circuit_operator.py for tasks to queue
[2022-05-28 11:17:07,670] {logging_mixin.py:115} INFO - [2022-05-28 11:17:07,670] {dagbag.py:507} INFO - Filling up the DagBag from /Users/user/.pyenv/versions/3.8.13/lib/python3.8/site-packages/airflow/example_dags/example_short_circuit_operator.py
[2022-05-28 11:17:07,693] {processor.py:651} INFO - DAG(s) dict_keys(['example_short_circuit_operator']) retrieved from /Users/user/.pyenv/versions/3.8.13/lib/python3.8/site-packages/airflow/example_dags/example_short_circuit_operator.py
[2022-05-28 11:17:07,751] {logging_mixin.py:115} INFO - [2022-05-28 11:17:07,751] {dag.py:2379} INFO - Sync 1 DAGs
[2022-05-28 11:17:07,762] {logging_mixin.py:115} INFO - [2022-05-28 11:17:07,762] {dag.py:2923} INFO - Setting next_dagrun for example_short_circuit_operator to 2022-05-27T03:17:07.762559+00:00, run_after=2022-05-28T03:17:07.762559+00:00
[2022-05-28 11:17:07,773] {processor.py:161} INFO - Processing /Users/user/.pyenv/versions/3.8.13/lib/python3.8/site-packages/airflow/example_dags/example_short_circuit_operator.py took 0.104 seconds
[2022-05-28 11:18:13,467] {processor.py:153} INFO - Started process (PID=94159) to work on /Users/user/.pyenv/versions/3.8.13/lib/python3.8/site-packages/airflow/example_dags/example_short_circuit_operator.py
[2022-05-28 11:18:13,468] {processor.py:641} INFO - Processing file /Users/user/.pyenv/versions/3.8.13/lib/python3.8/site-packages/airflow/example_dags/example_short_circuit_operator.py for tasks to queue
[2022-05-28 11:18:13,468] {logging_mixin.py:115} INFO - [2022-05-28 11:18:13,468] {dagbag.py:507} INFO - Filling up the DagBag from /Users/user/.pyenv/versions/3.8.13/lib/python3.8/site-packages/airflow/example_dags/example_short_circuit_operator.py
[2022-05-28 11:18:13,490] {processor.py:651} INFO - DAG(s) dict_keys(['example_short_circuit_operator']) retrieved from /Users/user/.pyenv/versions/3.8.13/lib/python3.8/site-packages/airflow/example_dags/example_short_circuit_operator.py
[2022-05-28 11:18:13,544] {logging_mixin.py:115} INFO - [2022-05-28 11:18:13,544] {dag.py:2379} INFO - Sync 1 DAGs
[2022-05-28 11:18:13,555] {logging_mixin.py:115} INFO - [2022-05-28 11:18:13,555] {dag.py:2923} INFO - Setting next_dagrun for example_short_circuit_operator to 2022-05-27T03:18:13.554916+00:00, run_after=2022-05-28T03:18:13.554916+00:00
[2022-05-28 11:18:13,564] {processor.py:161} INFO - Processing /Users/user/.pyenv/versions/3.8.13/lib/python3.8/site-packages/airflow/example_dags/example_short_circuit_operator.py took 0.098 seconds
[2022-05-28 11:19:14,824] {processor.py:153} INFO - Started process (PID=94804) to work on /Users/user/.pyenv/versions/3.8.13/lib/python3.8/site-packages/airflow/example_dags/example_short_circuit_operator.py
[2022-05-28 11:19:14,825] {processor.py:641} INFO - Processing file /Users/user/.pyenv/versions/3.8.13/lib/python3.8/site-packages/airflow/example_dags/example_short_circuit_operator.py for tasks to queue
[2022-05-28 11:19:14,826] {logging_mixin.py:115} INFO - [2022-05-28 11:19:14,826] {dagbag.py:507} INFO - Filling up the DagBag from /Users/user/.pyenv/versions/3.8.13/lib/python3.8/site-packages/airflow/example_dags/example_short_circuit_operator.py
[2022-05-28 11:19:14,850] {processor.py:651} INFO - DAG(s) dict_keys(['example_short_circuit_operator']) retrieved from /Users/user/.pyenv/versions/3.8.13/lib/python3.8/site-packages/airflow/example_dags/example_short_circuit_operator.py
[2022-05-28 11:19:14,905] {logging_mixin.py:115} INFO - [2022-05-28 11:19:14,905] {dag.py:2379} INFO - Sync 1 DAGs
[2022-05-28 11:19:14,918] {logging_mixin.py:115} INFO - [2022-05-28 11:19:14,918] {dag.py:2923} INFO - Setting next_dagrun for example_short_circuit_operator to 2022-05-27T03:19:14.918153+00:00, run_after=2022-05-28T03:19:14.918153+00:00
[2022-05-28 11:19:14,928] {processor.py:161} INFO - Processing /Users/user/.pyenv/versions/3.8.13/lib/python3.8/site-packages/airflow/example_dags/example_short_circuit_operator.py took 0.104 seconds
[2022-05-28 11:20:15,502] {processor.py:153} INFO - Started process (PID=95438) to work on /Users/user/.pyenv/versions/3.8.13/lib/python3.8/site-packages/airflow/example_dags/example_short_circuit_operator.py
[2022-05-28 11:20:15,502] {processor.py:641} INFO - Processing file /Users/user/.pyenv/versions/3.8.13/lib/python3.8/site-packages/airflow/example_dags/example_short_circuit_operator.py for tasks to queue
[2022-05-28 11:20:15,503] {logging_mixin.py:115} INFO - [2022-05-28 11:20:15,503] {dagbag.py:507} INFO - Filling up the DagBag from /Users/user/.pyenv/versions/3.8.13/lib/python3.8/site-packages/airflow/example_dags/example_short_circuit_operator.py
[2022-05-28 11:20:15,533] {processor.py:651} INFO - DAG(s) dict_keys(['example_short_circuit_operator']) retrieved from /Users/user/.pyenv/versions/3.8.13/lib/python3.8/site-packages/airflow/example_dags/example_short_circuit_operator.py
[2022-05-28 11:20:15,606] {logging_mixin.py:115} INFO - [2022-05-28 11:20:15,606] {dag.py:2379} INFO - Sync 1 DAGs
[2022-05-28 11:20:15,620] {logging_mixin.py:115} INFO - [2022-05-28 11:20:15,620] {dag.py:2923} INFO - Setting next_dagrun for example_short_circuit_operator to 2022-05-27T03:20:15.620507+00:00, run_after=2022-05-28T03:20:15.620507+00:00
[2022-05-28 11:20:15,633] {processor.py:161} INFO - Processing /Users/user/.pyenv/versions/3.8.13/lib/python3.8/site-packages/airflow/example_dags/example_short_circuit_operator.py took 0.131 seconds
[2022-05-28 11:21:18,684] {processor.py:153} INFO - Started process (PID=95513) to work on /Users/user/.pyenv/versions/3.8.13/lib/python3.8/site-packages/airflow/example_dags/example_short_circuit_operator.py
[2022-05-28 11:21:18,684] {processor.py:641} INFO - Processing file /Users/user/.pyenv/versions/3.8.13/lib/python3.8/site-packages/airflow/example_dags/example_short_circuit_operator.py for tasks to queue
[2022-05-28 11:21:18,685] {logging_mixin.py:115} INFO - [2022-05-28 11:21:18,685] {dagbag.py:507} INFO - Filling up the DagBag from /Users/user/.pyenv/versions/3.8.13/lib/python3.8/site-packages/airflow/example_dags/example_short_circuit_operator.py
[2022-05-28 11:21:18,705] {processor.py:651} INFO - DAG(s) dict_keys(['example_short_circuit_operator']) retrieved from /Users/user/.pyenv/versions/3.8.13/lib/python3.8/site-packages/airflow/example_dags/example_short_circuit_operator.py
[2022-05-28 11:21:18,756] {logging_mixin.py:115} INFO - [2022-05-28 11:21:18,756] {dag.py:2379} INFO - Sync 1 DAGs
[2022-05-28 11:21:18,769] {logging_mixin.py:115} INFO - [2022-05-28 11:21:18,769] {dag.py:2923} INFO - Setting next_dagrun for example_short_circuit_operator to 2022-05-27T03:21:18.768896+00:00, run_after=2022-05-28T03:21:18.768896+00:00
[2022-05-28 11:21:18,777] {processor.py:161} INFO - Processing /Users/user/.pyenv/versions/3.8.13/lib/python3.8/site-packages/airflow/example_dags/example_short_circuit_operator.py took 0.094 seconds
[2022-05-28 11:22:33,042] {processor.py:153} INFO - Started process (PID=95583) to work on /Users/user/.pyenv/versions/3.8.13/lib/python3.8/site-packages/airflow/example_dags/example_short_circuit_operator.py
[2022-05-28 11:22:33,043] {processor.py:641} INFO - Processing file /Users/user/.pyenv/versions/3.8.13/lib/python3.8/site-packages/airflow/example_dags/example_short_circuit_operator.py for tasks to queue
[2022-05-28 11:22:33,043] {logging_mixin.py:115} INFO - [2022-05-28 11:22:33,043] {dagbag.py:507} INFO - Filling up the DagBag from /Users/user/.pyenv/versions/3.8.13/lib/python3.8/site-packages/airflow/example_dags/example_short_circuit_operator.py
[2022-05-28 11:22:33,072] {processor.py:651} INFO - DAG(s) dict_keys(['example_short_circuit_operator']) retrieved from /Users/user/.pyenv/versions/3.8.13/lib/python3.8/site-packages/airflow/example_dags/example_short_circuit_operator.py
[2022-05-28 11:22:33,650] {logging_mixin.py:115} INFO - [2022-05-28 11:22:33,650] {dag.py:2379} INFO - Sync 1 DAGs
[2022-05-28 11:22:33,656] {logging_mixin.py:115} INFO - [2022-05-28 11:22:33,656] {dag.py:2398} INFO - Creating ORM DAG for example_short_circuit_operator
[2022-05-28 11:22:33,663] {logging_mixin.py:115} INFO - [2022-05-28 11:22:33,663] {dag.py:2923} INFO - Setting next_dagrun for example_short_circuit_operator to 2022-05-27T03:22:33.663412+00:00, run_after=2022-05-28T03:22:33.663412+00:00
[2022-05-28 11:22:33,674] {processor.py:161} INFO - Processing /Users/user/.pyenv/versions/3.8.13/lib/python3.8/site-packages/airflow/example_dags/example_short_circuit_operator.py took 0.634 seconds
