[2022-05-28 11:15:03,502] {processor.py:153} INFO - Started process (PID=93366) to work on /Users/user/.pyenv/versions/3.8.13/lib/python3.8/site-packages/airflow/example_dags/example_kubernetes_executor.py
[2022-05-28 11:15:03,503] {processor.py:641} INFO - Processing file /Users/user/.pyenv/versions/3.8.13/lib/python3.8/site-packages/airflow/example_dags/example_kubernetes_executor.py for tasks to queue
[2022-05-28 11:15:03,503] {logging_mixin.py:115} INFO - [2022-05-28 11:15:03,503] {dagbag.py:507} INFO - Filling up the DagBag from /Users/user/.pyenv/versions/3.8.13/lib/python3.8/site-packages/airflow/example_dags/example_kubernetes_executor.py
[2022-05-28 11:15:03,524] {logging_mixin.py:115} INFO - [2022-05-28 11:15:03,524] {example_kubernetes_executor.py:39} WARNING - The example_kubernetes_executor example DAG requires the kubernetes provider. Please install it with: pip install apache-airflow[cncf.kubernetes]
[2022-05-28 11:15:03,524] {processor.py:653} WARNING - No viable dags retrieved from /Users/user/.pyenv/versions/3.8.13/lib/python3.8/site-packages/airflow/example_dags/example_kubernetes_executor.py
[2022-05-28 11:15:03,555] {processor.py:161} INFO - Processing /Users/user/.pyenv/versions/3.8.13/lib/python3.8/site-packages/airflow/example_dags/example_kubernetes_executor.py took 0.053 seconds
[2022-05-28 11:16:15,583] {processor.py:153} INFO - Started process (PID=93447) to work on /Users/user/.pyenv/versions/3.8.13/lib/python3.8/site-packages/airflow/example_dags/example_kubernetes_executor.py
[2022-05-28 11:16:15,583] {processor.py:641} INFO - Processing file /Users/user/.pyenv/versions/3.8.13/lib/python3.8/site-packages/airflow/example_dags/example_kubernetes_executor.py for tasks to queue
[2022-05-28 11:16:15,583] {logging_mixin.py:115} INFO - [2022-05-28 11:16:15,583] {dagbag.py:507} INFO - Filling up the DagBag from /Users/user/.pyenv/versions/3.8.13/lib/python3.8/site-packages/airflow/example_dags/example_kubernetes_executor.py
[2022-05-28 11:16:15,601] {logging_mixin.py:115} INFO - [2022-05-28 11:16:15,601] {example_kubernetes_executor.py:39} WARNING - The example_kubernetes_executor example DAG requires the kubernetes provider. Please install it with: pip install apache-airflow[cncf.kubernetes]
[2022-05-28 11:16:15,602] {processor.py:653} WARNING - No viable dags retrieved from /Users/user/.pyenv/versions/3.8.13/lib/python3.8/site-packages/airflow/example_dags/example_kubernetes_executor.py
[2022-05-28 11:16:15,633] {processor.py:161} INFO - Processing /Users/user/.pyenv/versions/3.8.13/lib/python3.8/site-packages/airflow/example_dags/example_kubernetes_executor.py took 0.050 seconds
[2022-05-28 11:17:20,407] {processor.py:153} INFO - Started process (PID=93531) to work on /Users/user/.pyenv/versions/3.8.13/lib/python3.8/site-packages/airflow/example_dags/example_kubernetes_executor.py
[2022-05-28 11:17:20,408] {processor.py:641} INFO - Processing file /Users/user/.pyenv/versions/3.8.13/lib/python3.8/site-packages/airflow/example_dags/example_kubernetes_executor.py for tasks to queue
[2022-05-28 11:17:20,408] {logging_mixin.py:115} INFO - [2022-05-28 11:17:20,408] {dagbag.py:507} INFO - Filling up the DagBag from /Users/user/.pyenv/versions/3.8.13/lib/python3.8/site-packages/airflow/example_dags/example_kubernetes_executor.py
[2022-05-28 11:17:20,429] {logging_mixin.py:115} INFO - [2022-05-28 11:17:20,429] {example_kubernetes_executor.py:39} WARNING - The example_kubernetes_executor example DAG requires the kubernetes provider. Please install it with: pip install apache-airflow[cncf.kubernetes]
[2022-05-28 11:17:20,429] {processor.py:653} WARNING - No viable dags retrieved from /Users/user/.pyenv/versions/3.8.13/lib/python3.8/site-packages/airflow/example_dags/example_kubernetes_executor.py
[2022-05-28 11:17:20,459] {processor.py:161} INFO - Processing /Users/user/.pyenv/versions/3.8.13/lib/python3.8/site-packages/airflow/example_dags/example_kubernetes_executor.py took 0.052 seconds
[2022-05-28 11:18:24,340] {processor.py:153} INFO - Started process (PID=94177) to work on /Users/user/.pyenv/versions/3.8.13/lib/python3.8/site-packages/airflow/example_dags/example_kubernetes_executor.py
[2022-05-28 11:18:24,341] {processor.py:641} INFO - Processing file /Users/user/.pyenv/versions/3.8.13/lib/python3.8/site-packages/airflow/example_dags/example_kubernetes_executor.py for tasks to queue
[2022-05-28 11:18:24,342] {logging_mixin.py:115} INFO - [2022-05-28 11:18:24,342] {dagbag.py:507} INFO - Filling up the DagBag from /Users/user/.pyenv/versions/3.8.13/lib/python3.8/site-packages/airflow/example_dags/example_kubernetes_executor.py
[2022-05-28 11:18:24,363] {logging_mixin.py:115} INFO - [2022-05-28 11:18:24,363] {example_kubernetes_executor.py:39} WARNING - The example_kubernetes_executor example DAG requires the kubernetes provider. Please install it with: pip install apache-airflow[cncf.kubernetes]
[2022-05-28 11:18:24,363] {processor.py:653} WARNING - No viable dags retrieved from /Users/user/.pyenv/versions/3.8.13/lib/python3.8/site-packages/airflow/example_dags/example_kubernetes_executor.py
[2022-05-28 11:18:24,396] {processor.py:161} INFO - Processing /Users/user/.pyenv/versions/3.8.13/lib/python3.8/site-packages/airflow/example_dags/example_kubernetes_executor.py took 0.057 seconds
[2022-05-28 11:19:25,532] {processor.py:153} INFO - Started process (PID=94819) to work on /Users/user/.pyenv/versions/3.8.13/lib/python3.8/site-packages/airflow/example_dags/example_kubernetes_executor.py
[2022-05-28 11:19:25,532] {processor.py:641} INFO - Processing file /Users/user/.pyenv/versions/3.8.13/lib/python3.8/site-packages/airflow/example_dags/example_kubernetes_executor.py for tasks to queue
[2022-05-28 11:19:25,533] {logging_mixin.py:115} INFO - [2022-05-28 11:19:25,533] {dagbag.py:507} INFO - Filling up the DagBag from /Users/user/.pyenv/versions/3.8.13/lib/python3.8/site-packages/airflow/example_dags/example_kubernetes_executor.py
[2022-05-28 11:19:25,555] {logging_mixin.py:115} INFO - [2022-05-28 11:19:25,555] {example_kubernetes_executor.py:39} WARNING - The example_kubernetes_executor example DAG requires the kubernetes provider. Please install it with: pip install apache-airflow[cncf.kubernetes]
[2022-05-28 11:19:25,555] {processor.py:653} WARNING - No viable dags retrieved from /Users/user/.pyenv/versions/3.8.13/lib/python3.8/site-packages/airflow/example_dags/example_kubernetes_executor.py
[2022-05-28 11:19:25,584] {processor.py:161} INFO - Processing /Users/user/.pyenv/versions/3.8.13/lib/python3.8/site-packages/airflow/example_dags/example_kubernetes_executor.py took 0.053 seconds
[2022-05-28 11:20:28,101] {processor.py:153} INFO - Started process (PID=95454) to work on /Users/user/.pyenv/versions/3.8.13/lib/python3.8/site-packages/airflow/example_dags/example_kubernetes_executor.py
[2022-05-28 11:20:28,101] {processor.py:641} INFO - Processing file /Users/user/.pyenv/versions/3.8.13/lib/python3.8/site-packages/airflow/example_dags/example_kubernetes_executor.py for tasks to queue
[2022-05-28 11:20:28,102] {logging_mixin.py:115} INFO - [2022-05-28 11:20:28,102] {dagbag.py:507} INFO - Filling up the DagBag from /Users/user/.pyenv/versions/3.8.13/lib/python3.8/site-packages/airflow/example_dags/example_kubernetes_executor.py
[2022-05-28 11:20:28,119] {logging_mixin.py:115} INFO - [2022-05-28 11:20:28,119] {example_kubernetes_executor.py:39} WARNING - The example_kubernetes_executor example DAG requires the kubernetes provider. Please install it with: pip install apache-airflow[cncf.kubernetes]
[2022-05-28 11:20:28,119] {processor.py:653} WARNING - No viable dags retrieved from /Users/user/.pyenv/versions/3.8.13/lib/python3.8/site-packages/airflow/example_dags/example_kubernetes_executor.py
[2022-05-28 11:20:28,148] {processor.py:161} INFO - Processing /Users/user/.pyenv/versions/3.8.13/lib/python3.8/site-packages/airflow/example_dags/example_kubernetes_executor.py took 0.047 seconds
[2022-05-28 11:21:31,062] {processor.py:153} INFO - Started process (PID=95527) to work on /Users/user/.pyenv/versions/3.8.13/lib/python3.8/site-packages/airflow/example_dags/example_kubernetes_executor.py
[2022-05-28 11:21:31,063] {processor.py:641} INFO - Processing file /Users/user/.pyenv/versions/3.8.13/lib/python3.8/site-packages/airflow/example_dags/example_kubernetes_executor.py for tasks to queue
[2022-05-28 11:21:31,063] {logging_mixin.py:115} INFO - [2022-05-28 11:21:31,063] {dagbag.py:507} INFO - Filling up the DagBag from /Users/user/.pyenv/versions/3.8.13/lib/python3.8/site-packages/airflow/example_dags/example_kubernetes_executor.py
[2022-05-28 11:21:31,086] {logging_mixin.py:115} INFO - [2022-05-28 11:21:31,086] {example_kubernetes_executor.py:39} WARNING - The example_kubernetes_executor example DAG requires the kubernetes provider. Please install it with: pip install apache-airflow[cncf.kubernetes]
[2022-05-28 11:21:31,086] {processor.py:653} WARNING - No viable dags retrieved from /Users/user/.pyenv/versions/3.8.13/lib/python3.8/site-packages/airflow/example_dags/example_kubernetes_executor.py
[2022-05-28 11:21:31,137] {processor.py:161} INFO - Processing /Users/user/.pyenv/versions/3.8.13/lib/python3.8/site-packages/airflow/example_dags/example_kubernetes_executor.py took 0.075 seconds
[2022-05-28 11:22:48,853] {processor.py:153} INFO - Started process (PID=95597) to work on /Users/user/.pyenv/versions/3.8.13/lib/python3.8/site-packages/airflow/example_dags/example_kubernetes_executor.py
[2022-05-28 11:22:48,854] {processor.py:641} INFO - Processing file /Users/user/.pyenv/versions/3.8.13/lib/python3.8/site-packages/airflow/example_dags/example_kubernetes_executor.py for tasks to queue
[2022-05-28 11:22:48,854] {logging_mixin.py:115} INFO - [2022-05-28 11:22:48,854] {dagbag.py:507} INFO - Filling up the DagBag from /Users/user/.pyenv/versions/3.8.13/lib/python3.8/site-packages/airflow/example_dags/example_kubernetes_executor.py
[2022-05-28 11:22:48,900] {logging_mixin.py:115} INFO - [2022-05-28 11:22:48,899] {example_kubernetes_executor.py:39} WARNING - The example_kubernetes_executor example DAG requires the kubernetes provider. Please install it with: pip install apache-airflow[cncf.kubernetes]
[2022-05-28 11:22:48,900] {processor.py:653} WARNING - No viable dags retrieved from /Users/user/.pyenv/versions/3.8.13/lib/python3.8/site-packages/airflow/example_dags/example_kubernetes_executor.py
[2022-05-28 11:22:48,970] {processor.py:161} INFO - Processing /Users/user/.pyenv/versions/3.8.13/lib/python3.8/site-packages/airflow/example_dags/example_kubernetes_executor.py took 0.117 seconds
