[2022-05-28 11:15:26,646] {processor.py:153} INFO - Started process (PID=93384) to work on /Users/user/.pyenv/versions/3.8.13/lib/python3.8/site-packages/airflow/example_dags/example_branch_datetime_operator.py
[2022-05-28 11:15:26,646] {processor.py:641} INFO - Processing file /Users/user/.pyenv/versions/3.8.13/lib/python3.8/site-packages/airflow/example_dags/example_branch_datetime_operator.py for tasks to queue
[2022-05-28 11:15:26,646] {logging_mixin.py:115} INFO - [2022-05-28 11:15:26,646] {dagbag.py:507} INFO - Filling up the DagBag from /Users/user/.pyenv/versions/3.8.13/lib/python3.8/site-packages/airflow/example_dags/example_branch_datetime_operator.py
[2022-05-28 11:15:26,661] {processor.py:651} INFO - DAG(s) dict_keys(['example_branch_datetime_operator_2']) retrieved from /Users/user/.pyenv/versions/3.8.13/lib/python3.8/site-packages/airflow/example_dags/example_branch_datetime_operator.py
[2022-05-28 11:15:27,731] {logging_mixin.py:115} INFO - [2022-05-28 11:15:27,731] {manager.py:508} INFO - Created Permission View: can delete on DAG:example_branch_datetime_operator_2
[2022-05-28 11:15:27,748] {logging_mixin.py:115} INFO - [2022-05-28 11:15:27,748] {manager.py:508} INFO - Created Permission View: can read on DAG:example_branch_datetime_operator_2
[2022-05-28 11:15:27,759] {logging_mixin.py:115} INFO - [2022-05-28 11:15:27,758] {manager.py:508} INFO - Created Permission View: can edit on DAG:example_branch_datetime_operator_2
[2022-05-28 11:15:27,759] {logging_mixin.py:115} INFO - [2022-05-28 11:15:27,759] {dag.py:2379} INFO - Sync 1 DAGs
[2022-05-28 11:15:27,774] {logging_mixin.py:115} INFO - [2022-05-28 11:15:27,774] {dag.py:2398} INFO - Creating ORM DAG for example_branch_datetime_operator_2
[2022-05-28 11:15:27,784] {logging_mixin.py:115} INFO - [2022-05-28 11:15:27,784] {dag.py:2923} INFO - Setting next_dagrun for example_branch_datetime_operator_2 to 2022-05-27T00:00:00+00:00, run_after=2022-05-28T00:00:00+00:00
[2022-05-28 11:15:27,802] {processor.py:161} INFO - Processing /Users/user/.pyenv/versions/3.8.13/lib/python3.8/site-packages/airflow/example_dags/example_branch_datetime_operator.py took 1.157 seconds
[2022-05-28 11:16:32,142] {processor.py:153} INFO - Started process (PID=93469) to work on /Users/user/.pyenv/versions/3.8.13/lib/python3.8/site-packages/airflow/example_dags/example_branch_datetime_operator.py
[2022-05-28 11:16:32,142] {processor.py:641} INFO - Processing file /Users/user/.pyenv/versions/3.8.13/lib/python3.8/site-packages/airflow/example_dags/example_branch_datetime_operator.py for tasks to queue
[2022-05-28 11:16:32,143] {logging_mixin.py:115} INFO - [2022-05-28 11:16:32,143] {dagbag.py:507} INFO - Filling up the DagBag from /Users/user/.pyenv/versions/3.8.13/lib/python3.8/site-packages/airflow/example_dags/example_branch_datetime_operator.py
[2022-05-28 11:16:32,153] {processor.py:651} INFO - DAG(s) dict_keys(['example_branch_datetime_operator_2']) retrieved from /Users/user/.pyenv/versions/3.8.13/lib/python3.8/site-packages/airflow/example_dags/example_branch_datetime_operator.py
[2022-05-28 11:16:32,196] {logging_mixin.py:115} INFO - [2022-05-28 11:16:32,196] {dag.py:2379} INFO - Sync 1 DAGs
[2022-05-28 11:16:32,207] {logging_mixin.py:115} INFO - [2022-05-28 11:16:32,207] {dag.py:2923} INFO - Setting next_dagrun for example_branch_datetime_operator_2 to 2022-05-27T00:00:00+00:00, run_after=2022-05-28T00:00:00+00:00
[2022-05-28 11:16:32,214] {processor.py:161} INFO - Processing /Users/user/.pyenv/versions/3.8.13/lib/python3.8/site-packages/airflow/example_dags/example_branch_datetime_operator.py took 0.072 seconds
[2022-05-28 11:17:36,202] {processor.py:153} INFO - Started process (PID=93558) to work on /Users/user/.pyenv/versions/3.8.13/lib/python3.8/site-packages/airflow/example_dags/example_branch_datetime_operator.py
[2022-05-28 11:17:36,202] {processor.py:641} INFO - Processing file /Users/user/.pyenv/versions/3.8.13/lib/python3.8/site-packages/airflow/example_dags/example_branch_datetime_operator.py for tasks to queue
[2022-05-28 11:17:36,203] {logging_mixin.py:115} INFO - [2022-05-28 11:17:36,203] {dagbag.py:507} INFO - Filling up the DagBag from /Users/user/.pyenv/versions/3.8.13/lib/python3.8/site-packages/airflow/example_dags/example_branch_datetime_operator.py
[2022-05-28 11:17:36,227] {processor.py:651} INFO - DAG(s) dict_keys(['example_branch_datetime_operator_2']) retrieved from /Users/user/.pyenv/versions/3.8.13/lib/python3.8/site-packages/airflow/example_dags/example_branch_datetime_operator.py
[2022-05-28 11:17:36,301] {logging_mixin.py:115} INFO - [2022-05-28 11:17:36,301] {dag.py:2379} INFO - Sync 1 DAGs
[2022-05-28 11:17:36,315] {logging_mixin.py:115} INFO - [2022-05-28 11:17:36,315] {dag.py:2923} INFO - Setting next_dagrun for example_branch_datetime_operator_2 to 2022-05-27T00:00:00+00:00, run_after=2022-05-28T00:00:00+00:00
[2022-05-28 11:17:36,325] {processor.py:161} INFO - Processing /Users/user/.pyenv/versions/3.8.13/lib/python3.8/site-packages/airflow/example_dags/example_branch_datetime_operator.py took 0.125 seconds
[2022-05-28 11:18:41,440] {processor.py:153} INFO - Started process (PID=94761) to work on /Users/user/.pyenv/versions/3.8.13/lib/python3.8/site-packages/airflow/example_dags/example_branch_datetime_operator.py
[2022-05-28 11:18:41,441] {processor.py:641} INFO - Processing file /Users/user/.pyenv/versions/3.8.13/lib/python3.8/site-packages/airflow/example_dags/example_branch_datetime_operator.py for tasks to queue
[2022-05-28 11:18:41,442] {logging_mixin.py:115} INFO - [2022-05-28 11:18:41,442] {dagbag.py:507} INFO - Filling up the DagBag from /Users/user/.pyenv/versions/3.8.13/lib/python3.8/site-packages/airflow/example_dags/example_branch_datetime_operator.py
[2022-05-28 11:18:41,460] {processor.py:651} INFO - DAG(s) dict_keys(['example_branch_datetime_operator_2']) retrieved from /Users/user/.pyenv/versions/3.8.13/lib/python3.8/site-packages/airflow/example_dags/example_branch_datetime_operator.py
[2022-05-28 11:18:41,532] {logging_mixin.py:115} INFO - [2022-05-28 11:18:41,532] {dag.py:2379} INFO - Sync 1 DAGs
[2022-05-28 11:18:41,548] {logging_mixin.py:115} INFO - [2022-05-28 11:18:41,548] {dag.py:2923} INFO - Setting next_dagrun for example_branch_datetime_operator_2 to 2022-05-27T00:00:00+00:00, run_after=2022-05-28T00:00:00+00:00
[2022-05-28 11:18:41,558] {processor.py:161} INFO - Processing /Users/user/.pyenv/versions/3.8.13/lib/python3.8/site-packages/airflow/example_dags/example_branch_datetime_operator.py took 0.118 seconds
[2022-05-28 11:19:40,611] {processor.py:153} INFO - Started process (PID=94839) to work on /Users/user/.pyenv/versions/3.8.13/lib/python3.8/site-packages/airflow/example_dags/example_branch_datetime_operator.py
[2022-05-28 11:19:40,611] {processor.py:641} INFO - Processing file /Users/user/.pyenv/versions/3.8.13/lib/python3.8/site-packages/airflow/example_dags/example_branch_datetime_operator.py for tasks to queue
[2022-05-28 11:19:40,611] {logging_mixin.py:115} INFO - [2022-05-28 11:19:40,611] {dagbag.py:507} INFO - Filling up the DagBag from /Users/user/.pyenv/versions/3.8.13/lib/python3.8/site-packages/airflow/example_dags/example_branch_datetime_operator.py
[2022-05-28 11:19:40,622] {processor.py:651} INFO - DAG(s) dict_keys(['example_branch_datetime_operator_2']) retrieved from /Users/user/.pyenv/versions/3.8.13/lib/python3.8/site-packages/airflow/example_dags/example_branch_datetime_operator.py
[2022-05-28 11:19:40,675] {logging_mixin.py:115} INFO - [2022-05-28 11:19:40,675] {dag.py:2379} INFO - Sync 1 DAGs
[2022-05-28 11:19:40,696] {logging_mixin.py:115} INFO - [2022-05-28 11:19:40,696] {dag.py:2923} INFO - Setting next_dagrun for example_branch_datetime_operator_2 to 2022-05-27T00:00:00+00:00, run_after=2022-05-28T00:00:00+00:00
[2022-05-28 11:19:40,708] {processor.py:161} INFO - Processing /Users/user/.pyenv/versions/3.8.13/lib/python3.8/site-packages/airflow/example_dags/example_branch_datetime_operator.py took 0.097 seconds
[2022-05-28 11:20:42,260] {processor.py:153} INFO - Started process (PID=95472) to work on /Users/user/.pyenv/versions/3.8.13/lib/python3.8/site-packages/airflow/example_dags/example_branch_datetime_operator.py
[2022-05-28 11:20:42,260] {processor.py:641} INFO - Processing file /Users/user/.pyenv/versions/3.8.13/lib/python3.8/site-packages/airflow/example_dags/example_branch_datetime_operator.py for tasks to queue
[2022-05-28 11:20:42,260] {logging_mixin.py:115} INFO - [2022-05-28 11:20:42,260] {dagbag.py:507} INFO - Filling up the DagBag from /Users/user/.pyenv/versions/3.8.13/lib/python3.8/site-packages/airflow/example_dags/example_branch_datetime_operator.py
[2022-05-28 11:20:42,273] {processor.py:651} INFO - DAG(s) dict_keys(['example_branch_datetime_operator_2']) retrieved from /Users/user/.pyenv/versions/3.8.13/lib/python3.8/site-packages/airflow/example_dags/example_branch_datetime_operator.py
[2022-05-28 11:20:42,316] {logging_mixin.py:115} INFO - [2022-05-28 11:20:42,316] {dag.py:2379} INFO - Sync 1 DAGs
[2022-05-28 11:20:42,327] {logging_mixin.py:115} INFO - [2022-05-28 11:20:42,327] {dag.py:2923} INFO - Setting next_dagrun for example_branch_datetime_operator_2 to 2022-05-27T00:00:00+00:00, run_after=2022-05-28T00:00:00+00:00
[2022-05-28 11:20:42,335] {processor.py:161} INFO - Processing /Users/user/.pyenv/versions/3.8.13/lib/python3.8/site-packages/airflow/example_dags/example_branch_datetime_operator.py took 0.075 seconds
[2022-05-28 11:21:50,115] {processor.py:153} INFO - Started process (PID=95545) to work on /Users/user/.pyenv/versions/3.8.13/lib/python3.8/site-packages/airflow/example_dags/example_branch_datetime_operator.py
[2022-05-28 11:21:50,116] {processor.py:641} INFO - Processing file /Users/user/.pyenv/versions/3.8.13/lib/python3.8/site-packages/airflow/example_dags/example_branch_datetime_operator.py for tasks to queue
[2022-05-28 11:21:50,116] {logging_mixin.py:115} INFO - [2022-05-28 11:21:50,116] {dagbag.py:507} INFO - Filling up the DagBag from /Users/user/.pyenv/versions/3.8.13/lib/python3.8/site-packages/airflow/example_dags/example_branch_datetime_operator.py
[2022-05-28 11:21:50,132] {processor.py:651} INFO - DAG(s) dict_keys(['example_branch_datetime_operator_2']) retrieved from /Users/user/.pyenv/versions/3.8.13/lib/python3.8/site-packages/airflow/example_dags/example_branch_datetime_operator.py
[2022-05-28 11:21:50,689] {logging_mixin.py:115} INFO - [2022-05-28 11:21:50,689] {dag.py:2379} INFO - Sync 1 DAGs
[2022-05-28 11:21:50,694] {logging_mixin.py:115} INFO - [2022-05-28 11:21:50,694] {dag.py:2398} INFO - Creating ORM DAG for example_branch_datetime_operator_2
[2022-05-28 11:21:50,701] {logging_mixin.py:115} INFO - [2022-05-28 11:21:50,701] {dag.py:2923} INFO - Setting next_dagrun for example_branch_datetime_operator_2 to 2022-05-27T00:00:00+00:00, run_after=2022-05-28T00:00:00+00:00
[2022-05-28 11:21:50,712] {processor.py:161} INFO - Processing /Users/user/.pyenv/versions/3.8.13/lib/python3.8/site-packages/airflow/example_dags/example_branch_datetime_operator.py took 0.597 seconds
[2022-05-28 11:23:09,464] {processor.py:153} INFO - Started process (PID=95618) to work on /Users/user/.pyenv/versions/3.8.13/lib/python3.8/site-packages/airflow/example_dags/example_branch_datetime_operator.py
[2022-05-28 11:23:09,465] {processor.py:641} INFO - Processing file /Users/user/.pyenv/versions/3.8.13/lib/python3.8/site-packages/airflow/example_dags/example_branch_datetime_operator.py for tasks to queue
[2022-05-28 11:23:09,466] {logging_mixin.py:115} INFO - [2022-05-28 11:23:09,465] {dagbag.py:507} INFO - Filling up the DagBag from /Users/user/.pyenv/versions/3.8.13/lib/python3.8/site-packages/airflow/example_dags/example_branch_datetime_operator.py
[2022-05-28 11:23:09,485] {processor.py:651} INFO - DAG(s) dict_keys(['example_branch_datetime_operator_2']) retrieved from /Users/user/.pyenv/versions/3.8.13/lib/python3.8/site-packages/airflow/example_dags/example_branch_datetime_operator.py
[2022-05-28 11:23:10,110] {logging_mixin.py:115} INFO - [2022-05-28 11:23:10,110] {dag.py:2379} INFO - Sync 1 DAGs
[2022-05-28 11:23:10,116] {logging_mixin.py:115} INFO - [2022-05-28 11:23:10,116] {dag.py:2398} INFO - Creating ORM DAG for example_branch_datetime_operator_2
[2022-05-28 11:23:10,123] {logging_mixin.py:115} INFO - [2022-05-28 11:23:10,123] {dag.py:2923} INFO - Setting next_dagrun for example_branch_datetime_operator_2 to 2022-05-27T00:00:00+00:00, run_after=2022-05-28T00:00:00+00:00
[2022-05-28 11:23:10,134] {processor.py:161} INFO - Processing /Users/user/.pyenv/versions/3.8.13/lib/python3.8/site-packages/airflow/example_dags/example_branch_datetime_operator.py took 0.671 seconds
