[2022-05-28 11:14:38,494] {processor.py:153} INFO - Started process (PID=93341) to work on /Users/user/.pyenv/versions/3.8.13/lib/python3.8/site-packages/airflow/example_dags/example_subdag_operator.py
[2022-05-28 11:14:38,494] {processor.py:641} INFO - Processing file /Users/user/.pyenv/versions/3.8.13/lib/python3.8/site-packages/airflow/example_dags/example_subdag_operator.py for tasks to queue
[2022-05-28 11:14:38,495] {logging_mixin.py:115} INFO - [2022-05-28 11:14:38,495] {dagbag.py:507} INFO - Filling up the DagBag from /Users/user/.pyenv/versions/3.8.13/lib/python3.8/site-packages/airflow/example_dags/example_subdag_operator.py
[2022-05-28 11:14:38,550] {processor.py:651} INFO - DAG(s) dict_keys(['example_subdag_operator.section-1', 'example_subdag_operator.section-2', 'example_subdag_operator']) retrieved from /Users/user/.pyenv/versions/3.8.13/lib/python3.8/site-packages/airflow/example_dags/example_subdag_operator.py
[2022-05-28 11:14:39,276] {logging_mixin.py:115} INFO - [2022-05-28 11:14:39,276] {manager.py:508} INFO - Created Permission View: can read on DAG:example_subdag_operator
[2022-05-28 11:14:39,281] {logging_mixin.py:115} INFO - [2022-05-28 11:14:39,281] {manager.py:508} INFO - Created Permission View: can edit on DAG:example_subdag_operator
[2022-05-28 11:14:39,286] {logging_mixin.py:115} INFO - [2022-05-28 11:14:39,286] {manager.py:508} INFO - Created Permission View: can delete on DAG:example_subdag_operator
[2022-05-28 11:14:39,286] {logging_mixin.py:115} INFO - [2022-05-28 11:14:39,286] {dag.py:2379} INFO - Sync 3 DAGs
[2022-05-28 11:14:39,292] {logging_mixin.py:115} INFO - [2022-05-28 11:14:39,292] {dag.py:2398} INFO - Creating ORM DAG for example_subdag_operator.section-1
[2022-05-28 11:14:39,293] {logging_mixin.py:115} INFO - [2022-05-28 11:14:39,293] {dag.py:2398} INFO - Creating ORM DAG for example_subdag_operator.section-2
[2022-05-28 11:14:39,293] {logging_mixin.py:115} INFO - [2022-05-28 11:14:39,293] {dag.py:2398} INFO - Creating ORM DAG for example_subdag_operator
[2022-05-28 11:14:39,299] {logging_mixin.py:115} INFO - [2022-05-28 11:14:39,299] {dag.py:2923} INFO - Setting next_dagrun for example_subdag_operator to 2022-05-26T00:00:00+00:00, run_after=2022-05-26T00:00:00+00:00
[2022-05-28 11:14:39,300] {logging_mixin.py:115} INFO - [2022-05-28 11:14:39,300] {dag.py:2923} INFO - Setting next_dagrun for example_subdag_operator.section-1 to None, run_after=None
[2022-05-28 11:14:39,300] {logging_mixin.py:115} INFO - [2022-05-28 11:14:39,300] {dag.py:2923} INFO - Setting next_dagrun for example_subdag_operator.section-2 to None, run_after=None
[2022-05-28 11:14:39,305] {logging_mixin.py:115} INFO - [2022-05-28 11:14:39,305] {dag.py:2379} INFO - Sync 2 DAGs
[2022-05-28 11:14:39,308] {logging_mixin.py:115} INFO - [2022-05-28 11:14:39,308] {dag.py:2923} INFO - Setting next_dagrun for example_subdag_operator.section-1 to None, run_after=None
[2022-05-28 11:14:39,308] {logging_mixin.py:115} INFO - [2022-05-28 11:14:39,308] {dag.py:2923} INFO - Setting next_dagrun for example_subdag_operator.section-2 to None, run_after=None
[2022-05-28 11:14:39,314] {processor.py:161} INFO - Processing /Users/user/.pyenv/versions/3.8.13/lib/python3.8/site-packages/airflow/example_dags/example_subdag_operator.py took 0.821 seconds
[2022-05-28 11:15:59,478] {processor.py:153} INFO - Started process (PID=93422) to work on /Users/user/.pyenv/versions/3.8.13/lib/python3.8/site-packages/airflow/example_dags/example_subdag_operator.py
[2022-05-28 11:15:59,478] {processor.py:641} INFO - Processing file /Users/user/.pyenv/versions/3.8.13/lib/python3.8/site-packages/airflow/example_dags/example_subdag_operator.py for tasks to queue
[2022-05-28 11:15:59,479] {logging_mixin.py:115} INFO - [2022-05-28 11:15:59,478] {dagbag.py:507} INFO - Filling up the DagBag from /Users/user/.pyenv/versions/3.8.13/lib/python3.8/site-packages/airflow/example_dags/example_subdag_operator.py
[2022-05-28 11:15:59,528] {processor.py:651} INFO - DAG(s) dict_keys(['example_subdag_operator.section-1', 'example_subdag_operator.section-2', 'example_subdag_operator']) retrieved from /Users/user/.pyenv/versions/3.8.13/lib/python3.8/site-packages/airflow/example_dags/example_subdag_operator.py
[2022-05-28 11:15:59,559] {logging_mixin.py:115} INFO - [2022-05-28 11:15:59,559] {dag.py:2379} INFO - Sync 3 DAGs
[2022-05-28 11:15:59,571] {logging_mixin.py:115} INFO - [2022-05-28 11:15:59,571] {dag.py:2923} INFO - Setting next_dagrun for example_subdag_operator to 2022-05-26T00:00:00+00:00, run_after=2022-05-26T00:00:00+00:00
[2022-05-28 11:15:59,571] {logging_mixin.py:115} INFO - [2022-05-28 11:15:59,571] {dag.py:2923} INFO - Setting next_dagrun for example_subdag_operator.section-1 to None, run_after=None
[2022-05-28 11:15:59,571] {logging_mixin.py:115} INFO - [2022-05-28 11:15:59,571] {dag.py:2923} INFO - Setting next_dagrun for example_subdag_operator.section-2 to None, run_after=None
[2022-05-28 11:15:59,575] {logging_mixin.py:115} INFO - [2022-05-28 11:15:59,575] {dag.py:2379} INFO - Sync 2 DAGs
[2022-05-28 11:15:59,578] {logging_mixin.py:115} INFO - [2022-05-28 11:15:59,577] {dag.py:2923} INFO - Setting next_dagrun for example_subdag_operator.section-1 to None, run_after=None
[2022-05-28 11:15:59,578] {logging_mixin.py:115} INFO - [2022-05-28 11:15:59,578] {dag.py:2923} INFO - Setting next_dagrun for example_subdag_operator.section-2 to None, run_after=None
[2022-05-28 11:15:59,583] {processor.py:161} INFO - Processing /Users/user/.pyenv/versions/3.8.13/lib/python3.8/site-packages/airflow/example_dags/example_subdag_operator.py took 0.105 seconds
[2022-05-28 11:17:02,514] {processor.py:153} INFO - Started process (PID=93503) to work on /Users/user/.pyenv/versions/3.8.13/lib/python3.8/site-packages/airflow/example_dags/example_subdag_operator.py
[2022-05-28 11:17:02,514] {processor.py:641} INFO - Processing file /Users/user/.pyenv/versions/3.8.13/lib/python3.8/site-packages/airflow/example_dags/example_subdag_operator.py for tasks to queue
[2022-05-28 11:17:02,515] {logging_mixin.py:115} INFO - [2022-05-28 11:17:02,514] {dagbag.py:507} INFO - Filling up the DagBag from /Users/user/.pyenv/versions/3.8.13/lib/python3.8/site-packages/airflow/example_dags/example_subdag_operator.py
[2022-05-28 11:17:02,561] {processor.py:651} INFO - DAG(s) dict_keys(['example_subdag_operator.section-1', 'example_subdag_operator.section-2', 'example_subdag_operator']) retrieved from /Users/user/.pyenv/versions/3.8.13/lib/python3.8/site-packages/airflow/example_dags/example_subdag_operator.py
[2022-05-28 11:17:02,589] {logging_mixin.py:115} INFO - [2022-05-28 11:17:02,588] {dag.py:2379} INFO - Sync 3 DAGs
[2022-05-28 11:17:02,599] {logging_mixin.py:115} INFO - [2022-05-28 11:17:02,599] {dag.py:2923} INFO - Setting next_dagrun for example_subdag_operator to 2022-05-26T00:00:00+00:00, run_after=2022-05-26T00:00:00+00:00
[2022-05-28 11:17:02,599] {logging_mixin.py:115} INFO - [2022-05-28 11:17:02,599] {dag.py:2923} INFO - Setting next_dagrun for example_subdag_operator.section-1 to None, run_after=None
[2022-05-28 11:17:02,599] {logging_mixin.py:115} INFO - [2022-05-28 11:17:02,599] {dag.py:2923} INFO - Setting next_dagrun for example_subdag_operator.section-2 to None, run_after=None
[2022-05-28 11:17:02,602] {logging_mixin.py:115} INFO - [2022-05-28 11:17:02,602] {dag.py:2379} INFO - Sync 2 DAGs
[2022-05-28 11:17:02,605] {logging_mixin.py:115} INFO - [2022-05-28 11:17:02,605] {dag.py:2923} INFO - Setting next_dagrun for example_subdag_operator.section-1 to None, run_after=None
[2022-05-28 11:17:02,605] {logging_mixin.py:115} INFO - [2022-05-28 11:17:02,605] {dag.py:2923} INFO - Setting next_dagrun for example_subdag_operator.section-2 to None, run_after=None
[2022-05-28 11:17:02,610] {processor.py:161} INFO - Processing /Users/user/.pyenv/versions/3.8.13/lib/python3.8/site-packages/airflow/example_dags/example_subdag_operator.py took 0.097 seconds
[2022-05-28 11:18:08,266] {processor.py:153} INFO - Started process (PID=94153) to work on /Users/user/.pyenv/versions/3.8.13/lib/python3.8/site-packages/airflow/example_dags/example_subdag_operator.py
[2022-05-28 11:18:08,267] {processor.py:641} INFO - Processing file /Users/user/.pyenv/versions/3.8.13/lib/python3.8/site-packages/airflow/example_dags/example_subdag_operator.py for tasks to queue
[2022-05-28 11:18:08,267] {logging_mixin.py:115} INFO - [2022-05-28 11:18:08,267] {dagbag.py:507} INFO - Filling up the DagBag from /Users/user/.pyenv/versions/3.8.13/lib/python3.8/site-packages/airflow/example_dags/example_subdag_operator.py
[2022-05-28 11:18:08,322] {processor.py:651} INFO - DAG(s) dict_keys(['example_subdag_operator.section-1', 'example_subdag_operator.section-2', 'example_subdag_operator']) retrieved from /Users/user/.pyenv/versions/3.8.13/lib/python3.8/site-packages/airflow/example_dags/example_subdag_operator.py
[2022-05-28 11:18:08,361] {logging_mixin.py:115} INFO - [2022-05-28 11:18:08,361] {dag.py:2379} INFO - Sync 3 DAGs
[2022-05-28 11:18:08,394] {logging_mixin.py:115} INFO - [2022-05-28 11:18:08,394] {dag.py:2923} INFO - Setting next_dagrun for example_subdag_operator to 2022-05-26T00:00:00+00:00, run_after=2022-05-26T00:00:00+00:00
[2022-05-28 11:18:08,394] {logging_mixin.py:115} INFO - [2022-05-28 11:18:08,394] {dag.py:2923} INFO - Setting next_dagrun for example_subdag_operator.section-1 to None, run_after=None
[2022-05-28 11:18:08,394] {logging_mixin.py:115} INFO - [2022-05-28 11:18:08,394] {dag.py:2923} INFO - Setting next_dagrun for example_subdag_operator.section-2 to None, run_after=None
[2022-05-28 11:18:08,400] {logging_mixin.py:115} INFO - [2022-05-28 11:18:08,400] {dag.py:2379} INFO - Sync 2 DAGs
[2022-05-28 11:18:08,404] {logging_mixin.py:115} INFO - [2022-05-28 11:18:08,404] {dag.py:2923} INFO - Setting next_dagrun for example_subdag_operator.section-1 to None, run_after=None
[2022-05-28 11:18:08,404] {logging_mixin.py:115} INFO - [2022-05-28 11:18:08,404] {dag.py:2923} INFO - Setting next_dagrun for example_subdag_operator.section-2 to None, run_after=None
[2022-05-28 11:18:08,412] {processor.py:161} INFO - Processing /Users/user/.pyenv/versions/3.8.13/lib/python3.8/site-packages/airflow/example_dags/example_subdag_operator.py took 0.146 seconds
[2022-05-28 11:19:09,593] {processor.py:153} INFO - Started process (PID=94796) to work on /Users/user/.pyenv/versions/3.8.13/lib/python3.8/site-packages/airflow/example_dags/example_subdag_operator.py
[2022-05-28 11:19:09,594] {processor.py:641} INFO - Processing file /Users/user/.pyenv/versions/3.8.13/lib/python3.8/site-packages/airflow/example_dags/example_subdag_operator.py for tasks to queue
[2022-05-28 11:19:09,595] {logging_mixin.py:115} INFO - [2022-05-28 11:19:09,594] {dagbag.py:507} INFO - Filling up the DagBag from /Users/user/.pyenv/versions/3.8.13/lib/python3.8/site-packages/airflow/example_dags/example_subdag_operator.py
[2022-05-28 11:19:09,638] {processor.py:651} INFO - DAG(s) dict_keys(['example_subdag_operator.section-1', 'example_subdag_operator.section-2', 'example_subdag_operator']) retrieved from /Users/user/.pyenv/versions/3.8.13/lib/python3.8/site-packages/airflow/example_dags/example_subdag_operator.py
[2022-05-28 11:19:09,665] {logging_mixin.py:115} INFO - [2022-05-28 11:19:09,664] {dag.py:2379} INFO - Sync 3 DAGs
[2022-05-28 11:19:09,674] {logging_mixin.py:115} INFO - [2022-05-28 11:19:09,674] {dag.py:2923} INFO - Setting next_dagrun for example_subdag_operator to 2022-05-26T00:00:00+00:00, run_after=2022-05-26T00:00:00+00:00
[2022-05-28 11:19:09,674] {logging_mixin.py:115} INFO - [2022-05-28 11:19:09,674] {dag.py:2923} INFO - Setting next_dagrun for example_subdag_operator.section-1 to None, run_after=None
[2022-05-28 11:19:09,674] {logging_mixin.py:115} INFO - [2022-05-28 11:19:09,674] {dag.py:2923} INFO - Setting next_dagrun for example_subdag_operator.section-2 to None, run_after=None
[2022-05-28 11:19:09,677] {logging_mixin.py:115} INFO - [2022-05-28 11:19:09,677] {dag.py:2379} INFO - Sync 2 DAGs
[2022-05-28 11:19:09,680] {logging_mixin.py:115} INFO - [2022-05-28 11:19:09,680] {dag.py:2923} INFO - Setting next_dagrun for example_subdag_operator.section-1 to None, run_after=None
[2022-05-28 11:19:09,680] {logging_mixin.py:115} INFO - [2022-05-28 11:19:09,680] {dag.py:2923} INFO - Setting next_dagrun for example_subdag_operator.section-2 to None, run_after=None
[2022-05-28 11:19:09,686] {processor.py:161} INFO - Processing /Users/user/.pyenv/versions/3.8.13/lib/python3.8/site-packages/airflow/example_dags/example_subdag_operator.py took 0.093 seconds
[2022-05-28 11:20:09,506] {processor.py:153} INFO - Started process (PID=95432) to work on /Users/user/.pyenv/versions/3.8.13/lib/python3.8/site-packages/airflow/example_dags/example_subdag_operator.py
[2022-05-28 11:20:09,508] {processor.py:641} INFO - Processing file /Users/user/.pyenv/versions/3.8.13/lib/python3.8/site-packages/airflow/example_dags/example_subdag_operator.py for tasks to queue
[2022-05-28 11:20:09,508] {logging_mixin.py:115} INFO - [2022-05-28 11:20:09,508] {dagbag.py:507} INFO - Filling up the DagBag from /Users/user/.pyenv/versions/3.8.13/lib/python3.8/site-packages/airflow/example_dags/example_subdag_operator.py
[2022-05-28 11:20:09,555] {processor.py:651} INFO - DAG(s) dict_keys(['example_subdag_operator.section-1', 'example_subdag_operator.section-2', 'example_subdag_operator']) retrieved from /Users/user/.pyenv/versions/3.8.13/lib/python3.8/site-packages/airflow/example_dags/example_subdag_operator.py
[2022-05-28 11:20:09,583] {logging_mixin.py:115} INFO - [2022-05-28 11:20:09,583] {dag.py:2379} INFO - Sync 3 DAGs
[2022-05-28 11:20:09,593] {logging_mixin.py:115} INFO - [2022-05-28 11:20:09,593] {dag.py:2923} INFO - Setting next_dagrun for example_subdag_operator to 2022-05-26T00:00:00+00:00, run_after=2022-05-26T00:00:00+00:00
[2022-05-28 11:20:09,594] {logging_mixin.py:115} INFO - [2022-05-28 11:20:09,594] {dag.py:2923} INFO - Setting next_dagrun for example_subdag_operator.section-1 to None, run_after=None
[2022-05-28 11:20:09,594] {logging_mixin.py:115} INFO - [2022-05-28 11:20:09,594] {dag.py:2923} INFO - Setting next_dagrun for example_subdag_operator.section-2 to None, run_after=None
[2022-05-28 11:20:09,597] {logging_mixin.py:115} INFO - [2022-05-28 11:20:09,597] {dag.py:2379} INFO - Sync 2 DAGs
[2022-05-28 11:20:09,600] {logging_mixin.py:115} INFO - [2022-05-28 11:20:09,600] {dag.py:2923} INFO - Setting next_dagrun for example_subdag_operator.section-1 to None, run_after=None
[2022-05-28 11:20:09,600] {logging_mixin.py:115} INFO - [2022-05-28 11:20:09,600] {dag.py:2923} INFO - Setting next_dagrun for example_subdag_operator.section-2 to None, run_after=None
[2022-05-28 11:20:09,607] {processor.py:161} INFO - Processing /Users/user/.pyenv/versions/3.8.13/lib/python3.8/site-packages/airflow/example_dags/example_subdag_operator.py took 0.101 seconds
[2022-05-28 11:21:12,722] {processor.py:153} INFO - Started process (PID=95505) to work on /Users/user/.pyenv/versions/3.8.13/lib/python3.8/site-packages/airflow/example_dags/example_subdag_operator.py
[2022-05-28 11:21:12,723] {processor.py:641} INFO - Processing file /Users/user/.pyenv/versions/3.8.13/lib/python3.8/site-packages/airflow/example_dags/example_subdag_operator.py for tasks to queue
[2022-05-28 11:21:12,723] {logging_mixin.py:115} INFO - [2022-05-28 11:21:12,723] {dagbag.py:507} INFO - Filling up the DagBag from /Users/user/.pyenv/versions/3.8.13/lib/python3.8/site-packages/airflow/example_dags/example_subdag_operator.py
[2022-05-28 11:21:12,801] {processor.py:651} INFO - DAG(s) dict_keys(['example_subdag_operator.section-1', 'example_subdag_operator.section-2', 'example_subdag_operator']) retrieved from /Users/user/.pyenv/versions/3.8.13/lib/python3.8/site-packages/airflow/example_dags/example_subdag_operator.py
[2022-05-28 11:21:12,852] {logging_mixin.py:115} INFO - [2022-05-28 11:21:12,852] {dag.py:2379} INFO - Sync 3 DAGs
[2022-05-28 11:21:12,869] {logging_mixin.py:115} INFO - [2022-05-28 11:21:12,869] {dag.py:2923} INFO - Setting next_dagrun for example_subdag_operator to 2022-05-26T00:00:00+00:00, run_after=2022-05-26T00:00:00+00:00
[2022-05-28 11:21:12,869] {logging_mixin.py:115} INFO - [2022-05-28 11:21:12,869] {dag.py:2923} INFO - Setting next_dagrun for example_subdag_operator.section-1 to None, run_after=None
[2022-05-28 11:21:12,870] {logging_mixin.py:115} INFO - [2022-05-28 11:21:12,870] {dag.py:2923} INFO - Setting next_dagrun for example_subdag_operator.section-2 to None, run_after=None
[2022-05-28 11:21:12,877] {logging_mixin.py:115} INFO - [2022-05-28 11:21:12,876] {dag.py:2379} INFO - Sync 2 DAGs
[2022-05-28 11:21:12,884] {logging_mixin.py:115} INFO - [2022-05-28 11:21:12,884] {dag.py:2923} INFO - Setting next_dagrun for example_subdag_operator.section-1 to None, run_after=None
[2022-05-28 11:21:12,885] {logging_mixin.py:115} INFO - [2022-05-28 11:21:12,885] {dag.py:2923} INFO - Setting next_dagrun for example_subdag_operator.section-2 to None, run_after=None
[2022-05-28 11:21:12,894] {processor.py:161} INFO - Processing /Users/user/.pyenv/versions/3.8.13/lib/python3.8/site-packages/airflow/example_dags/example_subdag_operator.py took 0.172 seconds
[2022-05-28 11:22:24,981] {processor.py:153} INFO - Started process (PID=95577) to work on /Users/user/.pyenv/versions/3.8.13/lib/python3.8/site-packages/airflow/example_dags/example_subdag_operator.py
[2022-05-28 11:22:24,983] {processor.py:641} INFO - Processing file /Users/user/.pyenv/versions/3.8.13/lib/python3.8/site-packages/airflow/example_dags/example_subdag_operator.py for tasks to queue
[2022-05-28 11:22:24,983] {logging_mixin.py:115} INFO - [2022-05-28 11:22:24,983] {dagbag.py:507} INFO - Filling up the DagBag from /Users/user/.pyenv/versions/3.8.13/lib/python3.8/site-packages/airflow/example_dags/example_subdag_operator.py
[2022-05-28 11:22:25,068] {processor.py:651} INFO - DAG(s) dict_keys(['example_subdag_operator.section-1', 'example_subdag_operator.section-2', 'example_subdag_operator']) retrieved from /Users/user/.pyenv/versions/3.8.13/lib/python3.8/site-packages/airflow/example_dags/example_subdag_operator.py
[2022-05-28 11:22:25,699] {logging_mixin.py:115} INFO - [2022-05-28 11:22:25,698] {dag.py:2379} INFO - Sync 3 DAGs
[2022-05-28 11:22:25,704] {logging_mixin.py:115} INFO - [2022-05-28 11:22:25,704] {dag.py:2398} INFO - Creating ORM DAG for example_subdag_operator.section-2
[2022-05-28 11:22:25,705] {logging_mixin.py:115} INFO - [2022-05-28 11:22:25,705] {dag.py:2398} INFO - Creating ORM DAG for example_subdag_operator.section-1
[2022-05-28 11:22:25,705] {logging_mixin.py:115} INFO - [2022-05-28 11:22:25,705] {dag.py:2398} INFO - Creating ORM DAG for example_subdag_operator
[2022-05-28 11:22:25,714] {logging_mixin.py:115} INFO - [2022-05-28 11:22:25,714] {dag.py:2923} INFO - Setting next_dagrun for example_subdag_operator to 2022-05-26T00:00:00+00:00, run_after=2022-05-26T00:00:00+00:00
[2022-05-28 11:22:25,714] {logging_mixin.py:115} INFO - [2022-05-28 11:22:25,714] {dag.py:2923} INFO - Setting next_dagrun for example_subdag_operator.section-1 to None, run_after=None
[2022-05-28 11:22:25,714] {logging_mixin.py:115} INFO - [2022-05-28 11:22:25,714] {dag.py:2923} INFO - Setting next_dagrun for example_subdag_operator.section-2 to None, run_after=None
[2022-05-28 11:22:25,722] {logging_mixin.py:115} INFO - [2022-05-28 11:22:25,721] {dag.py:2379} INFO - Sync 2 DAGs
[2022-05-28 11:22:25,726] {logging_mixin.py:115} INFO - [2022-05-28 11:22:25,726] {dag.py:2923} INFO - Setting next_dagrun for example_subdag_operator.section-1 to None, run_after=None
[2022-05-28 11:22:25,726] {logging_mixin.py:115} INFO - [2022-05-28 11:22:25,726] {dag.py:2923} INFO - Setting next_dagrun for example_subdag_operator.section-2 to None, run_after=None
[2022-05-28 11:22:25,734] {processor.py:161} INFO - Processing /Users/user/.pyenv/versions/3.8.13/lib/python3.8/site-packages/airflow/example_dags/example_subdag_operator.py took 0.754 seconds
