[2022-05-28 11:15:10,205] {processor.py:153} INFO - Started process (PID=93372) to work on /Users/user/.pyenv/versions/3.8.13/lib/python3.8/site-packages/airflow/example_dags/example_complex.py
[2022-05-28 11:15:10,205] {processor.py:641} INFO - Processing file /Users/user/.pyenv/versions/3.8.13/lib/python3.8/site-packages/airflow/example_dags/example_complex.py for tasks to queue
[2022-05-28 11:15:10,205] {logging_mixin.py:115} INFO - [2022-05-28 11:15:10,205] {dagbag.py:507} INFO - Filling up the DagBag from /Users/user/.pyenv/versions/3.8.13/lib/python3.8/site-packages/airflow/example_dags/example_complex.py
[2022-05-28 11:15:10,220] {processor.py:651} INFO - DAG(s) dict_keys(['example_complex']) retrieved from /Users/user/.pyenv/versions/3.8.13/lib/python3.8/site-packages/airflow/example_dags/example_complex.py
[2022-05-28 11:15:10,898] {logging_mixin.py:115} INFO - [2022-05-28 11:15:10,898] {manager.py:508} INFO - Created Permission View: can delete on DAG:example_complex
[2022-05-28 11:15:10,904] {logging_mixin.py:115} INFO - [2022-05-28 11:15:10,904] {manager.py:508} INFO - Created Permission View: can read on DAG:example_complex
[2022-05-28 11:15:10,908] {logging_mixin.py:115} INFO - [2022-05-28 11:15:10,908] {manager.py:508} INFO - Created Permission View: can edit on DAG:example_complex
[2022-05-28 11:15:10,909] {logging_mixin.py:115} INFO - [2022-05-28 11:15:10,908] {dag.py:2379} INFO - Sync 1 DAGs
[2022-05-28 11:15:10,915] {logging_mixin.py:115} INFO - [2022-05-28 11:15:10,914] {dag.py:2398} INFO - Creating ORM DAG for example_complex
[2022-05-28 11:15:10,921] {logging_mixin.py:115} INFO - [2022-05-28 11:15:10,921] {dag.py:2923} INFO - Setting next_dagrun for example_complex to None, run_after=None
[2022-05-28 11:15:10,930] {processor.py:161} INFO - Processing /Users/user/.pyenv/versions/3.8.13/lib/python3.8/site-packages/airflow/example_dags/example_complex.py took 0.726 seconds
[2022-05-28 11:16:21,366] {processor.py:153} INFO - Started process (PID=93455) to work on /Users/user/.pyenv/versions/3.8.13/lib/python3.8/site-packages/airflow/example_dags/example_complex.py
[2022-05-28 11:16:21,366] {processor.py:641} INFO - Processing file /Users/user/.pyenv/versions/3.8.13/lib/python3.8/site-packages/airflow/example_dags/example_complex.py for tasks to queue
[2022-05-28 11:16:21,366] {logging_mixin.py:115} INFO - [2022-05-28 11:16:21,366] {dagbag.py:507} INFO - Filling up the DagBag from /Users/user/.pyenv/versions/3.8.13/lib/python3.8/site-packages/airflow/example_dags/example_complex.py
[2022-05-28 11:16:21,381] {processor.py:651} INFO - DAG(s) dict_keys(['example_complex']) retrieved from /Users/user/.pyenv/versions/3.8.13/lib/python3.8/site-packages/airflow/example_dags/example_complex.py
[2022-05-28 11:16:21,438] {logging_mixin.py:115} INFO - [2022-05-28 11:16:21,438] {dag.py:2379} INFO - Sync 1 DAGs
[2022-05-28 11:16:21,449] {logging_mixin.py:115} INFO - [2022-05-28 11:16:21,449] {dag.py:2923} INFO - Setting next_dagrun for example_complex to None, run_after=None
[2022-05-28 11:16:21,459] {processor.py:161} INFO - Processing /Users/user/.pyenv/versions/3.8.13/lib/python3.8/site-packages/airflow/example_dags/example_complex.py took 0.094 seconds
[2022-05-28 11:17:26,338] {processor.py:153} INFO - Started process (PID=93544) to work on /Users/user/.pyenv/versions/3.8.13/lib/python3.8/site-packages/airflow/example_dags/example_complex.py
[2022-05-28 11:17:26,338] {processor.py:641} INFO - Processing file /Users/user/.pyenv/versions/3.8.13/lib/python3.8/site-packages/airflow/example_dags/example_complex.py for tasks to queue
[2022-05-28 11:17:26,338] {logging_mixin.py:115} INFO - [2022-05-28 11:17:26,338] {dagbag.py:507} INFO - Filling up the DagBag from /Users/user/.pyenv/versions/3.8.13/lib/python3.8/site-packages/airflow/example_dags/example_complex.py
[2022-05-28 11:17:26,355] {processor.py:651} INFO - DAG(s) dict_keys(['example_complex']) retrieved from /Users/user/.pyenv/versions/3.8.13/lib/python3.8/site-packages/airflow/example_dags/example_complex.py
[2022-05-28 11:17:26,411] {logging_mixin.py:115} INFO - [2022-05-28 11:17:26,411] {dag.py:2379} INFO - Sync 1 DAGs
[2022-05-28 11:17:26,420] {logging_mixin.py:115} INFO - [2022-05-28 11:17:26,420] {dag.py:2923} INFO - Setting next_dagrun for example_complex to None, run_after=None
[2022-05-28 11:17:26,428] {processor.py:161} INFO - Processing /Users/user/.pyenv/versions/3.8.13/lib/python3.8/site-packages/airflow/example_dags/example_complex.py took 0.091 seconds
[2022-05-28 11:18:30,405] {processor.py:153} INFO - Started process (PID=94186) to work on /Users/user/.pyenv/versions/3.8.13/lib/python3.8/site-packages/airflow/example_dags/example_complex.py
[2022-05-28 11:18:30,406] {processor.py:641} INFO - Processing file /Users/user/.pyenv/versions/3.8.13/lib/python3.8/site-packages/airflow/example_dags/example_complex.py for tasks to queue
[2022-05-28 11:18:30,406] {logging_mixin.py:115} INFO - [2022-05-28 11:18:30,406] {dagbag.py:507} INFO - Filling up the DagBag from /Users/user/.pyenv/versions/3.8.13/lib/python3.8/site-packages/airflow/example_dags/example_complex.py
[2022-05-28 11:18:30,425] {processor.py:651} INFO - DAG(s) dict_keys(['example_complex']) retrieved from /Users/user/.pyenv/versions/3.8.13/lib/python3.8/site-packages/airflow/example_dags/example_complex.py
[2022-05-28 11:18:30,487] {logging_mixin.py:115} INFO - [2022-05-28 11:18:30,487] {dag.py:2379} INFO - Sync 1 DAGs
[2022-05-28 11:18:30,499] {logging_mixin.py:115} INFO - [2022-05-28 11:18:30,499] {dag.py:2923} INFO - Setting next_dagrun for example_complex to None, run_after=None
[2022-05-28 11:18:30,508] {processor.py:161} INFO - Processing /Users/user/.pyenv/versions/3.8.13/lib/python3.8/site-packages/airflow/example_dags/example_complex.py took 0.103 seconds
[2022-05-28 11:19:31,281] {processor.py:153} INFO - Started process (PID=94825) to work on /Users/user/.pyenv/versions/3.8.13/lib/python3.8/site-packages/airflow/example_dags/example_complex.py
[2022-05-28 11:19:31,282] {processor.py:641} INFO - Processing file /Users/user/.pyenv/versions/3.8.13/lib/python3.8/site-packages/airflow/example_dags/example_complex.py for tasks to queue
[2022-05-28 11:19:31,283] {logging_mixin.py:115} INFO - [2022-05-28 11:19:31,283] {dagbag.py:507} INFO - Filling up the DagBag from /Users/user/.pyenv/versions/3.8.13/lib/python3.8/site-packages/airflow/example_dags/example_complex.py
[2022-05-28 11:19:31,296] {processor.py:651} INFO - DAG(s) dict_keys(['example_complex']) retrieved from /Users/user/.pyenv/versions/3.8.13/lib/python3.8/site-packages/airflow/example_dags/example_complex.py
[2022-05-28 11:19:31,349] {logging_mixin.py:115} INFO - [2022-05-28 11:19:31,349] {dag.py:2379} INFO - Sync 1 DAGs
[2022-05-28 11:19:31,360] {logging_mixin.py:115} INFO - [2022-05-28 11:19:31,360] {dag.py:2923} INFO - Setting next_dagrun for example_complex to None, run_after=None
[2022-05-28 11:19:31,368] {processor.py:161} INFO - Processing /Users/user/.pyenv/versions/3.8.13/lib/python3.8/site-packages/airflow/example_dags/example_complex.py took 0.087 seconds
[2022-05-28 11:20:33,699] {processor.py:153} INFO - Started process (PID=95460) to work on /Users/user/.pyenv/versions/3.8.13/lib/python3.8/site-packages/airflow/example_dags/example_complex.py
[2022-05-28 11:20:33,699] {processor.py:641} INFO - Processing file /Users/user/.pyenv/versions/3.8.13/lib/python3.8/site-packages/airflow/example_dags/example_complex.py for tasks to queue
[2022-05-28 11:20:33,700] {logging_mixin.py:115} INFO - [2022-05-28 11:20:33,700] {dagbag.py:507} INFO - Filling up the DagBag from /Users/user/.pyenv/versions/3.8.13/lib/python3.8/site-packages/airflow/example_dags/example_complex.py
[2022-05-28 11:20:33,723] {processor.py:651} INFO - DAG(s) dict_keys(['example_complex']) retrieved from /Users/user/.pyenv/versions/3.8.13/lib/python3.8/site-packages/airflow/example_dags/example_complex.py
[2022-05-28 11:20:33,813] {logging_mixin.py:115} INFO - [2022-05-28 11:20:33,813] {dag.py:2379} INFO - Sync 1 DAGs
[2022-05-28 11:20:33,828] {logging_mixin.py:115} INFO - [2022-05-28 11:20:33,828] {dag.py:2923} INFO - Setting next_dagrun for example_complex to None, run_after=None
[2022-05-28 11:20:33,839] {processor.py:161} INFO - Processing /Users/user/.pyenv/versions/3.8.13/lib/python3.8/site-packages/airflow/example_dags/example_complex.py took 0.141 seconds
[2022-05-28 11:21:37,372] {processor.py:153} INFO - Started process (PID=95533) to work on /Users/user/.pyenv/versions/3.8.13/lib/python3.8/site-packages/airflow/example_dags/example_complex.py
[2022-05-28 11:21:37,373] {processor.py:641} INFO - Processing file /Users/user/.pyenv/versions/3.8.13/lib/python3.8/site-packages/airflow/example_dags/example_complex.py for tasks to queue
[2022-05-28 11:21:37,373] {logging_mixin.py:115} INFO - [2022-05-28 11:21:37,373] {dagbag.py:507} INFO - Filling up the DagBag from /Users/user/.pyenv/versions/3.8.13/lib/python3.8/site-packages/airflow/example_dags/example_complex.py
[2022-05-28 11:21:37,392] {processor.py:651} INFO - DAG(s) dict_keys(['example_complex']) retrieved from /Users/user/.pyenv/versions/3.8.13/lib/python3.8/site-packages/airflow/example_dags/example_complex.py
[2022-05-28 11:21:37,921] {logging_mixin.py:115} INFO - [2022-05-28 11:21:37,921] {dag.py:2379} INFO - Sync 1 DAGs
[2022-05-28 11:21:37,926] {logging_mixin.py:115} INFO - [2022-05-28 11:21:37,926] {dag.py:2398} INFO - Creating ORM DAG for example_complex
[2022-05-28 11:21:37,933] {logging_mixin.py:115} INFO - [2022-05-28 11:21:37,933] {dag.py:2923} INFO - Setting next_dagrun for example_complex to None, run_after=None
[2022-05-28 11:21:37,946] {processor.py:161} INFO - Processing /Users/user/.pyenv/versions/3.8.13/lib/python3.8/site-packages/airflow/example_dags/example_complex.py took 0.575 seconds
[2022-05-28 11:22:56,238] {processor.py:153} INFO - Started process (PID=95605) to work on /Users/user/.pyenv/versions/3.8.13/lib/python3.8/site-packages/airflow/example_dags/example_complex.py
[2022-05-28 11:22:56,238] {processor.py:641} INFO - Processing file /Users/user/.pyenv/versions/3.8.13/lib/python3.8/site-packages/airflow/example_dags/example_complex.py for tasks to queue
[2022-05-28 11:22:56,239] {logging_mixin.py:115} INFO - [2022-05-28 11:22:56,239] {dagbag.py:507} INFO - Filling up the DagBag from /Users/user/.pyenv/versions/3.8.13/lib/python3.8/site-packages/airflow/example_dags/example_complex.py
[2022-05-28 11:22:56,259] {processor.py:651} INFO - DAG(s) dict_keys(['example_complex']) retrieved from /Users/user/.pyenv/versions/3.8.13/lib/python3.8/site-packages/airflow/example_dags/example_complex.py
[2022-05-28 11:22:56,937] {logging_mixin.py:115} INFO - [2022-05-28 11:22:56,937] {dag.py:2379} INFO - Sync 1 DAGs
[2022-05-28 11:22:56,943] {logging_mixin.py:115} INFO - [2022-05-28 11:22:56,942] {dag.py:2398} INFO - Creating ORM DAG for example_complex
[2022-05-28 11:22:56,949] {logging_mixin.py:115} INFO - [2022-05-28 11:22:56,949] {dag.py:2923} INFO - Setting next_dagrun for example_complex to None, run_after=None
[2022-05-28 11:22:56,961] {processor.py:161} INFO - Processing /Users/user/.pyenv/versions/3.8.13/lib/python3.8/site-packages/airflow/example_dags/example_complex.py took 0.724 seconds
