[2022-05-28 11:14:29,908] {processor.py:153} INFO - Started process (PID=93331) to work on /Users/user/.pyenv/versions/3.8.13/lib/python3.8/site-packages/airflow/example_dags/example_time_delta_sensor_async.py
[2022-05-28 11:14:29,909] {processor.py:641} INFO - Processing file /Users/user/.pyenv/versions/3.8.13/lib/python3.8/site-packages/airflow/example_dags/example_time_delta_sensor_async.py for tasks to queue
[2022-05-28 11:14:29,910] {logging_mixin.py:115} INFO - [2022-05-28 11:14:29,909] {dagbag.py:507} INFO - Filling up the DagBag from /Users/user/.pyenv/versions/3.8.13/lib/python3.8/site-packages/airflow/example_dags/example_time_delta_sensor_async.py
[2022-05-28 11:14:29,925] {processor.py:651} INFO - DAG(s) dict_keys(['example_time_delta_sensor_async']) retrieved from /Users/user/.pyenv/versions/3.8.13/lib/python3.8/site-packages/airflow/example_dags/example_time_delta_sensor_async.py
[2022-05-28 11:14:30,613] {logging_mixin.py:115} INFO - [2022-05-28 11:14:30,613] {manager.py:508} INFO - Created Permission View: can read on DAG:example_time_delta_sensor_async
[2022-05-28 11:14:30,619] {logging_mixin.py:115} INFO - [2022-05-28 11:14:30,619] {manager.py:508} INFO - Created Permission View: can delete on DAG:example_time_delta_sensor_async
[2022-05-28 11:14:30,623] {logging_mixin.py:115} INFO - [2022-05-28 11:14:30,623] {manager.py:508} INFO - Created Permission View: can edit on DAG:example_time_delta_sensor_async
[2022-05-28 11:14:30,624] {logging_mixin.py:115} INFO - [2022-05-28 11:14:30,624] {dag.py:2379} INFO - Sync 1 DAGs
[2022-05-28 11:14:30,629] {logging_mixin.py:115} INFO - [2022-05-28 11:14:30,629] {dag.py:2398} INFO - Creating ORM DAG for example_time_delta_sensor_async
[2022-05-28 11:14:30,635] {logging_mixin.py:115} INFO - [2022-05-28 11:14:30,635] {dag.py:2923} INFO - Setting next_dagrun for example_time_delta_sensor_async to None, run_after=None
[2022-05-28 11:14:30,644] {processor.py:161} INFO - Processing /Users/user/.pyenv/versions/3.8.13/lib/python3.8/site-packages/airflow/example_dags/example_time_delta_sensor_async.py took 0.736 seconds
[2022-05-28 11:15:53,673] {processor.py:153} INFO - Started process (PID=93414) to work on /Users/user/.pyenv/versions/3.8.13/lib/python3.8/site-packages/airflow/example_dags/example_time_delta_sensor_async.py
[2022-05-28 11:15:53,674] {processor.py:641} INFO - Processing file /Users/user/.pyenv/versions/3.8.13/lib/python3.8/site-packages/airflow/example_dags/example_time_delta_sensor_async.py for tasks to queue
[2022-05-28 11:15:53,674] {logging_mixin.py:115} INFO - [2022-05-28 11:15:53,674] {dagbag.py:507} INFO - Filling up the DagBag from /Users/user/.pyenv/versions/3.8.13/lib/python3.8/site-packages/airflow/example_dags/example_time_delta_sensor_async.py
[2022-05-28 11:15:53,683] {processor.py:651} INFO - DAG(s) dict_keys(['example_time_delta_sensor_async']) retrieved from /Users/user/.pyenv/versions/3.8.13/lib/python3.8/site-packages/airflow/example_dags/example_time_delta_sensor_async.py
[2022-05-28 11:15:53,745] {logging_mixin.py:115} INFO - [2022-05-28 11:15:53,745] {dag.py:2379} INFO - Sync 1 DAGs
[2022-05-28 11:15:53,755] {logging_mixin.py:115} INFO - [2022-05-28 11:15:53,755] {dag.py:2923} INFO - Setting next_dagrun for example_time_delta_sensor_async to None, run_after=None
[2022-05-28 11:15:53,763] {processor.py:161} INFO - Processing /Users/user/.pyenv/versions/3.8.13/lib/python3.8/site-packages/airflow/example_dags/example_time_delta_sensor_async.py took 0.090 seconds
[2022-05-28 11:16:56,682] {processor.py:153} INFO - Started process (PID=93495) to work on /Users/user/.pyenv/versions/3.8.13/lib/python3.8/site-packages/airflow/example_dags/example_time_delta_sensor_async.py
[2022-05-28 11:16:56,682] {processor.py:641} INFO - Processing file /Users/user/.pyenv/versions/3.8.13/lib/python3.8/site-packages/airflow/example_dags/example_time_delta_sensor_async.py for tasks to queue
[2022-05-28 11:16:56,682] {logging_mixin.py:115} INFO - [2022-05-28 11:16:56,682] {dagbag.py:507} INFO - Filling up the DagBag from /Users/user/.pyenv/versions/3.8.13/lib/python3.8/site-packages/airflow/example_dags/example_time_delta_sensor_async.py
[2022-05-28 11:16:56,690] {processor.py:651} INFO - DAG(s) dict_keys(['example_time_delta_sensor_async']) retrieved from /Users/user/.pyenv/versions/3.8.13/lib/python3.8/site-packages/airflow/example_dags/example_time_delta_sensor_async.py
[2022-05-28 11:16:56,762] {logging_mixin.py:115} INFO - [2022-05-28 11:16:56,762] {dag.py:2379} INFO - Sync 1 DAGs
[2022-05-28 11:16:56,772] {logging_mixin.py:115} INFO - [2022-05-28 11:16:56,772] {dag.py:2923} INFO - Setting next_dagrun for example_time_delta_sensor_async to None, run_after=None
[2022-05-28 11:16:56,780] {processor.py:161} INFO - Processing /Users/user/.pyenv/versions/3.8.13/lib/python3.8/site-packages/airflow/example_dags/example_time_delta_sensor_async.py took 0.098 seconds
[2022-05-28 11:18:02,300] {processor.py:153} INFO - Started process (PID=94146) to work on /Users/user/.pyenv/versions/3.8.13/lib/python3.8/site-packages/airflow/example_dags/example_time_delta_sensor_async.py
[2022-05-28 11:18:02,301] {processor.py:641} INFO - Processing file /Users/user/.pyenv/versions/3.8.13/lib/python3.8/site-packages/airflow/example_dags/example_time_delta_sensor_async.py for tasks to queue
[2022-05-28 11:18:02,302] {logging_mixin.py:115} INFO - [2022-05-28 11:18:02,301] {dagbag.py:507} INFO - Filling up the DagBag from /Users/user/.pyenv/versions/3.8.13/lib/python3.8/site-packages/airflow/example_dags/example_time_delta_sensor_async.py
[2022-05-28 11:18:02,313] {processor.py:651} INFO - DAG(s) dict_keys(['example_time_delta_sensor_async']) retrieved from /Users/user/.pyenv/versions/3.8.13/lib/python3.8/site-packages/airflow/example_dags/example_time_delta_sensor_async.py
[2022-05-28 11:18:02,385] {logging_mixin.py:115} INFO - [2022-05-28 11:18:02,385] {dag.py:2379} INFO - Sync 1 DAGs
[2022-05-28 11:18:02,396] {logging_mixin.py:115} INFO - [2022-05-28 11:18:02,396] {dag.py:2923} INFO - Setting next_dagrun for example_time_delta_sensor_async to None, run_after=None
[2022-05-28 11:18:02,403] {processor.py:161} INFO - Processing /Users/user/.pyenv/versions/3.8.13/lib/python3.8/site-packages/airflow/example_dags/example_time_delta_sensor_async.py took 0.104 seconds
[2022-05-28 11:19:03,593] {processor.py:153} INFO - Started process (PID=94790) to work on /Users/user/.pyenv/versions/3.8.13/lib/python3.8/site-packages/airflow/example_dags/example_time_delta_sensor_async.py
[2022-05-28 11:19:03,594] {processor.py:641} INFO - Processing file /Users/user/.pyenv/versions/3.8.13/lib/python3.8/site-packages/airflow/example_dags/example_time_delta_sensor_async.py for tasks to queue
[2022-05-28 11:19:03,595] {logging_mixin.py:115} INFO - [2022-05-28 11:19:03,595] {dagbag.py:507} INFO - Filling up the DagBag from /Users/user/.pyenv/versions/3.8.13/lib/python3.8/site-packages/airflow/example_dags/example_time_delta_sensor_async.py
[2022-05-28 11:19:03,609] {processor.py:651} INFO - DAG(s) dict_keys(['example_time_delta_sensor_async']) retrieved from /Users/user/.pyenv/versions/3.8.13/lib/python3.8/site-packages/airflow/example_dags/example_time_delta_sensor_async.py
[2022-05-28 11:19:03,688] {logging_mixin.py:115} INFO - [2022-05-28 11:19:03,688] {dag.py:2379} INFO - Sync 1 DAGs
[2022-05-28 11:19:03,704] {logging_mixin.py:115} INFO - [2022-05-28 11:19:03,704] {dag.py:2923} INFO - Setting next_dagrun for example_time_delta_sensor_async to None, run_after=None
[2022-05-28 11:19:03,768] {processor.py:161} INFO - Processing /Users/user/.pyenv/versions/3.8.13/lib/python3.8/site-packages/airflow/example_dags/example_time_delta_sensor_async.py took 0.175 seconds
[2022-05-28 11:20:05,515] {processor.py:153} INFO - Started process (PID=95426) to work on /Users/user/.pyenv/versions/3.8.13/lib/python3.8/site-packages/airflow/example_dags/example_time_delta_sensor_async.py
[2022-05-28 11:20:05,515] {processor.py:641} INFO - Processing file /Users/user/.pyenv/versions/3.8.13/lib/python3.8/site-packages/airflow/example_dags/example_time_delta_sensor_async.py for tasks to queue
[2022-05-28 11:20:05,516] {logging_mixin.py:115} INFO - [2022-05-28 11:20:05,516] {dagbag.py:507} INFO - Filling up the DagBag from /Users/user/.pyenv/versions/3.8.13/lib/python3.8/site-packages/airflow/example_dags/example_time_delta_sensor_async.py
[2022-05-28 11:20:05,527] {processor.py:651} INFO - DAG(s) dict_keys(['example_time_delta_sensor_async']) retrieved from /Users/user/.pyenv/versions/3.8.13/lib/python3.8/site-packages/airflow/example_dags/example_time_delta_sensor_async.py
[2022-05-28 11:20:05,593] {logging_mixin.py:115} INFO - [2022-05-28 11:20:05,593] {dag.py:2379} INFO - Sync 1 DAGs
[2022-05-28 11:20:05,608] {logging_mixin.py:115} INFO - [2022-05-28 11:20:05,608] {dag.py:2923} INFO - Setting next_dagrun for example_time_delta_sensor_async to None, run_after=None
[2022-05-28 11:20:05,624] {processor.py:161} INFO - Processing /Users/user/.pyenv/versions/3.8.13/lib/python3.8/site-packages/airflow/example_dags/example_time_delta_sensor_async.py took 0.110 seconds
[2022-05-28 11:21:07,540] {processor.py:153} INFO - Started process (PID=95498) to work on /Users/user/.pyenv/versions/3.8.13/lib/python3.8/site-packages/airflow/example_dags/example_time_delta_sensor_async.py
[2022-05-28 11:21:07,540] {processor.py:641} INFO - Processing file /Users/user/.pyenv/versions/3.8.13/lib/python3.8/site-packages/airflow/example_dags/example_time_delta_sensor_async.py for tasks to queue
[2022-05-28 11:21:07,540] {logging_mixin.py:115} INFO - [2022-05-28 11:21:07,540] {dagbag.py:507} INFO - Filling up the DagBag from /Users/user/.pyenv/versions/3.8.13/lib/python3.8/site-packages/airflow/example_dags/example_time_delta_sensor_async.py
[2022-05-28 11:21:07,550] {processor.py:651} INFO - DAG(s) dict_keys(['example_time_delta_sensor_async']) retrieved from /Users/user/.pyenv/versions/3.8.13/lib/python3.8/site-packages/airflow/example_dags/example_time_delta_sensor_async.py
[2022-05-28 11:21:07,614] {logging_mixin.py:115} INFO - [2022-05-28 11:21:07,614] {dag.py:2379} INFO - Sync 1 DAGs
[2022-05-28 11:21:07,626] {logging_mixin.py:115} INFO - [2022-05-28 11:21:07,625] {dag.py:2923} INFO - Setting next_dagrun for example_time_delta_sensor_async to None, run_after=None
[2022-05-28 11:21:07,634] {processor.py:161} INFO - Processing /Users/user/.pyenv/versions/3.8.13/lib/python3.8/site-packages/airflow/example_dags/example_time_delta_sensor_async.py took 0.095 seconds
[2022-05-28 11:22:18,261] {processor.py:153} INFO - Started process (PID=95571) to work on /Users/user/.pyenv/versions/3.8.13/lib/python3.8/site-packages/airflow/example_dags/example_time_delta_sensor_async.py
[2022-05-28 11:22:18,262] {processor.py:641} INFO - Processing file /Users/user/.pyenv/versions/3.8.13/lib/python3.8/site-packages/airflow/example_dags/example_time_delta_sensor_async.py for tasks to queue
[2022-05-28 11:22:18,262] {logging_mixin.py:115} INFO - [2022-05-28 11:22:18,262] {dagbag.py:507} INFO - Filling up the DagBag from /Users/user/.pyenv/versions/3.8.13/lib/python3.8/site-packages/airflow/example_dags/example_time_delta_sensor_async.py
[2022-05-28 11:22:18,274] {processor.py:651} INFO - DAG(s) dict_keys(['example_time_delta_sensor_async']) retrieved from /Users/user/.pyenv/versions/3.8.13/lib/python3.8/site-packages/airflow/example_dags/example_time_delta_sensor_async.py
[2022-05-28 11:22:18,351] {logging_mixin.py:115} INFO - [2022-05-28 11:22:18,351] {dag.py:2379} INFO - Sync 1 DAGs
[2022-05-28 11:22:18,362] {logging_mixin.py:115} INFO - [2022-05-28 11:22:18,362] {dag.py:2923} INFO - Setting next_dagrun for example_time_delta_sensor_async to None, run_after=None
[2022-05-28 11:22:18,369] {processor.py:161} INFO - Processing /Users/user/.pyenv/versions/3.8.13/lib/python3.8/site-packages/airflow/example_dags/example_time_delta_sensor_async.py took 0.109 seconds
