[2022-05-28 11:14:43,781] {processor.py:153} INFO - Started process (PID=93345) to work on /Users/user/.pyenv/versions/3.8.13/lib/python3.8/site-packages/airflow/example_dags/example_skip_dag.py
[2022-05-28 11:14:43,781] {processor.py:641} INFO - Processing file /Users/user/.pyenv/versions/3.8.13/lib/python3.8/site-packages/airflow/example_dags/example_skip_dag.py for tasks to queue
[2022-05-28 11:14:43,781] {logging_mixin.py:115} INFO - [2022-05-28 11:14:43,781] {dagbag.py:507} INFO - Filling up the DagBag from /Users/user/.pyenv/versions/3.8.13/lib/python3.8/site-packages/airflow/example_dags/example_skip_dag.py
[2022-05-28 11:14:43,792] {processor.py:651} INFO - DAG(s) dict_keys(['example_skip_dag']) retrieved from /Users/user/.pyenv/versions/3.8.13/lib/python3.8/site-packages/airflow/example_dags/example_skip_dag.py
[2022-05-28 11:14:44,480] {logging_mixin.py:115} INFO - [2022-05-28 11:14:44,480] {manager.py:508} INFO - Created Permission View: can read on DAG:example_skip_dag
[2022-05-28 11:14:44,486] {logging_mixin.py:115} INFO - [2022-05-28 11:14:44,486] {manager.py:508} INFO - Created Permission View: can edit on DAG:example_skip_dag
[2022-05-28 11:14:44,491] {logging_mixin.py:115} INFO - [2022-05-28 11:14:44,490] {manager.py:508} INFO - Created Permission View: can delete on DAG:example_skip_dag
[2022-05-28 11:14:44,491] {logging_mixin.py:115} INFO - [2022-05-28 11:14:44,491] {dag.py:2379} INFO - Sync 1 DAGs
[2022-05-28 11:14:44,496] {logging_mixin.py:115} INFO - [2022-05-28 11:14:44,496] {dag.py:2398} INFO - Creating ORM DAG for example_skip_dag
[2022-05-28 11:14:44,502] {logging_mixin.py:115} INFO - [2022-05-28 11:14:44,502] {dag.py:2923} INFO - Setting next_dagrun for example_skip_dag to 2022-05-27T03:14:44.502731+00:00, run_after=2022-05-28T03:14:44.502731+00:00
[2022-05-28 11:14:44,511] {processor.py:161} INFO - Processing /Users/user/.pyenv/versions/3.8.13/lib/python3.8/site-packages/airflow/example_dags/example_skip_dag.py took 0.731 seconds
[2022-05-28 11:16:02,716] {processor.py:153} INFO - Started process (PID=93426) to work on /Users/user/.pyenv/versions/3.8.13/lib/python3.8/site-packages/airflow/example_dags/example_skip_dag.py
[2022-05-28 11:16:02,716] {processor.py:641} INFO - Processing file /Users/user/.pyenv/versions/3.8.13/lib/python3.8/site-packages/airflow/example_dags/example_skip_dag.py for tasks to queue
[2022-05-28 11:16:02,717] {logging_mixin.py:115} INFO - [2022-05-28 11:16:02,717] {dagbag.py:507} INFO - Filling up the DagBag from /Users/user/.pyenv/versions/3.8.13/lib/python3.8/site-packages/airflow/example_dags/example_skip_dag.py
[2022-05-28 11:16:02,727] {processor.py:651} INFO - DAG(s) dict_keys(['example_skip_dag']) retrieved from /Users/user/.pyenv/versions/3.8.13/lib/python3.8/site-packages/airflow/example_dags/example_skip_dag.py
[2022-05-28 11:16:02,776] {logging_mixin.py:115} INFO - [2022-05-28 11:16:02,776] {dag.py:2379} INFO - Sync 1 DAGs
[2022-05-28 11:16:02,785] {logging_mixin.py:115} INFO - [2022-05-28 11:16:02,785] {dag.py:2923} INFO - Setting next_dagrun for example_skip_dag to 2022-05-27T03:16:02.785286+00:00, run_after=2022-05-28T03:16:02.785286+00:00
[2022-05-28 11:16:02,793] {processor.py:161} INFO - Processing /Users/user/.pyenv/versions/3.8.13/lib/python3.8/site-packages/airflow/example_dags/example_skip_dag.py took 0.077 seconds
[2022-05-28 11:17:05,912] {processor.py:153} INFO - Started process (PID=93508) to work on /Users/user/.pyenv/versions/3.8.13/lib/python3.8/site-packages/airflow/example_dags/example_skip_dag.py
[2022-05-28 11:17:05,912] {processor.py:641} INFO - Processing file /Users/user/.pyenv/versions/3.8.13/lib/python3.8/site-packages/airflow/example_dags/example_skip_dag.py for tasks to queue
[2022-05-28 11:17:05,913] {logging_mixin.py:115} INFO - [2022-05-28 11:17:05,912] {dagbag.py:507} INFO - Filling up the DagBag from /Users/user/.pyenv/versions/3.8.13/lib/python3.8/site-packages/airflow/example_dags/example_skip_dag.py
[2022-05-28 11:17:05,921] {processor.py:651} INFO - DAG(s) dict_keys(['example_skip_dag']) retrieved from /Users/user/.pyenv/versions/3.8.13/lib/python3.8/site-packages/airflow/example_dags/example_skip_dag.py
[2022-05-28 11:17:05,965] {logging_mixin.py:115} INFO - [2022-05-28 11:17:05,965] {dag.py:2379} INFO - Sync 1 DAGs
[2022-05-28 11:17:05,974] {logging_mixin.py:115} INFO - [2022-05-28 11:17:05,974] {dag.py:2923} INFO - Setting next_dagrun for example_skip_dag to 2022-05-27T03:17:05.974290+00:00, run_after=2022-05-28T03:17:05.974290+00:00
[2022-05-28 11:17:05,981] {processor.py:161} INFO - Processing /Users/user/.pyenv/versions/3.8.13/lib/python3.8/site-packages/airflow/example_dags/example_skip_dag.py took 0.070 seconds
[2022-05-28 11:18:11,736] {processor.py:153} INFO - Started process (PID=94157) to work on /Users/user/.pyenv/versions/3.8.13/lib/python3.8/site-packages/airflow/example_dags/example_skip_dag.py
[2022-05-28 11:18:11,737] {processor.py:641} INFO - Processing file /Users/user/.pyenv/versions/3.8.13/lib/python3.8/site-packages/airflow/example_dags/example_skip_dag.py for tasks to queue
[2022-05-28 11:18:11,737] {logging_mixin.py:115} INFO - [2022-05-28 11:18:11,737] {dagbag.py:507} INFO - Filling up the DagBag from /Users/user/.pyenv/versions/3.8.13/lib/python3.8/site-packages/airflow/example_dags/example_skip_dag.py
[2022-05-28 11:18:11,748] {processor.py:651} INFO - DAG(s) dict_keys(['example_skip_dag']) retrieved from /Users/user/.pyenv/versions/3.8.13/lib/python3.8/site-packages/airflow/example_dags/example_skip_dag.py
[2022-05-28 11:18:11,802] {logging_mixin.py:115} INFO - [2022-05-28 11:18:11,802] {dag.py:2379} INFO - Sync 1 DAGs
[2022-05-28 11:18:11,813] {logging_mixin.py:115} INFO - [2022-05-28 11:18:11,813] {dag.py:2923} INFO - Setting next_dagrun for example_skip_dag to 2022-05-27T03:18:11.813027+00:00, run_after=2022-05-28T03:18:11.813027+00:00
[2022-05-28 11:18:11,822] {processor.py:161} INFO - Processing /Users/user/.pyenv/versions/3.8.13/lib/python3.8/site-packages/airflow/example_dags/example_skip_dag.py took 0.086 seconds
[2022-05-28 11:19:13,222] {processor.py:153} INFO - Started process (PID=94800) to work on /Users/user/.pyenv/versions/3.8.13/lib/python3.8/site-packages/airflow/example_dags/example_skip_dag.py
[2022-05-28 11:19:13,223] {processor.py:641} INFO - Processing file /Users/user/.pyenv/versions/3.8.13/lib/python3.8/site-packages/airflow/example_dags/example_skip_dag.py for tasks to queue
[2022-05-28 11:19:13,223] {logging_mixin.py:115} INFO - [2022-05-28 11:19:13,223] {dagbag.py:507} INFO - Filling up the DagBag from /Users/user/.pyenv/versions/3.8.13/lib/python3.8/site-packages/airflow/example_dags/example_skip_dag.py
[2022-05-28 11:19:13,239] {processor.py:651} INFO - DAG(s) dict_keys(['example_skip_dag']) retrieved from /Users/user/.pyenv/versions/3.8.13/lib/python3.8/site-packages/airflow/example_dags/example_skip_dag.py
[2022-05-28 11:19:13,302] {logging_mixin.py:115} INFO - [2022-05-28 11:19:13,301] {dag.py:2379} INFO - Sync 1 DAGs
[2022-05-28 11:19:13,313] {logging_mixin.py:115} INFO - [2022-05-28 11:19:13,313] {dag.py:2923} INFO - Setting next_dagrun for example_skip_dag to 2022-05-27T03:19:13.313031+00:00, run_after=2022-05-28T03:19:13.313031+00:00
[2022-05-28 11:19:13,321] {processor.py:161} INFO - Processing /Users/user/.pyenv/versions/3.8.13/lib/python3.8/site-packages/airflow/example_dags/example_skip_dag.py took 0.101 seconds
[2022-05-28 11:20:13,549] {processor.py:153} INFO - Started process (PID=95436) to work on /Users/user/.pyenv/versions/3.8.13/lib/python3.8/site-packages/airflow/example_dags/example_skip_dag.py
[2022-05-28 11:20:13,558] {processor.py:641} INFO - Processing file /Users/user/.pyenv/versions/3.8.13/lib/python3.8/site-packages/airflow/example_dags/example_skip_dag.py for tasks to queue
[2022-05-28 11:20:13,558] {logging_mixin.py:115} INFO - [2022-05-28 11:20:13,558] {dagbag.py:507} INFO - Filling up the DagBag from /Users/user/.pyenv/versions/3.8.13/lib/python3.8/site-packages/airflow/example_dags/example_skip_dag.py
[2022-05-28 11:20:13,571] {processor.py:651} INFO - DAG(s) dict_keys(['example_skip_dag']) retrieved from /Users/user/.pyenv/versions/3.8.13/lib/python3.8/site-packages/airflow/example_dags/example_skip_dag.py
[2022-05-28 11:20:13,628] {logging_mixin.py:115} INFO - [2022-05-28 11:20:13,628] {dag.py:2379} INFO - Sync 1 DAGs
[2022-05-28 11:20:13,640] {logging_mixin.py:115} INFO - [2022-05-28 11:20:13,640] {dag.py:2923} INFO - Setting next_dagrun for example_skip_dag to 2022-05-27T03:20:13.640156+00:00, run_after=2022-05-28T03:20:13.640156+00:00
[2022-05-28 11:20:13,649] {processor.py:161} INFO - Processing /Users/user/.pyenv/versions/3.8.13/lib/python3.8/site-packages/airflow/example_dags/example_skip_dag.py took 0.100 seconds
[2022-05-28 11:21:17,009] {processor.py:153} INFO - Started process (PID=95511) to work on /Users/user/.pyenv/versions/3.8.13/lib/python3.8/site-packages/airflow/example_dags/example_skip_dag.py
[2022-05-28 11:21:17,009] {processor.py:641} INFO - Processing file /Users/user/.pyenv/versions/3.8.13/lib/python3.8/site-packages/airflow/example_dags/example_skip_dag.py for tasks to queue
[2022-05-28 11:21:17,010] {logging_mixin.py:115} INFO - [2022-05-28 11:21:17,010] {dagbag.py:507} INFO - Filling up the DagBag from /Users/user/.pyenv/versions/3.8.13/lib/python3.8/site-packages/airflow/example_dags/example_skip_dag.py
[2022-05-28 11:21:17,023] {processor.py:651} INFO - DAG(s) dict_keys(['example_skip_dag']) retrieved from /Users/user/.pyenv/versions/3.8.13/lib/python3.8/site-packages/airflow/example_dags/example_skip_dag.py
[2022-05-28 11:21:17,096] {logging_mixin.py:115} INFO - [2022-05-28 11:21:17,096] {dag.py:2379} INFO - Sync 1 DAGs
[2022-05-28 11:21:17,132] {logging_mixin.py:115} INFO - [2022-05-28 11:21:17,132] {dag.py:2923} INFO - Setting next_dagrun for example_skip_dag to 2022-05-27T03:21:17.132684+00:00, run_after=2022-05-28T03:21:17.132684+00:00
[2022-05-28 11:21:17,145] {processor.py:161} INFO - Processing /Users/user/.pyenv/versions/3.8.13/lib/python3.8/site-packages/airflow/example_dags/example_skip_dag.py took 0.137 seconds
[2022-05-28 11:22:30,562] {processor.py:153} INFO - Started process (PID=95581) to work on /Users/user/.pyenv/versions/3.8.13/lib/python3.8/site-packages/airflow/example_dags/example_skip_dag.py
[2022-05-28 11:22:30,563] {processor.py:641} INFO - Processing file /Users/user/.pyenv/versions/3.8.13/lib/python3.8/site-packages/airflow/example_dags/example_skip_dag.py for tasks to queue
[2022-05-28 11:22:30,563] {logging_mixin.py:115} INFO - [2022-05-28 11:22:30,563] {dagbag.py:507} INFO - Filling up the DagBag from /Users/user/.pyenv/versions/3.8.13/lib/python3.8/site-packages/airflow/example_dags/example_skip_dag.py
[2022-05-28 11:22:30,577] {processor.py:651} INFO - DAG(s) dict_keys(['example_skip_dag']) retrieved from /Users/user/.pyenv/versions/3.8.13/lib/python3.8/site-packages/airflow/example_dags/example_skip_dag.py
[2022-05-28 11:22:31,119] {logging_mixin.py:115} INFO - [2022-05-28 11:22:31,119] {dag.py:2379} INFO - Sync 1 DAGs
[2022-05-28 11:22:31,123] {logging_mixin.py:115} INFO - [2022-05-28 11:22:31,123] {dag.py:2398} INFO - Creating ORM DAG for example_skip_dag
[2022-05-28 11:22:31,129] {logging_mixin.py:115} INFO - [2022-05-28 11:22:31,129] {dag.py:2923} INFO - Setting next_dagrun for example_skip_dag to 2022-05-27T03:22:31.129376+00:00, run_after=2022-05-28T03:22:31.129376+00:00
[2022-05-28 11:22:31,139] {processor.py:161} INFO - Processing /Users/user/.pyenv/versions/3.8.13/lib/python3.8/site-packages/airflow/example_dags/example_skip_dag.py took 0.577 seconds
