[2022-05-28 11:15:04,943] {processor.py:153} INFO - Started process (PID=93368) to work on /Users/user/.pyenv/versions/3.8.13/lib/python3.8/site-packages/airflow/example_dags/example_external_task_marker_dag.py
[2022-05-28 11:15:04,943] {processor.py:641} INFO - Processing file /Users/user/.pyenv/versions/3.8.13/lib/python3.8/site-packages/airflow/example_dags/example_external_task_marker_dag.py for tasks to queue
[2022-05-28 11:15:04,943] {logging_mixin.py:115} INFO - [2022-05-28 11:15:04,943] {dagbag.py:507} INFO - Filling up the DagBag from /Users/user/.pyenv/versions/3.8.13/lib/python3.8/site-packages/airflow/example_dags/example_external_task_marker_dag.py
[2022-05-28 11:15:04,954] {processor.py:651} INFO - DAG(s) dict_keys(['example_external_task_marker_parent', 'example_external_task_marker_child']) retrieved from /Users/user/.pyenv/versions/3.8.13/lib/python3.8/site-packages/airflow/example_dags/example_external_task_marker_dag.py
[2022-05-28 11:15:05,607] {logging_mixin.py:115} INFO - [2022-05-28 11:15:05,607] {manager.py:508} INFO - Created Permission View: can read on DAG:example_external_task_marker_parent
[2022-05-28 11:15:05,614] {logging_mixin.py:115} INFO - [2022-05-28 11:15:05,614] {manager.py:508} INFO - Created Permission View: can edit on DAG:example_external_task_marker_parent
[2022-05-28 11:15:05,619] {logging_mixin.py:115} INFO - [2022-05-28 11:15:05,619] {manager.py:508} INFO - Created Permission View: can delete on DAG:example_external_task_marker_parent
[2022-05-28 11:15:05,635] {logging_mixin.py:115} INFO - [2022-05-28 11:15:05,635] {manager.py:508} INFO - Created Permission View: can read on DAG:example_external_task_marker_child
[2022-05-28 11:15:05,640] {logging_mixin.py:115} INFO - [2022-05-28 11:15:05,640] {manager.py:508} INFO - Created Permission View: can edit on DAG:example_external_task_marker_child
[2022-05-28 11:15:05,644] {logging_mixin.py:115} INFO - [2022-05-28 11:15:05,644] {manager.py:508} INFO - Created Permission View: can delete on DAG:example_external_task_marker_child
[2022-05-28 11:15:05,644] {logging_mixin.py:115} INFO - [2022-05-28 11:15:05,644] {dag.py:2379} INFO - Sync 2 DAGs
[2022-05-28 11:15:05,650] {logging_mixin.py:115} INFO - [2022-05-28 11:15:05,650] {dag.py:2398} INFO - Creating ORM DAG for example_external_task_marker_child
[2022-05-28 11:15:05,650] {logging_mixin.py:115} INFO - [2022-05-28 11:15:05,650] {dag.py:2398} INFO - Creating ORM DAG for example_external_task_marker_parent
[2022-05-28 11:15:05,656] {logging_mixin.py:115} INFO - [2022-05-28 11:15:05,656] {dag.py:2923} INFO - Setting next_dagrun for example_external_task_marker_child to None, run_after=None
[2022-05-28 11:15:05,657] {logging_mixin.py:115} INFO - [2022-05-28 11:15:05,657] {dag.py:2923} INFO - Setting next_dagrun for example_external_task_marker_parent to None, run_after=None
[2022-05-28 11:15:05,666] {processor.py:161} INFO - Processing /Users/user/.pyenv/versions/3.8.13/lib/python3.8/site-packages/airflow/example_dags/example_external_task_marker_dag.py took 0.723 seconds
[2022-05-28 11:16:17,301] {processor.py:153} INFO - Started process (PID=93450) to work on /Users/user/.pyenv/versions/3.8.13/lib/python3.8/site-packages/airflow/example_dags/example_external_task_marker_dag.py
[2022-05-28 11:16:17,301] {processor.py:641} INFO - Processing file /Users/user/.pyenv/versions/3.8.13/lib/python3.8/site-packages/airflow/example_dags/example_external_task_marker_dag.py for tasks to queue
[2022-05-28 11:16:17,301] {logging_mixin.py:115} INFO - [2022-05-28 11:16:17,301] {dagbag.py:507} INFO - Filling up the DagBag from /Users/user/.pyenv/versions/3.8.13/lib/python3.8/site-packages/airflow/example_dags/example_external_task_marker_dag.py
[2022-05-28 11:16:17,317] {processor.py:651} INFO - DAG(s) dict_keys(['example_external_task_marker_parent', 'example_external_task_marker_child']) retrieved from /Users/user/.pyenv/versions/3.8.13/lib/python3.8/site-packages/airflow/example_dags/example_external_task_marker_dag.py
[2022-05-28 11:16:17,386] {logging_mixin.py:115} INFO - [2022-05-28 11:16:17,386] {dag.py:2379} INFO - Sync 2 DAGs
[2022-05-28 11:16:17,398] {logging_mixin.py:115} INFO - [2022-05-28 11:16:17,398] {dag.py:2923} INFO - Setting next_dagrun for example_external_task_marker_child to None, run_after=None
[2022-05-28 11:16:17,398] {logging_mixin.py:115} INFO - [2022-05-28 11:16:17,398] {dag.py:2923} INFO - Setting next_dagrun for example_external_task_marker_parent to None, run_after=None
[2022-05-28 11:16:17,407] {processor.py:161} INFO - Processing /Users/user/.pyenv/versions/3.8.13/lib/python3.8/site-packages/airflow/example_dags/example_external_task_marker_dag.py took 0.107 seconds
[2022-05-28 11:17:22,069] {processor.py:153} INFO - Started process (PID=93537) to work on /Users/user/.pyenv/versions/3.8.13/lib/python3.8/site-packages/airflow/example_dags/example_external_task_marker_dag.py
[2022-05-28 11:17:22,069] {processor.py:641} INFO - Processing file /Users/user/.pyenv/versions/3.8.13/lib/python3.8/site-packages/airflow/example_dags/example_external_task_marker_dag.py for tasks to queue
[2022-05-28 11:17:22,069] {logging_mixin.py:115} INFO - [2022-05-28 11:17:22,069] {dagbag.py:507} INFO - Filling up the DagBag from /Users/user/.pyenv/versions/3.8.13/lib/python3.8/site-packages/airflow/example_dags/example_external_task_marker_dag.py
[2022-05-28 11:17:22,084] {processor.py:651} INFO - DAG(s) dict_keys(['example_external_task_marker_parent', 'example_external_task_marker_child']) retrieved from /Users/user/.pyenv/versions/3.8.13/lib/python3.8/site-packages/airflow/example_dags/example_external_task_marker_dag.py
[2022-05-28 11:17:22,151] {logging_mixin.py:115} INFO - [2022-05-28 11:17:22,150] {dag.py:2379} INFO - Sync 2 DAGs
[2022-05-28 11:17:22,161] {logging_mixin.py:115} INFO - [2022-05-28 11:17:22,161] {dag.py:2923} INFO - Setting next_dagrun for example_external_task_marker_child to None, run_after=None
[2022-05-28 11:17:22,162] {logging_mixin.py:115} INFO - [2022-05-28 11:17:22,162] {dag.py:2923} INFO - Setting next_dagrun for example_external_task_marker_parent to None, run_after=None
[2022-05-28 11:17:22,169] {processor.py:161} INFO - Processing /Users/user/.pyenv/versions/3.8.13/lib/python3.8/site-packages/airflow/example_dags/example_external_task_marker_dag.py took 0.101 seconds
[2022-05-28 11:18:26,057] {processor.py:153} INFO - Started process (PID=94179) to work on /Users/user/.pyenv/versions/3.8.13/lib/python3.8/site-packages/airflow/example_dags/example_external_task_marker_dag.py
[2022-05-28 11:18:26,058] {processor.py:641} INFO - Processing file /Users/user/.pyenv/versions/3.8.13/lib/python3.8/site-packages/airflow/example_dags/example_external_task_marker_dag.py for tasks to queue
[2022-05-28 11:18:26,058] {logging_mixin.py:115} INFO - [2022-05-28 11:18:26,058] {dagbag.py:507} INFO - Filling up the DagBag from /Users/user/.pyenv/versions/3.8.13/lib/python3.8/site-packages/airflow/example_dags/example_external_task_marker_dag.py
[2022-05-28 11:18:26,071] {processor.py:651} INFO - DAG(s) dict_keys(['example_external_task_marker_parent', 'example_external_task_marker_child']) retrieved from /Users/user/.pyenv/versions/3.8.13/lib/python3.8/site-packages/airflow/example_dags/example_external_task_marker_dag.py
[2022-05-28 11:18:26,157] {logging_mixin.py:115} INFO - [2022-05-28 11:18:26,157] {dag.py:2379} INFO - Sync 2 DAGs
[2022-05-28 11:18:26,170] {logging_mixin.py:115} INFO - [2022-05-28 11:18:26,170] {dag.py:2923} INFO - Setting next_dagrun for example_external_task_marker_child to None, run_after=None
[2022-05-28 11:18:26,171] {logging_mixin.py:115} INFO - [2022-05-28 11:18:26,171] {dag.py:2923} INFO - Setting next_dagrun for example_external_task_marker_parent to None, run_after=None
[2022-05-28 11:18:26,179] {processor.py:161} INFO - Processing /Users/user/.pyenv/versions/3.8.13/lib/python3.8/site-packages/airflow/example_dags/example_external_task_marker_dag.py took 0.122 seconds
[2022-05-28 11:19:27,293] {processor.py:153} INFO - Started process (PID=94821) to work on /Users/user/.pyenv/versions/3.8.13/lib/python3.8/site-packages/airflow/example_dags/example_external_task_marker_dag.py
[2022-05-28 11:19:27,293] {processor.py:641} INFO - Processing file /Users/user/.pyenv/versions/3.8.13/lib/python3.8/site-packages/airflow/example_dags/example_external_task_marker_dag.py for tasks to queue
[2022-05-28 11:19:27,294] {logging_mixin.py:115} INFO - [2022-05-28 11:19:27,294] {dagbag.py:507} INFO - Filling up the DagBag from /Users/user/.pyenv/versions/3.8.13/lib/python3.8/site-packages/airflow/example_dags/example_external_task_marker_dag.py
[2022-05-28 11:19:27,312] {processor.py:651} INFO - DAG(s) dict_keys(['example_external_task_marker_parent', 'example_external_task_marker_child']) retrieved from /Users/user/.pyenv/versions/3.8.13/lib/python3.8/site-packages/airflow/example_dags/example_external_task_marker_dag.py
[2022-05-28 11:19:27,394] {logging_mixin.py:115} INFO - [2022-05-28 11:19:27,394] {dag.py:2379} INFO - Sync 2 DAGs
[2022-05-28 11:19:27,406] {logging_mixin.py:115} INFO - [2022-05-28 11:19:27,406] {dag.py:2923} INFO - Setting next_dagrun for example_external_task_marker_child to None, run_after=None
[2022-05-28 11:19:27,406] {logging_mixin.py:115} INFO - [2022-05-28 11:19:27,406] {dag.py:2923} INFO - Setting next_dagrun for example_external_task_marker_parent to None, run_after=None
[2022-05-28 11:19:27,415] {processor.py:161} INFO - Processing /Users/user/.pyenv/versions/3.8.13/lib/python3.8/site-packages/airflow/example_dags/example_external_task_marker_dag.py took 0.124 seconds
[2022-05-28 11:20:29,751] {processor.py:153} INFO - Started process (PID=95456) to work on /Users/user/.pyenv/versions/3.8.13/lib/python3.8/site-packages/airflow/example_dags/example_external_task_marker_dag.py
[2022-05-28 11:20:29,751] {processor.py:641} INFO - Processing file /Users/user/.pyenv/versions/3.8.13/lib/python3.8/site-packages/airflow/example_dags/example_external_task_marker_dag.py for tasks to queue
[2022-05-28 11:20:29,751] {logging_mixin.py:115} INFO - [2022-05-28 11:20:29,751] {dagbag.py:507} INFO - Filling up the DagBag from /Users/user/.pyenv/versions/3.8.13/lib/python3.8/site-packages/airflow/example_dags/example_external_task_marker_dag.py
[2022-05-28 11:20:29,761] {processor.py:651} INFO - DAG(s) dict_keys(['example_external_task_marker_parent', 'example_external_task_marker_child']) retrieved from /Users/user/.pyenv/versions/3.8.13/lib/python3.8/site-packages/airflow/example_dags/example_external_task_marker_dag.py
[2022-05-28 11:20:29,815] {logging_mixin.py:115} INFO - [2022-05-28 11:20:29,815] {dag.py:2379} INFO - Sync 2 DAGs
[2022-05-28 11:20:29,827] {logging_mixin.py:115} INFO - [2022-05-28 11:20:29,827] {dag.py:2923} INFO - Setting next_dagrun for example_external_task_marker_child to None, run_after=None
[2022-05-28 11:20:29,827] {logging_mixin.py:115} INFO - [2022-05-28 11:20:29,827] {dag.py:2923} INFO - Setting next_dagrun for example_external_task_marker_parent to None, run_after=None
[2022-05-28 11:20:29,835] {processor.py:161} INFO - Processing /Users/user/.pyenv/versions/3.8.13/lib/python3.8/site-packages/airflow/example_dags/example_external_task_marker_dag.py took 0.085 seconds
[2022-05-28 11:21:32,908] {processor.py:153} INFO - Started process (PID=95529) to work on /Users/user/.pyenv/versions/3.8.13/lib/python3.8/site-packages/airflow/example_dags/example_external_task_marker_dag.py
[2022-05-28 11:21:32,909] {processor.py:641} INFO - Processing file /Users/user/.pyenv/versions/3.8.13/lib/python3.8/site-packages/airflow/example_dags/example_external_task_marker_dag.py for tasks to queue
[2022-05-28 11:21:32,909] {logging_mixin.py:115} INFO - [2022-05-28 11:21:32,909] {dagbag.py:507} INFO - Filling up the DagBag from /Users/user/.pyenv/versions/3.8.13/lib/python3.8/site-packages/airflow/example_dags/example_external_task_marker_dag.py
[2022-05-28 11:21:32,922] {processor.py:651} INFO - DAG(s) dict_keys(['example_external_task_marker_parent', 'example_external_task_marker_child']) retrieved from /Users/user/.pyenv/versions/3.8.13/lib/python3.8/site-packages/airflow/example_dags/example_external_task_marker_dag.py
[2022-05-28 11:21:33,653] {logging_mixin.py:115} INFO - [2022-05-28 11:21:33,653] {dag.py:2379} INFO - Sync 2 DAGs
[2022-05-28 11:21:33,659] {logging_mixin.py:115} INFO - [2022-05-28 11:21:33,659] {dag.py:2398} INFO - Creating ORM DAG for example_external_task_marker_child
[2022-05-28 11:21:33,666] {logging_mixin.py:115} INFO - [2022-05-28 11:21:33,666] {dag.py:2923} INFO - Setting next_dagrun for example_external_task_marker_child to None, run_after=None
[2022-05-28 11:21:33,666] {logging_mixin.py:115} INFO - [2022-05-28 11:21:33,666] {dag.py:2923} INFO - Setting next_dagrun for example_external_task_marker_parent to None, run_after=None
[2022-05-28 11:21:33,678] {processor.py:161} INFO - Processing /Users/user/.pyenv/versions/3.8.13/lib/python3.8/site-packages/airflow/example_dags/example_external_task_marker_dag.py took 0.771 seconds
[2022-05-28 11:22:50,580] {processor.py:153} INFO - Started process (PID=95599) to work on /Users/user/.pyenv/versions/3.8.13/lib/python3.8/site-packages/airflow/example_dags/example_external_task_marker_dag.py
[2022-05-28 11:22:50,580] {processor.py:641} INFO - Processing file /Users/user/.pyenv/versions/3.8.13/lib/python3.8/site-packages/airflow/example_dags/example_external_task_marker_dag.py for tasks to queue
[2022-05-28 11:22:50,581] {logging_mixin.py:115} INFO - [2022-05-28 11:22:50,581] {dagbag.py:507} INFO - Filling up the DagBag from /Users/user/.pyenv/versions/3.8.13/lib/python3.8/site-packages/airflow/example_dags/example_external_task_marker_dag.py
[2022-05-28 11:22:50,595] {processor.py:651} INFO - DAG(s) dict_keys(['example_external_task_marker_parent', 'example_external_task_marker_child']) retrieved from /Users/user/.pyenv/versions/3.8.13/lib/python3.8/site-packages/airflow/example_dags/example_external_task_marker_dag.py
[2022-05-28 11:22:51,344] {logging_mixin.py:115} INFO - [2022-05-28 11:22:51,344] {dag.py:2379} INFO - Sync 2 DAGs
[2022-05-28 11:22:51,350] {logging_mixin.py:115} INFO - [2022-05-28 11:22:51,350] {dag.py:2398} INFO - Creating ORM DAG for example_external_task_marker_child
[2022-05-28 11:22:51,350] {logging_mixin.py:115} INFO - [2022-05-28 11:22:51,350] {dag.py:2398} INFO - Creating ORM DAG for example_external_task_marker_parent
[2022-05-28 11:22:51,358] {logging_mixin.py:115} INFO - [2022-05-28 11:22:51,358] {dag.py:2923} INFO - Setting next_dagrun for example_external_task_marker_child to None, run_after=None
[2022-05-28 11:22:51,359] {logging_mixin.py:115} INFO - [2022-05-28 11:22:51,359] {dag.py:2923} INFO - Setting next_dagrun for example_external_task_marker_parent to None, run_after=None
[2022-05-28 11:22:51,378] {processor.py:161} INFO - Processing /Users/user/.pyenv/versions/3.8.13/lib/python3.8/site-packages/airflow/example_dags/example_external_task_marker_dag.py took 0.799 seconds
