[2022-05-28 11:14:58,426] {processor.py:153} INFO - Started process (PID=93362) to work on /Users/user/.pyenv/versions/3.8.13/lib/python3.8/site-packages/airflow/example_dags/example_latest_only_with_trigger.py
[2022-05-28 11:14:58,426] {processor.py:641} INFO - Processing file /Users/user/.pyenv/versions/3.8.13/lib/python3.8/site-packages/airflow/example_dags/example_latest_only_with_trigger.py for tasks to queue
[2022-05-28 11:14:58,426] {logging_mixin.py:115} INFO - [2022-05-28 11:14:58,426] {dagbag.py:507} INFO - Filling up the DagBag from /Users/user/.pyenv/versions/3.8.13/lib/python3.8/site-packages/airflow/example_dags/example_latest_only_with_trigger.py
[2022-05-28 11:14:58,441] {processor.py:651} INFO - DAG(s) dict_keys(['latest_only_with_trigger']) retrieved from /Users/user/.pyenv/versions/3.8.13/lib/python3.8/site-packages/airflow/example_dags/example_latest_only_with_trigger.py
[2022-05-28 11:14:59,214] {logging_mixin.py:115} INFO - [2022-05-28 11:14:59,213] {manager.py:508} INFO - Created Permission View: can delete on DAG:latest_only_with_trigger
[2022-05-28 11:14:59,220] {logging_mixin.py:115} INFO - [2022-05-28 11:14:59,220] {manager.py:508} INFO - Created Permission View: can read on DAG:latest_only_with_trigger
[2022-05-28 11:14:59,225] {logging_mixin.py:115} INFO - [2022-05-28 11:14:59,225] {manager.py:508} INFO - Created Permission View: can edit on DAG:latest_only_with_trigger
[2022-05-28 11:14:59,225] {logging_mixin.py:115} INFO - [2022-05-28 11:14:59,225] {dag.py:2379} INFO - Sync 1 DAGs
[2022-05-28 11:14:59,231] {logging_mixin.py:115} INFO - [2022-05-28 11:14:59,231] {dag.py:2398} INFO - Creating ORM DAG for latest_only_with_trigger
[2022-05-28 11:14:59,238] {logging_mixin.py:115} INFO - [2022-05-28 11:14:59,238] {dag.py:2923} INFO - Setting next_dagrun for latest_only_with_trigger to 2022-05-27T23:14:59.238343+00:00, run_after=2022-05-28T03:14:59.238343+00:00
[2022-05-28 11:14:59,249] {processor.py:161} INFO - Processing /Users/user/.pyenv/versions/3.8.13/lib/python3.8/site-packages/airflow/example_dags/example_latest_only_with_trigger.py took 0.823 seconds
[2022-05-28 11:16:12,881] {processor.py:153} INFO - Started process (PID=93439) to work on /Users/user/.pyenv/versions/3.8.13/lib/python3.8/site-packages/airflow/example_dags/example_latest_only_with_trigger.py
[2022-05-28 11:16:12,881] {processor.py:641} INFO - Processing file /Users/user/.pyenv/versions/3.8.13/lib/python3.8/site-packages/airflow/example_dags/example_latest_only_with_trigger.py for tasks to queue
[2022-05-28 11:16:12,881] {logging_mixin.py:115} INFO - [2022-05-28 11:16:12,881] {dagbag.py:507} INFO - Filling up the DagBag from /Users/user/.pyenv/versions/3.8.13/lib/python3.8/site-packages/airflow/example_dags/example_latest_only_with_trigger.py
[2022-05-28 11:16:12,892] {processor.py:651} INFO - DAG(s) dict_keys(['latest_only_with_trigger']) retrieved from /Users/user/.pyenv/versions/3.8.13/lib/python3.8/site-packages/airflow/example_dags/example_latest_only_with_trigger.py
[2022-05-28 11:16:12,944] {logging_mixin.py:115} INFO - [2022-05-28 11:16:12,944] {dag.py:2379} INFO - Sync 1 DAGs
[2022-05-28 11:16:12,955] {logging_mixin.py:115} INFO - [2022-05-28 11:16:12,955] {dag.py:2923} INFO - Setting next_dagrun for latest_only_with_trigger to 2022-05-27T23:16:12.955665+00:00, run_after=2022-05-28T03:16:12.955665+00:00
[2022-05-28 11:16:12,964] {processor.py:161} INFO - Processing /Users/user/.pyenv/versions/3.8.13/lib/python3.8/site-packages/airflow/example_dags/example_latest_only_with_trigger.py took 0.084 seconds
[2022-05-28 11:17:16,453] {processor.py:153} INFO - Started process (PID=93527) to work on /Users/user/.pyenv/versions/3.8.13/lib/python3.8/site-packages/airflow/example_dags/example_latest_only_with_trigger.py
[2022-05-28 11:17:16,453] {processor.py:641} INFO - Processing file /Users/user/.pyenv/versions/3.8.13/lib/python3.8/site-packages/airflow/example_dags/example_latest_only_with_trigger.py for tasks to queue
[2022-05-28 11:17:16,454] {logging_mixin.py:115} INFO - [2022-05-28 11:17:16,454] {dagbag.py:507} INFO - Filling up the DagBag from /Users/user/.pyenv/versions/3.8.13/lib/python3.8/site-packages/airflow/example_dags/example_latest_only_with_trigger.py
[2022-05-28 11:17:16,471] {processor.py:651} INFO - DAG(s) dict_keys(['latest_only_with_trigger']) retrieved from /Users/user/.pyenv/versions/3.8.13/lib/python3.8/site-packages/airflow/example_dags/example_latest_only_with_trigger.py
[2022-05-28 11:17:16,535] {logging_mixin.py:115} INFO - [2022-05-28 11:17:16,535] {dag.py:2379} INFO - Sync 1 DAGs
[2022-05-28 11:17:16,547] {logging_mixin.py:115} INFO - [2022-05-28 11:17:16,547] {dag.py:2923} INFO - Setting next_dagrun for latest_only_with_trigger to 2022-05-27T23:17:16.547723+00:00, run_after=2022-05-28T03:17:16.547723+00:00
[2022-05-28 11:17:16,556] {processor.py:161} INFO - Processing /Users/user/.pyenv/versions/3.8.13/lib/python3.8/site-packages/airflow/example_dags/example_latest_only_with_trigger.py took 0.104 seconds
[2022-05-28 11:18:20,781] {processor.py:153} INFO - Started process (PID=94171) to work on /Users/user/.pyenv/versions/3.8.13/lib/python3.8/site-packages/airflow/example_dags/example_latest_only_with_trigger.py
[2022-05-28 11:18:20,782] {processor.py:641} INFO - Processing file /Users/user/.pyenv/versions/3.8.13/lib/python3.8/site-packages/airflow/example_dags/example_latest_only_with_trigger.py for tasks to queue
[2022-05-28 11:18:20,783] {logging_mixin.py:115} INFO - [2022-05-28 11:18:20,783] {dagbag.py:507} INFO - Filling up the DagBag from /Users/user/.pyenv/versions/3.8.13/lib/python3.8/site-packages/airflow/example_dags/example_latest_only_with_trigger.py
[2022-05-28 11:18:20,795] {processor.py:651} INFO - DAG(s) dict_keys(['latest_only_with_trigger']) retrieved from /Users/user/.pyenv/versions/3.8.13/lib/python3.8/site-packages/airflow/example_dags/example_latest_only_with_trigger.py
[2022-05-28 11:18:20,846] {logging_mixin.py:115} INFO - [2022-05-28 11:18:20,846] {dag.py:2379} INFO - Sync 1 DAGs
[2022-05-28 11:18:20,857] {logging_mixin.py:115} INFO - [2022-05-28 11:18:20,857] {dag.py:2923} INFO - Setting next_dagrun for latest_only_with_trigger to 2022-05-27T23:18:20.857648+00:00, run_after=2022-05-28T03:18:20.857648+00:00
[2022-05-28 11:18:20,866] {processor.py:161} INFO - Processing /Users/user/.pyenv/versions/3.8.13/lib/python3.8/site-packages/airflow/example_dags/example_latest_only_with_trigger.py took 0.086 seconds
[2022-05-28 11:19:22,413] {processor.py:153} INFO - Started process (PID=94815) to work on /Users/user/.pyenv/versions/3.8.13/lib/python3.8/site-packages/airflow/example_dags/example_latest_only_with_trigger.py
[2022-05-28 11:19:22,414] {processor.py:641} INFO - Processing file /Users/user/.pyenv/versions/3.8.13/lib/python3.8/site-packages/airflow/example_dags/example_latest_only_with_trigger.py for tasks to queue
[2022-05-28 11:19:22,415] {logging_mixin.py:115} INFO - [2022-05-28 11:19:22,415] {dagbag.py:507} INFO - Filling up the DagBag from /Users/user/.pyenv/versions/3.8.13/lib/python3.8/site-packages/airflow/example_dags/example_latest_only_with_trigger.py
[2022-05-28 11:19:22,429] {processor.py:651} INFO - DAG(s) dict_keys(['latest_only_with_trigger']) retrieved from /Users/user/.pyenv/versions/3.8.13/lib/python3.8/site-packages/airflow/example_dags/example_latest_only_with_trigger.py
[2022-05-28 11:19:22,478] {logging_mixin.py:115} INFO - [2022-05-28 11:19:22,478] {dag.py:2379} INFO - Sync 1 DAGs
[2022-05-28 11:19:22,487] {logging_mixin.py:115} INFO - [2022-05-28 11:19:22,487] {dag.py:2923} INFO - Setting next_dagrun for latest_only_with_trigger to 2022-05-27T23:19:22.487750+00:00, run_after=2022-05-28T03:19:22.487750+00:00
[2022-05-28 11:19:22,495] {processor.py:161} INFO - Processing /Users/user/.pyenv/versions/3.8.13/lib/python3.8/site-packages/airflow/example_dags/example_latest_only_with_trigger.py took 0.082 seconds
[2022-05-28 11:20:24,558] {processor.py:153} INFO - Started process (PID=95450) to work on /Users/user/.pyenv/versions/3.8.13/lib/python3.8/site-packages/airflow/example_dags/example_latest_only_with_trigger.py
[2022-05-28 11:20:24,559] {processor.py:641} INFO - Processing file /Users/user/.pyenv/versions/3.8.13/lib/python3.8/site-packages/airflow/example_dags/example_latest_only_with_trigger.py for tasks to queue
[2022-05-28 11:20:24,559] {logging_mixin.py:115} INFO - [2022-05-28 11:20:24,559] {dagbag.py:507} INFO - Filling up the DagBag from /Users/user/.pyenv/versions/3.8.13/lib/python3.8/site-packages/airflow/example_dags/example_latest_only_with_trigger.py
[2022-05-28 11:20:24,575] {processor.py:651} INFO - DAG(s) dict_keys(['latest_only_with_trigger']) retrieved from /Users/user/.pyenv/versions/3.8.13/lib/python3.8/site-packages/airflow/example_dags/example_latest_only_with_trigger.py
[2022-05-28 11:20:24,624] {logging_mixin.py:115} INFO - [2022-05-28 11:20:24,624] {dag.py:2379} INFO - Sync 1 DAGs
[2022-05-28 11:20:24,634] {logging_mixin.py:115} INFO - [2022-05-28 11:20:24,634] {dag.py:2923} INFO - Setting next_dagrun for latest_only_with_trigger to 2022-05-27T23:20:24.634756+00:00, run_after=2022-05-28T03:20:24.634756+00:00
[2022-05-28 11:20:24,643] {processor.py:161} INFO - Processing /Users/user/.pyenv/versions/3.8.13/lib/python3.8/site-packages/airflow/example_dags/example_latest_only_with_trigger.py took 0.085 seconds
[2022-05-28 11:21:27,331] {processor.py:153} INFO - Started process (PID=95523) to work on /Users/user/.pyenv/versions/3.8.13/lib/python3.8/site-packages/airflow/example_dags/example_latest_only_with_trigger.py
[2022-05-28 11:21:27,332] {processor.py:641} INFO - Processing file /Users/user/.pyenv/versions/3.8.13/lib/python3.8/site-packages/airflow/example_dags/example_latest_only_with_trigger.py for tasks to queue
[2022-05-28 11:21:27,332] {logging_mixin.py:115} INFO - [2022-05-28 11:21:27,332] {dagbag.py:507} INFO - Filling up the DagBag from /Users/user/.pyenv/versions/3.8.13/lib/python3.8/site-packages/airflow/example_dags/example_latest_only_with_trigger.py
[2022-05-28 11:21:27,346] {processor.py:651} INFO - DAG(s) dict_keys(['latest_only_with_trigger']) retrieved from /Users/user/.pyenv/versions/3.8.13/lib/python3.8/site-packages/airflow/example_dags/example_latest_only_with_trigger.py
[2022-05-28 11:21:27,418] {logging_mixin.py:115} INFO - [2022-05-28 11:21:27,418] {dag.py:2379} INFO - Sync 1 DAGs
[2022-05-28 11:21:27,429] {logging_mixin.py:115} INFO - [2022-05-28 11:21:27,429] {dag.py:2923} INFO - Setting next_dagrun for latest_only_with_trigger to 2022-05-27T23:21:27.429552+00:00, run_after=2022-05-28T03:21:27.429552+00:00
[2022-05-28 11:21:27,438] {processor.py:161} INFO - Processing /Users/user/.pyenv/versions/3.8.13/lib/python3.8/site-packages/airflow/example_dags/example_latest_only_with_trigger.py took 0.108 seconds
[2022-05-28 11:22:44,464] {processor.py:153} INFO - Started process (PID=95593) to work on /Users/user/.pyenv/versions/3.8.13/lib/python3.8/site-packages/airflow/example_dags/example_latest_only_with_trigger.py
[2022-05-28 11:22:44,465] {processor.py:641} INFO - Processing file /Users/user/.pyenv/versions/3.8.13/lib/python3.8/site-packages/airflow/example_dags/example_latest_only_with_trigger.py for tasks to queue
[2022-05-28 11:22:44,465] {logging_mixin.py:115} INFO - [2022-05-28 11:22:44,465] {dagbag.py:507} INFO - Filling up the DagBag from /Users/user/.pyenv/versions/3.8.13/lib/python3.8/site-packages/airflow/example_dags/example_latest_only_with_trigger.py
[2022-05-28 11:22:44,485] {processor.py:651} INFO - DAG(s) dict_keys(['latest_only_with_trigger']) retrieved from /Users/user/.pyenv/versions/3.8.13/lib/python3.8/site-packages/airflow/example_dags/example_latest_only_with_trigger.py
[2022-05-28 11:22:44,564] {logging_mixin.py:115} INFO - [2022-05-28 11:22:44,564] {dag.py:2379} INFO - Sync 1 DAGs
[2022-05-28 11:22:44,576] {logging_mixin.py:115} INFO - [2022-05-28 11:22:44,576] {dag.py:2923} INFO - Setting next_dagrun for latest_only_with_trigger to 2022-05-27T23:22:44.576604+00:00, run_after=2022-05-28T03:22:44.576604+00:00
[2022-05-28 11:22:44,584] {processor.py:161} INFO - Processing /Users/user/.pyenv/versions/3.8.13/lib/python3.8/site-packages/airflow/example_dags/example_latest_only_with_trigger.py took 0.120 seconds
