[2022-05-28 11:14:22,305] {processor.py:153} INFO - Started process (PID=93320) to work on /Users/user/.pyenv/versions/3.8.13/lib/python3.8/site-packages/airflow/example_dags/example_xcom.py
[2022-05-28 11:14:22,305] {processor.py:641} INFO - Processing file /Users/user/.pyenv/versions/3.8.13/lib/python3.8/site-packages/airflow/example_dags/example_xcom.py for tasks to queue
[2022-05-28 11:14:22,305] {logging_mixin.py:115} INFO - [2022-05-28 11:14:22,305] {dagbag.py:507} INFO - Filling up the DagBag from /Users/user/.pyenv/versions/3.8.13/lib/python3.8/site-packages/airflow/example_dags/example_xcom.py
[2022-05-28 11:14:22,338] {processor.py:651} INFO - DAG(s) dict_keys(['example_xcom']) retrieved from /Users/user/.pyenv/versions/3.8.13/lib/python3.8/site-packages/airflow/example_dags/example_xcom.py
[2022-05-28 11:14:23,010] {logging_mixin.py:115} INFO - [2022-05-28 11:14:23,010] {manager.py:508} INFO - Created Permission View: can edit on DAG:example_xcom
[2022-05-28 11:14:23,016] {logging_mixin.py:115} INFO - [2022-05-28 11:14:23,016] {manager.py:508} INFO - Created Permission View: can delete on DAG:example_xcom
[2022-05-28 11:14:23,021] {logging_mixin.py:115} INFO - [2022-05-28 11:14:23,021] {manager.py:508} INFO - Created Permission View: can read on DAG:example_xcom
[2022-05-28 11:14:23,021] {logging_mixin.py:115} INFO - [2022-05-28 11:14:23,021] {dag.py:2379} INFO - Sync 1 DAGs
[2022-05-28 11:14:23,027] {logging_mixin.py:115} INFO - [2022-05-28 11:14:23,027] {dag.py:2398} INFO - Creating ORM DAG for example_xcom
[2022-05-28 11:14:23,050] {logging_mixin.py:115} INFO - [2022-05-28 11:14:23,050] {dag.py:2923} INFO - Setting next_dagrun for example_xcom to 2021-01-01T00:00:00+00:00, run_after=2021-01-01T00:00:00+00:00
[2022-05-28 11:14:23,092] {processor.py:161} INFO - Processing /Users/user/.pyenv/versions/3.8.13/lib/python3.8/site-packages/airflow/example_dags/example_xcom.py took 0.788 seconds
[2022-05-28 11:15:48,042] {processor.py:153} INFO - Started process (PID=93408) to work on /Users/user/.pyenv/versions/3.8.13/lib/python3.8/site-packages/airflow/example_dags/example_xcom.py
[2022-05-28 11:15:48,043] {processor.py:641} INFO - Processing file /Users/user/.pyenv/versions/3.8.13/lib/python3.8/site-packages/airflow/example_dags/example_xcom.py for tasks to queue
[2022-05-28 11:15:48,043] {logging_mixin.py:115} INFO - [2022-05-28 11:15:48,043] {dagbag.py:507} INFO - Filling up the DagBag from /Users/user/.pyenv/versions/3.8.13/lib/python3.8/site-packages/airflow/example_dags/example_xcom.py
[2022-05-28 11:15:48,071] {processor.py:651} INFO - DAG(s) dict_keys(['example_xcom']) retrieved from /Users/user/.pyenv/versions/3.8.13/lib/python3.8/site-packages/airflow/example_dags/example_xcom.py
[2022-05-28 11:15:48,535] {logging_mixin.py:115} INFO - [2022-05-28 11:15:48,535] {dag.py:2379} INFO - Sync 1 DAGs
[2022-05-28 11:15:48,548] {logging_mixin.py:115} INFO - [2022-05-28 11:15:48,548] {dag.py:2923} INFO - Setting next_dagrun for example_xcom to 2021-01-01T00:00:00+00:00, run_after=2021-01-01T00:00:00+00:00
[2022-05-28 11:15:48,559] {processor.py:161} INFO - Processing /Users/user/.pyenv/versions/3.8.13/lib/python3.8/site-packages/airflow/example_dags/example_xcom.py took 0.518 seconds
[2022-05-28 11:16:51,010] {processor.py:153} INFO - Started process (PID=93489) to work on /Users/user/.pyenv/versions/3.8.13/lib/python3.8/site-packages/airflow/example_dags/example_xcom.py
[2022-05-28 11:16:51,010] {processor.py:641} INFO - Processing file /Users/user/.pyenv/versions/3.8.13/lib/python3.8/site-packages/airflow/example_dags/example_xcom.py for tasks to queue
[2022-05-28 11:16:51,010] {logging_mixin.py:115} INFO - [2022-05-28 11:16:51,010] {dagbag.py:507} INFO - Filling up the DagBag from /Users/user/.pyenv/versions/3.8.13/lib/python3.8/site-packages/airflow/example_dags/example_xcom.py
[2022-05-28 11:16:51,040] {processor.py:651} INFO - DAG(s) dict_keys(['example_xcom']) retrieved from /Users/user/.pyenv/versions/3.8.13/lib/python3.8/site-packages/airflow/example_dags/example_xcom.py
[2022-05-28 11:16:51,504] {logging_mixin.py:115} INFO - [2022-05-28 11:16:51,503] {dag.py:2379} INFO - Sync 1 DAGs
[2022-05-28 11:16:51,516] {logging_mixin.py:115} INFO - [2022-05-28 11:16:51,516] {dag.py:2923} INFO - Setting next_dagrun for example_xcom to 2021-01-01T00:00:00+00:00, run_after=2021-01-01T00:00:00+00:00
[2022-05-28 11:16:51,525] {processor.py:161} INFO - Processing /Users/user/.pyenv/versions/3.8.13/lib/python3.8/site-packages/airflow/example_dags/example_xcom.py took 0.516 seconds
[2022-05-28 11:17:56,899] {processor.py:153} INFO - Started process (PID=94140) to work on /Users/user/.pyenv/versions/3.8.13/lib/python3.8/site-packages/airflow/example_dags/example_xcom.py
[2022-05-28 11:17:56,900] {processor.py:641} INFO - Processing file /Users/user/.pyenv/versions/3.8.13/lib/python3.8/site-packages/airflow/example_dags/example_xcom.py for tasks to queue
[2022-05-28 11:17:56,900] {logging_mixin.py:115} INFO - [2022-05-28 11:17:56,900] {dagbag.py:507} INFO - Filling up the DagBag from /Users/user/.pyenv/versions/3.8.13/lib/python3.8/site-packages/airflow/example_dags/example_xcom.py
[2022-05-28 11:17:56,927] {processor.py:651} INFO - DAG(s) dict_keys(['example_xcom']) retrieved from /Users/user/.pyenv/versions/3.8.13/lib/python3.8/site-packages/airflow/example_dags/example_xcom.py
[2022-05-28 11:17:57,359] {logging_mixin.py:115} INFO - [2022-05-28 11:17:57,359] {dag.py:2379} INFO - Sync 1 DAGs
[2022-05-28 11:17:57,370] {logging_mixin.py:115} INFO - [2022-05-28 11:17:57,370] {dag.py:2923} INFO - Setting next_dagrun for example_xcom to 2021-01-01T00:00:00+00:00, run_after=2021-01-01T00:00:00+00:00
[2022-05-28 11:17:57,379] {processor.py:161} INFO - Processing /Users/user/.pyenv/versions/3.8.13/lib/python3.8/site-packages/airflow/example_dags/example_xcom.py took 0.481 seconds
[2022-05-28 11:18:58,681] {processor.py:153} INFO - Started process (PID=94784) to work on /Users/user/.pyenv/versions/3.8.13/lib/python3.8/site-packages/airflow/example_dags/example_xcom.py
[2022-05-28 11:18:58,682] {processor.py:641} INFO - Processing file /Users/user/.pyenv/versions/3.8.13/lib/python3.8/site-packages/airflow/example_dags/example_xcom.py for tasks to queue
[2022-05-28 11:18:58,682] {logging_mixin.py:115} INFO - [2022-05-28 11:18:58,682] {dagbag.py:507} INFO - Filling up the DagBag from /Users/user/.pyenv/versions/3.8.13/lib/python3.8/site-packages/airflow/example_dags/example_xcom.py
[2022-05-28 11:18:58,716] {processor.py:651} INFO - DAG(s) dict_keys(['example_xcom']) retrieved from /Users/user/.pyenv/versions/3.8.13/lib/python3.8/site-packages/airflow/example_dags/example_xcom.py
[2022-05-28 11:18:59,160] {logging_mixin.py:115} INFO - [2022-05-28 11:18:59,160] {dag.py:2379} INFO - Sync 1 DAGs
[2022-05-28 11:18:59,177] {logging_mixin.py:115} INFO - [2022-05-28 11:18:59,177] {dag.py:2923} INFO - Setting next_dagrun for example_xcom to 2021-01-01T00:00:00+00:00, run_after=2021-01-01T00:00:00+00:00
[2022-05-28 11:18:59,189] {processor.py:161} INFO - Processing /Users/user/.pyenv/versions/3.8.13/lib/python3.8/site-packages/airflow/example_dags/example_xcom.py took 0.509 seconds
[2022-05-28 11:19:59,945] {processor.py:153} INFO - Started process (PID=95420) to work on /Users/user/.pyenv/versions/3.8.13/lib/python3.8/site-packages/airflow/example_dags/example_xcom.py
[2022-05-28 11:19:59,945] {processor.py:641} INFO - Processing file /Users/user/.pyenv/versions/3.8.13/lib/python3.8/site-packages/airflow/example_dags/example_xcom.py for tasks to queue
[2022-05-28 11:19:59,946] {logging_mixin.py:115} INFO - [2022-05-28 11:19:59,946] {dagbag.py:507} INFO - Filling up the DagBag from /Users/user/.pyenv/versions/3.8.13/lib/python3.8/site-packages/airflow/example_dags/example_xcom.py
[2022-05-28 11:19:59,991] {processor.py:651} INFO - DAG(s) dict_keys(['example_xcom']) retrieved from /Users/user/.pyenv/versions/3.8.13/lib/python3.8/site-packages/airflow/example_dags/example_xcom.py
[2022-05-28 11:20:00,674] {logging_mixin.py:115} INFO - [2022-05-28 11:20:00,674] {dag.py:2379} INFO - Sync 1 DAGs
[2022-05-28 11:20:00,685] {logging_mixin.py:115} INFO - [2022-05-28 11:20:00,685] {dag.py:2923} INFO - Setting next_dagrun for example_xcom to 2021-01-01T00:00:00+00:00, run_after=2021-01-01T00:00:00+00:00
[2022-05-28 11:20:00,694] {processor.py:161} INFO - Processing /Users/user/.pyenv/versions/3.8.13/lib/python3.8/site-packages/airflow/example_dags/example_xcom.py took 0.750 seconds
[2022-05-28 11:21:00,796] {processor.py:153} INFO - Started process (PID=95492) to work on /Users/user/.pyenv/versions/3.8.13/lib/python3.8/site-packages/airflow/example_dags/example_xcom.py
[2022-05-28 11:21:00,797] {processor.py:641} INFO - Processing file /Users/user/.pyenv/versions/3.8.13/lib/python3.8/site-packages/airflow/example_dags/example_xcom.py for tasks to queue
[2022-05-28 11:21:00,797] {logging_mixin.py:115} INFO - [2022-05-28 11:21:00,797] {dagbag.py:507} INFO - Filling up the DagBag from /Users/user/.pyenv/versions/3.8.13/lib/python3.8/site-packages/airflow/example_dags/example_xcom.py
[2022-05-28 11:21:00,857] {processor.py:651} INFO - DAG(s) dict_keys(['example_xcom']) retrieved from /Users/user/.pyenv/versions/3.8.13/lib/python3.8/site-packages/airflow/example_dags/example_xcom.py
[2022-05-28 11:21:01,605] {logging_mixin.py:115} INFO - [2022-05-28 11:21:01,605] {dag.py:2379} INFO - Sync 1 DAGs
[2022-05-28 11:21:01,618] {logging_mixin.py:115} INFO - [2022-05-28 11:21:01,618] {dag.py:2923} INFO - Setting next_dagrun for example_xcom to 2021-01-01T00:00:00+00:00, run_after=2021-01-01T00:00:00+00:00
[2022-05-28 11:21:01,630] {processor.py:161} INFO - Processing /Users/user/.pyenv/versions/3.8.13/lib/python3.8/site-packages/airflow/example_dags/example_xcom.py took 0.835 seconds
[2022-05-28 11:22:12,538] {processor.py:153} INFO - Started process (PID=95565) to work on /Users/user/.pyenv/versions/3.8.13/lib/python3.8/site-packages/airflow/example_dags/example_xcom.py
[2022-05-28 11:22:12,539] {processor.py:641} INFO - Processing file /Users/user/.pyenv/versions/3.8.13/lib/python3.8/site-packages/airflow/example_dags/example_xcom.py for tasks to queue
[2022-05-28 11:22:12,539] {logging_mixin.py:115} INFO - [2022-05-28 11:22:12,539] {dagbag.py:507} INFO - Filling up the DagBag from /Users/user/.pyenv/versions/3.8.13/lib/python3.8/site-packages/airflow/example_dags/example_xcom.py
[2022-05-28 11:22:12,577] {processor.py:651} INFO - DAG(s) dict_keys(['example_xcom']) retrieved from /Users/user/.pyenv/versions/3.8.13/lib/python3.8/site-packages/airflow/example_dags/example_xcom.py
[2022-05-28 11:22:13,335] {logging_mixin.py:115} INFO - [2022-05-28 11:22:13,335] {dag.py:2379} INFO - Sync 1 DAGs
[2022-05-28 11:22:13,351] {logging_mixin.py:115} INFO - [2022-05-28 11:22:13,351] {dag.py:2923} INFO - Setting next_dagrun for example_xcom to 2021-01-01T00:00:00+00:00, run_after=2021-01-01T00:00:00+00:00
[2022-05-28 11:22:13,363] {processor.py:161} INFO - Processing /Users/user/.pyenv/versions/3.8.13/lib/python3.8/site-packages/airflow/example_dags/example_xcom.py took 0.826 seconds
