[2022-05-28 11:14:18,488] {processor.py:153} INFO - Started process (PID=93315) to work on /Users/user/.pyenv/versions/3.8.13/lib/python3.8/site-packages/airflow/example_dags/tutorial.py
[2022-05-28 11:14:18,488] {processor.py:641} INFO - Processing file /Users/user/.pyenv/versions/3.8.13/lib/python3.8/site-packages/airflow/example_dags/tutorial.py for tasks to queue
[2022-05-28 11:14:18,489] {logging_mixin.py:115} INFO - [2022-05-28 11:14:18,489] {dagbag.py:507} INFO - Filling up the DagBag from /Users/user/.pyenv/versions/3.8.13/lib/python3.8/site-packages/airflow/example_dags/tutorial.py
[2022-05-28 11:14:18,501] {processor.py:651} INFO - DAG(s) dict_keys(['tutorial']) retrieved from /Users/user/.pyenv/versions/3.8.13/lib/python3.8/site-packages/airflow/example_dags/tutorial.py
[2022-05-28 11:14:18,526] {logging_mixin.py:115} INFO - [2022-05-28 11:14:18,526] {dag.py:2379} INFO - Sync 1 DAGs
[2022-05-28 11:14:18,571] {logging_mixin.py:115} INFO - [2022-05-28 11:14:18,571] {dag.py:2923} INFO - Setting next_dagrun for tutorial to 2022-05-27T03:14:18.570908+00:00, run_after=2022-05-28T03:14:18.570908+00:00
[2022-05-28 11:14:18,579] {processor.py:161} INFO - Processing /Users/user/.pyenv/versions/3.8.13/lib/python3.8/site-packages/airflow/example_dags/tutorial.py took 0.092 seconds
[2022-05-28 11:15:43,602] {processor.py:153} INFO - Started process (PID=93402) to work on /Users/user/.pyenv/versions/3.8.13/lib/python3.8/site-packages/airflow/example_dags/tutorial.py
[2022-05-28 11:15:43,602] {processor.py:641} INFO - Processing file /Users/user/.pyenv/versions/3.8.13/lib/python3.8/site-packages/airflow/example_dags/tutorial.py for tasks to queue
[2022-05-28 11:15:43,603] {logging_mixin.py:115} INFO - [2022-05-28 11:15:43,603] {dagbag.py:507} INFO - Filling up the DagBag from /Users/user/.pyenv/versions/3.8.13/lib/python3.8/site-packages/airflow/example_dags/tutorial.py
[2022-05-28 11:15:43,612] {processor.py:651} INFO - DAG(s) dict_keys(['tutorial']) retrieved from /Users/user/.pyenv/versions/3.8.13/lib/python3.8/site-packages/airflow/example_dags/tutorial.py
[2022-05-28 11:15:44,071] {logging_mixin.py:115} INFO - [2022-05-28 11:15:44,071] {dag.py:2379} INFO - Sync 1 DAGs
[2022-05-28 11:15:44,080] {logging_mixin.py:115} INFO - [2022-05-28 11:15:44,080] {dag.py:2923} INFO - Setting next_dagrun for tutorial to 2022-05-27T03:15:44.080723+00:00, run_after=2022-05-28T03:15:44.080723+00:00
[2022-05-28 11:15:44,089] {processor.py:161} INFO - Processing /Users/user/.pyenv/versions/3.8.13/lib/python3.8/site-packages/airflow/example_dags/tutorial.py took 0.488 seconds
[2022-05-28 11:16:46,332] {processor.py:153} INFO - Started process (PID=93485) to work on /Users/user/.pyenv/versions/3.8.13/lib/python3.8/site-packages/airflow/example_dags/tutorial.py
[2022-05-28 11:16:46,332] {processor.py:641} INFO - Processing file /Users/user/.pyenv/versions/3.8.13/lib/python3.8/site-packages/airflow/example_dags/tutorial.py for tasks to queue
[2022-05-28 11:16:46,332] {logging_mixin.py:115} INFO - [2022-05-28 11:16:46,332] {dagbag.py:507} INFO - Filling up the DagBag from /Users/user/.pyenv/versions/3.8.13/lib/python3.8/site-packages/airflow/example_dags/tutorial.py
[2022-05-28 11:16:46,342] {processor.py:651} INFO - DAG(s) dict_keys(['tutorial']) retrieved from /Users/user/.pyenv/versions/3.8.13/lib/python3.8/site-packages/airflow/example_dags/tutorial.py
[2022-05-28 11:16:46,397] {logging_mixin.py:115} INFO - [2022-05-28 11:16:46,397] {dag.py:2379} INFO - Sync 1 DAGs
[2022-05-28 11:16:46,409] {logging_mixin.py:115} INFO - [2022-05-28 11:16:46,409] {dag.py:2923} INFO - Setting next_dagrun for tutorial to 2022-05-27T03:16:46.408917+00:00, run_after=2022-05-28T03:16:46.408917+00:00
[2022-05-28 11:16:46,416] {processor.py:161} INFO - Processing /Users/user/.pyenv/versions/3.8.13/lib/python3.8/site-packages/airflow/example_dags/tutorial.py took 0.085 seconds
[2022-05-28 11:17:52,048] {processor.py:153} INFO - Started process (PID=94132) to work on /Users/user/.pyenv/versions/3.8.13/lib/python3.8/site-packages/airflow/example_dags/tutorial.py
[2022-05-28 11:17:52,050] {processor.py:641} INFO - Processing file /Users/user/.pyenv/versions/3.8.13/lib/python3.8/site-packages/airflow/example_dags/tutorial.py for tasks to queue
[2022-05-28 11:17:52,051] {logging_mixin.py:115} INFO - [2022-05-28 11:17:52,051] {dagbag.py:507} INFO - Filling up the DagBag from /Users/user/.pyenv/versions/3.8.13/lib/python3.8/site-packages/airflow/example_dags/tutorial.py
[2022-05-28 11:17:52,069] {processor.py:651} INFO - DAG(s) dict_keys(['tutorial']) retrieved from /Users/user/.pyenv/versions/3.8.13/lib/python3.8/site-packages/airflow/example_dags/tutorial.py
[2022-05-28 11:17:52,140] {logging_mixin.py:115} INFO - [2022-05-28 11:17:52,140] {dag.py:2379} INFO - Sync 1 DAGs
[2022-05-28 11:17:52,156] {logging_mixin.py:115} INFO - [2022-05-28 11:17:52,156] {dag.py:2923} INFO - Setting next_dagrun for tutorial to 2022-05-27T03:17:52.156356+00:00, run_after=2022-05-28T03:17:52.156356+00:00
[2022-05-28 11:17:52,169] {processor.py:161} INFO - Processing /Users/user/.pyenv/versions/3.8.13/lib/python3.8/site-packages/airflow/example_dags/tutorial.py took 0.122 seconds
[2022-05-28 11:18:54,430] {processor.py:153} INFO - Started process (PID=94780) to work on /Users/user/.pyenv/versions/3.8.13/lib/python3.8/site-packages/airflow/example_dags/tutorial.py
[2022-05-28 11:18:54,432] {processor.py:641} INFO - Processing file /Users/user/.pyenv/versions/3.8.13/lib/python3.8/site-packages/airflow/example_dags/tutorial.py for tasks to queue
[2022-05-28 11:18:54,432] {logging_mixin.py:115} INFO - [2022-05-28 11:18:54,432] {dagbag.py:507} INFO - Filling up the DagBag from /Users/user/.pyenv/versions/3.8.13/lib/python3.8/site-packages/airflow/example_dags/tutorial.py
[2022-05-28 11:18:54,442] {processor.py:651} INFO - DAG(s) dict_keys(['tutorial']) retrieved from /Users/user/.pyenv/versions/3.8.13/lib/python3.8/site-packages/airflow/example_dags/tutorial.py
[2022-05-28 11:18:54,493] {logging_mixin.py:115} INFO - [2022-05-28 11:18:54,493] {dag.py:2379} INFO - Sync 1 DAGs
[2022-05-28 11:18:54,505] {logging_mixin.py:115} INFO - [2022-05-28 11:18:54,505] {dag.py:2923} INFO - Setting next_dagrun for tutorial to 2022-05-27T03:18:54.505608+00:00, run_after=2022-05-28T03:18:54.505608+00:00
[2022-05-28 11:18:54,517] {processor.py:161} INFO - Processing /Users/user/.pyenv/versions/3.8.13/lib/python3.8/site-packages/airflow/example_dags/tutorial.py took 0.087 seconds
[2022-05-28 11:19:56,023] {processor.py:153} INFO - Started process (PID=95415) to work on /Users/user/.pyenv/versions/3.8.13/lib/python3.8/site-packages/airflow/example_dags/tutorial.py
[2022-05-28 11:19:56,024] {processor.py:641} INFO - Processing file /Users/user/.pyenv/versions/3.8.13/lib/python3.8/site-packages/airflow/example_dags/tutorial.py for tasks to queue
[2022-05-28 11:19:56,025] {logging_mixin.py:115} INFO - [2022-05-28 11:19:56,025] {dagbag.py:507} INFO - Filling up the DagBag from /Users/user/.pyenv/versions/3.8.13/lib/python3.8/site-packages/airflow/example_dags/tutorial.py
[2022-05-28 11:19:56,041] {processor.py:651} INFO - DAG(s) dict_keys(['tutorial']) retrieved from /Users/user/.pyenv/versions/3.8.13/lib/python3.8/site-packages/airflow/example_dags/tutorial.py
[2022-05-28 11:19:56,107] {logging_mixin.py:115} INFO - [2022-05-28 11:19:56,106] {dag.py:2379} INFO - Sync 1 DAGs
[2022-05-28 11:19:56,120] {logging_mixin.py:115} INFO - [2022-05-28 11:19:56,120] {dag.py:2923} INFO - Setting next_dagrun for tutorial to 2022-05-27T03:19:56.120554+00:00, run_after=2022-05-28T03:19:56.120554+00:00
[2022-05-28 11:19:56,130] {processor.py:161} INFO - Processing /Users/user/.pyenv/versions/3.8.13/lib/python3.8/site-packages/airflow/example_dags/tutorial.py took 0.108 seconds
[2022-05-28 11:20:56,436] {processor.py:153} INFO - Started process (PID=95488) to work on /Users/user/.pyenv/versions/3.8.13/lib/python3.8/site-packages/airflow/example_dags/tutorial.py
[2022-05-28 11:20:56,436] {processor.py:641} INFO - Processing file /Users/user/.pyenv/versions/3.8.13/lib/python3.8/site-packages/airflow/example_dags/tutorial.py for tasks to queue
[2022-05-28 11:20:56,436] {logging_mixin.py:115} INFO - [2022-05-28 11:20:56,436] {dagbag.py:507} INFO - Filling up the DagBag from /Users/user/.pyenv/versions/3.8.13/lib/python3.8/site-packages/airflow/example_dags/tutorial.py
[2022-05-28 11:20:56,445] {processor.py:651} INFO - DAG(s) dict_keys(['tutorial']) retrieved from /Users/user/.pyenv/versions/3.8.13/lib/python3.8/site-packages/airflow/example_dags/tutorial.py
[2022-05-28 11:20:56,490] {logging_mixin.py:115} INFO - [2022-05-28 11:20:56,490] {dag.py:2379} INFO - Sync 1 DAGs
[2022-05-28 11:20:56,501] {logging_mixin.py:115} INFO - [2022-05-28 11:20:56,501] {dag.py:2923} INFO - Setting next_dagrun for tutorial to 2022-05-27T03:20:56.501340+00:00, run_after=2022-05-28T03:20:56.501340+00:00
[2022-05-28 11:20:56,509] {processor.py:161} INFO - Processing /Users/user/.pyenv/versions/3.8.13/lib/python3.8/site-packages/airflow/example_dags/tutorial.py took 0.074 seconds
[2022-05-28 11:22:08,073] {processor.py:153} INFO - Started process (PID=95561) to work on /Users/user/.pyenv/versions/3.8.13/lib/python3.8/site-packages/airflow/example_dags/tutorial.py
[2022-05-28 11:22:08,074] {processor.py:641} INFO - Processing file /Users/user/.pyenv/versions/3.8.13/lib/python3.8/site-packages/airflow/example_dags/tutorial.py for tasks to queue
[2022-05-28 11:22:08,074] {logging_mixin.py:115} INFO - [2022-05-28 11:22:08,074] {dagbag.py:507} INFO - Filling up the DagBag from /Users/user/.pyenv/versions/3.8.13/lib/python3.8/site-packages/airflow/example_dags/tutorial.py
[2022-05-28 11:22:08,086] {processor.py:651} INFO - DAG(s) dict_keys(['tutorial']) retrieved from /Users/user/.pyenv/versions/3.8.13/lib/python3.8/site-packages/airflow/example_dags/tutorial.py
[2022-05-28 11:22:08,155] {logging_mixin.py:115} INFO - [2022-05-28 11:22:08,155] {dag.py:2379} INFO - Sync 1 DAGs
[2022-05-28 11:22:08,168] {logging_mixin.py:115} INFO - [2022-05-28 11:22:08,168] {dag.py:2923} INFO - Setting next_dagrun for tutorial to 2022-05-27T03:22:08.168141+00:00, run_after=2022-05-28T03:22:08.168141+00:00
[2022-05-28 11:22:08,177] {processor.py:161} INFO - Processing /Users/user/.pyenv/versions/3.8.13/lib/python3.8/site-packages/airflow/example_dags/tutorial.py took 0.105 seconds
[2022-05-28 11:23:27,571] {processor.py:153} INFO - Started process (PID=95636) to work on /Users/user/.pyenv/versions/3.8.13/lib/python3.8/site-packages/airflow/example_dags/tutorial.py
[2022-05-28 11:23:27,572] {processor.py:641} INFO - Processing file /Users/user/.pyenv/versions/3.8.13/lib/python3.8/site-packages/airflow/example_dags/tutorial.py for tasks to queue
[2022-05-28 11:23:27,573] {logging_mixin.py:115} INFO - [2022-05-28 11:23:27,573] {dagbag.py:507} INFO - Filling up the DagBag from /Users/user/.pyenv/versions/3.8.13/lib/python3.8/site-packages/airflow/example_dags/tutorial.py
[2022-05-28 11:23:27,597] {processor.py:651} INFO - DAG(s) dict_keys(['tutorial']) retrieved from /Users/user/.pyenv/versions/3.8.13/lib/python3.8/site-packages/airflow/example_dags/tutorial.py
[2022-05-28 11:23:28,313] {logging_mixin.py:115} INFO - [2022-05-28 11:23:28,313] {dag.py:2379} INFO - Sync 1 DAGs
[2022-05-28 11:23:28,318] {logging_mixin.py:115} INFO - [2022-05-28 11:23:28,318] {dag.py:2398} INFO - Creating ORM DAG for tutorial
[2022-05-28 11:23:28,325] {logging_mixin.py:115} INFO - [2022-05-28 11:23:28,325] {dag.py:2923} INFO - Setting next_dagrun for tutorial to 2022-05-27T03:23:28.325317+00:00, run_after=2022-05-28T03:23:28.325317+00:00
[2022-05-28 11:23:28,335] {processor.py:161} INFO - Processing /Users/user/.pyenv/versions/3.8.13/lib/python3.8/site-packages/airflow/example_dags/tutorial.py took 0.766 seconds
