[2022-05-28 11:14:10,310] {processor.py:153} INFO - Started process (PID=93309) to work on /Users/user/.pyenv/versions/3.8.13/lib/python3.8/site-packages/airflow/example_dags/tutorial_taskflow_api_etl_virtualenv.py
[2022-05-28 11:14:10,311] {processor.py:641} INFO - Processing file /Users/user/.pyenv/versions/3.8.13/lib/python3.8/site-packages/airflow/example_dags/tutorial_taskflow_api_etl_virtualenv.py for tasks to queue
[2022-05-28 11:14:10,311] {logging_mixin.py:115} INFO - [2022-05-28 11:14:10,311] {dagbag.py:507} INFO - Filling up the DagBag from /Users/user/.pyenv/versions/3.8.13/lib/python3.8/site-packages/airflow/example_dags/tutorial_taskflow_api_etl_virtualenv.py
[2022-05-28 11:14:10,342] {processor.py:651} INFO - DAG(s) dict_keys(['tutorial_taskflow_api_etl_virtualenv']) retrieved from /Users/user/.pyenv/versions/3.8.13/lib/python3.8/site-packages/airflow/example_dags/tutorial_taskflow_api_etl_virtualenv.py
[2022-05-28 11:14:11,270] {logging_mixin.py:115} INFO - [2022-05-28 11:14:11,270] {manager.py:508} INFO - Created Permission View: can edit on DAG:tutorial_taskflow_api_etl_virtualenv
[2022-05-28 11:14:11,276] {logging_mixin.py:115} INFO - [2022-05-28 11:14:11,276] {manager.py:508} INFO - Created Permission View: can read on DAG:tutorial_taskflow_api_etl_virtualenv
[2022-05-28 11:14:11,280] {logging_mixin.py:115} INFO - [2022-05-28 11:14:11,280] {manager.py:508} INFO - Created Permission View: can delete on DAG:tutorial_taskflow_api_etl_virtualenv
[2022-05-28 11:14:11,280] {logging_mixin.py:115} INFO - [2022-05-28 11:14:11,280] {dag.py:2379} INFO - Sync 1 DAGs
[2022-05-28 11:14:11,287] {logging_mixin.py:115} INFO - [2022-05-28 11:14:11,286] {dag.py:2398} INFO - Creating ORM DAG for tutorial_taskflow_api_etl_virtualenv
[2022-05-28 11:14:11,293] {logging_mixin.py:115} INFO - [2022-05-28 11:14:11,293] {dag.py:2923} INFO - Setting next_dagrun for tutorial_taskflow_api_etl_virtualenv to None, run_after=None
[2022-05-28 11:14:11,303] {processor.py:161} INFO - Processing /Users/user/.pyenv/versions/3.8.13/lib/python3.8/site-packages/airflow/example_dags/tutorial_taskflow_api_etl_virtualenv.py took 0.993 seconds
[2022-05-28 11:15:37,834] {processor.py:153} INFO - Started process (PID=93394) to work on /Users/user/.pyenv/versions/3.8.13/lib/python3.8/site-packages/airflow/example_dags/tutorial_taskflow_api_etl_virtualenv.py
[2022-05-28 11:15:37,835] {processor.py:641} INFO - Processing file /Users/user/.pyenv/versions/3.8.13/lib/python3.8/site-packages/airflow/example_dags/tutorial_taskflow_api_etl_virtualenv.py for tasks to queue
[2022-05-28 11:15:37,835] {logging_mixin.py:115} INFO - [2022-05-28 11:15:37,835] {dagbag.py:507} INFO - Filling up the DagBag from /Users/user/.pyenv/versions/3.8.13/lib/python3.8/site-packages/airflow/example_dags/tutorial_taskflow_api_etl_virtualenv.py
[2022-05-28 11:15:37,862] {processor.py:651} INFO - DAG(s) dict_keys(['tutorial_taskflow_api_etl_virtualenv']) retrieved from /Users/user/.pyenv/versions/3.8.13/lib/python3.8/site-packages/airflow/example_dags/tutorial_taskflow_api_etl_virtualenv.py
[2022-05-28 11:15:38,344] {logging_mixin.py:115} INFO - [2022-05-28 11:15:38,344] {dag.py:2379} INFO - Sync 1 DAGs
[2022-05-28 11:15:38,360] {logging_mixin.py:115} INFO - [2022-05-28 11:15:38,360] {dag.py:2923} INFO - Setting next_dagrun for tutorial_taskflow_api_etl_virtualenv to None, run_after=None
[2022-05-28 11:15:38,370] {processor.py:161} INFO - Processing /Users/user/.pyenv/versions/3.8.13/lib/python3.8/site-packages/airflow/example_dags/tutorial_taskflow_api_etl_virtualenv.py took 0.536 seconds
[2022-05-28 11:16:40,418] {processor.py:153} INFO - Started process (PID=93479) to work on /Users/user/.pyenv/versions/3.8.13/lib/python3.8/site-packages/airflow/example_dags/tutorial_taskflow_api_etl_virtualenv.py
[2022-05-28 11:16:40,418] {processor.py:641} INFO - Processing file /Users/user/.pyenv/versions/3.8.13/lib/python3.8/site-packages/airflow/example_dags/tutorial_taskflow_api_etl_virtualenv.py for tasks to queue
[2022-05-28 11:16:40,418] {logging_mixin.py:115} INFO - [2022-05-28 11:16:40,418] {dagbag.py:507} INFO - Filling up the DagBag from /Users/user/.pyenv/versions/3.8.13/lib/python3.8/site-packages/airflow/example_dags/tutorial_taskflow_api_etl_virtualenv.py
[2022-05-28 11:16:40,448] {processor.py:651} INFO - DAG(s) dict_keys(['tutorial_taskflow_api_etl_virtualenv']) retrieved from /Users/user/.pyenv/versions/3.8.13/lib/python3.8/site-packages/airflow/example_dags/tutorial_taskflow_api_etl_virtualenv.py
[2022-05-28 11:16:40,925] {logging_mixin.py:115} INFO - [2022-05-28 11:16:40,924] {dag.py:2379} INFO - Sync 1 DAGs
[2022-05-28 11:16:40,938] {logging_mixin.py:115} INFO - [2022-05-28 11:16:40,938] {dag.py:2923} INFO - Setting next_dagrun for tutorial_taskflow_api_etl_virtualenv to None, run_after=None
[2022-05-28 11:16:40,948] {processor.py:161} INFO - Processing /Users/user/.pyenv/versions/3.8.13/lib/python3.8/site-packages/airflow/example_dags/tutorial_taskflow_api_etl_virtualenv.py took 0.531 seconds
[2022-05-28 11:17:45,340] {processor.py:153} INFO - Started process (PID=94125) to work on /Users/user/.pyenv/versions/3.8.13/lib/python3.8/site-packages/airflow/example_dags/tutorial_taskflow_api_etl_virtualenv.py
[2022-05-28 11:17:45,341] {processor.py:641} INFO - Processing file /Users/user/.pyenv/versions/3.8.13/lib/python3.8/site-packages/airflow/example_dags/tutorial_taskflow_api_etl_virtualenv.py for tasks to queue
[2022-05-28 11:17:45,341] {logging_mixin.py:115} INFO - [2022-05-28 11:17:45,341] {dagbag.py:507} INFO - Filling up the DagBag from /Users/user/.pyenv/versions/3.8.13/lib/python3.8/site-packages/airflow/example_dags/tutorial_taskflow_api_etl_virtualenv.py
[2022-05-28 11:17:45,374] {processor.py:651} INFO - DAG(s) dict_keys(['tutorial_taskflow_api_etl_virtualenv']) retrieved from /Users/user/.pyenv/versions/3.8.13/lib/python3.8/site-packages/airflow/example_dags/tutorial_taskflow_api_etl_virtualenv.py
[2022-05-28 11:17:45,829] {logging_mixin.py:115} INFO - [2022-05-28 11:17:45,829] {dag.py:2379} INFO - Sync 1 DAGs
[2022-05-28 11:17:45,841] {logging_mixin.py:115} INFO - [2022-05-28 11:17:45,841] {dag.py:2923} INFO - Setting next_dagrun for tutorial_taskflow_api_etl_virtualenv to None, run_after=None
[2022-05-28 11:17:45,849] {processor.py:161} INFO - Processing /Users/user/.pyenv/versions/3.8.13/lib/python3.8/site-packages/airflow/example_dags/tutorial_taskflow_api_etl_virtualenv.py took 0.510 seconds
[2022-05-28 11:18:47,953] {processor.py:153} INFO - Started process (PID=94774) to work on /Users/user/.pyenv/versions/3.8.13/lib/python3.8/site-packages/airflow/example_dags/tutorial_taskflow_api_etl_virtualenv.py
[2022-05-28 11:18:47,954] {processor.py:641} INFO - Processing file /Users/user/.pyenv/versions/3.8.13/lib/python3.8/site-packages/airflow/example_dags/tutorial_taskflow_api_etl_virtualenv.py for tasks to queue
[2022-05-28 11:18:47,954] {logging_mixin.py:115} INFO - [2022-05-28 11:18:47,954] {dagbag.py:507} INFO - Filling up the DagBag from /Users/user/.pyenv/versions/3.8.13/lib/python3.8/site-packages/airflow/example_dags/tutorial_taskflow_api_etl_virtualenv.py
[2022-05-28 11:18:47,984] {processor.py:651} INFO - DAG(s) dict_keys(['tutorial_taskflow_api_etl_virtualenv']) retrieved from /Users/user/.pyenv/versions/3.8.13/lib/python3.8/site-packages/airflow/example_dags/tutorial_taskflow_api_etl_virtualenv.py
[2022-05-28 11:18:48,489] {logging_mixin.py:115} INFO - [2022-05-28 11:18:48,489] {dag.py:2379} INFO - Sync 1 DAGs
[2022-05-28 11:18:48,500] {logging_mixin.py:115} INFO - [2022-05-28 11:18:48,500] {dag.py:2923} INFO - Setting next_dagrun for tutorial_taskflow_api_etl_virtualenv to None, run_after=None
[2022-05-28 11:18:48,531] {processor.py:161} INFO - Processing /Users/user/.pyenv/versions/3.8.13/lib/python3.8/site-packages/airflow/example_dags/tutorial_taskflow_api_etl_virtualenv.py took 0.578 seconds
[2022-05-28 11:19:48,884] {processor.py:153} INFO - Started process (PID=94849) to work on /Users/user/.pyenv/versions/3.8.13/lib/python3.8/site-packages/airflow/example_dags/tutorial_taskflow_api_etl_virtualenv.py
[2022-05-28 11:19:48,884] {processor.py:641} INFO - Processing file /Users/user/.pyenv/versions/3.8.13/lib/python3.8/site-packages/airflow/example_dags/tutorial_taskflow_api_etl_virtualenv.py for tasks to queue
[2022-05-28 11:19:48,885] {logging_mixin.py:115} INFO - [2022-05-28 11:19:48,884] {dagbag.py:507} INFO - Filling up the DagBag from /Users/user/.pyenv/versions/3.8.13/lib/python3.8/site-packages/airflow/example_dags/tutorial_taskflow_api_etl_virtualenv.py
[2022-05-28 11:19:48,911] {processor.py:651} INFO - DAG(s) dict_keys(['tutorial_taskflow_api_etl_virtualenv']) retrieved from /Users/user/.pyenv/versions/3.8.13/lib/python3.8/site-packages/airflow/example_dags/tutorial_taskflow_api_etl_virtualenv.py
[2022-05-28 11:19:49,544] {logging_mixin.py:115} INFO - [2022-05-28 11:19:49,544] {dag.py:2379} INFO - Sync 1 DAGs
[2022-05-28 11:19:49,563] {logging_mixin.py:115} INFO - [2022-05-28 11:19:49,563] {dag.py:2923} INFO - Setting next_dagrun for tutorial_taskflow_api_etl_virtualenv to None, run_after=None
[2022-05-28 11:19:49,575] {processor.py:161} INFO - Processing /Users/user/.pyenv/versions/3.8.13/lib/python3.8/site-packages/airflow/example_dags/tutorial_taskflow_api_etl_virtualenv.py took 0.691 seconds
[2022-05-28 11:20:50,825] {processor.py:153} INFO - Started process (PID=95482) to work on /Users/user/.pyenv/versions/3.8.13/lib/python3.8/site-packages/airflow/example_dags/tutorial_taskflow_api_etl_virtualenv.py
[2022-05-28 11:20:50,825] {processor.py:641} INFO - Processing file /Users/user/.pyenv/versions/3.8.13/lib/python3.8/site-packages/airflow/example_dags/tutorial_taskflow_api_etl_virtualenv.py for tasks to queue
[2022-05-28 11:20:50,826] {logging_mixin.py:115} INFO - [2022-05-28 11:20:50,825] {dagbag.py:507} INFO - Filling up the DagBag from /Users/user/.pyenv/versions/3.8.13/lib/python3.8/site-packages/airflow/example_dags/tutorial_taskflow_api_etl_virtualenv.py
[2022-05-28 11:20:50,866] {processor.py:651} INFO - DAG(s) dict_keys(['tutorial_taskflow_api_etl_virtualenv']) retrieved from /Users/user/.pyenv/versions/3.8.13/lib/python3.8/site-packages/airflow/example_dags/tutorial_taskflow_api_etl_virtualenv.py
[2022-05-28 11:20:51,503] {logging_mixin.py:115} INFO - [2022-05-28 11:20:51,503] {dag.py:2379} INFO - Sync 1 DAGs
[2022-05-28 11:20:51,513] {logging_mixin.py:115} INFO - [2022-05-28 11:20:51,513] {dag.py:2923} INFO - Setting next_dagrun for tutorial_taskflow_api_etl_virtualenv to None, run_after=None
[2022-05-28 11:20:51,521] {processor.py:161} INFO - Processing /Users/user/.pyenv/versions/3.8.13/lib/python3.8/site-packages/airflow/example_dags/tutorial_taskflow_api_etl_virtualenv.py took 0.697 seconds
[2022-05-28 11:22:01,150] {processor.py:153} INFO - Started process (PID=95555) to work on /Users/user/.pyenv/versions/3.8.13/lib/python3.8/site-packages/airflow/example_dags/tutorial_taskflow_api_etl_virtualenv.py
[2022-05-28 11:22:01,150] {processor.py:641} INFO - Processing file /Users/user/.pyenv/versions/3.8.13/lib/python3.8/site-packages/airflow/example_dags/tutorial_taskflow_api_etl_virtualenv.py for tasks to queue
[2022-05-28 11:22:01,151] {logging_mixin.py:115} INFO - [2022-05-28 11:22:01,151] {dagbag.py:507} INFO - Filling up the DagBag from /Users/user/.pyenv/versions/3.8.13/lib/python3.8/site-packages/airflow/example_dags/tutorial_taskflow_api_etl_virtualenv.py
[2022-05-28 11:22:01,197] {processor.py:651} INFO - DAG(s) dict_keys(['tutorial_taskflow_api_etl_virtualenv']) retrieved from /Users/user/.pyenv/versions/3.8.13/lib/python3.8/site-packages/airflow/example_dags/tutorial_taskflow_api_etl_virtualenv.py
[2022-05-28 11:22:01,828] {logging_mixin.py:115} INFO - [2022-05-28 11:22:01,828] {dag.py:2379} INFO - Sync 1 DAGs
[2022-05-28 11:22:01,843] {logging_mixin.py:115} INFO - [2022-05-28 11:22:01,843] {dag.py:2923} INFO - Setting next_dagrun for tutorial_taskflow_api_etl_virtualenv to None, run_after=None
[2022-05-28 11:22:01,854] {processor.py:161} INFO - Processing /Users/user/.pyenv/versions/3.8.13/lib/python3.8/site-packages/airflow/example_dags/tutorial_taskflow_api_etl_virtualenv.py took 0.705 seconds
[2022-05-28 11:23:20,811] {processor.py:153} INFO - Started process (PID=95630) to work on /Users/user/.pyenv/versions/3.8.13/lib/python3.8/site-packages/airflow/example_dags/tutorial_taskflow_api_etl_virtualenv.py
[2022-05-28 11:23:20,813] {processor.py:641} INFO - Processing file /Users/user/.pyenv/versions/3.8.13/lib/python3.8/site-packages/airflow/example_dags/tutorial_taskflow_api_etl_virtualenv.py for tasks to queue
[2022-05-28 11:23:20,813] {logging_mixin.py:115} INFO - [2022-05-28 11:23:20,813] {dagbag.py:507} INFO - Filling up the DagBag from /Users/user/.pyenv/versions/3.8.13/lib/python3.8/site-packages/airflow/example_dags/tutorial_taskflow_api_etl_virtualenv.py
[2022-05-28 11:23:20,849] {processor.py:651} INFO - DAG(s) dict_keys(['tutorial_taskflow_api_etl_virtualenv']) retrieved from /Users/user/.pyenv/versions/3.8.13/lib/python3.8/site-packages/airflow/example_dags/tutorial_taskflow_api_etl_virtualenv.py
[2022-05-28 11:23:21,587] {logging_mixin.py:115} INFO - [2022-05-28 11:23:21,587] {dag.py:2379} INFO - Sync 1 DAGs
[2022-05-28 11:23:21,596] {logging_mixin.py:115} INFO - [2022-05-28 11:23:21,596] {dag.py:2398} INFO - Creating ORM DAG for tutorial_taskflow_api_etl_virtualenv
[2022-05-28 11:23:21,605] {logging_mixin.py:115} INFO - [2022-05-28 11:23:21,605] {dag.py:2923} INFO - Setting next_dagrun for tutorial_taskflow_api_etl_virtualenv to None, run_after=None
[2022-05-28 11:23:21,622] {processor.py:161} INFO - Processing /Users/user/.pyenv/versions/3.8.13/lib/python3.8/site-packages/airflow/example_dags/tutorial_taskflow_api_etl_virtualenv.py took 0.811 seconds
