[2022-05-29 15:02:53,798] {taskinstance.py:1160} INFO - Dependencies all met for <TaskInstance: Gamer_Daily_Request.login manual__2022-05-29T07:02:50.461058+00:00 [queued]>
[2022-05-29 15:02:53,805] {taskinstance.py:1160} INFO - Dependencies all met for <TaskInstance: Gamer_Daily_Request.login manual__2022-05-29T07:02:50.461058+00:00 [queued]>
[2022-05-29 15:02:53,805] {taskinstance.py:1357} INFO - 
--------------------------------------------------------------------------------
[2022-05-29 15:02:53,805] {taskinstance.py:1358} INFO - Starting attempt 1 of 1
[2022-05-29 15:02:53,805] {taskinstance.py:1359} INFO - 
--------------------------------------------------------------------------------
[2022-05-29 15:02:53,814] {taskinstance.py:1378} INFO - Executing <Task(_PythonDecoratedOperator): login> on 2022-05-29 07:02:50.461058+00:00
[2022-05-29 15:02:53,816] {standard_task_runner.py:52} INFO - Started process 51635 to run task
[2022-05-29 15:02:53,821] {standard_task_runner.py:79} INFO - Running: ['airflow', 'tasks', 'run', 'Gamer_Daily_Request', 'login', 'manual__2022-05-29T07:02:50.461058+00:00', '--job-id', '129', '--raw', '--subdir', 'DAGS_FOLDER/gamer_dag.py', '--cfg-path', '/var/folders/7p/8y53sxp17879s6k6nzygbwgw0000gn/T/tmp1jive4kb', '--error-file', '/var/folders/7p/8y53sxp17879s6k6nzygbwgw0000gn/T/tmpzevv1qap']
[2022-05-29 15:02:53,822] {standard_task_runner.py:80} INFO - Job 129: Subtask login
[2022-05-29 15:02:53,861] {task_command.py:370} INFO - Running <TaskInstance: Gamer_Daily_Request.login manual__2022-05-29T07:02:50.461058+00:00 [running]> on host userdeMacBook-Pro.local
[2022-05-29 15:02:53,902] {taskinstance.py:1570} INFO - Exporting the following env vars:
AIRFLOW_CTX_DAG_EMAIL=b01201008@gmail.com
AIRFLOW_CTX_DAG_OWNER=randy
AIRFLOW_CTX_DAG_ID=Gamer_Daily_Request
AIRFLOW_CTX_TASK_ID=login
AIRFLOW_CTX_EXECUTION_DATE=2022-05-29T07:02:50.461058+00:00
AIRFLOW_CTX_TRY_NUMBER=1
AIRFLOW_CTX_DAG_RUN_ID=manual__2022-05-29T07:02:50.461058+00:00
[2022-05-29 15:03:02,919] {python.py:173} INFO - Done. Returned value was: None
[2022-05-29 15:03:02,931] {taskinstance.py:1396} INFO - Marking task as SUCCESS. dag_id=Gamer_Daily_Request, task_id=login, execution_date=20220529T070250, start_date=20220529T070253, end_date=20220529T070302
[2022-05-29 15:03:02,963] {local_task_job.py:156} INFO - Task exited with return code 0
[2022-05-29 15:03:02,988] {local_task_job.py:273} INFO - 2 downstream tasks scheduled from follow-on schedule check
