[2022-05-28 16:34:45,677] {taskinstance.py:1160} INFO - Dependencies all met for <TaskInstance: Gamer_Daily_Request.get_lottery manual__2022-05-28T08:34:35.441276+00:00 [queued]>
[2022-05-28 16:34:45,683] {taskinstance.py:1160} INFO - Dependencies all met for <TaskInstance: Gamer_Daily_Request.get_lottery manual__2022-05-28T08:34:35.441276+00:00 [queued]>
[2022-05-28 16:34:45,683] {taskinstance.py:1357} INFO - 
--------------------------------------------------------------------------------
[2022-05-28 16:34:45,683] {taskinstance.py:1358} INFO - Starting attempt 1 of 1
[2022-05-28 16:34:45,684] {taskinstance.py:1359} INFO - 
--------------------------------------------------------------------------------
[2022-05-28 16:34:45,693] {taskinstance.py:1378} INFO - Executing <Task(_PythonDecoratedOperator): get_lottery> on 2022-05-28 08:34:35.441276+00:00
[2022-05-28 16:34:45,695] {standard_task_runner.py:52} INFO - Started process 36801 to run task
[2022-05-28 16:34:45,700] {standard_task_runner.py:79} INFO - Running: ['airflow', 'tasks', 'run', 'Gamer_Daily_Request', 'get_lottery', 'manual__2022-05-28T08:34:35.441276+00:00', '--job-id', '88', '--raw', '--subdir', 'DAGS_FOLDER/gamer_dag.py', '--cfg-path', '/var/folders/7p/8y53sxp17879s6k6nzygbwgw0000gn/T/tmptmg4v70p', '--error-file', '/var/folders/7p/8y53sxp17879s6k6nzygbwgw0000gn/T/tmp9npwt8zq']
[2022-05-28 16:34:45,702] {standard_task_runner.py:80} INFO - Job 88: Subtask get_lottery
[2022-05-28 16:34:45,740] {task_command.py:370} INFO - Running <TaskInstance: Gamer_Daily_Request.get_lottery manual__2022-05-28T08:34:35.441276+00:00 [running]> on host 1.0.0.0.0.0.0.0.0.0.0.0.0.0.0.0.0.0.0.0.0.0.0.0.0.0.0.0.0.0.0.0.ip6.arpa
[2022-05-28 16:34:45,778] {taskinstance.py:1570} INFO - Exporting the following env vars:
AIRFLOW_CTX_DAG_EMAIL=b01201008@gmail.com
AIRFLOW_CTX_DAG_OWNER=randy
AIRFLOW_CTX_DAG_ID=Gamer_Daily_Request
AIRFLOW_CTX_TASK_ID=get_lottery
AIRFLOW_CTX_EXECUTION_DATE=2022-05-28T08:34:35.441276+00:00
AIRFLOW_CTX_TRY_NUMBER=1
AIRFLOW_CTX_DAG_RUN_ID=manual__2022-05-28T08:34:35.441276+00:00
[2022-05-28 16:34:45,779] {logging_mixin.py:115} INFO - get_lottery
[2022-05-28 16:34:56,252] {logging_mixin.py:115} INFO - Message: element not interactable
  (Session info: chrome=102.0.5005.61)
Stacktrace:
0   chromedriver                        0x000000010e9cdd19 chromedriver + 5197081
1   chromedriver                        0x000000010e95bb23 chromedriver + 4729635
2   chromedriver                        0x000000010e53916f chromedriver + 393583
3   chromedriver                        0x000000010e56f477 chromedriver + 615543
4   chromedriver                        0x000000010e563689 chromedriver + 566921
5   chromedriver                        0x000000010e58b802 chromedriver + 731138
6   chromedriver                        0x000000010e562f45 chromedriver + 565061
7   chromedriver                        0x000000010e58b90e chromedriver + 731406
8   chromedriver                        0x000000010e59e2a1 chromedriver + 807585
9   chromedriver                        0x000000010e58b6f3 chromedriver + 730867
10  chromedriver                        0x000000010e561a49 chromedriver + 559689
11  chromedriver                        0x000000010e562a75 chromedriver + 563829
12  chromedriver                        0x000000010e99fbdd chromedriver + 5008349
13  chromedriver                        0x000000010e9a4b64 chromedriver + 5028708
14  chromedriver                        0x000000010e9a9bcf chromedriver + 5049295
15  chromedriver                        0x000000010e9a57ca chromedriver + 5031882
16  chromedriver                        0x000000010e97f59f chromedriver + 4875679
17  chromedriver                        0x000000010e9bf388 chromedriver + 5137288
18  chromedriver                        0x000000010e9bf50f chromedriver + 5137679
19  chromedriver                        0x000000010e9d5085 chromedriver + 5226629
20  libsystem_pthread.dylib             0x00007ff819e344e1 _pthread_start + 125
21  libsystem_pthread.dylib             0x00007ff819e2ff6b thread_start + 15
[2022-05-28 16:34:56,258] {logging_mixin.py:115} INFO - fail to click div.rewardResumebutton
[2022-05-28 16:35:28,457] {python.py:173} INFO - Done. Returned value was: None
[2022-05-28 16:35:28,466] {taskinstance.py:1396} INFO - Marking task as SUCCESS. dag_id=Gamer_Daily_Request, task_id=get_lottery, execution_date=20220528T083435, start_date=20220528T083445, end_date=20220528T083528
[2022-05-28 16:35:28,507] {local_task_job.py:156} INFO - Task exited with return code 0
[2022-05-28 16:35:28,522] {local_task_job.py:273} INFO - 0 downstream tasks scheduled from follow-on schedule check
