[2022-05-28 13:42:24,747] {taskinstance.py:1160} INFO - Dependencies all met for <TaskInstance: Gamer_Daily_Request.get_lottery manual__2022-05-28T05:42:17.877997+00:00 [queued]>
[2022-05-28 13:42:24,752] {taskinstance.py:1160} INFO - Dependencies all met for <TaskInstance: Gamer_Daily_Request.get_lottery manual__2022-05-28T05:42:17.877997+00:00 [queued]>
[2022-05-28 13:42:24,753] {taskinstance.py:1357} INFO - 
--------------------------------------------------------------------------------
[2022-05-28 13:42:24,753] {taskinstance.py:1358} INFO - Starting attempt 1 of 1
[2022-05-28 13:42:24,753] {taskinstance.py:1359} INFO - 
--------------------------------------------------------------------------------
[2022-05-28 13:42:24,762] {taskinstance.py:1378} INFO - Executing <Task(_PythonDecoratedOperator): get_lottery> on 2022-05-28 05:42:17.877997+00:00
[2022-05-28 13:42:24,764] {standard_task_runner.py:52} INFO - Started process 21669 to run task
[2022-05-28 13:42:24,772] {standard_task_runner.py:79} INFO - Running: ['airflow', 'tasks', 'run', 'Gamer_Daily_Request', 'get_lottery', 'manual__2022-05-28T05:42:17.877997+00:00', '--job-id', '24', '--raw', '--subdir', 'DAGS_FOLDER/gamer_dag.py', '--cfg-path', '/var/folders/7p/8y53sxp17879s6k6nzygbwgw0000gn/T/tmpf32askkp', '--error-file', '/var/folders/7p/8y53sxp17879s6k6nzygbwgw0000gn/T/tmp982vp6vr']
[2022-05-28 13:42:24,773] {standard_task_runner.py:80} INFO - Job 24: Subtask get_lottery
[2022-05-28 13:42:24,822] {task_command.py:370} INFO - Running <TaskInstance: Gamer_Daily_Request.get_lottery manual__2022-05-28T05:42:17.877997+00:00 [running]> on host userdeMacBook-Pro.local
[2022-05-28 13:42:24,865] {taskinstance.py:1570} INFO - Exporting the following env vars:
AIRFLOW_CTX_DAG_EMAIL=b01201008@gmail.com
AIRFLOW_CTX_DAG_OWNER=randy
AIRFLOW_CTX_DAG_ID=Gamer_Daily_Request
AIRFLOW_CTX_TASK_ID=get_lottery
AIRFLOW_CTX_EXECUTION_DATE=2022-05-28T05:42:17.877997+00:00
AIRFLOW_CTX_TRY_NUMBER=1
AIRFLOW_CTX_DAG_RUN_ID=manual__2022-05-28T05:42:17.877997+00:00
[2022-05-28 13:42:24,866] {logging_mixin.py:115} INFO - get_lottery
[2022-05-28 13:42:24,866] {python.py:173} INFO - Done. Returned value was: None
[2022-05-28 13:42:24,871] {taskinstance.py:1396} INFO - Marking task as SUCCESS. dag_id=Gamer_Daily_Request, task_id=get_lottery, execution_date=20220528T054217, start_date=20220528T054224, end_date=20220528T054224
[2022-05-28 13:42:24,911] {local_task_job.py:156} INFO - Task exited with return code 0
[2022-05-28 13:42:24,930] {local_task_job.py:273} INFO - 0 downstream tasks scheduled from follow-on schedule check
