[2022-05-28 13:42:25,916] {taskinstance.py:1160} INFO - Dependencies all met for <TaskInstance: Gamer_Daily_Request.get_coin manual__2022-05-28T05:42:17.877997+00:00 [queued]>
[2022-05-28 13:42:25,921] {taskinstance.py:1160} INFO - Dependencies all met for <TaskInstance: Gamer_Daily_Request.get_coin manual__2022-05-28T05:42:17.877997+00:00 [queued]>
[2022-05-28 13:42:25,921] {taskinstance.py:1357} INFO - 
--------------------------------------------------------------------------------
[2022-05-28 13:42:25,922] {taskinstance.py:1358} INFO - Starting attempt 1 of 1
[2022-05-28 13:42:25,922] {taskinstance.py:1359} INFO - 
--------------------------------------------------------------------------------
[2022-05-28 13:42:25,931] {taskinstance.py:1378} INFO - Executing <Task(_PythonDecoratedOperator): get_coin> on 2022-05-28 05:42:17.877997+00:00
[2022-05-28 13:42:25,933] {standard_task_runner.py:52} INFO - Started process 21672 to run task
[2022-05-28 13:42:25,938] {standard_task_runner.py:79} INFO - Running: ['airflow', 'tasks', 'run', 'Gamer_Daily_Request', 'get_coin', 'manual__2022-05-28T05:42:17.877997+00:00', '--job-id', '25', '--raw', '--subdir', 'DAGS_FOLDER/gamer_dag.py', '--cfg-path', '/var/folders/7p/8y53sxp17879s6k6nzygbwgw0000gn/T/tmpg9s1kz4d', '--error-file', '/var/folders/7p/8y53sxp17879s6k6nzygbwgw0000gn/T/tmpioyjj5cs']
[2022-05-28 13:42:25,940] {standard_task_runner.py:80} INFO - Job 25: Subtask get_coin
[2022-05-28 13:42:25,985] {task_command.py:370} INFO - Running <TaskInstance: Gamer_Daily_Request.get_coin manual__2022-05-28T05:42:17.877997+00:00 [running]> on host userdeMacBook-Pro.local
[2022-05-28 13:42:26,024] {taskinstance.py:1570} INFO - Exporting the following env vars:
AIRFLOW_CTX_DAG_EMAIL=b01201008@gmail.com
AIRFLOW_CTX_DAG_OWNER=randy
AIRFLOW_CTX_DAG_ID=Gamer_Daily_Request
AIRFLOW_CTX_TASK_ID=get_coin
AIRFLOW_CTX_EXECUTION_DATE=2022-05-28T05:42:17.877997+00:00
AIRFLOW_CTX_TRY_NUMBER=1
AIRFLOW_CTX_DAG_RUN_ID=manual__2022-05-28T05:42:17.877997+00:00
[2022-05-28 13:42:26,025] {logging_mixin.py:115} INFO - get_coin
[2022-05-28 13:42:26,026] {python.py:173} INFO - Done. Returned value was: None
[2022-05-28 13:42:26,031] {taskinstance.py:1396} INFO - Marking task as SUCCESS. dag_id=Gamer_Daily_Request, task_id=get_coin, execution_date=20220528T054217, start_date=20220528T054225, end_date=20220528T054226
[2022-05-28 13:42:26,080] {local_task_job.py:156} INFO - Task exited with return code 0
[2022-05-28 13:42:26,099] {local_task_job.py:273} INFO - 0 downstream tasks scheduled from follow-on schedule check
