[2022-05-28 11:31:15,945] {taskinstance.py:1160} INFO - Dependencies all met for <TaskInstance: Gamer_Daily_Request.templated scheduled__2022-05-27T03:31:06.902566+00:00 [queued]>
[2022-05-28 11:31:15,950] {taskinstance.py:1160} INFO - Dependencies all met for <TaskInstance: Gamer_Daily_Request.templated scheduled__2022-05-27T03:31:06.902566+00:00 [queued]>
[2022-05-28 11:31:15,950] {taskinstance.py:1357} INFO - 
--------------------------------------------------------------------------------
[2022-05-28 11:31:15,950] {taskinstance.py:1358} INFO - Starting attempt 1 of 1
[2022-05-28 11:31:15,951] {taskinstance.py:1359} INFO - 
--------------------------------------------------------------------------------
[2022-05-28 11:31:15,959] {taskinstance.py:1378} INFO - Executing <Task(BashOperator): templated> on 2022-05-27 03:31:06.902566+00:00
[2022-05-28 11:31:15,961] {standard_task_runner.py:52} INFO - Started process 96897 to run task
[2022-05-28 11:31:15,966] {standard_task_runner.py:79} INFO - Running: ['airflow', 'tasks', 'run', 'Gamer_Daily_Request', 'templated', 'scheduled__2022-05-27T03:31:06.902566+00:00', '--job-id', '5', '--raw', '--subdir', 'DAGS_FOLDER/gamer_dag.py', '--cfg-path', '/var/folders/7p/8y53sxp17879s6k6nzygbwgw0000gn/T/tmplt7uqvp3', '--error-file', '/var/folders/7p/8y53sxp17879s6k6nzygbwgw0000gn/T/tmp_pxscrwy']
[2022-05-28 11:31:15,967] {standard_task_runner.py:80} INFO - Job 5: Subtask templated
[2022-05-28 11:31:16,004] {task_command.py:370} INFO - Running <TaskInstance: Gamer_Daily_Request.templated scheduled__2022-05-27T03:31:06.902566+00:00 [running]> on host 1.0.0.0.0.0.0.0.0.0.0.0.0.0.0.0.0.0.0.0.0.0.0.0.0.0.0.0.0.0.0.0.ip6.arpa
[2022-05-28 11:31:16,102] {taskinstance.py:1570} INFO - Exporting the following env vars:
AIRFLOW_CTX_DAG_EMAIL=b01201008@gmail.com
AIRFLOW_CTX_DAG_OWNER=airflow
AIRFLOW_CTX_DAG_ID=Gamer_Daily_Request
AIRFLOW_CTX_TASK_ID=templated
AIRFLOW_CTX_EXECUTION_DATE=2022-05-27T03:31:06.902566+00:00
AIRFLOW_CTX_TRY_NUMBER=1
AIRFLOW_CTX_DAG_RUN_ID=scheduled__2022-05-27T03:31:06.902566+00:00
[2022-05-28 11:31:16,103] {subprocess.py:62} INFO - Tmp dir root location: 
 /var/folders/7p/8y53sxp17879s6k6nzygbwgw0000gn/T
[2022-05-28 11:31:16,103] {subprocess.py:74} INFO - Running command: ['bash', '-c', '\n\n    echo "2022-05-27"\n    echo "2022-06-03"\n\n    echo "2022-05-27"\n    echo "2022-06-03"\n\n    echo "2022-05-27"\n    echo "2022-06-03"\n\n    echo "2022-05-27"\n    echo "2022-06-03"\n\n    echo "2022-05-27"\n    echo "2022-06-03"\n']
[2022-05-28 11:31:16,108] {subprocess.py:85} INFO - Output:
[2022-05-28 11:31:16,111] {subprocess.py:92} INFO - 2022-05-27
[2022-05-28 11:31:16,111] {subprocess.py:92} INFO - 2022-06-03
[2022-05-28 11:31:16,112] {subprocess.py:92} INFO - 2022-05-27
[2022-05-28 11:31:16,112] {subprocess.py:92} INFO - 2022-06-03
[2022-05-28 11:31:16,112] {subprocess.py:92} INFO - 2022-05-27
[2022-05-28 11:31:16,112] {subprocess.py:92} INFO - 2022-06-03
[2022-05-28 11:31:16,113] {subprocess.py:92} INFO - 2022-05-27
[2022-05-28 11:31:16,113] {subprocess.py:92} INFO - 2022-06-03
[2022-05-28 11:31:16,113] {subprocess.py:92} INFO - 2022-05-27
[2022-05-28 11:31:16,113] {subprocess.py:92} INFO - 2022-06-03
[2022-05-28 11:31:16,113] {subprocess.py:96} INFO - Command exited with return code 0
[2022-05-28 11:31:16,130] {taskinstance.py:1396} INFO - Marking task as SUCCESS. dag_id=Gamer_Daily_Request, task_id=templated, execution_date=20220527T033106, start_date=20220528T033115, end_date=20220528T033116
[2022-05-28 11:31:16,154] {local_task_job.py:156} INFO - Task exited with return code 0
[2022-05-28 11:31:16,171] {local_task_job.py:273} INFO - 0 downstream tasks scheduled from follow-on schedule check
